<?xml version="1.0" encoding="UTF-8"?>
<coverage generated="1765559067360" clover="3.2.0">
  <project timestamp="1765559067364" name="All files">
    <metrics statements="3460" coveredstatements="3399" conditionals="924" coveredconditionals="714" methods="1034" coveredmethods="989" elements="5418" coveredelements="5102" complexity="0" loc="3460" ncloc="3460" packages="45" files="161" classes="161"/>
    <package name="src">
      <metrics statements="8" coveredstatements="6" conditionals="0" coveredconditionals="0" methods="1" coveredmethods="0"/>
      <file name="App.jsx" path="C:/Users/admin/Desktop/cookbook/CooksBook/src/App.jsx">
        <metrics statements="7" coveredstatements="5" conditionals="0" coveredconditionals="0" methods="1" coveredmethods="0"/>
        <line num="10" count="18" type="stmt"/>
        <line num="17" count="18" type="stmt"/>
        <line num="26" count="18" type="stmt"/>
        <line num="36" count="0" type="stmt"/>
        <line num="37" count="0" type="stmt"/>
        <line num="49" count="18" type="stmt"/>
        <line num="51" count="18" type="stmt"/>
      </file>
      <file name="main.jsx" path="C:/Users/admin/Desktop/cookbook/CooksBook/src/main.jsx">
        <metrics statements="1" coveredstatements="1" conditionals="0" coveredconditionals="0" methods="0" coveredmethods="0"/>
        <line num="10" count="18" type="stmt"/>
      </file>
    </package>
    <package name="src.components.Cards">
      <metrics statements="9" coveredstatements="9" conditionals="0" coveredconditionals="0" methods="0" coveredmethods="0"/>
      <file name="SharedComponents.jsx" path="C:/Users/admin/Desktop/cookbook/CooksBook/src/components/Cards/SharedComponents.jsx">
        <metrics statements="9" coveredstatements="9" conditionals="0" coveredconditionals="0" methods="0" coveredmethods="0"/>
        <line num="4" count="147" type="stmt"/>
        <line num="16" count="147" type="stmt"/>
        <line num="22" count="147" type="stmt"/>
        <line num="28" count="147" type="stmt"/>
        <line num="40" count="147" type="stmt"/>
        <line num="48" count="147" type="stmt"/>
        <line num="58" count="147" type="stmt"/>
        <line num="64" count="147" type="stmt"/>
        <line num="72" count="147" type="stmt"/>
      </file>
    </package>
    <package name="src.components.Cards.PlaylistCard">
      <metrics statements="48" coveredstatements="48" conditionals="4" coveredconditionals="4" methods="12" coveredmethods="12"/>
      <file name="PlaylistCard.cy.jsx" path="C:/Users/admin/Desktop/cookbook/CooksBook/src/components/Cards/PlaylistCard/PlaylistCard.cy.jsx">
        <metrics statements="25" coveredstatements="25" conditionals="0" coveredconditionals="0" methods="7" coveredmethods="7"/>
        <line num="6" count="6" type="stmt"/>
        <line num="9" count="6" type="stmt"/>
        <line num="21" count="6" type="stmt"/>
        <line num="22" count="6" type="stmt"/>
        <line num="25" count="6" type="stmt"/>
        <line num="26" count="6" type="stmt"/>
        <line num="27" count="6" type="stmt"/>
        <line num="28" count="6" type="stmt"/>
        <line num="31" count="6" type="stmt"/>
        <line num="36" count="6" type="stmt"/>
        <line num="37" count="5" type="stmt"/>
        <line num="48" count="5" type="stmt"/>
        <line num="51" count="6" type="stmt"/>
        <line num="52" count="4" type="stmt"/>
        <line num="63" count="4" type="stmt"/>
        <line num="66" count="6" type="stmt"/>
        <line num="67" count="3" type="stmt"/>
        <line num="73" count="3" type="stmt"/>
        <line num="83" count="3" type="stmt"/>
        <line num="84" count="3" type="stmt"/>
        <line num="86" count="3" type="stmt"/>
        <line num="88" count="3" type="stmt"/>
        <line num="92" count="6" type="stmt"/>
        <line num="93" count="2" type="stmt"/>
        <line num="95" count="2" type="stmt"/>
      </file>
      <file name="PlaylistCard.jsx" path="C:/Users/admin/Desktop/cookbook/CooksBook/src/components/Cards/PlaylistCard/PlaylistCard.jsx">
        <metrics statements="23" coveredstatements="23" conditionals="4" coveredconditionals="4" methods="5" coveredmethods="5"/>
        <line num="21" count="48" type="stmt"/>
        <line num="23" count="648" type="stmt"/>
        <line num="24" count="332" type="stmt"/>
        <line num="25" count="424" type="stmt"/>
        <line num="26" count="332" type="stmt"/>
        <line num="27" count="490" type="stmt"/>
        <line num="29" count="332" type="stmt"/>
        <line num="30" count="424" type="stmt"/>
        <line num="32" count="332" type="stmt"/>
        <line num="33" count="158" type="stmt"/>
        <line num="35" count="284" type="stmt"/>
        <line num="64" count="48" type="stmt"/>
        <line num="66" count="18" type="stmt"/>
        <line num="67" count="66" type="stmt"/>
        <line num="69" count="66" type="stmt"/>
        <line num="70" count="66" type="stmt"/>
        <line num="85" count="66" type="stmt"/>
        <line num="86" count="66" type="stmt"/>
        <line num="90" count="18" type="stmt"/>
        <line num="91" count="18" type="stmt"/>
        <line num="94" count="18" type="stmt"/>
        <line num="95" count="108" type="stmt"/>
        <line num="98" count="18" type="stmt"/>
      </file>
    </package>
    <package name="src.components.Cards.RecipeCard">
      <metrics statements="66" coveredstatements="66" conditionals="14" coveredconditionals="13" methods="20" coveredmethods="20"/>
      <file name="RecipeCard.cy.jsx" path="C:/Users/admin/Desktop/cookbook/CooksBook/src/components/Cards/RecipeCard/RecipeCard.cy.jsx">
        <metrics statements="43" coveredstatements="43" conditionals="0" coveredconditionals="0" methods="11" coveredmethods="11"/>
        <line num="8" count="9" type="stmt"/>
        <line num="10" count="9" type="stmt"/>
        <line num="19" count="9" type="stmt"/>
        <line num="20" count="9" type="stmt"/>
        <line num="22" count="9" type="stmt"/>
        <line num="23" count="9" type="stmt"/>
        <line num="24" count="9" type="stmt"/>
        <line num="25" count="9" type="stmt"/>
        <line num="27" count="9" type="stmt"/>
        <line num="32" count="9" type="stmt"/>
        <line num="33" count="8" type="stmt"/>
        <line num="34" count="8" type="stmt"/>
        <line num="36" count="8" type="stmt"/>
        <line num="41" count="9" type="stmt"/>
        <line num="42" count="7" type="stmt"/>
        <line num="43" count="7" type="stmt"/>
        <line num="45" count="7" type="stmt"/>
        <line num="51" count="9" type="stmt"/>
        <line num="52" count="6" type="stmt"/>
        <line num="62" count="6" type="stmt"/>
        <line num="64" count="6" type="stmt"/>
        <line num="66" count="6" type="stmt"/>
        <line num="69" count="9" type="stmt"/>
        <line num="70" count="5" type="stmt"/>
        <line num="77" count="5" type="stmt"/>
        <line num="79" count="5" type="stmt"/>
        <line num="80" count="5" type="stmt"/>
        <line num="83" count="9" type="stmt"/>
        <line num="84" count="4" type="stmt"/>
        <line num="90" count="4" type="stmt"/>
        <line num="97" count="4" type="stmt"/>
        <line num="99" count="4" type="stmt"/>
        <line num="100" count="4" type="stmt"/>
        <line num="104" count="9" type="stmt"/>
        <line num="105" count="3" type="stmt"/>
        <line num="110" count="3" type="stmt"/>
        <line num="112" count="3" type="stmt"/>
        <line num="117" count="3" type="stmt"/>
        <line num="119" count="3" type="stmt"/>
        <line num="120" count="3" type="stmt"/>
        <line num="124" count="9" type="stmt"/>
        <line num="125" count="2" type="stmt"/>
        <line num="127" count="2" type="stmt"/>
      </file>
      <file name="RecipeCard.jsx" path="C:/Users/admin/Desktop/cookbook/CooksBook/src/components/Cards/RecipeCard/RecipeCard.jsx">
        <metrics statements="23" coveredstatements="23" conditionals="14" coveredconditionals="13" methods="9" coveredmethods="9"/>
        <line num="27" count="112" type="stmt"/>
        <line num="29" count="698" type="stmt"/>
        <line num="31" count="298" type="stmt"/>
        <line num="33" count="498" type="stmt"/>
        <line num="34" count="568" type="stmt"/>
        <line num="35" count="498" type="stmt"/>
        <line num="36" count="298" type="stmt"/>
        <line num="37" count="298" type="stmt"/>
        <line num="39" count="298" type="stmt"/>
        <line num="40" count="368" type="stmt"/>
        <line num="42" count="298" type="stmt"/>
        <line num="43" count="200" type="stmt"/>
        <line num="44" count="21" type="stmt"/>
        <line num="45" count="298" type="stmt"/>
        <line num="46" count="200" type="stmt"/>
        <line num="48" count="186" type="stmt"/>
        <line num="78" count="112" type="stmt"/>
        <line num="80" count="130" type="stmt"/>
        <line num="82" count="235" type="cond" truecount="2" falsecount="0"/>
        <line num="87" count="18" type="stmt"/>
        <line num="89" count="54" type="stmt"/>
        <line num="95" count="218" type="cond" truecount="1" falsecount="1"/>
        <line num="100" count="18" type="stmt"/>
      </file>
    </package>
    <package name="src.components.Cards.SkeletonCard">
      <metrics statements="6" coveredstatements="6" conditionals="0" coveredconditionals="0" methods="2" coveredmethods="2"/>
      <file name="SkeletonCard.cy.jsx" path="C:/Users/admin/Desktop/cookbook/CooksBook/src/components/Cards/SkeletonCard/SkeletonCard.cy.jsx">
        <metrics statements="4" coveredstatements="4" conditionals="0" coveredconditionals="0" methods="2" coveredmethods="2"/>
        <line num="3" count="2" type="stmt"/>
        <line num="4" count="2" type="stmt"/>
        <line num="5" count="2" type="stmt"/>
        <line num="7" count="2" type="stmt"/>
      </file>
      <file name="SkeletonCard.jsx" path="C:/Users/admin/Desktop/cookbook/CooksBook/src/components/Cards/SkeletonCard/SkeletonCard.jsx">
        <metrics statements="2" coveredstatements="2" conditionals="0" coveredconditionals="0" methods="0" coveredmethods="0"/>
        <line num="3" count="93" type="stmt"/>
        <line num="9" count="93" type="stmt"/>
      </file>
    </package>
    <package name="src.components.Carousel.CardCarousels.BaseCarousel">
      <metrics statements="84" coveredstatements="84" conditionals="39" coveredconditionals="38" methods="28" coveredmethods="28"/>
      <file name="CardCarousel.cy.jsx" path="C:/Users/admin/Desktop/cookbook/CooksBook/src/components/Carousel/CardCarousels/BaseCarousel/CardCarousel.cy.jsx">
        <metrics statements="37" coveredstatements="37" conditionals="0" coveredconditionals="0" methods="10" coveredmethods="10"/>
        <line num="3" count="8" type="stmt"/>
        <line num="5" count="8" type="stmt"/>
        <line num="60" count="8" type="stmt"/>
        <line num="61" count="8" type="stmt"/>
        <line num="63" count="8" type="stmt"/>
        <line num="64" count="8" type="stmt"/>
        <line num="70" count="8" type="stmt"/>
        <line num="73" count="8" type="stmt"/>
        <line num="74" count="7" type="stmt"/>
        <line num="76" count="7" type="stmt"/>
        <line num="82" count="7" type="stmt"/>
        <line num="85" count="8" type="stmt"/>
        <line num="86" count="6" type="stmt"/>
        <line num="87" count="6" type="stmt"/>
        <line num="95" count="6" type="stmt"/>
        <line num="98" count="8" type="stmt"/>
        <line num="99" count="5" type="stmt"/>
        <line num="101" count="5" type="stmt"/>
        <line num="104" count="8" type="stmt"/>
        <line num="105" count="4" type="stmt"/>
        <line num="109" count="4" type="stmt"/>
        <line num="110" count="4" type="stmt"/>
        <line num="113" count="4" type="stmt"/>
        <line num="115" count="4" type="stmt"/>
        <line num="118" count="8" type="stmt"/>
        <line num="119" count="3" type="stmt"/>
        <line num="121" count="3" type="stmt"/>
        <line num="124" count="3" type="stmt"/>
        <line num="128" count="3" type="stmt"/>
        <line num="131" count="3" type="stmt"/>
        <line num="135" count="3" type="stmt"/>
        <line num="137" count="3" type="stmt"/>
        <line num="142" count="8" type="stmt"/>
        <line num="143" count="2" type="stmt"/>
        <line num="145" count="2" type="stmt"/>
        <line num="147" count="2" type="stmt"/>
        <line num="149" count="2" type="stmt"/>
      </file>
      <file name="CardCarousel.jsx" path="C:/Users/admin/Desktop/cookbook/CooksBook/src/components/Carousel/CardCarousels/BaseCarousel/CardCarousel.jsx">
        <metrics statements="47" coveredstatements="47" conditionals="39" coveredconditionals="38" methods="18" coveredmethods="18"/>
        <line num="8" count="31" type="stmt"/>
        <line num="10" count="31" type="stmt"/>
        <line num="18" count="801" type="cond" truecount="2" falsecount="0"/>
        <line num="19" count="279" type="stmt"/>
        <line num="22" count="473" type="cond" truecount="2" falsecount="0"/>
        <line num="23" count="473" type="stmt"/>
        <line num="24" count="215" type="stmt"/>
        <line num="26" count="243" type="stmt"/>
        <line num="27" count="279" type="stmt"/>
        <line num="28" count="42" type="stmt"/>
        <line num="29" count="243" type="stmt"/>
        <line num="30" count="261" type="stmt"/>
        <line num="31" count="279" type="stmt"/>
        <line num="33" count="522" type="cond" truecount="2" falsecount="0"/>
        <line num="34" count="279" type="stmt"/>
        <line num="36" count="473" type="cond" truecount="4" falsecount="0"/>
        <line num="38" count="615" type="stmt"/>
        <line num="39" count="243" type="cond" truecount="2" falsecount="0"/>
        <line num="41" count="421" type="stmt"/>
        <line num="42" count="274" type="cond" truecount="4" falsecount="0"/>
        <line num="45" count="679" type="stmt"/>
        <line num="52" count="83" type="cond" truecount="1" falsecount="1"/>
        <line num="53" count="62" type="stmt"/>
        <line num="54" count="102" type="cond" truecount="2" falsecount="0"/>
        <line num="58" count="83" type="cond" truecount="2" falsecount="0"/>
        <line num="59" count="86" type="stmt"/>
        <line num="62" count="123" type="cond" truecount="2" falsecount="0"/>
        <line num="68" count="300" type="stmt"/>
        <line num="98" count="50" type="stmt"/>
        <line num="103" count="279" type="cond" truecount="2" falsecount="0"/>
        <line num="105" count="212" type="stmt"/>
        <line num="106" count="31" type="stmt"/>
        <line num="111" count="18" type="stmt"/>
        <line num="113" count="31" type="stmt"/>
        <line num="119" count="49" type="stmt"/>
        <line num="121" count="246" type="stmt"/>
        <line num="127" count="49" type="stmt"/>
        <line num="129" count="49" type="stmt"/>
        <line num="131" count="243" type="stmt"/>
        <line num="134" count="18" type="stmt"/>
        <line num="136" count="702" type="stmt"/>
        <line num="141" count="18" type="stmt"/>
        <line num="143" count="18" type="stmt"/>
        <line num="146" count="18" type="stmt"/>
        <line num="148" count="126" type="stmt"/>
        <line num="149" count="744" type="stmt"/>
        <line num="152" count="18" type="stmt"/>
      </file>
    </package>
    <package name="src.components.Carousel.CardCarousels.CarouselWrappers">
      <metrics statements="62" coveredstatements="62" conditionals="16" coveredconditionals="14" methods="16" coveredmethods="16"/>
      <file name="PlaylistCarouselSection.cy.jsx" path="C:/Users/admin/Desktop/cookbook/CooksBook/src/components/Carousel/CardCarousels/CarouselWrappers/PlaylistCarouselSection.cy.jsx">
        <metrics statements="22" coveredstatements="22" conditionals="0" coveredconditionals="0" methods="5" coveredmethods="5"/>
        <line num="3" count="5" type="stmt"/>
        <line num="4" count="5" type="stmt"/>
        <line num="23" count="5" type="stmt"/>
        <line num="25" count="5" type="stmt"/>
        <line num="30" count="5" type="stmt"/>
        <line num="37" count="5" type="stmt"/>
        <line num="39" count="5" type="stmt"/>
        <line num="40" count="5" type="stmt"/>
        <line num="41" count="5" type="stmt"/>
        <line num="44" count="5" type="stmt"/>
        <line num="45" count="4" type="stmt"/>
        <line num="50" count="4" type="stmt"/>
        <line num="52" count="4" type="stmt"/>
        <line num="54" count="4" type="stmt"/>
        <line num="56" count="5" type="stmt"/>
        <line num="57" count="3" type="stmt"/>
        <line num="62" count="3" type="stmt"/>
        <line num="64" count="3" type="stmt"/>
        <line num="67" count="5" type="stmt"/>
        <line num="68" count="2" type="stmt"/>
        <line num="70" count="2" type="stmt"/>
        <line num="76" count="2" type="stmt"/>
      </file>
      <file name="PlaylistCarouselSection.jsx" path="C:/Users/admin/Desktop/cookbook/CooksBook/src/components/Carousel/CardCarousels/CarouselWrappers/PlaylistCarouselSection.jsx">
        <metrics statements="8" coveredstatements="8" conditionals="8" coveredconditionals="7" methods="3" coveredmethods="3"/>
        <line num="2" count="18" type="stmt"/>
        <line num="4" count="289" type="cond" truecount="2" falsecount="0"/>
        <line num="5" count="131" type="stmt"/>
        <line num="6" count="253" type="stmt"/>
        <line num="7" count="253" type="cond" truecount="2" falsecount="0"/>
        <line num="9" count="140" type="stmt"/>
        <line num="21" count="18" type="stmt"/>
        <line num="23" count="18" type="stmt"/>
      </file>
      <file name="RecipeCarouselSection.cy.jsx" path="C:/Users/admin/Desktop/cookbook/CooksBook/src/components/Carousel/CardCarousels/CarouselWrappers/RecipeCarouselSection.cy.jsx">
        <metrics statements="24" coveredstatements="24" conditionals="0" coveredconditionals="0" methods="5" coveredmethods="5"/>
        <line num="3" count="5" type="stmt"/>
        <line num="4" count="5" type="stmt"/>
        <line num="23" count="5" type="stmt"/>
        <line num="24" count="5" type="stmt"/>
        <line num="29" count="5" type="stmt"/>
        <line num="33" count="5" type="stmt"/>
        <line num="35" count="5" type="stmt"/>
        <line num="36" count="5" type="stmt"/>
        <line num="37" count="5" type="stmt"/>
        <line num="38" count="5" type="stmt"/>
        <line num="41" count="5" type="stmt"/>
        <line num="42" count="4" type="stmt"/>
        <line num="47" count="4" type="stmt"/>
        <line num="49" count="4" type="stmt"/>
        <line num="50" count="4" type="stmt"/>
        <line num="53" count="5" type="stmt"/>
        <line num="54" count="3" type="stmt"/>
        <line num="59" count="3" type="stmt"/>
        <line num="61" count="3" type="stmt"/>
        <line num="64" count="5" type="stmt"/>
        <line num="65" count="2" type="stmt"/>
        <line num="67" count="2" type="stmt"/>
        <line num="73" count="2" type="stmt"/>
        <line num="75" count="2" type="stmt"/>
      </file>
      <file name="RecipeCarouselSection.jsx" path="C:/Users/admin/Desktop/cookbook/CooksBook/src/components/Carousel/CardCarousels/CarouselWrappers/RecipeCarouselSection.jsx">
        <metrics statements="8" coveredstatements="8" conditionals="8" coveredconditionals="7" methods="3" coveredmethods="3"/>
        <line num="2" count="18" type="stmt"/>
        <line num="4" count="18" type="stmt"/>
        <line num="9" count="340" type="cond" truecount="2" falsecount="0"/>
        <line num="10" count="179" type="stmt"/>
        <line num="11" count="179" type="cond" truecount="2" falsecount="0"/>
        <line num="13" count="72" type="stmt"/>
        <line num="26" count="18" type="stmt"/>
        <line num="27" count="18" type="stmt"/>
      </file>
    </package>
    <package name="src.components.Carousel.HeroCarousel">
      <metrics statements="67" coveredstatements="67" conditionals="10" coveredconditionals="7" methods="25" coveredmethods="25"/>
      <file name="HeroCarousel.cy.jsx" path="C:/Users/admin/Desktop/cookbook/CooksBook/src/components/Carousel/HeroCarousel/HeroCarousel.cy.jsx">
        <metrics statements="42" coveredstatements="42" conditionals="0" coveredconditionals="0" methods="9" coveredmethods="9"/>
        <line num="3" count="7" type="stmt"/>
        <line num="4" count="18" type="stmt"/>
        <line num="5" count="11" type="stmt"/>
        <line num="7" count="7" type="stmt"/>
        <line num="8" count="7" type="stmt"/>
        <line num="10" count="7" type="stmt"/>
        <line num="12" count="7" type="stmt"/>
        <line num="15" count="7" type="stmt"/>
        <line num="16" count="6" type="stmt"/>
        <line num="18" count="6" type="stmt"/>
        <line num="19" count="6" type="stmt"/>
        <line num="21" count="6" type="stmt"/>
        <line num="23" count="6" type="stmt"/>
        <line num="24" count="6" type="stmt"/>
        <line num="27" count="7" type="stmt"/>
        <line num="28" count="5" type="stmt"/>
        <line num="30" count="5" type="stmt"/>
        <line num="31" count="5" type="stmt"/>
        <line num="33" count="5" type="stmt"/>
        <line num="34" count="5" type="stmt"/>
        <line num="37" count="7" type="stmt"/>
        <line num="38" count="4" type="stmt"/>
        <line num="39" count="4" type="stmt"/>
        <line num="42" count="4" type="stmt"/>
        <line num="45" count="4" type="stmt"/>
        <line num="48" count="4" type="stmt"/>
        <line num="50" count="4" type="stmt"/>
        <line num="53" count="4" type="stmt"/>
        <line num="54" count="4" type="stmt"/>
        <line num="57" count="7" type="stmt"/>
        <line num="58" count="3" type="stmt"/>
        <line num="75" count="3" type="stmt"/>
        <line num="77" count="3" type="stmt"/>
        <line num="78" count="3" type="stmt"/>
        <line num="82" count="3" type="stmt"/>
        <line num="83" count="3" type="stmt"/>
        <line num="86" count="7" type="stmt"/>
        <line num="87" count="2" type="stmt"/>
        <line num="89" count="2" type="stmt"/>
        <line num="90" count="2" type="stmt"/>
        <line num="92" count="2" type="stmt"/>
        <line num="93" count="2" type="stmt"/>
      </file>
      <file name="HeroCarousel.jsx" path="C:/Users/admin/Desktop/cookbook/CooksBook/src/components/Carousel/HeroCarousel/HeroCarousel.jsx">
        <metrics statements="25" coveredstatements="25" conditionals="10" coveredconditionals="7" methods="16" coveredmethods="16"/>
        <line num="11" count="15" type="stmt"/>
        <line num="12" count="18" type="stmt"/>
        <line num="36" count="15" type="cond" truecount="1" falsecount="0"/>
        <line num="38" count="129" type="cond" truecount="1" falsecount="0"/>
        <line num="39" count="86" type="stmt"/>
        <line num="40" count="86" type="stmt"/>
        <line num="42" count="96" type="stmt"/>
        <line num="43" count="50" type="stmt"/>
        <line num="44" count="50" type="cond" truecount="2" falsecount="0"/>
        <line num="45" count="19" type="stmt"/>
        <line num="46" count="21" type="cond" truecount="1" falsecount="1"/>
        <line num="47" count="86" type="stmt"/>
        <line num="48" count="29" type="stmt"/>
        <line num="50" count="43" type="cond" truecount="2" falsecount="0"/>
        <line num="51" count="15" type="stmt"/>
        <line num="52" count="86" type="cond" truecount="0" falsecount="2"/>
        <line num="54" count="86" type="stmt"/>
        <line num="56" count="96" type="stmt"/>
        <line num="57" count="41" type="stmt"/>
        <line num="58" count="94" type="stmt"/>
        <line num="61" count="28" type="stmt"/>
        <line num="67" count="226" type="stmt"/>
        <line num="71" count="152" type="stmt"/>
        <line num="97" count="18" type="stmt"/>
        <line num="99" count="18" type="stmt"/>
      </file>
    </package>
    <package name="src.components.Carousel.HeroCarousel.CarouselItem">
      <metrics statements="22" coveredstatements="22" conditionals="0" coveredconditionals="0" methods="6" coveredmethods="6"/>
      <file name="CarouselItem.jsx" path="C:/Users/admin/Desktop/cookbook/CooksBook/src/components/Carousel/HeroCarousel/CarouselItem/CarouselItem.jsx">
        <metrics statements="6" coveredstatements="6" conditionals="0" coveredconditionals="0" methods="1" coveredmethods="1"/>
        <line num="9" count="43" type="stmt"/>
        <line num="10" count="296" type="stmt"/>
        <line num="22" count="18" type="stmt"/>
        <line num="23" count="18" type="stmt"/>
        <line num="26" count="18" type="stmt"/>
        <line num="27" count="36" type="stmt"/>
      </file>
      <file name="CarouselItemItem.cy.jsx" path="C:/Users/admin/Desktop/cookbook/CooksBook/src/components/Carousel/HeroCarousel/CarouselItem/CarouselItemItem.cy.jsx">
        <metrics statements="16" coveredstatements="16" conditionals="0" coveredconditionals="0" methods="5" coveredmethods="5"/>
        <line num="3" count="5" type="stmt"/>
        <line num="5" count="5" type="stmt"/>
        <line num="13" count="5" type="stmt"/>
        <line num="14" count="5" type="stmt"/>
        <line num="16" count="5" type="stmt"/>
        <line num="17" count="5" type="stmt"/>
        <line num="18" count="5" type="stmt"/>
        <line num="21" count="5" type="stmt"/>
        <line num="22" count="4" type="stmt"/>
        <line num="24" count="4" type="stmt"/>
        <line num="30" count="5" type="stmt"/>
        <line num="31" count="3" type="stmt"/>
        <line num="33" count="3" type="stmt"/>
        <line num="37" count="5" type="stmt"/>
        <line num="38" count="2" type="stmt"/>
        <line num="40" count="2" type="stmt"/>
      </file>
    </package>
    <package name="src.components.Carousel.HeroCarousel.Dots">
      <metrics statements="31" coveredstatements="31" conditionals="4" coveredconditionals="4" methods="14" coveredmethods="14"/>
      <file name="Dots.cy.jsx" path="C:/Users/admin/Desktop/cookbook/CooksBook/src/components/Carousel/HeroCarousel/Dots/Dots.cy.jsx">
        <metrics statements="17" coveredstatements="17" conditionals="0" coveredconditionals="0" methods="7" coveredmethods="7"/>
        <line num="3" count="5" type="stmt"/>
        <line num="4" count="5" type="stmt"/>
        <line num="5" count="5" type="stmt"/>
        <line num="6" count="5" type="stmt"/>
        <line num="9" count="5" type="stmt"/>
        <line num="10" count="4" type="stmt"/>
        <line num="12" count="4" type="stmt"/>
        <line num="16" count="4" type="stmt"/>
        <line num="20" count="5" type="stmt"/>
        <line num="21" count="3" type="stmt"/>
        <line num="23" count="3" type="stmt"/>
        <line num="27" count="3" type="stmt"/>
        <line num="31" count="5" type="stmt"/>
        <line num="32" count="2" type="stmt"/>
        <line num="33" count="2" type="stmt"/>
        <line num="35" count="2" type="stmt"/>
        <line num="36" count="2" type="stmt"/>
      </file>
      <file name="Dots.jsx" path="C:/Users/admin/Desktop/cookbook/CooksBook/src/components/Carousel/HeroCarousel/Dots/Dots.jsx">
        <metrics statements="14" coveredstatements="14" conditionals="4" coveredconditionals="4" methods="7" coveredmethods="7"/>
        <line num="3" count="38" type="stmt"/>
        <line num="4" count="110" type="stmt"/>
        <line num="6" count="280" type="stmt"/>
        <line num="7" count="166" type="stmt"/>
        <line num="9" count="90" type="stmt"/>
        <line num="10" count="252" type="stmt"/>
        <line num="15" count="20" type="stmt"/>
        <line num="17" count="38" type="stmt"/>
        <line num="19" count="20" type="stmt"/>
        <line num="25" count="38" type="stmt"/>
        <line num="27" count="270" type="cond" truecount="2" falsecount="0"/>
        <line num="39" count="84" type="cond" truecount="2" falsecount="0"/>
        <line num="51" count="18" type="stmt"/>
        <line num="53" count="54" type="stmt"/>
      </file>
    </package>
    <package name="src.components.Footer">
      <metrics statements="21" coveredstatements="21" conditionals="4" coveredconditionals="2" methods="5" coveredmethods="5"/>
      <file name="Footer.cy.jsx" path="C:/Users/admin/Desktop/cookbook/CooksBook/src/components/Footer/Footer.cy.jsx">
        <metrics statements="10" coveredstatements="10" conditionals="0" coveredconditionals="0" methods="2" coveredmethods="2"/>
        <line num="4" count="2" type="stmt"/>
        <line num="5" count="2" type="stmt"/>
        <line num="6" count="2" type="stmt"/>
        <line num="7" count="2" type="stmt"/>
        <line num="8" count="2" type="stmt"/>
        <line num="9" count="2" type="stmt"/>
        <line num="10" count="2" type="stmt"/>
        <line num="13" count="2" type="stmt"/>
        <line num="14" count="2" type="stmt"/>
        <line num="15" count="2" type="stmt"/>
      </file>
      <file name="Footer.jsx" path="C:/Users/admin/Desktop/cookbook/CooksBook/src/components/Footer/Footer.jsx">
        <metrics statements="11" coveredstatements="11" conditionals="4" coveredconditionals="2" methods="3" coveredmethods="3"/>
        <line num="10" count="28" type="stmt"/>
        <line num="11" count="51" type="stmt"/>
        <line num="39" count="18" type="stmt"/>
        <line num="40" count="18" type="stmt"/>
        <line num="43" count="28" type="stmt"/>
        <line num="44" count="18" type="stmt"/>
        <line num="56" count="28" type="stmt"/>
        <line num="57" count="78" type="cond" truecount="1" falsecount="1"/>
        <line num="70" count="144" type="cond" truecount="1" falsecount="1"/>
        <line num="76" count="18" type="stmt"/>
        <line num="77" count="72" type="stmt"/>
      </file>
    </package>
    <package name="src.components.MainPageRecipes">
      <metrics statements="50" coveredstatements="50" conditionals="18" coveredconditionals="18" methods="11" coveredmethods="11"/>
      <file name="MainPageRecipes.cy.jsx" path="C:/Users/admin/Desktop/cookbook/CooksBook/src/components/MainPageRecipes/MainPageRecipes.cy.jsx">
        <metrics statements="29" coveredstatements="29" conditionals="0" coveredconditionals="0" methods="6" coveredmethods="6"/>
        <line num="3" count="6" type="stmt"/>
        <line num="4" count="6" type="stmt"/>
        <line num="23" count="6" type="stmt"/>
        <line num="24" count="6" type="stmt"/>
        <line num="29" count="6" type="stmt"/>
        <line num="31" count="6" type="stmt"/>
        <line num="33" count="6" type="stmt"/>
        <line num="34" count="6" type="stmt"/>
        <line num="35" count="6" type="stmt"/>
        <line num="38" count="6" type="stmt"/>
        <line num="39" count="5" type="stmt"/>
        <line num="43" count="5" type="stmt"/>
        <line num="44" count="5" type="stmt"/>
        <line num="46" count="5" type="stmt"/>
        <line num="51" count="6" type="stmt"/>
        <line num="52" count="4" type="stmt"/>
        <line num="56" count="4" type="stmt"/>
        <line num="58" count="4" type="stmt"/>
        <line num="61" count="6" type="stmt"/>
        <line num="62" count="3" type="stmt"/>
        <line num="67" count="3" type="stmt"/>
        <line num="69" count="3" type="stmt"/>
        <line num="72" count="6" type="stmt"/>
        <line num="74" count="2" type="stmt"/>
        <line num="78" count="2" type="stmt"/>
        <line num="88" count="2" type="stmt"/>
        <line num="89" count="2" type="stmt"/>
        <line num="91" count="2" type="stmt"/>
        <line num="94" count="2" type="stmt"/>
      </file>
      <file name="MainPageRecipes.jsx" path="C:/Users/admin/Desktop/cookbook/CooksBook/src/components/MainPageRecipes/MainPageRecipes.jsx">
        <metrics statements="21" coveredstatements="21" conditionals="18" coveredconditionals="18" methods="5" coveredmethods="5"/>
        <line num="10" count="14" type="stmt"/>
        <line num="11" count="18" type="stmt"/>
        <line num="18" count="14" type="stmt"/>
        <line num="19" count="252" type="stmt"/>
        <line num="20" count="84" type="cond" truecount="4" falsecount="0"/>
        <line num="21" count="84" type="stmt"/>
        <line num="23" count="84" type="stmt"/>
        <line num="24" count="84" type="stmt"/>
        <line num="25" count="136" type="cond" truecount="4" falsecount="0"/>
        <line num="27" count="136" type="stmt"/>
        <line num="29" count="70" type="stmt"/>
        <line num="60" count="96" type="stmt"/>
        <line num="62" count="198" type="stmt"/>
        <line num="65" count="14" type="stmt"/>
        <line num="67" count="32" type="stmt"/>
        <line num="69" count="32" type="stmt"/>
        <line num="88" count="32" type="stmt"/>
        <line num="90" count="18" type="stmt"/>
        <line num="96" count="32" type="stmt"/>
        <line num="103" count="18" type="stmt"/>
        <line num="120" count="36" type="stmt"/>
      </file>
    </package>
    <package name="src.components.Modals">
      <metrics statements="232" coveredstatements="230" conditionals="108" coveredconditionals="83" methods="60" coveredmethods="60"/>
      <file name="EditUserModal.cy.jsx" path="C:/Users/admin/Desktop/cookbook/CooksBook/src/components/Modals/EditUserModal.cy.jsx">
        <metrics statements="38" coveredstatements="38" conditionals="0" coveredconditionals="0" methods="7" coveredmethods="7"/>
        <line num="3" count="6" type="stmt"/>
        <line num="6" count="6" type="stmt"/>
        <line num="14" count="6" type="stmt"/>
        <line num="15" count="6" type="stmt"/>
        <line num="24" count="6" type="stmt"/>
        <line num="25" count="6" type="stmt"/>
        <line num="26" count="6" type="stmt"/>
        <line num="28" count="6" type="stmt"/>
        <line num="31" count="6" type="stmt"/>
        <line num="32" count="5" type="stmt"/>
        <line num="40" count="5" type="stmt"/>
        <line num="41" count="5" type="stmt"/>
        <line num="42" count="5" type="stmt"/>
        <line num="44" count="5" type="stmt"/>
        <line num="46" count="5" type="stmt"/>
        <line num="47" count="5" type="stmt"/>
        <line num="48" count="5" type="stmt"/>
        <line num="51" count="6" type="stmt"/>
        <line num="52" count="4" type="stmt"/>
        <line num="53" count="4" type="stmt"/>
        <line num="59" count="4" type="stmt"/>
        <line num="61" count="4" type="stmt"/>
        <line num="69" count="4" type="stmt"/>
        <line num="70" count="4" type="stmt"/>
        <line num="73" count="4" type="stmt"/>
        <line num="75" count="4" type="stmt"/>
        <line num="77" count="4" type="stmt"/>
        <line num="80" count="6" type="stmt"/>
        <line num="81" count="3" type="stmt"/>
        <line num="83" count="3" type="stmt"/>
        <line num="88" count="3" type="stmt"/>
        <line num="96" count="3" type="stmt"/>
        <line num="97" count="3" type="stmt"/>
        <line num="99" count="3" type="stmt"/>
        <line num="102" count="6" type="stmt"/>
        <line num="103" count="2" type="stmt"/>
        <line num="105" count="2" type="stmt"/>
        <line num="114" count="2" type="stmt"/>
      </file>
      <file name="EditUserModal.jsx" path="C:/Users/admin/Desktop/cookbook/CooksBook/src/components/Modals/EditUserModal.jsx">
        <metrics statements="55" coveredstatements="54" conditionals="52" coveredconditionals="38" methods="15" coveredmethods="15"/>
        <line num="17" count="19" type="stmt"/>
        <line num="19" count="165" type="stmt"/>
        <line num="20" count="128" type="cond" truecount="1" falsecount="1"/>
        <line num="21" count="159" type="stmt"/>
        <line num="22" count="122" type="cond" truecount="1" falsecount="1"/>
        <line num="23" count="122" type="stmt"/>
        <line num="25" count="122" type="stmt"/>
        <line num="27" count="59" type="stmt"/>
        <line num="28" count="100" type="stmt"/>
        <line num="29" count="56" type="stmt"/>
        <line num="31" count="67" type="cond" truecount="3" falsecount="0"/>
        <line num="32" count="35" type="stmt"/>
        <line num="33" count="92" type="cond" truecount="3" falsecount="0"/>
        <line num="34" count="84" type="stmt"/>
        <line num="36" count="100" type="stmt"/>
        <line num="37" count="30" type="stmt"/>
        <line num="39" count="59" type="stmt"/>
        <line num="40" count="14" type="stmt"/>
        <line num="41" count="84" type="stmt"/>
        <line num="46" count="52" type="cond" truecount="1" falsecount="0"/>
        <line num="48" count="45" type="stmt"/>
        <line num="50" count="84" type="cond" truecount="0" falsecount="1"/>
        <line num="51" count="47" type="stmt"/>
        <line num="52" count="47" type="stmt"/>
        <line num="54" count="21" type="stmt"/>
        <line num="55" count="6" type="cond" truecount="1" falsecount="0"/>
        <line num="56" count="6" type="stmt"/>
        <line num="57" count="9" type="cond" truecount="1" falsecount="0"/>
        <line num="58" count="9" type="stmt"/>
        <line num="60" count="5" type="cond" truecount="1" falsecount="1"/>
        <line num="61" count="5" type="stmt"/>
        <line num="62" count="82" type="cond" truecount="0" falsecount="2"/>
        <line num="63" count="0" type="stmt"/>
        <line num="65" count="10" type="stmt"/>
        <line num="67" count="82" type="stmt"/>
        <line num="69" count="100" type="stmt"/>
        <line num="71" count="59" type="stmt"/>
        <line num="76" count="100" type="stmt"/>
        <line num="77" count="22" type="stmt"/>
        <line num="79" count="59" type="cond" truecount="1" falsecount="0"/>
        <line num="80" count="44" type="stmt"/>
        <line num="81" count="21" type="cond" truecount="1" falsecount="0"/>
        <line num="82" count="21" type="stmt"/>
        <line num="83" count="100" type="stmt"/>
        <line num="84" count="18" type="stmt"/>
        <line num="85" count="59" type="stmt"/>
        <line num="86" count="100" type="stmt"/>
        <line num="89" count="40" type="stmt"/>
        <line num="137" count="19" type="stmt"/>
        <line num="139" count="37" type="stmt"/>
        <line num="140" count="37" type="stmt"/>
        <line num="146" count="18" type="stmt"/>
        <line num="148" count="18" type="stmt"/>
        <line num="151" count="18" type="stmt"/>
        <line num="152" count="54" type="stmt"/>
      </file>
      <file name="LoginModal.cy.jsx" path="C:/Users/admin/Desktop/cookbook/CooksBook/src/components/Modals/LoginModal.cy.jsx">
        <metrics statements="43" coveredstatements="43" conditionals="0" coveredconditionals="0" methods="8" coveredmethods="8"/>
        <line num="3" count="7" type="stmt"/>
        <line num="4" count="7" type="stmt"/>
        <line num="9" count="7" type="stmt"/>
        <line num="10" count="7" type="stmt"/>
        <line num="14" count="7" type="stmt"/>
        <line num="17" count="7" type="stmt"/>
        <line num="18" count="6" type="stmt"/>
        <line num="20" count="6" type="stmt"/>
        <line num="21" count="6" type="stmt"/>
        <line num="22" count="6" type="stmt"/>
        <line num="23" count="6" type="stmt"/>
        <line num="26" count="7" type="stmt"/>
        <line num="27" count="5" type="stmt"/>
        <line num="29" count="5" type="stmt"/>
        <line num="31" count="5" type="stmt"/>
        <line num="32" count="5" type="stmt"/>
        <line num="34" count="5" type="stmt"/>
        <line num="35" count="5" type="stmt"/>
        <line num="36" count="5" type="stmt"/>
        <line num="38" count="5" type="stmt"/>
        <line num="39" count="5" type="stmt"/>
        <line num="40" count="5" type="stmt"/>
        <line num="43" count="7" type="stmt"/>
        <line num="44" count="4" type="stmt"/>
        <line num="52" count="4" type="stmt"/>
        <line num="54" count="4" type="stmt"/>
        <line num="55" count="4" type="stmt"/>
        <line num="57" count="4" type="stmt"/>
        <line num="59" count="4" type="stmt"/>
        <line num="60" count="4" type="stmt"/>
        <line num="67" count="7" type="stmt"/>
        <line num="68" count="3" type="stmt"/>
        <line num="70" count="3" type="stmt"/>
        <line num="75" count="3" type="stmt"/>
        <line num="77" count="3" type="stmt"/>
        <line num="78" count="3" type="stmt"/>
        <line num="79" count="3" type="stmt"/>
        <line num="81" count="3" type="stmt"/>
        <line num="83" count="3" type="stmt"/>
        <line num="84" count="3" type="stmt"/>
        <line num="87" count="7" type="stmt"/>
        <line num="88" count="2" type="stmt"/>
        <line num="90" count="2" type="stmt"/>
      </file>
      <file name="LoginModal.jsx" path="C:/Users/admin/Desktop/cookbook/CooksBook/src/components/Modals/LoginModal.jsx">
        <metrics statements="41" coveredstatements="40" conditionals="36" coveredconditionals="27" methods="11" coveredmethods="11"/>
        <line num="23" count="18" type="stmt"/>
        <line num="25" count="225" type="stmt"/>
        <line num="26" count="189" type="stmt"/>
        <line num="27" count="218" type="stmt"/>
        <line num="28" count="182" type="stmt"/>
        <line num="29" count="259" type="cond" truecount="2" falsecount="0"/>
        <line num="30" count="111" type="stmt"/>
        <line num="32" count="108" type="cond" truecount="2" falsecount="0"/>
        <line num="34" count="104" type="stmt"/>
        <line num="35" count="24" type="stmt"/>
        <line num="36" count="95" type="stmt"/>
        <line num="43" count="108" type="cond" truecount="1" falsecount="0"/>
        <line num="45" count="101" type="stmt"/>
        <line num="47" count="95" type="cond" truecount="0" falsecount="1"/>
        <line num="48" count="93" type="stmt"/>
        <line num="49" count="93" type="stmt"/>
        <line num="50" count="20" type="stmt"/>
        <line num="51" count="6" type="cond" truecount="0" falsecount="1"/>
        <line num="53" count="8" type="stmt"/>
        <line num="55" count="9" type="cond" truecount="0" falsecount="1"/>
        <line num="56" count="10" type="stmt"/>
        <line num="58" count="5" type="cond" truecount="1" falsecount="1"/>
        <line num="59" count="5" type="stmt"/>
        <line num="60" count="93" type="cond" truecount="0" falsecount="2"/>
        <line num="61" count="0" type="stmt"/>
        <line num="63" count="10" type="stmt"/>
        <line num="65" count="18" type="stmt"/>
        <line num="66" count="111" type="stmt"/>
        <line num="68" count="104" type="stmt"/>
        <line num="73" count="111" type="stmt"/>
        <line num="74" count="22" type="stmt"/>
        <line num="75" count="104" type="stmt"/>
        <line num="76" count="111" type="stmt"/>
        <line num="79" count="86" type="stmt"/>
        <line num="117" count="86" type="stmt"/>
        <line num="119" count="93" type="stmt"/>
        <line num="125" count="18" type="stmt"/>
        <line num="127" count="36" type="stmt"/>
        <line num="128" count="18" type="stmt"/>
        <line num="134" count="18" type="stmt"/>
        <line num="135" count="36" type="stmt"/>
      </file>
      <file name="Modal.cy.jsx" path="C:/Users/admin/Desktop/cookbook/CooksBook/src/components/Modals/Modal.cy.jsx">
        <metrics statements="12" coveredstatements="12" conditionals="0" coveredconditionals="0" methods="4" coveredmethods="4"/>
        <line num="3" count="4" type="stmt"/>
        <line num="4" count="4" type="stmt"/>
        <line num="5" count="4" type="stmt"/>
        <line num="11" count="4" type="stmt"/>
        <line num="16" count="4" type="stmt"/>
        <line num="17" count="3" type="stmt"/>
        <line num="23" count="3" type="stmt"/>
        <line num="26" count="4" type="stmt"/>
        <line num="27" count="2" type="stmt"/>
        <line num="29" count="2" type="stmt"/>
        <line num="36" count="2" type="stmt"/>
        <line num="38" count="2" type="stmt"/>
      </file>
      <file name="Modal.jsx" path="C:/Users/admin/Desktop/cookbook/CooksBook/src/components/Modals/Modal.jsx">
        <metrics statements="28" coveredstatements="28" conditionals="18" coveredconditionals="16" methods="10" coveredmethods="10"/>
        <line num="3" count="38" type="stmt"/>
        <line num="5" count="370" type="stmt"/>
        <line num="6" count="314" type="stmt"/>
        <line num="7" count="236" type="stmt"/>
        <line num="9" count="236" type="cond" truecount="2" falsecount="0"/>
        <line num="10" count="101" type="stmt"/>
        <line num="11" count="114" type="cond" truecount="2" falsecount="0"/>
        <line num="12" count="90" type="stmt"/>
        <line num="13" count="204" type="stmt"/>
        <line num="14" count="278" type="stmt"/>
        <line num="16" count="168" type="stmt"/>
        <line num="17" count="168" type="cond" truecount="4" falsecount="0"/>
        <line num="18" count="62" type="stmt"/>
        <line num="19" count="314" type="stmt"/>
        <line num="21" count="210" type="stmt"/>
        <line num="28" count="314" type="stmt"/>
        <line num="29" count="93" type="cond" truecount="3" falsecount="0"/>
        <line num="30" count="22" type="stmt"/>
        <line num="31" count="166" type="stmt"/>
        <line num="32" count="87" type="cond" truecount="1" falsecount="2"/>
        <line num="33" count="204" type="stmt"/>
        <line num="35" count="198" type="stmt"/>
        <line num="38" count="128" type="stmt"/>
        <line num="47" count="38" type="stmt"/>
        <line num="49" count="56" type="stmt"/>
        <line num="50" count="18" type="stmt"/>
        <line num="61" count="18" type="stmt"/>
        <line num="62" count="36" type="stmt"/>
      </file>
      <file name="ModalRoot.cy.jsx" path="C:/Users/admin/Desktop/cookbook/CooksBook/src/components/Modals/ModalRoot.cy.jsx">
        <metrics statements="7" coveredstatements="7" conditionals="0" coveredconditionals="0" methods="3" coveredmethods="3"/>
        <line num="3" count="3" type="stmt"/>
        <line num="4" count="3" type="stmt"/>
        <line num="5" count="3" type="stmt"/>
        <line num="17" count="3" type="stmt"/>
        <line num="19" count="3" type="stmt"/>
        <line num="20" count="2" type="stmt"/>
        <line num="21" count="2" type="stmt"/>
      </file>
      <file name="ModalRoot.jsx" path="C:/Users/admin/Desktop/cookbook/CooksBook/src/components/Modals/ModalRoot.jsx">
        <metrics statements="4" coveredstatements="4" conditionals="0" coveredconditionals="0" methods="1" coveredmethods="1"/>
        <line num="4" count="29" type="stmt"/>
        <line num="5" count="54" type="stmt"/>
        <line num="11" count="18" type="stmt"/>
        <line num="12" count="18" type="stmt"/>
      </file>
      <file name="SharedModalComponents.js" path="C:/Users/admin/Desktop/cookbook/CooksBook/src/components/Modals/SharedModalComponents.js">
        <metrics statements="4" coveredstatements="4" conditionals="2" coveredconditionals="2" methods="1" coveredmethods="1"/>
        <line num="3" count="67" type="stmt"/>
        <line num="12" count="67" type="stmt"/>
        <line num="13" count="483" type="cond" truecount="2" falsecount="0"/>
        <line num="20" count="67" type="stmt"/>
      </file>
    </package>
    <package name="src.components.Modals.SaveRecipeModal">
      <metrics statements="304" coveredstatements="304" conditionals="83" coveredconditionals="60" methods="103" coveredmethods="103"/>
      <file name="CreatePlaylistView.cy.jsx" path="C:/Users/admin/Desktop/cookbook/CooksBook/src/components/Modals/SaveRecipeModal/CreatePlaylistView.cy.jsx">
        <metrics statements="56" coveredstatements="56" conditionals="0" coveredconditionals="0" methods="10" coveredmethods="10"/>
        <line num="3" count="8" type="stmt"/>
        <line num="5" count="8" type="stmt"/>
        <line num="6" count="35" type="stmt"/>
        <line num="12" count="8" type="stmt"/>
        <line num="13" count="8" type="stmt"/>
        <line num="15" count="8" type="stmt"/>
        <line num="17" count="8" type="stmt"/>
        <line num="18" count="8" type="stmt"/>
        <line num="19" count="8" type="stmt"/>
        <line num="22" count="8" type="stmt"/>
        <line num="23" count="7" type="stmt"/>
        <line num="25" count="7" type="stmt"/>
        <line num="26" count="7" type="stmt"/>
        <line num="27" count="7" type="stmt"/>
        <line num="29" count="7" type="stmt"/>
        <line num="30" count="7" type="stmt"/>
        <line num="32" count="7" type="stmt"/>
        <line num="33" count="7" type="stmt"/>
        <line num="34" count="7" type="stmt"/>
        <line num="37" count="8" type="stmt"/>
        <line num="38" count="6" type="stmt"/>
        <line num="40" count="6" type="stmt"/>
        <line num="46" count="6" type="stmt"/>
        <line num="50" count="6" type="stmt"/>
        <line num="51" count="6" type="stmt"/>
        <line num="54" count="8" type="stmt"/>
        <line num="55" count="5" type="stmt"/>
        <line num="57" count="5" type="stmt"/>
        <line num="59" count="5" type="stmt"/>
        <line num="60" count="5" type="stmt"/>
        <line num="63" count="5" type="stmt"/>
        <line num="66" count="5" type="stmt"/>
        <line num="73" count="5" type="stmt"/>
        <line num="76" count="5" type="stmt"/>
        <line num="77" count="5" type="stmt"/>
        <line num="80" count="5" type="stmt"/>
        <line num="83" count="8" type="stmt"/>
        <line num="84" count="4" type="stmt"/>
        <line num="87" count="4" type="stmt"/>
        <line num="92" count="4" type="stmt"/>
        <line num="95" count="4" type="stmt"/>
        <line num="96" count="4" type="stmt"/>
        <line num="97" count="4" type="stmt"/>
        <line num="101" count="4" type="stmt"/>
        <line num="103" count="4" type="stmt"/>
        <line num="105" count="4" type="stmt"/>
        <line num="108" count="8" type="stmt"/>
        <line num="109" count="3" type="stmt"/>
        <line num="110" count="3" type="stmt"/>
        <line num="112" count="3" type="stmt"/>
        <line num="113" count="3" type="stmt"/>
        <line num="116" count="8" type="stmt"/>
        <line num="117" count="2" type="stmt"/>
        <line num="118" count="2" type="stmt"/>
        <line num="120" count="2" type="stmt"/>
        <line num="121" count="2" type="stmt"/>
      </file>
      <file name="CreatePlaylistView.jsx" path="C:/Users/admin/Desktop/cookbook/CooksBook/src/components/Modals/SaveRecipeModal/CreatePlaylistView.jsx">
        <metrics statements="103" coveredstatements="103" conditionals="57" coveredconditionals="35" methods="44" coveredmethods="44"/>
        <line num="13" count="24" type="stmt"/>
        <line num="14" count="457" type="cond" truecount="0" falsecount="1"/>
        <line num="15" count="92" type="stmt"/>
        <line num="17" count="406" type="stmt"/>
        <line num="18" count="356" type="stmt"/>
        <line num="19" count="356" type="stmt"/>
        <line num="20" count="356" type="stmt"/>
        <line num="21" count="356" type="stmt"/>
        <line num="22" count="406" type="stmt"/>
        <line num="24" count="511" type="stmt"/>
        <line num="27" count="113" type="cond" truecount="1" falsecount="0"/>
        <line num="28" count="27" type="stmt"/>
        <line num="29" count="27" type="cond" truecount="1" falsecount="0"/>
        <line num="30" count="356" type="stmt"/>
        <line num="31" count="33" type="stmt"/>
        <line num="33" count="92" type="cond" truecount="1" falsecount="0"/>
        <line num="34" count="83" type="stmt"/>
        <line num="35" count="25" type="cond" truecount="1" falsecount="0"/>
        <line num="36" count="32" type="stmt"/>
        <line num="37" count="339" type="stmt"/>
        <line num="38" count="26" type="stmt"/>
        <line num="39" count="356" type="stmt"/>
        <line num="40" count="18" type="stmt"/>
        <line num="42" count="92" type="stmt"/>
        <line num="43" count="24" type="stmt"/>
        <line num="44" count="356" type="stmt"/>
        <line num="45" count="37" type="stmt"/>
        <line num="47" count="92" type="cond" truecount="3" falsecount="0"/>
        <line num="48" count="87" type="stmt"/>
        <line num="49" count="24" type="cond" truecount="0" falsecount="3"/>
        <line num="50" count="24" type="stmt"/>
        <line num="51" count="356" type="stmt"/>
        <line num="52" count="82" type="stmt"/>
        <line num="54" count="92" type="stmt"/>
        <line num="55" count="356" type="stmt"/>
        <line num="56" count="246" type="stmt"/>
        <line num="58" count="296" type="stmt"/>
        <line num="59" count="296" type="cond" truecount="0" falsecount="1"/>
        <line num="60" count="327" type="stmt"/>
        <line num="62" count="55" type="cond" truecount="0" falsecount="1"/>
        <line num="63" count="24" type="stmt"/>
        <line num="64" count="356" type="stmt"/>
        <line num="65" count="41" type="stmt"/>
        <line num="68" count="92" type="cond" truecount="1" falsecount="0"/>
        <line num="69" count="91" type="cond" truecount="1" falsecount="0"/>
        <line num="70" count="363" type="cond" truecount="1" falsecount="0"/>
        <line num="71" count="339" type="cond" truecount="0" falsecount="1"/>
        <line num="72" count="363" type="cond" truecount="0" falsecount="1"/>
        <line num="74" count="25" type="stmt"/>
        <line num="75" count="356" type="stmt"/>
        <line num="76" count="73" type="cond" truecount="1" falsecount="0"/>
        <line num="78" count="92" type="stmt"/>
        <line num="79" count="87" type="cond" truecount="0" falsecount="1"/>
        <line num="81" count="77" type="stmt"/>
        <line num="82" count="349" type="cond" truecount="1" falsecount="0"/>
        <line num="83" count="77" type="cond" truecount="1" falsecount="0"/>
        <line num="84" count="83" type="cond" truecount="1" falsecount="0"/>
        <line num="86" count="339" type="cond" truecount="0" falsecount="1"/>
        <line num="87" count="77" type="stmt"/>
        <line num="88" count="77" type="stmt"/>
        <line num="90" count="25" type="stmt"/>
        <line num="91" count="10" type="stmt"/>
        <line num="92" count="10" type="stmt"/>
        <line num="93" count="5" type="stmt"/>
        <line num="94" count="4" type="stmt"/>
        <line num="96" count="24" type="cond" truecount="1" falsecount="2"/>
        <line num="99" count="356" type="stmt"/>
        <line num="103" count="68" type="stmt"/>
        <line num="165" count="24" type="stmt"/>
        <line num="167" count="456" type="stmt"/>
        <line num="170" count="474" type="stmt"/>
        <line num="171" count="198" type="cond" truecount="1" falsecount="0"/>
        <line num="173" count="92" type="stmt"/>
        <line num="174" count="456" type="cond" truecount="0" falsecount="1"/>
        <line num="175" count="24" type="stmt"/>
        <line num="176" count="474" type="stmt"/>
        <line num="179" count="524" type="stmt"/>
        <line num="180" count="456" type="cond" truecount="0" falsecount="1"/>
        <line num="181" count="456" type="stmt"/>
        <line num="185" count="68" type="stmt"/>
        <line num="189" count="186" type="stmt"/>
        <line num="192" count="456" type="stmt"/>
        <line num="197" count="157" type="cond" truecount="2" falsecount="0"/>
        <line num="203" count="24" type="stmt"/>
        <line num="205" count="456" type="stmt"/>
        <line num="214" count="42" type="stmt"/>
        <line num="217" count="42" type="stmt"/>
        <line num="240" count="42" type="stmt"/>
        <line num="242" count="24" type="stmt"/>
        <line num="247" count="18" type="stmt"/>
        <line num="249" count="60" type="stmt"/>
        <line num="255" count="18" type="stmt"/>
        <line num="257" count="42" type="stmt"/>
        <line num="262" count="42" type="stmt"/>
        <line num="264" count="42" type="stmt"/>
        <line num="267" count="42" type="stmt"/>
        <line num="269" count="24" type="stmt"/>
        <line num="272" count="42" type="stmt"/>
        <line num="274" count="42" type="stmt"/>
        <line num="288" count="42" type="stmt"/>
        <line num="290" count="18" type="stmt"/>
        <line num="313" count="18" type="stmt"/>
        <line num="315" count="180" type="stmt"/>
      </file>
      <file name="PlaylistSelectionView.cy.jsx" path="C:/Users/admin/Desktop/cookbook/CooksBook/src/components/Modals/SaveRecipeModal/PlaylistSelectionView.cy.jsx">
        <metrics statements="49" coveredstatements="49" conditionals="0" coveredconditionals="0" methods="9" coveredmethods="9"/>
        <line num="3" count="7" type="stmt"/>
        <line num="4" count="7" type="stmt"/>
        <line num="7" count="7" type="stmt"/>
        <line num="28" count="7" type="stmt"/>
        <line num="32" count="7" type="stmt"/>
        <line num="33" count="27" type="stmt"/>
        <line num="37" count="27" type="stmt"/>
        <line num="43" count="7" type="stmt"/>
        <line num="44" count="7" type="stmt"/>
        <line num="53" count="7" type="stmt"/>
        <line num="55" count="7" type="stmt"/>
        <line num="60" count="7" type="stmt"/>
        <line num="66" count="7" type="stmt"/>
        <line num="69" count="7" type="stmt"/>
        <line num="70" count="6" type="stmt"/>
        <line num="73" count="6" type="stmt"/>
        <line num="75" count="6" type="stmt"/>
        <line num="77" count="6" type="stmt"/>
        <line num="79" count="6" type="stmt"/>
        <line num="82" count="7" type="stmt"/>
        <line num="83" count="5" type="stmt"/>
        <line num="84" count="5" type="stmt"/>
        <line num="86" count="5" type="stmt"/>
        <line num="88" count="5" type="stmt"/>
        <line num="91" count="7" type="stmt"/>
        <line num="92" count="4" type="stmt"/>
        <line num="93" count="4" type="stmt"/>
        <line num="95" count="4" type="stmt"/>
        <line num="96" count="4" type="stmt"/>
        <line num="98" count="4" type="stmt"/>
        <line num="99" count="4" type="stmt"/>
        <line num="101" count="4" type="stmt"/>
        <line num="104" count="7" type="stmt"/>
        <line num="105" count="3" type="stmt"/>
        <line num="107" count="3" type="stmt"/>
        <line num="111" count="3" type="stmt"/>
        <line num="113" count="3" type="stmt"/>
        <line num="115" count="3" type="stmt"/>
        <line num="117" count="3" type="stmt"/>
        <line num="118" count="3" type="stmt"/>
        <line num="120" count="3" type="stmt"/>
        <line num="121" count="3" type="stmt"/>
        <line num="122" count="3" type="stmt"/>
        <line num="125" count="3" type="stmt"/>
        <line num="128" count="7" type="stmt"/>
        <line num="129" count="2" type="stmt"/>
        <line num="131" count="2" type="stmt"/>
        <line num="136" count="2" type="stmt"/>
        <line num="137" count="2" type="stmt"/>
      </file>
      <file name="PlaylistSelectionView.jsx" path="C:/Users/admin/Desktop/cookbook/CooksBook/src/components/Modals/SaveRecipeModal/PlaylistSelectionView.jsx">
        <metrics statements="52" coveredstatements="52" conditionals="18" coveredconditionals="17" methods="22" coveredmethods="22"/>
        <line num="12" count="23" type="stmt"/>
        <line num="14" count="271" type="stmt"/>
        <line num="15" count="231" type="stmt"/>
        <line num="17" count="230" type="stmt"/>
        <line num="19" count="41" type="stmt"/>
        <line num="21" count="230" type="cond" truecount="2" falsecount="0"/>
        <line num="22" count="231" type="stmt"/>
        <line num="24" count="291" type="cond" truecount="2" falsecount="0"/>
        <line num="26" count="231" type="stmt"/>
        <line num="27" count="85" type="cond" truecount="1" falsecount="0"/>
        <line num="30" count="176" type="stmt"/>
        <line num="31" count="31" type="cond" truecount="1" falsecount="0"/>
        <line num="32" count="215" type="stmt"/>
        <line num="33" count="225" type="stmt"/>
        <line num="34" count="217" type="stmt"/>
        <line num="35" count="25" type="stmt"/>
        <line num="36" count="231" type="stmt"/>
        <line num="37" count="414" type="stmt"/>
        <line num="39" count="40" type="stmt"/>
        <line num="40" count="231" type="stmt"/>
        <line num="41" count="29" type="stmt"/>
        <line num="43" count="40" type="cond" truecount="2" falsecount="0"/>
        <line num="44" count="214" type="stmt"/>
        <line num="45" count="213" type="cond" truecount="1" falsecount="1"/>
        <line num="46" count="231" type="stmt"/>
        <line num="47" count="21" type="stmt"/>
        <line num="48" count="21" type="stmt"/>
        <line num="50" count="40" type="stmt"/>
        <line num="51" count="24" type="stmt"/>
        <line num="52" count="4" type="stmt"/>
        <line num="55" count="1" type="stmt"/>
        <line num="56" count="214" type="stmt"/>
        <line num="58" count="231" type="stmt"/>
        <line num="62" count="17" type="stmt"/>
        <line num="63" count="23" type="stmt"/>
        <line num="66" count="244" type="cond" truecount="2" falsecount="0"/>
        <line num="69" count="213" type="stmt"/>
        <line num="70" count="244" type="stmt"/>
        <line num="76" count="281" type="stmt"/>
        <line num="77" count="267" type="stmt"/>
        <line num="80" count="65" type="stmt"/>
        <line num="83" count="228" type="stmt"/>
        <line num="121" count="41" type="stmt"/>
        <line num="124" count="23" type="stmt"/>
        <line num="146" count="41" type="stmt"/>
        <line num="147" count="41" type="stmt"/>
        <line num="193" count="41" type="stmt"/>
        <line num="195" count="41" type="stmt"/>
        <line num="200" count="41" type="stmt"/>
        <line num="202" count="18" type="stmt"/>
        <line num="225" count="18" type="stmt"/>
        <line num="228" count="90" type="stmt"/>
      </file>
      <file name="SaveRecipeModal.cy.jsx" path="C:/Users/admin/Desktop/cookbook/CooksBook/src/components/Modals/SaveRecipeModal/SaveRecipeModal.cy.jsx">
        <metrics statements="24" coveredstatements="24" conditionals="0" coveredconditionals="0" methods="6" coveredmethods="6"/>
        <line num="4" count="5" type="stmt"/>
        <line num="5" count="5" type="stmt"/>
        <line num="17" count="5" type="stmt"/>
        <line num="18" count="14" type="stmt"/>
        <line num="23" count="5" type="stmt"/>
        <line num="24" count="5" type="stmt"/>
        <line num="30" count="5" type="stmt"/>
        <line num="33" count="5" type="stmt"/>
        <line num="34" count="4" type="stmt"/>
        <line num="36" count="4" type="stmt"/>
        <line num="37" count="4" type="stmt"/>
        <line num="40" count="5" type="stmt"/>
        <line num="41" count="3" type="stmt"/>
        <line num="43" count="3" type="stmt"/>
        <line num="45" count="3" type="stmt"/>
        <line num="46" count="3" type="stmt"/>
        <line num="48" count="3" type="stmt"/>
        <line num="50" count="3" type="stmt"/>
        <line num="53" count="5" type="stmt"/>
        <line num="54" count="2" type="stmt"/>
        <line num="55" count="2" type="stmt"/>
        <line num="57" count="2" type="stmt"/>
        <line num="59" count="2" type="stmt"/>
        <line num="61" count="2" type="stmt"/>
      </file>
      <file name="SaveRecipeModal.jsx" path="C:/Users/admin/Desktop/cookbook/CooksBook/src/components/Modals/SaveRecipeModal/SaveRecipeModal.jsx">
        <metrics statements="20" coveredstatements="20" conditionals="8" coveredconditionals="8" methods="12" coveredmethods="12"/>
        <line num="7" count="16" type="stmt"/>
        <line num="8" count="125" type="stmt"/>
        <line num="9" count="63" type="stmt"/>
        <line num="10" count="91" type="stmt"/>
        <line num="12" count="91" type="cond" truecount="1" falsecount="0"/>
        <line num="13" count="62" type="stmt"/>
        <line num="14" count="63" type="cond" truecount="1" falsecount="0"/>
        <line num="15" count="20" type="stmt"/>
        <line num="17" count="62" type="stmt"/>
        <line num="18" count="91" type="cond" truecount="1" falsecount="0"/>
        <line num="19" count="39" type="cond" truecount="2" falsecount="0"/>
        <line num="21" count="67" type="cond" truecount="1" falsecount="0"/>
        <line num="23" count="8" type="stmt"/>
        <line num="27" count="11" type="stmt"/>
        <line num="29" count="22" type="stmt"/>
        <line num="32" count="19" type="stmt"/>
        <line num="33" count="21" type="stmt"/>
        <line num="34" count="22" type="stmt"/>
        <line num="39" count="18" type="stmt"/>
        <line num="41" count="18" type="stmt"/>
      </file>
    </package>
    <package name="src.components.Navbar">
      <metrics statements="48" coveredstatements="48" conditionals="18" coveredconditionals="11" methods="18" coveredmethods="18"/>
      <file name="Navbar.cy.jsx" path="C:/Users/admin/Desktop/cookbook/CooksBook/src/components/Navbar/Navbar.cy.jsx">
        <metrics statements="21" coveredstatements="21" conditionals="0" coveredconditionals="0" methods="5" coveredmethods="5"/>
        <line num="4" count="5" type="stmt"/>
        <line num="5" count="5" type="stmt"/>
        <line num="6" count="5" type="stmt"/>
        <line num="9" count="5" type="stmt"/>
        <line num="11" count="5" type="stmt"/>
        <line num="12" count="5" type="stmt"/>
        <line num="14" count="5" type="stmt"/>
        <line num="16" count="5" type="stmt"/>
        <line num="17" count="4" type="stmt"/>
        <line num="26" count="4" type="stmt"/>
        <line num="28" count="4" type="stmt"/>
        <line num="33" count="4" type="stmt"/>
        <line num="35" count="5" type="stmt"/>
        <line num="36" count="3" type="stmt"/>
        <line num="41" count="3" type="stmt"/>
        <line num="45" count="3" type="stmt"/>
        <line num="48" count="3" type="stmt"/>
        <line num="50" count="5" type="stmt"/>
        <line num="51" count="2" type="stmt"/>
        <line num="56" count="2" type="stmt"/>
        <line num="57" count="2" type="stmt"/>
      </file>
      <file name="Navbar.jsx" path="C:/Users/admin/Desktop/cookbook/CooksBook/src/components/Navbar/Navbar.jsx">
        <metrics statements="27" coveredstatements="27" conditionals="18" coveredconditionals="11" methods="13" coveredmethods="13"/>
        <line num="22" count="18" type="stmt"/>
        <line num="24" count="18" type="stmt"/>
        <line num="28" count="18" type="stmt"/>
        <line num="31" count="281" type="stmt"/>
        <line num="32" count="245" type="stmt"/>
        <line num="33" count="245" type="stmt"/>
        <line num="34" count="202" type="stmt"/>
        <line num="35" count="281" type="stmt"/>
        <line num="36" count="202" type="stmt"/>
        <line num="37" count="202" type="stmt"/>
        <line num="39" count="245" type="stmt"/>
        <line num="40" count="245" type="cond" truecount="0" falsecount="1"/>
        <line num="43" count="202" type="cond" truecount="2" falsecount="0"/>
        <line num="44" count="245" type="cond" truecount="1" falsecount="0"/>
        <line num="46" count="245" type="cond" truecount="2" falsecount="0"/>
        <line num="47" count="184" type="stmt"/>
        <line num="48" count="18" type="stmt"/>
        <line num="49" count="428" type="stmt"/>
        <line num="55" count="797" type="cond" truecount="0" falsecount="2"/>
        <line num="58" count="244" type="cond" truecount="0" falsecount="2"/>
        <line num="97" count="36" type="stmt"/>
        <line num="98" count="18" type="stmt"/>
        <line num="115" count="36" type="stmt"/>
        <line num="116" count="307" type="cond" truecount="1" falsecount="1"/>
        <line num="137" count="748" type="cond" truecount="1" falsecount="1"/>
        <line num="143" count="18" type="stmt"/>
        <line num="144" count="54" type="stmt"/>
      </file>
    </package>
    <package name="src.components.NewRecipePageComponents">
      <metrics statements="120" coveredstatements="120" conditionals="2" coveredconditionals="1" methods="41" coveredmethods="35"/>
      <file name="GeneralInfo.cy.jsx" path="C:/Users/admin/Desktop/cookbook/CooksBook/src/components/NewRecipePageComponents/GeneralInfo.cy.jsx">
        <metrics statements="43" coveredstatements="43" conditionals="0" coveredconditionals="0" methods="11" coveredmethods="11"/>
        <line num="4" count="7" type="stmt"/>
        <line num="7" count="7" type="stmt"/>
        <line num="8" count="27" type="stmt"/>
        <line num="20" count="7" type="stmt"/>
        <line num="21" count="7" type="stmt"/>
        <line num="23" count="7" type="stmt"/>
        <line num="24" count="7" type="stmt"/>
        <line num="25" count="7" type="stmt"/>
        <line num="26" count="7" type="stmt"/>
        <line num="27" count="7" type="stmt"/>
        <line num="30" count="7" type="stmt"/>
        <line num="31" count="6" type="stmt"/>
        <line num="41" count="6" type="stmt"/>
        <line num="42" count="6" type="stmt"/>
        <line num="43" count="6" type="stmt"/>
        <line num="44" count="6" type="stmt"/>
        <line num="48" count="7" type="stmt"/>
        <line num="49" count="5" type="stmt"/>
        <line num="50" count="85" type="stmt"/>
        <line num="56" count="85" type="stmt"/>
        <line num="57" count="80" type="stmt"/>
        <line num="58" count="80" type="stmt"/>
        <line num="61" count="85" type="stmt"/>
        <line num="72" count="5" type="stmt"/>
        <line num="75" count="5" type="stmt"/>
        <line num="76" count="5" type="stmt"/>
        <line num="78" count="5" type="stmt"/>
        <line num="79" count="5" type="stmt"/>
        <line num="81" count="5" type="stmt"/>
        <line num="82" count="5" type="stmt"/>
        <line num="85" count="7" type="stmt"/>
        <line num="86" count="4" type="stmt"/>
        <line num="88" count="4" type="stmt"/>
        <line num="89" count="4" type="stmt"/>
        <line num="92" count="7" type="stmt"/>
        <line num="93" count="3" type="stmt"/>
        <line num="95" count="3" type="stmt"/>
        <line num="101" count="3" type="stmt"/>
        <line num="104" count="7" type="stmt"/>
        <line num="105" count="2" type="stmt"/>
        <line num="110" count="2" type="stmt"/>
        <line num="112" count="2" type="stmt"/>
        <line num="117" count="2" type="stmt"/>
      </file>
      <file name="GeneralInfo.jsx" path="C:/Users/admin/Desktop/cookbook/CooksBook/src/components/NewRecipePageComponents/GeneralInfo.jsx">
        <metrics statements="12" coveredstatements="12" conditionals="0" coveredconditionals="0" methods="5" coveredmethods="5"/>
        <line num="11" count="42" type="stmt"/>
        <line num="21" count="1697" type="stmt"/>
        <line num="36" count="137" type="stmt"/>
        <line num="44" count="285" type="stmt"/>
        <line num="52" count="59" type="stmt"/>
        <line num="62" count="24" type="stmt"/>
        <line num="69" count="18" type="stmt"/>
        <line num="71" count="24" type="stmt"/>
        <line num="77" count="42" type="stmt"/>
        <line num="79" count="18" type="stmt"/>
        <line num="83" count="18" type="stmt"/>
        <line num="85" count="54" type="stmt"/>
      </file>
      <file name="Steps.cy.jsx" path="C:/Users/admin/Desktop/cookbook/CooksBook/src/components/NewRecipePageComponents/Steps.cy.jsx">
        <metrics statements="41" coveredstatements="41" conditionals="0" coveredconditionals="0" methods="14" coveredmethods="8"/>
        <line num="4" count="4" type="stmt"/>
        <line num="5" count="4" type="stmt"/>
        <line num="6" count="4" type="stmt"/>
        <line num="7" count="4" type="stmt"/>
        <line num="12" count="4" type="stmt"/>
        <line num="24" count="4" type="stmt"/>
        <line num="25" count="4" type="stmt"/>
        <line num="27" count="4" type="stmt"/>
        <line num="28" count="4" type="stmt"/>
        <line num="30" count="4" type="stmt"/>
        <line num="31" count="4" type="stmt"/>
        <line num="34" count="4" type="stmt"/>
        <line num="35" count="3" type="stmt"/>
        <line num="36" count="90" type="stmt"/>
        <line num="38" count="90" type="stmt"/>
        <line num="39" count="3" type="stmt"/>
        <line num="42" count="90" type="stmt"/>
        <line num="43" count="48" type="stmt"/>
        <line num="44" count="48" type="stmt"/>
        <line num="45" count="48" type="stmt"/>
        <line num="48" count="90" type="stmt"/>
        <line num="49" count="36" type="stmt"/>
        <line num="50" count="36" type="stmt"/>
        <line num="51" count="36" type="stmt"/>
        <line num="54" count="90" type="stmt"/>
        <line num="67" count="3" type="stmt"/>
        <line num="69" count="3" type="stmt"/>
        <line num="70" count="3" type="stmt"/>
        <line num="72" count="3" type="stmt"/>
        <line num="73" count="3" type="stmt"/>
        <line num="75" count="3" type="stmt"/>
        <line num="76" count="3" type="stmt"/>
        <line num="77" count="3" type="stmt"/>
        <line num="80" count="4" type="stmt"/>
        <line num="81" count="2" type="stmt"/>
        <line num="82" count="2" type="stmt"/>
        <line num="83" count="2" type="stmt"/>
        <line num="85" count="2" type="stmt"/>
        <line num="97" count="2" type="stmt"/>
        <line num="100" count="2" type="stmt"/>
        <line num="106" count="2" type="stmt"/>
      </file>
      <file name="Steps.jsx" path="C:/Users/admin/Desktop/cookbook/CooksBook/src/components/NewRecipePageComponents/Steps.jsx">
        <metrics statements="24" coveredstatements="24" conditionals="2" coveredconditionals="1" methods="11" coveredmethods="11"/>
        <line num="13" count="46" type="stmt"/>
        <line num="22" count="1685" type="stmt"/>
        <line num="26" count="2391" type="stmt"/>
        <line num="27" count="2809" type="stmt"/>
        <line num="29" count="2030" type="stmt"/>
        <line num="30" count="1495" type="stmt"/>
        <line num="40" count="2158" type="stmt"/>
        <line num="41" count="1589" type="stmt"/>
        <line num="49" count="2164" type="stmt"/>
        <line num="50" count="1721" type="stmt"/>
        <line num="56" count="2025" type="stmt"/>
        <line num="57" count="4050" type="cond" truecount="1" falsecount="0"/>
        <line num="58" count="1495" type="cond" truecount="0" falsecount="1"/>
        <line num="68" count="28" type="stmt"/>
        <line num="70" count="46" type="stmt"/>
        <line num="72" count="28" type="stmt"/>
        <line num="78" count="46" type="stmt"/>
        <line num="80" count="28" type="stmt"/>
        <line num="85" count="46" type="stmt"/>
        <line num="87" count="28" type="stmt"/>
        <line num="93" count="46" type="stmt"/>
        <line num="94" count="18" type="stmt"/>
        <line num="104" count="18" type="stmt"/>
        <line num="105" count="90" type="stmt"/>
      </file>
    </package>
    <package name="src.components.NewRecipePageComponents.IngredientCategories">
      <metrics statements="168" coveredstatements="168" conditionals="32" coveredconditionals="17" methods="60" coveredmethods="60"/>
      <file name="IngredientCategories.cy.jsx" path="C:/Users/admin/Desktop/cookbook/CooksBook/src/components/NewRecipePageComponents/IngredientCategories/IngredientCategories.cy.jsx">
        <metrics statements="42" coveredstatements="42" conditionals="0" coveredconditionals="0" methods="12" coveredmethods="12"/>
        <line num="4" count="7" type="stmt"/>
        <line num="7" count="7" type="stmt"/>
        <line num="8" count="27" type="stmt"/>
        <line num="22" count="7" type="stmt"/>
        <line num="23" count="7" type="stmt"/>
        <line num="25" count="7" type="stmt"/>
        <line num="26" count="7" type="stmt"/>
        <line num="27" count="7" type="stmt"/>
        <line num="28" count="7" type="stmt"/>
        <line num="31" count="7" type="stmt"/>
        <line num="32" count="6" type="stmt"/>
        <line num="40" count="6" type="stmt"/>
        <line num="41" count="6" type="stmt"/>
        <line num="44" count="7" type="stmt"/>
        <line num="45" count="5" type="stmt"/>
        <line num="46" count="15" type="stmt"/>
        <line num="47" count="15" type="stmt"/>
        <line num="52" count="10" type="stmt"/>
        <line num="53" count="10" type="stmt"/>
        <line num="59" count="5" type="stmt"/>
        <line num="61" count="5" type="stmt"/>
        <line num="62" count="5" type="stmt"/>
        <line num="63" count="5" type="stmt"/>
        <line num="66" count="7" type="stmt"/>
        <line num="67" count="4" type="stmt"/>
        <line num="68" count="28" type="stmt"/>
        <line num="69" count="28" type="stmt"/>
        <line num="74" count="24" type="stmt"/>
        <line num="75" count="24" type="stmt"/>
        <line num="81" count="4" type="stmt"/>
        <line num="83" count="4" type="stmt"/>
        <line num="84" count="4" type="stmt"/>
        <line num="85" count="4" type="stmt"/>
        <line num="88" count="7" type="stmt"/>
        <line num="89" count="3" type="stmt"/>
        <line num="91" count="3" type="stmt"/>
        <line num="92" count="3" type="stmt"/>
        <line num="95" count="7" type="stmt"/>
        <line num="96" count="2" type="stmt"/>
        <line num="101" count="2" type="stmt"/>
        <line num="103" count="2" type="stmt"/>
        <line num="104" count="2" type="stmt"/>
      </file>
      <file name="IngredientCategories.jsx" path="C:/Users/admin/Desktop/cookbook/CooksBook/src/components/NewRecipePageComponents/IngredientCategories/IngredientCategories.jsx">
        <metrics statements="18" coveredstatements="18" conditionals="4" coveredconditionals="4" methods="12" coveredmethods="12"/>
        <line num="11" count="49" type="stmt"/>
        <line num="23" count="1650" type="stmt"/>
        <line num="54" count="2256" type="stmt"/>
        <line num="55" count="2546" type="stmt"/>
        <line num="57" count="1797" type="stmt"/>
        <line num="58" count="1805" type="stmt"/>
        <line num="59" count="3156" type="stmt"/>
        <line num="60" count="1796" type="stmt"/>
        <line num="61" count="1360" type="stmt"/>
        <line num="63" count="1360" type="stmt"/>
        <line num="67" count="31" type="stmt"/>
        <line num="69" count="49" type="stmt"/>
        <line num="70" count="1526" type="cond" truecount="2" falsecount="0"/>
        <line num="74" count="1823" type="cond" truecount="2" falsecount="0"/>
        <line num="75" count="49" type="stmt"/>
        <line num="76" count="18" type="stmt"/>
        <line num="80" count="18" type="stmt"/>
        <line num="81" count="54" type="stmt"/>
      </file>
      <file name="IngredientCategory.cy.jsx" path="C:/Users/admin/Desktop/cookbook/CooksBook/src/components/NewRecipePageComponents/IngredientCategories/IngredientCategory.cy.jsx">
        <metrics statements="39" coveredstatements="39" conditionals="0" coveredconditionals="0" methods="6" coveredmethods="6"/>
[...]
        <line num="5" count="161" type="stmt"/>
        <line num="7" count="205" type="stmt"/>
        <line num="13" count="169" type="cond" truecount="2" falsecount="0"/>
        <line num="15" count="11" type="stmt"/>
        <line num="18" count="158" type="stmt"/>
        <line num="24" count="21" type="stmt"/>
        <line num="25" count="16" type="stmt"/>
        <line num="29" count="20" type="stmt"/>
        <line num="41" count="14" type="stmt"/>
        <line num="47" count="14" type="stmt"/>
        <line num="52" count="14" type="stmt"/>
        <line num="53" count="14" type="stmt"/>
        <line num="54" count="14" type="stmt"/>
        <line num="56" count="0" type="stmt"/>
        <line num="62" count="9" type="stmt"/>
        <line num="67" count="9" type="stmt"/>
        <line num="71" count="4" type="stmt"/>
        <line num="77" count="4" type="stmt"/>
        <line num="80" count="4" type="stmt"/>
        <line num="81" count="4" type="stmt"/>
        <line num="82" count="4" type="stmt"/>
        <line num="102" count="161" type="stmt"/>
      </file>
      <file name="uploadsApi.js" path="C:/Users/admin/Desktop/cookbook/CooksBook/src/store/api/uploadsApi.js">
        <metrics statements="6" coveredstatements="3" conditionals="2" coveredconditionals="0" methods="2" coveredmethods="1"/>
        <line num="3" count="42" type="stmt"/>
        <line num="4" count="42" type="stmt"/>
        <line num="7" count="0" type="stmt"/>
        <line num="8" count="0" type="cond" truecount="0" falsecount="2"/>
        <line num="9" count="0" type="stmt"/>
        <line num="20" count="42" type="stmt"/>
      </file>
    </package>
    <package name="src.store.selectors">
      <metrics statements="24" coveredstatements="24" conditionals="14" coveredconditionals="10" methods="17" coveredmethods="11"/>
      <file name="authSelectors.js" path="C:/Users/admin/Desktop/cookbook/CooksBook/src/store/selectors/authSelectors.js">
        <metrics statements="21" coveredstatements="21" conditionals="14" coveredconditionals="10" methods="14" coveredmethods="10"/>
        <line num="4" count="162" type="stmt"/>
        <line num="6" count="162" type="stmt"/>
        <line num="7" count="162" type="stmt"/>
        <line num="8" count="162" type="stmt"/>
        <line num="9" count="1850" type="stmt"/>
        <line num="11" count="162" type="cond" truecount="0" falsecount="2"/>
        <line num="12" count="162" type="cond" truecount="0" falsecount="2"/>
        <line num="13" count="319" type="cond" truecount="2" falsecount="0"/>
        <line num="14" count="231" type="cond" truecount="2" falsecount="0"/>
        <line num="17" count="162" type="stmt"/>
        <line num="18" count="351" type="cond" truecount="2" falsecount="0"/>
        <line num="20" count="162" type="stmt"/>
        <line num="21" count="196" type="cond" truecount="2" falsecount="0"/>
        <line num="23" count="162" type="stmt"/>
        <line num="24" count="351" type="cond" truecount="2" falsecount="0"/>
        <line num="27" count="162" type="stmt"/>
        <line num="29" count="116" type="stmt"/>
        <line num="31" count="162" type="stmt"/>
        <line num="33" count="84" type="stmt"/>
        <line num="35" count="162" type="stmt"/>
        <line num="37" count="99" type="stmt"/>
      </file>
      <file name="uiSelectors.js" path="C:/Users/admin/Desktop/cookbook/CooksBook/src/store/selectors/uiSelectors.js">
        <metrics statements="3" coveredstatements="3" conditionals="0" coveredconditionals="0" methods="3" coveredmethods="1"/>
        <line num="1" count="34" type="stmt"/>
        <line num="2" count="34" type="stmt"/>
        <line num="3" count="278" type="stmt"/>
      </file>
    </package>
    <package name="src.ui">
      <metrics statements="1" coveredstatements="1" conditionals="0" coveredconditionals="0" methods="0" coveredmethods="0"/>
      <file name="StyledLink.jsx" path="C:/Users/admin/Desktop/cookbook/CooksBook/src/ui/StyledLink.jsx">
        <metrics statements="1" coveredstatements="1" conditionals="0" coveredconditionals="0" methods="0" coveredmethods="0"/>
        <line num="4" count="46" type="stmt"/>
      </file>
    </package>
    <package name="src.ui.buttons">
      <metrics statements="42" coveredstatements="38" conditionals="35" coveredconditionals="31" methods="22" coveredmethods="22"/>
      <file name="DeleteButton.jsx" path="C:/Users/admin/Desktop/cookbook/CooksBook/src/ui/buttons/DeleteButton.jsx">
        <metrics statements="1" coveredstatements="1" conditionals="0" coveredconditionals="0" methods="0" coveredmethods="0"/>
        <line num="3" count="59" type="stmt"/>
      </file>
      <file name="FocusButton.jsx" path="C:/Users/admin/Desktop/cookbook/CooksBook/src/ui/buttons/FocusButton.jsx">
        <metrics statements="3" coveredstatements="3" conditionals="4" coveredconditionals="3" methods="2" coveredmethods="2"/>
        <line num="3" count="104" type="stmt"/>
        <line num="4" count="6344" type="cond" truecount="1" falsecount="1"/>
        <line num="6" count="6344" type="cond" truecount="2" falsecount="0"/>
      </file>
      <file name="HollowButton.jsx" path="C:/Users/admin/Desktop/cookbook/CooksBook/src/ui/buttons/HollowButton.jsx">
        <metrics statements="3" coveredstatements="3" conditionals="4" coveredconditionals="4" methods="2" coveredmethods="2"/>
        <line num="4" count="36" type="stmt"/>
        <line num="8" count="304" type="cond" truecount="2" falsecount="0"/>
        <line num="10" count="304" type="cond" truecount="2" falsecount="0"/>
      </file>
      <file name="NavButton.jsx" path="C:/Users/admin/Desktop/cookbook/CooksBook/src/ui/buttons/NavButton.jsx">
        <metrics statements="19" coveredstatements="15" conditionals="19" coveredconditionals="16" methods="11" coveredmethods="11"/>
        <line num="3" count="56" type="stmt"/>
        <line num="18" count="56" type="stmt"/>
        <line num="19" count="548" type="cond" truecount="1" falsecount="0"/>
        <line num="20" count="0" type="cond" truecount="0" falsecount="1"/>
        <line num="21" count="0" type="stmt"/>
        <line num="24" count="56" type="stmt"/>
        <line num="25" count="274" type="cond" truecount="1" falsecount="0"/>
        <line num="26" count="0" type="cond" truecount="0" falsecount="1"/>
        <line num="27" count="0" type="stmt"/>
        <line num="30" count="56" type="stmt"/>
        <line num="35" count="274" type="cond" truecount="1" falsecount="0"/>
        <line num="37" count="274" type="stmt"/>
        <line num="38" count="274" type="cond" truecount="1" falsecount="0"/>
        <line num="55" count="274" type="cond" truecount="2" falsecount="0"/>
        <line num="60" count="274" type="cond" truecount="2" falsecount="0"/>
        <line num="65" count="274" type="cond" truecount="2" falsecount="0"/>
        <line num="70" count="274" type="cond" truecount="1" falsecount="1"/>
        <line num="77" count="274" type="stmt"/>
        <line num="79" count="274" type="cond" truecount="2" falsecount="0"/>
      </file>
      <file name="TextButton.jsx" path="C:/Users/admin/Desktop/cookbook/CooksBook/src/ui/buttons/TextButton.jsx">
        <metrics statements="3" coveredstatements="3" conditionals="4" coveredconditionals="4" methods="2" coveredmethods="2"/>
        <line num="3" count="65" type="stmt"/>
        <line num="8" count="356" type="cond" truecount="2" falsecount="0"/>
        <line num="12" count="356" type="cond" truecount="2" falsecount="0"/>
      </file>
      <file name="WideFocusButton.cy.jsx" path="C:/Users/admin/Desktop/cookbook/CooksBook/src/ui/buttons/WideFocusButton.cy.jsx">
        <metrics statements="10" coveredstatements="10" conditionals="0" coveredconditionals="0" methods="3" coveredmethods="3"/>
        <line num="3" count="3" type="stmt"/>
        <line num="4" count="3" type="stmt"/>
        <line num="5" count="3" type="stmt"/>
        <line num="6" count="3" type="stmt"/>
        <line num="7" count="3" type="stmt"/>
        <line num="8" count="3" type="stmt"/>
        <line num="10" count="3" type="stmt"/>
        <line num="11" count="2" type="stmt"/>
        <line num="12" count="2" type="stmt"/>
        <line num="13" count="2" type="stmt"/>
      </file>
      <file name="WideFocusButton.jsx" path="C:/Users/admin/Desktop/cookbook/CooksBook/src/ui/buttons/WideFocusButton.jsx">
        <metrics statements="3" coveredstatements="3" conditionals="4" coveredconditionals="4" methods="2" coveredmethods="2"/>
        <line num="3" count="116" type="stmt"/>
        <line num="9" count="5242" type="cond" truecount="2" falsecount="0"/>
        <line num="17" count="5242" type="cond" truecount="2" falsecount="0"/>
      </file>
    </package>
    <package name="src.ui.inputs">
      <metrics statements="94" coveredstatements="94" conditionals="31" coveredconditionals="27" methods="27" coveredmethods="27"/>
      <file name="Error.jsx" path="C:/Users/admin/Desktop/cookbook/CooksBook/src/ui/inputs/Error.jsx">
        <metrics statements="1" coveredstatements="1" conditionals="0" coveredconditionals="0" methods="0" coveredmethods="0"/>
        <line num="3" count="121" type="stmt"/>
      </file>
      <file name="Field.jsx" path="C:/Users/admin/Desktop/cookbook/CooksBook/src/ui/inputs/Field.jsx">
        <metrics statements="1" coveredstatements="1" conditionals="0" coveredconditionals="0" methods="0" coveredmethods="0"/>
        <line num="3" count="121" type="stmt"/>
      </file>
      <file name="ImageInput.cy.jsx" path="C:/Users/admin/Desktop/cookbook/CooksBook/src/ui/inputs/ImageInput.cy.jsx">
        <metrics statements="29" coveredstatements="29" conditionals="0" coveredconditionals="0" methods="7" coveredmethods="7"/>
        <line num="3" count="7" type="stmt"/>
        <line num="4" count="7" type="stmt"/>
        <line num="5" count="7" type="stmt"/>
        <line num="7" count="7" type="stmt"/>
        <line num="8" count="7" type="stmt"/>
        <line num="9" count="7" type="stmt"/>
        <line num="12" count="7" type="stmt"/>
        <line num="13" count="6" type="stmt"/>
        <line num="14" count="6" type="stmt"/>
        <line num="16" count="6" type="stmt"/>
        <line num="22" count="6" type="stmt"/>
        <line num="25" count="7" type="stmt"/>
        <line num="26" count="5" type="stmt"/>
        <line num="27" count="5" type="stmt"/>
        <line num="29" count="5" type="stmt"/>
        <line num="34" count="5" type="stmt"/>
        <line num="37" count="7" type="stmt"/>
        <line num="38" count="4" type="stmt"/>
        <line num="39" count="4" type="stmt"/>
        <line num="41" count="4" type="stmt"/>
        <line num="49" count="4" type="stmt"/>
        <line num="51" count="4" type="stmt"/>
        <line num="52" count="4" type="stmt"/>
        <line num="55" count="7" type="stmt"/>
        <line num="56" count="3" type="stmt"/>
        <line num="58" count="3" type="stmt"/>
        <line num="63" count="7" type="stmt"/>
        <line num="64" count="2" type="stmt"/>
        <line num="66" count="2" type="stmt"/>
      </file>
      <file name="ImageInput.jsx" path="C:/Users/admin/Desktop/cookbook/CooksBook/src/ui/inputs/ImageInput.jsx">
        <metrics statements="11" coveredstatements="11" conditionals="9" coveredconditionals="9" methods="4" coveredmethods="4"/>
        <line num="4" count="128" type="stmt"/>
        <line num="5" count="5745" type="stmt"/>
        <line num="6" count="6" type="cond" truecount="3" falsecount="0"/>
        <line num="7" count="6" type="stmt"/>
        <line num="8" count="6" type="stmt"/>
        <line num="11" count="5745" type="stmt"/>
        <line num="21" count="18" type="stmt"/>
        <line num="23" count="2745" type="cond" truecount="2" falsecount="0"/>
        <line num="27" count="3128" type="cond" truecount="2" falsecount="0"/>
        <line num="60" count="18" type="stmt"/>
        <line num="61" count="36" type="stmt"/>
      </file>
      <file name="Input.jsx" path="C:/Users/admin/Desktop/cookbook/CooksBook/src/ui/inputs/Input.jsx">
        <metrics statements="1" coveredstatements="1" conditionals="0" coveredconditionals="0" methods="0" coveredmethods="0"/>
        <line num="3" count="176" type="stmt"/>
      </file>
      <file name="PasswordInput.cy.jsx" path="C:/Users/admin/Desktop/cookbook/CooksBook/src/ui/inputs/PasswordInput.cy.jsx">
        <metrics statements="15" coveredstatements="15" conditionals="0" coveredconditionals="0" methods="4" coveredmethods="4"/>
        <line num="3" count="4" type="stmt"/>
        <line num="4" count="4" type="stmt"/>
        <line num="5" count="4" type="stmt"/>
        <line num="6" count="4" type="stmt"/>
        <line num="9" count="4" type="stmt"/>
        <line num="10" count="3" type="stmt"/>
        <line num="11" count="3" type="stmt"/>
        <line num="12" count="3" type="stmt"/>
        <line num="13" count="3" type="stmt"/>
        <line num="14" count="3" type="stmt"/>
        <line num="15" count="3" type="stmt"/>
        <line num="16" count="3" type="stmt"/>
        <line num="18" count="4" type="stmt"/>
        <line num="19" count="2" type="stmt"/>
        <line num="20" count="2" type="stmt"/>
      </file>
      <file name="PasswordInput.jsx" path="C:/Users/admin/Desktop/cookbook/CooksBook/src/ui/inputs/PasswordInput.jsx">
        <metrics statements="14" coveredstatements="14" conditionals="16" coveredconditionals="12" methods="5" coveredmethods="5"/>
        <line num="6" count="107" type="stmt"/>
        <line num="7" count="709" type="stmt"/>
        <line num="8" count="305" type="stmt"/>
        <line num="9" count="305" type="cond" truecount="2" falsecount="0"/>
        <line num="10" count="92" type="stmt"/>
        <line num="20" count="107" type="stmt"/>
        <line num="22" count="125" type="stmt"/>
        <line num="23" count="125" type="stmt"/>
        <line num="26" count="125" type="stmt"/>
        <line num="27" count="125" type="stmt"/>
        <line num="36" count="18" type="stmt"/>
        <line num="37" count="18" type="stmt"/>
        <line num="40" count="18" type="stmt"/>
        <line num="41" count="72" type="stmt"/>
      </file>
      <file name="SearchInput.jsx" path="C:/Users/admin/Desktop/cookbook/CooksBook/src/ui/inputs/SearchInput.jsx">
        <metrics statements="11" coveredstatements="11" conditionals="4" coveredconditionals="4" methods="3" coveredmethods="3"/>
        <line num="3" count="172" type="stmt"/>
        <line num="4" count="1133" type="stmt"/>
        <line num="12" count="18" type="stmt"/>
        <line num="14" count="154" type="stmt"/>
        <line num="17" count="172" type="stmt"/>
        <line num="19" count="1007" type="cond" truecount="2" falsecount="0"/>
        <line num="24" count="298" type="cond" truecount="2" falsecount="0"/>
        <line num="27" count="172" type="stmt"/>
        <line num="29" count="18" type="stmt"/>
        <line num="36" count="18" type="stmt"/>
        <line num="37" count="72" type="stmt"/>
      </file>
      <file name="SelectInput.jsx" path="C:/Users/admin/Desktop/cookbook/CooksBook/src/ui/inputs/SelectInput.jsx">
        <metrics statements="9" coveredstatements="9" conditionals="0" coveredconditionals="0" methods="3" coveredmethods="3"/>
        <line num="3" count="172" type="stmt"/>
        <line num="4" count="3837" type="stmt"/>
        <line num="6" count="10384" type="stmt"/>
        <line num="7" count="7549" type="stmt"/>
        <line num="11" count="154" type="stmt"/>
        <line num="13" count="172" type="stmt"/>
        <line num="14" count="18" type="stmt"/>
        <line num="33" count="18" type="stmt"/>
        <line num="34" count="36" type="stmt"/>
      </file>
      <file name="TextArea.jsx" path="C:/Users/admin/Desktop/cookbook/CooksBook/src/ui/inputs/TextArea.jsx">
        <metrics statements="2" coveredstatements="2" conditionals="2" coveredconditionals="2" methods="1" coveredmethods="1"/>
        <line num="3" count="46" type="stmt"/>
        <line num="5" count="3515" type="cond" truecount="2" falsecount="0"/>
      </file>
    </package>
    <package name="src.ui.styledBlocks">
      <metrics statements="17" coveredstatements="17" conditionals="26" coveredconditionals="24" methods="13" coveredmethods="13"/>
      <file name="BorderCard.jsx" path="C:/Users/admin/Desktop/cookbook/CooksBook/src/ui/styledBlocks/BorderCard.jsx">
        <metrics statements="2" coveredstatements="2" conditionals="2" coveredconditionals="2" methods="1" coveredmethods="1"/>
        <line num="4" count="59" type="stmt"/>
        <line num="5" count="6982" type="cond" truecount="2" falsecount="0"/>
      </file>
      <file name="Container.jsx" path="C:/Users/admin/Desktop/cookbook/CooksBook/src/ui/styledBlocks/Container.jsx">
        <metrics statements="10" coveredstatements="10" conditionals="16" coveredconditionals="14" methods="8" coveredmethods="8"/>
        <line num="3" count="105" type="stmt"/>
        <line num="4" count="1397" type="cond" truecount="2" falsecount="0"/>
        <line num="5" count="1397" type="cond" truecount="2" falsecount="0"/>
        <line num="8" count="1397" type="cond" truecount="2" falsecount="0"/>
        <line num="9" count="1397" type="cond" truecount="2" falsecount="0"/>
        <line num="11" count="105" type="stmt"/>
        <line num="12" count="2104" type="cond" truecount="1" falsecount="1"/>
        <line num="13" count="2104" type="cond" truecount="1" falsecount="1"/>
        <line num="16" count="2104" type="cond" truecount="2" falsecount="0"/>
        <line num="17" count="2104" type="cond" truecount="2" falsecount="0"/>
      </file>
      <file name="ContentCard.jsx" path="C:/Users/admin/Desktop/cookbook/CooksBook/src/ui/styledBlocks/ContentCard.jsx">
        <metrics statements="5" coveredstatements="5" conditionals="8" coveredconditionals="8" methods="4" coveredmethods="4"/>
        <line num="3" count="109" type="stmt"/>
        <line num="5" count="13016" type="cond" truecount="2" falsecount="0"/>
        <line num="6" count="13016" type="cond" truecount="2" falsecount="0"/>
        <line num="7" count="13016" type="cond" truecount="2" falsecount="0"/>
        <line num="11" count="13016" type="cond" truecount="2" falsecount="0"/>
      </file>
    </package>
    <package name="src.ui.texts">
      <metrics statements="6" coveredstatements="6" conditionals="4" coveredconditionals="4" methods="2" coveredmethods="2"/>
      <file name="Display.jsx" path="C:/Users/admin/Desktop/cookbook/CooksBook/src/ui/texts/Display.jsx">
        <metrics statements="1" coveredstatements="1" conditionals="0" coveredconditionals="0" methods="0" coveredmethods="0"/>
        <line num="3" count="56" type="stmt"/>
      </file>
      <file name="Paragraph.jsx" path="C:/Users/admin/Desktop/cookbook/CooksBook/src/ui/texts/Paragraph.jsx">
        <metrics statements="1" coveredstatements="1" conditionals="0" coveredconditionals="0" methods="0" coveredmethods="0"/>
        <line num="3" count="48" type="stmt"/>
      </file>
      <file name="SmallText.jsx" path="C:/Users/admin/Desktop/cookbook/CooksBook/src/ui/texts/SmallText.jsx">
        <metrics statements="1" coveredstatements="1" conditionals="0" coveredconditionals="0" methods="0" coveredmethods="0"/>
        <line num="2" count="67" type="stmt"/>
      </file>
      <file name="Wrapper.jsx" path="C:/Users/admin/Desktop/cookbook/CooksBook/src/ui/texts/Wrapper.jsx">
        <metrics statements="3" coveredstatements="3" conditionals="4" coveredconditionals="4" methods="2" coveredmethods="2"/>
        <line num="3" count="229" type="stmt"/>
        <line num="9" count="8116" type="cond" truecount="2" falsecount="0"/>
        <line num="10" count="8116" type="cond" truecount="2" falsecount="0"/>
      </file>
    </package>
  </project>
</coverage>
