{"C:/Users/admin/Desktop/cookbook/CooksBook/src/App.jsx": {"path":"C:/Users/admin/Desktop/cookbook/CooksBook/src/App.jsx","statementMap":{"0":{"start":{"line":10,"column":23},"end":{"line":15,"column":null}},"1":{"start":{"line":17,"column":20},"end":{"line":24,"column":null}},"2":{"start":{"line":26,"column":24},"end":{"line":33,"column":null}},"3":{"start":{"line":36,"column":2},"end":{"line":36,"column":null}},"4":{"start":{"line":37,"column":2},"end":{"line":47,"column":null}},"5":{"start":{"line":49,"column":1},"end":{"line":35,"column":15}},"6":{"start":{"line":51,"column":19},"end":{"line":51,"column":null}}},"fnMap":{"0":{"name":"App","decl":{"start":{"line":35,"column":9},"end":{"line":35,"column":15}},"loc":{"start":{"line":35,"column":15},"end":{"line":49,"column":1}}}},"branchMap":{},"s":{"0":18,"1":18,"2":18,"3":0,"4":0,"5":18,"6":18},"f":{"0":0},"b":{}}
,"C:/Users/admin/Desktop/cookbook/CooksBook/src/main.jsx": {"path":"C:/Users/admin/Desktop/cookbook/CooksBook/src/main.jsx","statementMap":{"0":{"start":{"line":10,"column":0},"end":{"line":16,"column":null}}},"fnMap":{},"branchMap":{},"s":{"0":18},"f":{},"b":{}}
,"C:/Users/admin/Desktop/cookbook/CooksBook/src/components/Cards/SharedComponents.jsx": {"path":"C:/Users/admin/Desktop/cookbook/CooksBook/src/components/Cards/SharedComponents.jsx","statementMap":{"0":{"start":{"line":4,"column":20},"end":{"line":4,"column":null}},"1":{"start":{"line":16,"column":24},"end":{"line":16,"column":null}},"2":{"start":{"line":22,"column":28},"end":{"line":22,"column":null}},"3":{"start":{"line":28,"column":21},"end":{"line":36,"column":null}},"4":{"start":{"line":40,"column":29},"end":{"line":40,"column":null}},"5":{"start":{"line":48,"column":26},"end":{"line":48,"column":null}},"6":{"start":{"line":58,"column":27},"end":{"line":58,"column":null}},"7":{"start":{"line":64,"column":24},"end":{"line":64,"column":null}},"8":{"start":{"line":72,"column":31},"end":{"line":72,"column":null}}},"fnMap":{},"branchMap":{},"s":{"0":147,"1":147,"2":147,"3":147,"4":147,"5":147,"6":147,"7":147,"8":147},"f":{},"b":{}}
,"C:/Users/admin/Desktop/cookbook/CooksBook/src/components/Cards/PlaylistCard/PlaylistCard.cy.jsx": {"path":"C:/Users/admin/Desktop/cookbook/CooksBook/src/components/Cards/PlaylistCard/PlaylistCard.cy.jsx","statementMap":{"0":{"start":{"line":6,"column":0},"end":{"line":98,"column":null}},"1":{"start":{"line":9,"column":23},"end":{"line":19,"column":null}},"2":{"start":{"line":21,"column":2},"end":{"line":34,"column":null}},"3":{"start":{"line":22,"column":4},"end":{"line":22,"column":null}},"4":{"start":{"line":25,"column":4},"end":{"line":25,"column":null}},"5":{"start":{"line":26,"column":4},"end":{"line":26,"column":null}},"6":{"start":{"line":27,"column":4},"end":{"line":27,"column":null}},"7":{"start":{"line":28,"column":4},"end":{"line":28,"column":null}},"8":{"start":{"line":31,"column":4},"end":{"line":33,"column":null}},"9":{"start":{"line":36,"column":2},"end":{"line":49,"column":null}},"10":{"start":{"line":37,"column":4},"end":{"line":46,"column":null}},"11":{"start":{"line":48,"column":4},"end":{"line":48,"column":null}},"12":{"start":{"line":51,"column":2},"end":{"line":64,"column":null}},"13":{"start":{"line":52,"column":4},"end":{"line":61,"column":null}},"14":{"start":{"line":63,"column":4},"end":{"line":63,"column":null}},"15":{"start":{"line":66,"column":2},"end":{"line":90,"column":null}},"16":{"start":{"line":67,"column":4},"end":{"line":70,"column":null}},"17":{"start":{"line":73,"column":4},"end":{"line":80,"column":null}},"18":{"start":{"line":83,"column":4},"end":{"line":83,"column":null}},"19":{"start":{"line":84,"column":4},"end":{"line":84,"column":null}},"20":{"start":{"line":86,"column":4},"end":{"line":89,"column":null}},"21":{"start":{"line":88,"column":6},"end":{"line":88,"column":null}},"22":{"start":{"line":92,"column":2},"end":{"line":96,"column":null}},"23":{"start":{"line":93,"column":4},"end":{"line":93,"column":null}},"24":{"start":{"line":95,"column":4},"end":{"line":95,"column":null}}},"fnMap":{"0":{"name":"(anonymous_0)","decl":{"start":{"line":6,"column":29},"end":{"line":6,"column":35}},"loc":{"start":{"line":6,"column":35},"end":{"line":98,"column":1}}},"1":{"name":"(anonymous_1)","decl":{"start":{"line":21,"column":43},"end":{"line":21,"column":49}},"loc":{"start":{"line":21,"column":49},"end":{"line":34,"column":3}}},"2":{"name":"(anonymous_2)","decl":{"start":{"line":36,"column":56},"end":{"line":36,"column":62}},"loc":{"start":{"line":36,"column":62},"end":{"line":49,"column":3}}},"3":{"name":"(anonymous_3)","decl":{"start":{"line":51,"column":59},"end":{"line":51,"column":65}},"loc":{"start":{"line":51,"column":65},"end":{"line":64,"column":3}}},"4":{"name":"(anonymous_4)","decl":{"start":{"line":66,"column":50},"end":{"line":66,"column":56}},"loc":{"start":{"line":66,"column":56},"end":{"line":90,"column":3}}},"5":{"name":"(anonymous_5)","decl":{"start":{"line":86,"column":33},"end":{"line":86,"column":34}},"loc":{"start":{"line":86,"column":51},"end":{"line":89,"column":5}}},"6":{"name":"(anonymous_6)","decl":{"start":{"line":92,"column":52},"end":{"line":92,"column":58}},"loc":{"start":{"line":92,"column":58},"end":{"line":96,"column":3}}}},"branchMap":{},"s":{"0":6,"1":6,"2":6,"3":6,"4":6,"5":6,"6":6,"7":6,"8":6,"9":6,"10":5,"11":5,"12":6,"13":4,"14":4,"15":6,"16":3,"17":3,"18":3,"19":3,"20":3,"21":3,"22":6,"23":2,"24":2},"f":{"0":6,"1":6,"2":5,"3":4,"4":3,"5":3,"6":2},"b":{}}
,"C:/Users/admin/Desktop/cookbook/CooksBook/src/components/Cards/PlaylistCard/PlaylistCard.jsx": {"path":"C:/Users/admin/Desktop/cookbook/CooksBook/src/components/Cards/PlaylistCard/PlaylistCard.jsx","statementMap":{"0":{"start":{"line":23,"column":28},"end":{"line":66,"column":2}},"1":{"start":{"line":23,"column":46},"end":{"line":23,"column":null}},"2":{"start":{"line":24,"column":63},"end":{"line":24,"column":null}},"3":{"start":{"line":25,"column":38},"end":{"line":25,"column":null}},"4":{"start":{"line":26,"column":28},"end":{"line":26,"column":null}},"5":{"start":{"line":27,"column":18},"end":{"line":27,"column":null}},"6":{"start":{"line":29,"column":19},"end":{"line":29,"column":null}},"7":{"start":{"line":30,"column":25},"end":{"line":30,"column":null}},"8":{"start":{"line":32,"column":32},"end":{"line":34,"column":null}},"9":{"start":{"line":33,"column":4},"end":{"line":33,"column":null}},"10":{"start":{"line":35,"column":2},"end":{"line":64,"column":null}},"11":{"start":{"line":66,"column":2},"end":{"line":30,"column":49}},"12":{"start":{"line":23,"column":25},"end":{"line":30,"column":49}},"13":{"start":{"line":30,"column":48},"end":{"line":23,"column":25}},"14":{"start":{"line":67,"column":21},"end":{"line":67,"column":null}},"15":{"start":{"line":69,"column":2},"end":{"line":67,"column":21}},"16":{"start":{"line":70,"column":16},"end":{"line":70,"column":null}},"17":{"start":{"line":85,"column":2},"end":{"line":70,"column":16}},"18":{"start":{"line":86,"column":14},"end":{"line":86,"column":null}},"19":{"start":{"line":90,"column":2},"end":{"line":86,"column":14}},"20":{"start":{"line":91,"column":16},"end":{"line":91,"column":null}},"21":{"start":{"line":94,"column":2},"end":{"line":91,"column":16}},"22":{"start":{"line":95,"column":19},"end":{"line":95,"column":null}},"23":{"start":{"line":98,"column":2},"end":{"line":95,"column":16}},"24":{"start":{"line":95,"column":16},"end":{"line":95,"column":19}},"25":{"start":{"line":21,"column":9},"end":{"line":36,"column":5}},"26":{"start":{"line":24,"column":20},"end":{"line":24,"column":null}},"27":{"start":{"line":25,"column":16},"end":{"line":25,"column":null}},"28":{"start":{"line":26,"column":8},"end":{"line":26,"column":40}},"29":{"start":{"line":29,"column":19},"end":{"line":32,"column":8}},"30":{"start":{"line":30,"column":2},"end":{"line":30,"column":48}},"31":{"start":{"line":33,"column":4},"end":{"line":36,"column":5}},"32":{"start":{"line":64,"column":4},"end":{"line":66,"column":null}},"33":{"start":{"line":26,"column":28},"end":{"line":70,"column":null}},"34":{"start":{"line":70,"column":23},"end":{"line":70,"column":null}},"35":{"start":{"line":70,"column":23},"end":{"line":86,"column":6}},"36":{"start":{"line":86,"column":21},"end":{"line":86,"column":null}}},"fnMap":{"0":{"name":"(anonymous_0)","decl":{"start":{"line":23,"column":28},"end":{"line":23,"column":29}},"loc":{"start":{"line":23,"column":46},"end":{"line":66,"column":2}}},"1":{"name":"(anonymous_1)","decl":{"start":{"line":32,"column":41},"end":{"line":32,"column":47}},"loc":{"start":{"line":32,"column":47},"end":{"line":34,"column":3}}},"2":{"name":"(anonymous_2)","decl":{"start":{"line":23,"column":25},"end":{"line":23,"column":28}},"loc":{"start":{"line":23,"column":25},"end":{"line":30,"column":49}}},"3":{"name":"(anonymous_0)","decl":{"start":{"line":21,"column":9},"end":{"line":21,"column":40}},"loc":{"start":{"line":21,"column":40},"end":{"line":36,"column":5}}},"4":{"name":"(anonymous_1)","decl":{"start":{"line":29,"column":33},"end":{"line":29,"column":null}},"loc":{"start":{"line":29,"column":33},"end":{"line":32,"column":8}}}},"branchMap":{"0":{"loc":{"start":{"line":61,"column":20},"end":{"line":61,"column":57}},"type":"cond-expr","locations":[{"start":{"line":61,"column":30},"end":{"line":61,"column":44}},{"start":{"line":61,"column":44},"end":{"line":61,"column":57}}]},"1":{"loc":{"start":{"line":37,"column":6},"end":{"line":37,"column":7}},"type":"cond-expr","locations":[{"start":{"line":37,"column":6},"end":{"line":37,"column":7}},{"start":{"line":37,"column":6},"end":{"line":37,"column":7}}]}},"s":{"0":18,"1":648,"2":332,"3":424,"4":332,"5":490,"6":332,"7":424,"8":332,"9":140,"10":284,"11":18,"12":12,"13":66,"14":66,"15":66,"16":18,"17":66,"18":18,"19":18,"20":18,"21":18,"22":18,"23":18,"24":108,"25":48,"26":158,"27":158,"28":158,"29":158,"30":21,"31":158,"32":48,"33":48,"34":66,"35":48,"36":66},"f":{"0":284,"1":140,"2":12,"3":140,"4":287},"b":{"0":[8,276],"1":[7,133]}}
,"C:/Users/admin/Desktop/cookbook/CooksBook/src/components/Cards/RecipeCard/RecipeCard.cy.jsx": {"path":"C:/Users/admin/Desktop/cookbook/CooksBook/src/components/Cards/RecipeCard/RecipeCard.cy.jsx","statementMap":{"0":{"start":{"line":8,"column":0},"end":{"line":129,"column":null}},"1":{"start":{"line":10,"column":21},"end":{"line":17,"column":null}},"2":{"start":{"line":19,"column":2},"end":{"line":30,"column":null}},"3":{"start":{"line":20,"column":4},"end":{"line":20,"column":null}},"4":{"start":{"line":22,"column":4},"end":{"line":22,"column":null}},"5":{"start":{"line":23,"column":4},"end":{"line":23,"column":null}},"6":{"start":{"line":24,"column":4},"end":{"line":24,"column":null}},"7":{"start":{"line":25,"column":4},"end":{"line":25,"column":null}},"8":{"start":{"line":27,"column":4},"end":{"line":29,"column":null}},"9":{"start":{"line":32,"column":2},"end":{"line":39,"column":null}},"10":{"start":{"line":33,"column":23},"end":{"line":33,"column":null}},"11":{"start":{"line":34,"column":4},"end":{"line":34,"column":null}},"12":{"start":{"line":36,"column":4},"end":{"line":38,"column":null}},"13":{"start":{"line":41,"column":2},"end":{"line":48,"column":null}},"14":{"start":{"line":42,"column":23},"end":{"line":42,"column":null}},"15":{"start":{"line":43,"column":4},"end":{"line":43,"column":null}},"16":{"start":{"line":45,"column":4},"end":{"line":47,"column":null}},"17":{"start":{"line":51,"column":2},"end":{"line":67,"column":null}},"18":{"start":{"line":52,"column":25},"end":{"line":60,"column":null}},"19":{"start":{"line":62,"column":4},"end":{"line":62,"column":null}},"20":{"start":{"line":64,"column":4},"end":{"line":64,"column":null}},"21":{"start":{"line":66,"column":4},"end":{"line":66,"column":null}},"22":{"start":{"line":69,"column":2},"end":{"line":81,"column":null}},"23":{"start":{"line":70,"column":25},"end":{"line":75,"column":null}},"24":{"start":{"line":77,"column":4},"end":{"line":77,"column":null}},"25":{"start":{"line":79,"column":4},"end":{"line":79,"column":null}},"26":{"start":{"line":80,"column":4},"end":{"line":80,"column":null}},"27":{"start":{"line":83,"column":2},"end":{"line":102,"column":null}},"28":{"start":{"line":84,"column":4},"end":{"line":87,"column":null}},"29":{"start":{"line":90,"column":4},"end":{"line":94,"column":null}},"30":{"start":{"line":97,"column":4},"end":{"line":97,"column":null}},"31":{"start":{"line":99,"column":4},"end":{"line":101,"column":null}},"32":{"start":{"line":100,"column":6},"end":{"line":100,"column":null}},"33":{"start":{"line":104,"column":2},"end":{"line":122,"column":null}},"34":{"start":{"line":105,"column":18},"end":{"line":108,"column":null}},"35":{"start":{"line":110,"column":4},"end":{"line":110,"column":null}},"36":{"start":{"line":112,"column":4},"end":{"line":121,"column":null}},"37":{"start":{"line":117,"column":22},"end":{"line":117,"column":null}},"38":{"start":{"line":119,"column":8},"end":{"line":119,"column":null}},"39":{"start":{"line":120,"column":8},"end":{"line":120,"column":null}},"40":{"start":{"line":124,"column":2},"end":{"line":128,"column":null}},"41":{"start":{"line":125,"column":4},"end":{"line":125,"column":null}},"42":{"start":{"line":127,"column":4},"end":{"line":127,"column":null}}},"fnMap":{"0":{"name":"(anonymous_0)","decl":{"start":{"line":8,"column":27},"end":{"line":8,"column":33}},"loc":{"start":{"line":8,"column":33},"end":{"line":129,"column":1}}},"1":{"name":"(anonymous_1)","decl":{"start":{"line":19,"column":41},"end":{"line":19,"column":47}},"loc":{"start":{"line":19,"column":47},"end":{"line":30,"column":3}}},"2":{"name":"(anonymous_2)","decl":{"start":{"line":32,"column":59},"end":{"line":32,"column":65}},"loc":{"start":{"line":32,"column":65},"end":{"line":39,"column":3}}},"3":{"name":"(anonymous_3)","decl":{"start":{"line":41,"column":61},"end":{"line":41,"column":67}},"loc":{"start":{"line":41,"column":67},"end":{"line":48,"column":3}}},"4":{"name":"(anonymous_4)","decl":{"start":{"line":51,"column":73},"end":{"line":51,"column":79}},"loc":{"start":{"line":51,"column":79},"end":{"line":67,"column":3}}},"5":{"name":"(anonymous_5)","decl":{"start":{"line":69,"column":56},"end":{"line":69,"column":62}},"loc":{"start":{"line":69,"column":62},"end":{"line":81,"column":3}}},"6":{"name":"(anonymous_6)","decl":{"start":{"line":83,"column":48},"end":{"line":83,"column":54}},"loc":{"start":{"line":83,"column":54},"end":{"line":102,"column":3}}},"7":{"name":"(anonymous_7)","decl":{"start":{"line":99,"column":33},"end":{"line":99,"column":34}},"loc":{"start":{"line":99,"column":51},"end":{"line":101,"column":5}}},"8":{"name":"(anonymous_8)","decl":{"start":{"line":104,"column":48},"end":{"line":104,"column":54}},"loc":{"start":{"line":104,"column":54},"end":{"line":122,"column":3}}},"9":{"name":"(anonymous_9)","decl":{"start":{"line":116,"column":14},"end":{"line":116,"column":20}},"loc":{"start":{"line":116,"column":20},"end":{"line":121,"column":7}}},"10":{"name":"(anonymous_10)","decl":{"start":{"line":124,"column":42},"end":{"line":124,"column":48}},"loc":{"start":{"line":124,"column":48},"end":{"line":128,"column":3}}}},"branchMap":{},"s":{"0":9,"1":9,"2":9,"3":9,"4":9,"5":9,"6":9,"7":9,"8":9,"9":9,"10":8,"11":8,"12":8,"13":9,"14":7,"15":7,"16":7,"17":9,"18":6,"19":6,"20":6,"21":6,"22":9,"23":5,"24":5,"25":5,"26":5,"27":9,"28":4,"29":4,"30":4,"31":4,"32":4,"33":9,"34":3,"35":3,"36":3,"37":3,"38":3,"39":3,"40":9,"41":2,"42":2},"f":{"0":9,"1":9,"2":8,"3":7,"4":6,"5":5,"6":4,"7":4,"8":3,"9":3,"10":2},"b":{}}
,"C:/Users/admin/Desktop/cookbook/CooksBook/src/components/Cards/RecipeCard/RecipeCard.jsx": {"path":"C:/Users/admin/Desktop/cookbook/CooksBook/src/components/Cards/RecipeCard/RecipeCard.jsx","statementMap":{"0":{"start":{"line":29,"column":26},"end":{"line":80,"column":2}},"1":{"start":{"line":29,"column":42},"end":{"line":29,"column":null}},"2":{"start":{"line":31,"column":57},"end":{"line":31,"column":null}},"3":{"start":{"line":33,"column":19},"end":{"line":33,"column":null}},"4":{"start":{"line":34,"column":19},"end":{"line":34,"column":null}},"5":{"start":{"line":35,"column":23},"end":{"line":35,"column":null}},"6":{"start":{"line":36,"column":19},"end":{"line":36,"column":null}},"7":{"start":{"line":37,"column":26},"end":{"line":37,"column":null}},"8":{"start":{"line":39,"column":18},"end":{"line":39,"column":null}},"9":{"start":{"line":40,"column":18},"end":{"line":40,"column":null}},"10":{"start":{"line":42,"column":31},"end":{"line":44,"column":null}},"11":{"start":{"line":43,"column":4},"end":{"line":43,"column":null}},"12":{"start":{"line":45,"column":33},"end":{"line":47,"column":null}},"13":{"start":{"line":46,"column":4},"end":{"line":46,"column":null}},"14":{"start":{"line":48,"column":2},"end":{"line":78,"column":null}},"15":{"start":{"line":80,"column":2},"end":{"line":37,"column":38}},"16":{"start":{"line":29,"column":23},"end":{"line":37,"column":38}},"17":{"start":{"line":37,"column":37},"end":{"line":29,"column":23}},"18":{"start":{"line":82,"column":14},"end":{"line":82,"column":null}},"19":{"start":{"line":87,"column":2},"end":{"line":82,"column":14}},"20":{"start":{"line":89,"column":26},"end":{"line":99,"column":null}},"21":{"start":{"line":95,"column":4},"end":{"line":99,"column":19}},"22":{"start":{"line":100,"column":2},"end":{"line":89,"column":23}},"23":{"start":{"line":89,"column":23},"end":{"line":89,"column":26}},"24":{"start":{"line":27,"column":9},"end":{"line":49,"column":5}},"25":{"start":{"line":31,"column":14},"end":{"line":31,"column":34}},"26":{"start":{"line":36,"column":8},"end":{"line":36,"column":55}},"27":{"start":{"line":37,"column":8},"end":{"line":37,"column":72}},"28":{"start":{"line":39,"column":31},"end":{"line":42,"column":8}},"29":{"start":{"line":40,"column":2},"end":{"line":40,"column":40}},"30":{"start":{"line":43,"column":27},"end":{"line":45,"column":8}},"31":{"start":{"line":44,"column":3},"end":{"line":44,"column":null}},"32":{"start":{"line":46,"column":4},"end":{"line":49,"column":5}},"33":{"start":{"line":78,"column":4},"end":{"line":37,"column":38}},"34":{"start":{"line":82,"column":21},"end":{"line":87,"column":null}},"35":{"start":{"line":82,"column":21},"end":{"line":82,"column":null}}},"fnMap":{"0":{"name":"(anonymous_0)","decl":{"start":{"line":29,"column":26},"end":{"line":29,"column":27}},"loc":{"start":{"line":29,"column":42},"end":{"line":80,"column":2}}},"1":{"name":"(anonymous_1)","decl":{"start":{"line":42,"column":40},"end":{"line":42,"column":44}},"loc":{"start":{"line":42,"column":44},"end":{"line":44,"column":3}}},"2":{"name":"(anonymous_2)","decl":{"start":{"line":45,"column":42},"end":{"line":45,"column":46}},"loc":{"start":{"line":45,"column":46},"end":{"line":47,"column":3}}},"3":{"name":"(anonymous_3)","decl":{"start":{"line":29,"column":23},"end":{"line":29,"column":26}},"loc":{"start":{"line":29,"column":23},"end":{"line":37,"column":38}}},"4":{"name":"(anonymous_4)","decl":{"start":{"line":94,"column":22},"end":{"line":94,"column":23}},"loc":{"start":{"line":95,"column":4},"end":{"line":99,"column":19}}},"5":{"name":"(anonymous_0)","decl":{"start":{"line":27,"column":9},"end":{"line":27,"column":35}},"loc":{"start":{"line":27,"column":35},"end":{"line":49,"column":5}}},"6":{"name":"(anonymous_1)","decl":{"start":{"line":39,"column":33},"end":{"line":39,"column":null}},"loc":{"start":{"line":39,"column":33},"end":{"line":42,"column":8}}},"7":{"name":"(anonymous_2)","decl":{"start":{"line":43,"column":35},"end":{"line":43,"column":null}},"loc":{"start":{"line":43,"column":35},"end":{"line":45,"column":8}}},"8":{"name":"(anonymous_3)","decl":{"start":{"line":82,"column":21},"end":{"line":82,"column":null}},"loc":{"start":{"line":82,"column":21},"end":{"line":82,"column":null}}}},"branchMap":{"0":{"loc":{"start":{"line":72,"column":20},"end":{"line":72,"column":57}},"type":"cond-expr","locations":[{"start":{"line":72,"column":30},"end":{"line":72,"column":44}},{"start":{"line":72,"column":44},"end":{"line":72,"column":57}}]},"1":{"loc":{"start":{"line":75,"column":20},"end":{"line":75,"column":63}},"type":"cond-expr","locations":[{"start":{"line":75,"column":30},"end":{"line":75,"column":47}},{"start":{"line":75,"column":47},"end":{"line":75,"column":63}}]},"2":{"loc":{"start":{"line":95,"column":4},"end":{"line":99,"column":19}},"type":"cond-expr","locations":[{"start":{"line":96,"column":8},"end":{"line":96,"column":null}},{"start":{"line":97,"column":8},"end":{"line":99,"column":19}}]},"3":{"loc":{"start":{"line":97,"column":8},"end":{"line":99,"column":19}},"type":"cond-expr","locations":[{"start":{"line":98,"column":10},"end":{"line":98,"column":null}},{"start":{"line":99,"column":10},"end":{"line":99,"column":19}}]},"4":{"loc":{"start":{"line":69,"column":6},"end":{"line":69,"column":null}},"type":"cond-expr","locations":[{"start":{"line":69,"column":6},"end":{"line":69,"column":null}},{"start":{"line":69,"column":6},"end":{"line":69,"column":null}}]},"5":{"loc":{"start":{"line":71,"column":8},"end":{"line":71,"column":9}},"type":"cond-expr","locations":[{"start":{"line":71,"column":8},"end":{"line":71,"column":9}},{"start":{"line":71,"column":8},"end":{"line":71,"column":9}}]},"6":{"loc":{"start":{"line":82,"column":21},"end":{"line":82,"column":null}},"type":"cond-expr","locations":[{"start":{"line":82,"column":21},"end":{"line":82,"column":null}},{"start":{"line":82,"column":21},"end":{"line":82,"column":null}}]}},"s":{"0":18,"1":698,"2":298,"3":498,"4":568,"5":498,"6":298,"7":298,"8":298,"9":368,"10":298,"11":112,"12":298,"13":182,"14":186,"15":130,"16":125,"17":18,"18":18,"19":18,"20":18,"21":218,"22":18,"23":54,"24":112,"25":200,"26":200,"27":200,"28":200,"29":22,"30":200,"31":21,"32":200,"33":112,"34":112,"35":235},"f":{"0":186,"1":182,"2":182,"3":13,"4":218,"5":182,"6":190,"7":189,"8":235},"b":{"0":[12,174],"1":[28,158],"2":[0,218],"3":[160,58],"4":[14,168],"5":[6,176],"6":[94,352]}}
,"C:/Users/admin/Desktop/cookbook/CooksBook/src/components/Cards/SkeletonCard/SkeletonCard.cy.jsx": {"path":"C:/Users/admin/Desktop/cookbook/CooksBook/src/components/Cards/SkeletonCard/SkeletonCard.cy.jsx","statementMap":{"0":{"start":{"line":3,"column":0},"end":{"line":12,"column":null}},"1":{"start":{"line":4,"column":2},"end":{"line":11,"column":null}},"2":{"start":{"line":5,"column":4},"end":{"line":5,"column":null}},"3":{"start":{"line":7,"column":4},"end":{"line":10,"column":null}}},"fnMap":{"0":{"name":"(anonymous_0)","decl":{"start":{"line":3,"column":29},"end":{"line":3,"column":35}},"loc":{"start":{"line":3,"column":35},"end":{"line":12,"column":1}}},"1":{"name":"(anonymous_1)","decl":{"start":{"line":4,"column":57},"end":{"line":4,"column":63}},"loc":{"start":{"line":4,"column":63},"end":{"line":11,"column":3}}}},"branchMap":{},"s":{"0":2,"1":2,"2":2,"3":2},"f":{"0":2,"1":2},"b":{}}
,"C:/Users/admin/Desktop/cookbook/CooksBook/src/components/Cards/SkeletonCard/SkeletonCard.jsx": {"path":"C:/Users/admin/Desktop/cookbook/CooksBook/src/components/Cards/SkeletonCard/SkeletonCard.jsx","statementMap":{"0":{"start":{"line":3,"column":14},"end":{"line":3,"column":null}},"1":{"start":{"line":9,"column":28},"end":{"line":13,"column":null}}},"fnMap":{},"branchMap":{},"s":{"0":93,"1":93},"f":{},"b":{}}
,"C:/Users/admin/Desktop/cookbook/CooksBook/src/components/Carousel/CardCarousels/BaseCarousel/CardCarousel.cy.jsx": {"path":"C:/Users/admin/Desktop/cookbook/CooksBook/src/components/Carousel/CardCarousels/BaseCarousel/CardCarousel.cy.jsx","statementMap":{"0":{"start":{"line":3,"column":0},"end":{"line":151,"column":null}},"1":{"start":{"line":5,"column":20},"end":{"line":58,"column":null}},"2":{"start":{"line":60,"column":21},"end":{"line":60,"column":null}},"3":{"start":{"line":60,"column":27},"end":{"line":60,"column":null}},"4":{"start":{"line":61,"column":21},"end":{"line":61,"column":null}},"5":{"start":{"line":61,"column":27},"end":{"line":61,"column":null}},"6":{"start":{"line":63,"column":2},"end":{"line":71,"column":null}},"7":{"start":{"line":64,"column":4},"end":{"line":68,"column":null}},"8":{"start":{"line":70,"column":4},"end":{"line":70,"column":null}},"9":{"start":{"line":73,"column":2},"end":{"line":83,"column":null}},"10":{"start":{"line":74,"column":4},"end":{"line":74,"column":null}},"11":{"start":{"line":76,"column":4},"end":{"line":80,"column":null}},"12":{"start":{"line":82,"column":4},"end":{"line":82,"column":null}},"13":{"start":{"line":85,"column":2},"end":{"line":96,"column":null}},"14":{"start":{"line":86,"column":21},"end":{"line":86,"column":null}},"15":{"start":{"line":87,"column":4},"end":{"line":93,"column":null}},"16":{"start":{"line":95,"column":4},"end":{"line":95,"column":null}},"17":{"start":{"line":98,"column":2},"end":{"line":102,"column":null}},"18":{"start":{"line":99,"column":4},"end":{"line":99,"column":null}},"19":{"start":{"line":101,"column":4},"end":{"line":101,"column":null}},"20":{"start":{"line":104,"column":2},"end":{"line":116,"column":null}},"21":{"start":{"line":105,"column":4},"end":{"line":107,"column":null}},"22":{"start":{"line":109,"column":4},"end":{"line":109,"column":null}},"23":{"start":{"line":110,"column":4},"end":{"line":110,"column":null}},"24":{"start":{"line":113,"column":4},"end":{"line":113,"column":null}},"25":{"start":{"line":115,"column":4},"end":{"line":115,"column":null}},"26":{"start":{"line":118,"column":2},"end":{"line":140,"column":null}},"27":{"start":{"line":119,"column":4},"end":{"line":119,"column":null}},"28":{"start":{"line":121,"column":4},"end":{"line":121,"column":null}},"29":{"start":{"line":124,"column":4},"end":{"line":126,"column":null}},"30":{"start":{"line":128,"column":4},"end":{"line":128,"column":null}},"31":{"start":{"line":131,"column":4},"end":{"line":133,"column":null}},"32":{"start":{"line":135,"column":4},"end":{"line":135,"column":null}},"33":{"start":{"line":137,"column":4},"end":{"line":139,"column":null}},"34":{"start":{"line":142,"column":2},"end":{"line":150,"column":null}},"35":{"start":{"line":143,"column":21},"end":{"line":143,"column":null}},"36":{"start":{"line":145,"column":4},"end":{"line":145,"column":null}},"37":{"start":{"line":147,"column":4},"end":{"line":147,"column":null}},"38":{"start":{"line":149,"column":4},"end":{"line":149,"column":null}}},"fnMap":{"0":{"name":"(anonymous_0)","decl":{"start":{"line":3,"column":29},"end":{"line":3,"column":35}},"loc":{"start":{"line":3,"column":35},"end":{"line":151,"column":1}}},"1":{"name":"(anonymous_1)","decl":{"start":{"line":60,"column":21},"end":{"line":60,"column":27}},"loc":{"start":{"line":60,"column":27},"end":{"line":60,"column":null}}},"2":{"name":"(anonymous_2)","decl":{"start":{"line":61,"column":21},"end":{"line":61,"column":27}},"loc":{"start":{"line":61,"column":27},"end":{"line":61,"column":null}}},"3":{"name":"(anonymous_3)","decl":{"start":{"line":63,"column":53},"end":{"line":63,"column":59}},"loc":{"start":{"line":63,"column":59},"end":{"line":71,"column":3}}},"4":{"name":"(anonymous_4)","decl":{"start":{"line":73,"column":60},"end":{"line":73,"column":66}},"loc":{"start":{"line":73,"column":66},"end":{"line":83,"column":3}}},"5":{"name":"(anonymous_5)","decl":{"start":{"line":85,"column":51},"end":{"line":85,"column":57}},"loc":{"start":{"line":85,"column":57},"end":{"line":96,"column":3}}},"6":{"name":"(anonymous_6)","decl":{"start":{"line":98,"column":53},"end":{"line":98,"column":59}},"loc":{"start":{"line":98,"column":59},"end":{"line":102,"column":3}}},"7":{"name":"(anonymous_7)","decl":{"start":{"line":104,"column":51},"end":{"line":104,"column":57}},"loc":{"start":{"line":104,"column":57},"end":{"line":116,"column":3}}},"8":{"name":"(anonymous_8)","decl":{"start":{"line":118,"column":45},"end":{"line":118,"column":51}},"loc":{"start":{"line":118,"column":51},"end":{"line":140,"column":3}}},"9":{"name":"(anonymous_9)","decl":{"start":{"line":142,"column":50},"end":{"line":142,"column":56}},"loc":{"start":{"line":142,"column":56},"end":{"line":150,"column":3}}}},"branchMap":{},"s":{"0":8,"1":8,"2":8,"3":7,"4":8,"5":7,"6":8,"7":8,"8":8,"9":8,"10":7,"11":7,"12":7,"13":8,"14":6,"15":6,"16":6,"17":8,"18":5,"19":5,"20":8,"21":4,"22":4,"23":4,"24":4,"25":4,"26":8,"27":3,"28":3,"29":3,"30":3,"31":3,"32":3,"33":3,"34":8,"35":2,"36":2,"37":2,"38":2},"f":{"0":8,"1":7,"2":7,"3":8,"4":7,"5":6,"6":5,"7":4,"8":3,"9":2},"b":{}}
,"C:/Users/admin/Desktop/cookbook/CooksBook/src/components/Carousel/CardCarousels/BaseCarousel/CardCarousel.jsx": {"path":"C:/Users/admin/Desktop/cookbook/CooksBook/src/components/Carousel/CardCarousels/BaseCarousel/CardCarousel.jsx","statementMap":{"0":{"start":{"line":10,"column":28},"end":{"line":111,"column":2}},"1":{"start":{"line":18,"column":6},"end":{"line":18,"column":null}},"2":{"start":{"line":19,"column":28},"end":{"line":19,"column":null}},"3":{"start":{"line":22,"column":22},"end":{"line":22,"column":null}},"4":{"start":{"line":23,"column":23},"end":{"line":23,"column":null}},"5":{"start":{"line":24,"column":19},"end":{"line":24,"column":null}},"6":{"start":{"line":26,"column":21},"end":{"line":28,"column":null}},"7":{"start":{"line":27,"column":4},"end":{"line":27,"column":null}},"8":{"start":{"line":27,"column":28},"end":{"line":27,"column":61}},"9":{"start":{"line":29,"column":21},"end":{"line":31,"column":null}},"10":{"start":{"line":30,"column":4},"end":{"line":30,"column":null}},"11":{"start":{"line":30,"column":28},"end":{"line":30,"column":54}},"12":{"start":{"line":33,"column":23},"end":{"line":33,"column":null}},"13":{"start":{"line":34,"column":23},"end":{"line":34,"column":null}},"14":{"start":{"line":36,"column":25},"end":{"line":36,"column":null}},"15":{"start":{"line":38,"column":16},"end":{"line":38,"column":null}},"16":{"start":{"line":39,"column":2},"end":{"line":104,"column":null}},"17":{"start":{"line":41,"column":4},"end":{"line":50,"column":null}},"18":{"start":{"line":45,"column":12},"end":{"line":47,"column":null}},"19":{"start":{"line":52,"column":2},"end":{"line":104,"column":null}},"20":{"start":{"line":53,"column":4},"end":{"line":56,"column":null}},"21":{"start":{"line":58,"column":2},"end":{"line":104,"column":null}},"22":{"start":{"line":59,"column":4},"end":{"line":100,"column":null}},"23":{"start":{"line":68,"column":12},"end":{"line":74,"column":null}},"24":{"start":{"line":103,"column":4},"end":{"line":103,"column":null}},"25":{"start":{"line":105,"column":2},"end":{"line":109,"column":null}},"26":{"start":{"line":111,"column":2},"end":{"line":10,"column":28}},"27":{"start":{"line":10,"column":25},"end":{"line":null,"column":-1}},"28":{"start":{"line":113,"column":14},"end":{"line":113,"column":null}},"29":{"start":{"line":119,"column":2},"end":{"line":113,"column":14}},"30":{"start":{"line":121,"column":19},"end":{"line":121,"column":null}},"31":{"start":{"line":127,"column":2},"end":{"line":121,"column":19}},"32":{"start":{"line":129,"column":15},"end":{"line":131,"column":null}},"33":{"start":{"line":131,"column":45},"end":{"line":131,"column":59}},"34":{"start":{"line":134,"column":2},"end":{"line":129,"column":15}},"35":{"start":{"line":136,"column":17},"end":{"line":136,"column":null}},"36":{"start":{"line":141,"column":2},"end":{"line":136,"column":17}},"37":{"start":{"line":143,"column":14},"end":{"line":143,"column":null}},"38":{"start":{"line":146,"column":2},"end":{"line":143,"column":14}},"39":{"start":{"line":148,"column":14},"end":{"line":149,"column":null}},"40":{"start":{"line":149,"column":49},"end":{"line":149,"column":62}},"41":{"start":{"line":152,"column":2},"end":{"line":148,"column":11}},"42":{"start":{"line":148,"column":11},"end":{"line":148,"column":14}},"43":{"start":{"line":8,"column":9},"end":{"line":107,"column":null}},"44":{"start":{"line":19,"column":16},"end":{"line":19,"column":24}},"45":{"start":{"line":22,"column":8},"end":{"line":22,"column":null}},"46":{"start":{"line":23,"column":8},"end":{"line":26,"column":8}},"47":{"start":{"line":24,"column":2},"end":{"line":24,"column":null}},"48":{"start":{"line":24,"column":28},"end":{"line":24,"column":null}},"49":{"start":{"line":27,"column":14},"end":{"line":29,"column":8}},"50":{"start":{"line":28,"column":2},"end":{"line":28,"column":null}},"51":{"start":{"line":30,"column":14},"end":{"line":30,"column":37}},"52":{"start":{"line":31,"column":2},"end":{"line":31,"column":null}},"53":{"start":{"line":34,"column":8},"end":{"line":34,"column":23}},"54":{"start":{"line":36,"column":2},"end":{"line":102,"column":9}},"55":{"start":{"line":38,"column":2},"end":{"line":49,"column":null}},"56":{"start":{"line":38,"column":16},"end":{"line":45,"column":13}},"57":{"start":{"line":42,"column":6},"end":{"line":102,"column":9}},"58":{"start":{"line":42,"column":6},"end":{"line":55,"column":null}},"59":{"start":{"line":54,"column":6},"end":{"line":102,"column":9}},"60":{"start":{"line":54,"column":6},"end":{"line":79,"column":null}},"61":{"start":{"line":62,"column":22},"end":{"line":72,"column":17}},"62":{"start":{"line":98,"column":10},"end":{"line":100,"column":null}},"63":{"start":{"line":103,"column":4},"end":{"line":107,"column":20}},"64":{"start":{"line":106,"column":4},"end":{"line":111,"column":null}},"65":{"start":{"line":10,"column":13},"end":{"line":113,"column":null}},"66":{"start":{"line":113,"column":21},"end":{"line":121,"column":null}},"67":{"start":{"line":121,"column":26},"end":{"line":121,"column":null}},"68":{"start":{"line":121,"column":26},"end":{"line":129,"column":null}},"69":{"start":{"line":129,"column":22},"end":{"line":131,"column":null}},"70":{"start":{"line":129,"column":6},"end":{"line":136,"column":null}},"71":{"start":{"line":136,"column":24},"end":{"line":136,"column":null}}},"fnMap":{"0":{"name":"(anonymous_0)","decl":{"start":{"line":10,"column":28},"end":{"line":10,"column":29}},"loc":{"start":{"line":18,"column":6},"end":{"line":111,"column":2}}},"1":{"name":"(anonymous_1)","decl":{"start":{"line":26,"column":21},"end":{"line":26,"column":27}},"loc":{"start":{"line":26,"column":27},"end":{"line":28,"column":null}}},"2":{"name":"(anonymous_2)","decl":{"start":{"line":27,"column":13},"end":{"line":27,"column":14}},"loc":{"start":{"line":27,"column":28},"end":{"line":27,"column":61}}},"3":{"name":"(anonymous_3)","decl":{"start":{"line":29,"column":21},"end":{"line":29,"column":27}},"loc":{"start":{"line":29,"column":27},"end":{"line":31,"column":null}}},"4":{"name":"(anonymous_4)","decl":{"start":{"line":30,"column":13},"end":{"line":30,"column":14}},"loc":{"start":{"line":30,"column":28},"end":{"line":30,"column":54}}},"5":{"name":"(anonymous_5)","decl":{"start":{"line":44,"column":52},"end":{"line":44,"column":53}},"loc":{"start":{"line":45,"column":12},"end":{"line":47,"column":null}}},"6":{"name":"(anonymous_6)","decl":{"start":{"line":67,"column":20},"end":{"line":67,"column":21}},"loc":{"start":{"line":68,"column":12},"end":{"line":74,"column":null}}},"7":{"name":"(anonymous_7)","decl":{"start":{"line":131,"column":21},"end":{"line":131,"column":22}},"loc":{"start":{"line":131,"column":45},"end":{"line":131,"column":59}}},"8":{"name":"(anonymous_8)","decl":{"start":{"line":149,"column":26},"end":{"line":149,"column":27}},"loc":{"start":{"line":149,"column":49},"end":{"line":149,"column":62}}},"9":{"name":"(anonymous_0)","decl":{"start":{"line":8,"column":9},"end":{"line":8,"column":29}},"loc":{"start":{"line":17,"column":2},"end":{"line":107,"column":null}}},"10":{"name":"(anonymous_1)","decl":{"start":{"line":23,"column":8},"end":{"line":23,"column":23}},"loc":{"start":{"line":23,"column":23},"end":{"line":26,"column":8}}},"11":{"name":"(anonymous_2)","decl":{"start":{"line":24,"column":8},"end":{"line":24,"column":19}},"loc":{"start":{"line":24,"column":28},"end":{"line":24,"column":null}}},"12":{"name":"(anonymous_3)","decl":{"start":{"line":27,"column":14},"end":{"line":27,"column":28}},"loc":{"start":{"line":27,"column":14},"end":{"line":29,"column":8}}},"13":{"name":"(anonymous_4)","decl":{"start":{"line":28,"column":2},"end":{"line":28,"column":null}},"loc":{"start":{"line":28,"column":2},"end":{"line":28,"column":null}}},"14":{"name":"(anonymous_5)","decl":{"start":{"line":38,"column":16},"end":{"line":38,"column":null}},"loc":{"start":{"line":38,"column":16},"end":{"line":45,"column":13}}},"15":{"name":"(anonymous_6)","decl":{"start":{"line":62,"column":22},"end":{"line":62,"column":null}},"loc":{"start":{"line":62,"column":22},"end":{"line":72,"column":17}}},"16":{"name":"(anonymous_7)","decl":{"start":{"line":121,"column":19},"end":{"line":121,"column":26}},"loc":{"start":{"line":121,"column":26},"end":{"line":121,"column":null}}},"17":{"name":"(anonymous_8)","decl":{"start":{"line":136,"column":24},"end":{"line":136,"column":null}},"loc":{"start":{"line":136,"column":24},"end":{"line":136,"column":null}}}},"branchMap":{"0":{"loc":{"start":{"line":16,"column":2},"end":{"line":16,"column":null}},"type":"default-arg","locations":[{"start":{"line":16,"column":9},"end":{"line":16,"column":null}}]},"1":{"loc":{"start":{"line":17,"column":2},"end":{"line":17,"column":null}},"type":"default-arg","locations":[{"start":{"line":17,"column":18},"end":{"line":17,"column":null}}]},"2":{"loc":{"start":{"line":22,"column":22},"end":{"line":22,"column":null}},"type":"binary-expr","locations":[{"start":{"line":22,"column":22},"end":{"line":22,"column":38}},{"start":{"line":22,"column":38},"end":{"line":22,"column":null}}]},"3":{"loc":{"start":{"line":36,"column":25},"end":{"line":36,"column":null}},"type":"binary-expr","locations":[{"start":{"line":36,"column":25},"end":{"line":36,"column":55}},{"start":{"line":36,"column":55},"end":{"line":36,"column":null}}]},"4":{"loc":{"start":{"line":39,"column":2},"end":{"line":104,"column":null}},"type":"if","locations":[{"start":{"line":39,"column":2},"end":{"line":104,"column":null}},{"start":{"line":52,"column":2},"end":{"line":104,"column":null}}]},"5":{"loc":{"start":{"line":52,"column":2},"end":{"line":104,"column":null}},"type":"if","locations":[{"start":{"line":52,"column":2},"end":{"line":104,"column":null}},{"start":{"line":58,"column":2},"end":{"line":104,"column":null}}]},"6":{"loc":{"start":{"line":55,"column":12},"end":{"line":55,"column":67}},"type":"binary-expr","locations":[{"start":{"line":55,"column":12},"end":{"line":55,"column":36}},{"start":{"line":55,"column":36},"end":{"line":55,"column":67}}]},"7":{"loc":{"start":{"line":58,"column":2},"end":{"line":104,"column":null}},"type":"if","locations":[{"start":{"line":58,"column":2},"end":{"line":104,"column":null}},{"start":{"line":102,"column":9},"end":{"line":104,"column":null}}]},"8":{"loc":{"start":{"line":69,"column":15},"end":{"line":72,"column":null}},"type":"cond-expr","locations":[{"start":{"line":70,"column":16},"end":{"line":70,"column":null}},{"start":{"line":72,"column":16},"end":{"line":72,"column":null}}]},"9":{"loc":{"start":{"line":78,"column":9},"end":{"line":98,"column":null}},"type":"binary-expr","locations":[{"start":{"line":78,"column":9},"end":{"line":78,"column":null}},{"start":{"line":79,"column":10},"end":{"line":98,"column":null}}]},"10":{"loc":{"start":{"line":107,"column":7},"end":{"line":107,"column":null}},"type":"binary-expr","locations":[{"start":{"line":107,"column":7},"end":{"line":107,"column":19}},{"start":{"line":107,"column":19},"end":{"line":107,"column":null}}]},"11":{"loc":{"start":{"line":15,"column":2},"end":{"line":15,"column":null}},"type":"default-arg","locations":[{"start":{"line":15,"column":2},"end":{"line":15,"column":null}}]},"12":{"loc":{"start":{"line":18,"column":6},"end":{"line":18,"column":null}},"type":"binary-expr","locations":[{"start":{"line":18,"column":6},"end":{"line":18,"column":null}},{"start":{"line":18,"column":6},"end":{"line":18,"column":null}}]},"13":{"loc":{"start":{"line":33,"column":23},"end":{"line":33,"column":null}},"type":"binary-expr","locations":[{"start":{"line":33,"column":23},"end":{"line":33,"column":null}},{"start":{"line":33,"column":33},"end":{"line":33,"column":null}}]},"14":{"loc":{"start":{"line":36,"column":2},"end":{"line":102,"column":9}},"type":"if","locations":[{"start":{"line":36,"column":2},"end":{"line":102,"column":9}},{"start":{"line":42,"column":6},"end":{"line":102,"column":9}}]},"15":{"loc":{"start":{"line":42,"column":6},"end":{"line":102,"column":9}},"type":"if","locations":[{"start":{"line":42,"column":6},"end":{"line":102,"column":9}},{"start":{"line":54,"column":6},"end":{"line":102,"column":9}}]},"16":{"loc":{"start":{"line":42,"column":6},"end":{"line":42,"column":7}},"type":"binary-expr","locations":[{"start":{"line":42,"column":6},"end":{"line":42,"column":7}},{"start":{"line":42,"column":6},"end":{"line":42,"column":7}}]},"17":{"loc":{"start":{"line":54,"column":6},"end":{"line":102,"column":9}},"type":"if","locations":[{"start":{"line":54,"column":6},"end":{"line":102,"column":9}},{"start":{"line":79,"column":10},"end":{"line":102,"column":9}}]},"18":{"loc":{"start":{"line":62,"column":22},"end":{"line":70,"column":17}},"type":"cond-expr","locations":[{"start":{"line":62,"column":22},"end":{"line":67,"column":16}},{"start":{"line":67,"column":16},"end":{"line":70,"column":17}}]},"19":{"loc":{"start":{"line":61,"column":8},"end":{"line":89,"column":13}},"type":"binary-expr","locations":[{"start":{"line":61,"column":8},"end":{"line":61,"column":9}},{"start":{"line":61,"column":8},"end":{"line":89,"column":13}}]},"20":{"loc":{"start":{"line":103,"column":14},"end":{"line":104,"column":null}},"type":"binary-expr","locations":[{"start":{"line":103,"column":14},"end":{"line":103,"column":15}},{"start":{"line":103,"column":14},"end":{"line":104,"column":null}}]}},"s":{"0":18,"1":801,"2":243,"3":473,"4":473,"5":215,"6":243,"7":31,"8":261,"9":243,"10":31,"11":31,"12":522,"13":243,"14":473,"15":411,"16":243,"17":421,"18":679,"19":83,"20":62,"21":83,"22":86,"23":300,"24":277,"25":212,"26":18,"27":18,"28":18,"29":49,"30":18,"31":49,"32":18,"33":243,"34":18,"35":18,"36":18,"37":18,"38":18,"39":18,"40":744,"41":18,"42":126,"43":31,"44":279,"45":279,"46":279,"47":21,"48":21,"49":279,"50":42,"51":261,"52":279,"53":279,"54":279,"55":217,"56":615,"57":274,"58":224,"59":102,"60":88,"61":123,"62":50,"63":279,"64":31,"65":31,"66":31,"67":246,"68":31,"69":49,"70":31,"71":702},"f":{"0":212,"1":261,"2":3,"3":261,"4":261,"5":741,"6":525,"7":212,"8":744,"9":261,"10":215,"11":215,"12":215,"13":215,"14":809,"15":299,"16":228,"17":684},"b":{"0":[512],"1":[212],"2":[212,176],"3":[411,90],"4":[160,52],"5":[0,52],"6":[12,50],"7":[36,16],"8":[280,34],"9":[72,42],"10":[212,212],"11":[37],"12":[261,225],"13":[261,13],"14":[199,62],"15":[172,102],"16":[172,52],"17":[36,66],"18":[107,32],"19":[72,29],"20":[261,228]}}
,"C:/Users/admin/Desktop/cookbook/CooksBook/src/components/Carousel/CardCarousels/CarouselWrappers/PlaylistCarouselSection.cy.jsx": {"path":"C:/Users/admin/Desktop/cookbook/CooksBook/src/components/Carousel/CardCarousels/CarouselWrappers/PlaylistCarouselSection.cy.jsx","statementMap":{"0":{"start":{"line":3,"column":0},"end":{"line":78,"column":null}},"1":{"start":{"line":4,"column":24},"end":{"line":21,"column":null}},"2":{"start":{"line":23,"column":2},"end":{"line":42,"column":null}},"3":{"start":{"line":25,"column":4},"end":{"line":28,"column":null}},"4":{"start":{"line":30,"column":4},"end":{"line":35,"column":null}},"5":{"start":{"line":37,"column":4},"end":{"line":37,"column":null}},"6":{"start":{"line":39,"column":4},"end":{"line":39,"column":null}},"7":{"start":{"line":40,"column":4},"end":{"line":40,"column":null}},"8":{"start":{"line":41,"column":4},"end":{"line":41,"column":null}},"9":{"start":{"line":44,"column":2},"end":{"line":55,"column":null}},"10":{"start":{"line":45,"column":4},"end":{"line":48,"column":null}},"11":{"start":{"line":50,"column":4},"end":{"line":50,"column":null}},"12":{"start":{"line":52,"column":4},"end":{"line":52,"column":null}},"13":{"start":{"line":54,"column":4},"end":{"line":54,"column":null}},"14":{"start":{"line":56,"column":2},"end":{"line":65,"column":null}},"15":{"start":{"line":57,"column":4},"end":{"line":60,"column":null}},"16":{"start":{"line":62,"column":4},"end":{"line":62,"column":null}},"17":{"start":{"line":64,"column":4},"end":{"line":64,"column":null}},"18":{"start":{"line":67,"column":2},"end":{"line":77,"column":null}},"19":{"start":{"line":68,"column":4},"end":{"line":68,"column":null}},"20":{"start":{"line":70,"column":4},"end":{"line":74,"column":null}},"21":{"start":{"line":76,"column":4},"end":{"line":76,"column":null}}},"fnMap":{"0":{"name":"(anonymous_0)","decl":{"start":{"line":3,"column":40},"end":{"line":3,"column":46}},"loc":{"start":{"line":3,"column":46},"end":{"line":78,"column":1}}},"1":{"name":"(anonymous_1)","decl":{"start":{"line":23,"column":53},"end":{"line":23,"column":59}},"loc":{"start":{"line":23,"column":59},"end":{"line":42,"column":3}}},"2":{"name":"(anonymous_2)","decl":{"start":{"line":44,"column":50},"end":{"line":44,"column":56}},"loc":{"start":{"line":44,"column":56},"end":{"line":55,"column":3}}},"3":{"name":"(anonymous_3)","decl":{"start":{"line":56,"column":43},"end":{"line":56,"column":49}},"loc":{"start":{"line":56,"column":49},"end":{"line":65,"column":3}}},"4":{"name":"(anonymous_4)","decl":{"start":{"line":67,"column":47},"end":{"line":67,"column":53}},"loc":{"start":{"line":67,"column":53},"end":{"line":77,"column":3}}}},"branchMap":{},"s":{"0":5,"1":5,"2":5,"3":5,"4":5,"5":5,"6":5,"7":5,"8":5,"9":5,"10":4,"11":4,"12":4,"13":4,"14":5,"15":3,"16":3,"17":3,"18":5,"19":2,"20":2,"21":2},"f":{"0":5,"1":5,"2":4,"3":3,"4":2},"b":{}}
,"C:/Users/admin/Desktop/cookbook/CooksBook/src/components/Carousel/CardCarousels/CarouselWrappers/PlaylistCarouselSection.jsx": {"path":"C:/Users/admin/Desktop/cookbook/CooksBook/src/components/Carousel/CardCarousels/CarouselWrappers/PlaylistCarouselSection.jsx","statementMap":{"0":{"start":{"line":4,"column":32},"end":{"line":21,"column":2}},"1":{"start":{"line":4,"column":70},"end":{"line":4,"column":null}},"2":{"start":{"line":6,"column":4},"end":{"line":6,"column":null}},"3":{"start":{"line":7,"column":16},"end":{"line":7,"column":null}},"4":{"start":{"line":9,"column":2},"end":{"line":19,"column":null}},"5":{"start":{"line":21,"column":2},"end":{"line":6,"column":25}},"6":{"start":{"line":4,"column":29},"end":{"line":6,"column":25}},"7":{"start":{"line":6,"column":24},"end":{"line":4,"column":29}},"8":{"start":{"line":23,"column":39},"end":{"line":23,"column":null}},"9":{"start":{"line":2,"column":9},"end":{"line":10,"column":5}},"10":{"start":{"line":4,"column":35},"end":{"line":4,"column":null}},"11":{"start":{"line":5,"column":2},"end":{"line":10,"column":5}}},"fnMap":{"0":{"name":"(anonymous_0)","decl":{"start":{"line":4,"column":32},"end":{"line":4,"column":33}},"loc":{"start":{"line":4,"column":70},"end":{"line":21,"column":2}}},"1":{"name":"(anonymous_1)","decl":{"start":{"line":4,"column":29},"end":{"line":4,"column":32}},"loc":{"start":{"line":4,"column":29},"end":{"line":6,"column":25}}},"2":{"name":"(anonymous_0)","decl":{"start":{"line":2,"column":9},"end":{"line":2,"column":37}},"loc":{"start":{"line":2,"column":37},"end":{"line":10,"column":5}}}},"branchMap":{"0":{"loc":{"start":{"line":7,"column":16},"end":{"line":7,"column":null}},"type":"binary-expr","locations":[{"start":{"line":7,"column":16},"end":{"line":7,"column":31}},{"start":{"line":7,"column":31},"end":{"line":7,"column":null}}]},"1":{"loc":{"start":{"line":17,"column":7},"end":{"line":17,"column":null}},"type":"binary-expr","locations":[{"start":{"line":17,"column":7},"end":{"line":17,"column":16}},{"start":{"line":17,"column":16},"end":{"line":17,"column":null}}]},"2":{"loc":{"start":{"line":4,"column":70},"end":{"line":4,"column":null}},"type":"binary-expr","locations":[{"start":{"line":4,"column":70},"end":{"line":4,"column":null}},{"start":{"line":4,"column":70},"end":{"line":4,"column":null}}]},"3":{"loc":{"start":{"line":15,"column":6},"end":{"line":17,"column":17}},"type":"binary-expr","locations":[{"start":{"line":15,"column":6},"end":{"line":15,"column":null}},{"start":{"line":15,"column":6},"end":{"line":17,"column":17}}]}},"s":{"0":18,"1":289,"2":253,"3":253,"4":140,"5":18,"6":16,"7":18,"8":18,"9":18,"10":131,"11":131},"f":{"0":140,"1":16,"2":113},"b":{"0":[140,104],"1":[140,0],"2":[113,103],"3":[113,19]}}
,"C:/Users/admin/Desktop/cookbook/CooksBook/src/components/Carousel/CardCarousels/CarouselWrappers/RecipeCarouselSection.cy.jsx": {"path":"C:/Users/admin/Desktop/cookbook/CooksBook/src/components/Carousel/CardCarousels/CarouselWrappers/RecipeCarouselSection.cy.jsx","statementMap":{"0":{"start":{"line":3,"column":0},"end":{"line":79,"column":null}},"1":{"start":{"line":4,"column":22},"end":{"line":21,"column":null}},"2":{"start":{"line":23,"column":2},"end":{"line":39,"column":null}},"3":{"start":{"line":24,"column":4},"end":{"line":27,"column":null}},"4":{"start":{"line":29,"column":4},"end":{"line":31,"column":null}},"5":{"start":{"line":33,"column":4},"end":{"line":33,"column":null}},"6":{"start":{"line":35,"column":4},"end":{"line":35,"column":null}},"7":{"start":{"line":36,"column":4},"end":{"line":36,"column":null}},"8":{"start":{"line":37,"column":4},"end":{"line":37,"column":null}},"9":{"start":{"line":38,"column":4},"end":{"line":38,"column":null}},"10":{"start":{"line":41,"column":2},"end":{"line":51,"column":null}},"11":{"start":{"line":42,"column":4},"end":{"line":45,"column":null}},"12":{"start":{"line":47,"column":4},"end":{"line":47,"column":null}},"13":{"start":{"line":49,"column":4},"end":{"line":49,"column":null}},"14":{"start":{"line":50,"column":4},"end":{"line":50,"column":null}},"15":{"start":{"line":53,"column":2},"end":{"line":62,"column":null}},"16":{"start":{"line":54,"column":4},"end":{"line":57,"column":null}},"17":{"start":{"line":59,"column":4},"end":{"line":59,"column":null}},"18":{"start":{"line":61,"column":4},"end":{"line":61,"column":null}},"19":{"start":{"line":64,"column":2},"end":{"line":78,"column":null}},"20":{"start":{"line":65,"column":4},"end":{"line":65,"column":null}},"21":{"start":{"line":67,"column":4},"end":{"line":71,"column":null}},"22":{"start":{"line":73,"column":4},"end":{"line":73,"column":null}},"23":{"start":{"line":75,"column":4},"end":{"line":77,"column":null}}},"fnMap":{"0":{"name":"(anonymous_0)","decl":{"start":{"line":3,"column":38},"end":{"line":3,"column":44}},"loc":{"start":{"line":3,"column":44},"end":{"line":79,"column":1}}},"1":{"name":"(anonymous_1)","decl":{"start":{"line":23,"column":42},"end":{"line":23,"column":48}},"loc":{"start":{"line":23,"column":48},"end":{"line":39,"column":3}}},"2":{"name":"(anonymous_2)","decl":{"start":{"line":41,"column":50},"end":{"line":41,"column":56}},"loc":{"start":{"line":41,"column":56},"end":{"line":51,"column":3}}},"3":{"name":"(anonymous_3)","decl":{"start":{"line":53,"column":40},"end":{"line":53,"column":46}},"loc":{"start":{"line":53,"column":46},"end":{"line":62,"column":3}}},"4":{"name":"(anonymous_4)","decl":{"start":{"line":64,"column":52},"end":{"line":64,"column":58}},"loc":{"start":{"line":64,"column":58},"end":{"line":78,"column":3}}}},"branchMap":{},"s":{"0":5,"1":5,"2":5,"3":5,"4":5,"5":5,"6":5,"7":5,"8":5,"9":5,"10":5,"11":4,"12":4,"13":4,"14":4,"15":5,"16":3,"17":3,"18":3,"19":5,"20":2,"21":2,"22":2,"23":2},"f":{"0":5,"1":5,"2":4,"3":3,"4":2},"b":{}}
,"C:/Users/admin/Desktop/cookbook/CooksBook/src/components/Carousel/CardCarousels/CarouselWrappers/RecipeCarouselSection.jsx": {"path":"C:/Users/admin/Desktop/cookbook/CooksBook/src/components/Carousel/CardCarousels/CarouselWrappers/RecipeCarouselSection.jsx","statementMap":{"0":{"start":{"line":4,"column":30},"end":{"line":26,"column":2}},"1":{"start":{"line":9,"column":6},"end":{"line":9,"column":null}},"2":{"start":{"line":10,"column":47},"end":{"line":10,"column":null}},"3":{"start":{"line":11,"column":16},"end":{"line":11,"column":null}},"4":{"start":{"line":13,"column":2},"end":{"line":24,"column":null}},"5":{"start":{"line":26,"column":2},"end":{"line":10,"column":66}},"6":{"start":{"line":4,"column":27},"end":{"line":10,"column":66}},"7":{"start":{"line":10,"column":65},"end":{"line":4,"column":27}},"8":{"start":{"line":27,"column":37},"end":{"line":27,"column":null}},"9":{"start":{"line":2,"column":9},"end":{"line":14,"column":5}},"10":{"start":{"line":10,"column":2},"end":{"line":14,"column":5}}},"fnMap":{"0":{"name":"(anonymous_0)","decl":{"start":{"line":4,"column":30},"end":{"line":4,"column":31}},"loc":{"start":{"line":9,"column":6},"end":{"line":26,"column":2}}},"1":{"name":"(anonymous_1)","decl":{"start":{"line":4,"column":27},"end":{"line":4,"column":30}},"loc":{"start":{"line":4,"column":27},"end":{"line":10,"column":66}}},"2":{"name":"(anonymous_0)","decl":{"start":{"line":2,"column":9},"end":{"line":2,"column":35}},"loc":{"start":{"line":8,"column":2},"end":{"line":14,"column":5}}}},"branchMap":{"0":{"loc":{"start":{"line":11,"column":16},"end":{"line":11,"column":null}},"type":"binary-expr","locations":[{"start":{"line":11,"column":16},"end":{"line":11,"column":31}},{"start":{"line":11,"column":31},"end":{"line":11,"column":null}}]},"1":{"loc":{"start":{"line":22,"column":7},"end":{"line":22,"column":null}},"type":"binary-expr","locations":[{"start":{"line":22,"column":7},"end":{"line":22,"column":16}},{"start":{"line":22,"column":16},"end":{"line":22,"column":null}}]},"2":{"loc":{"start":{"line":9,"column":6},"end":{"line":9,"column":null}},"type":"binary-expr","locations":[{"start":{"line":9,"column":6},"end":{"line":9,"column":null}},{"start":{"line":9,"column":6},"end":{"line":9,"column":null}}]},"3":{"loc":{"start":{"line":20,"column":6},"end":{"line":22,"column":17}},"type":"binary-expr","locations":[{"start":{"line":20,"column":6},"end":{"line":20,"column":null}},{"start":{"line":20,"column":6},"end":{"line":22,"column":17}}]}},"s":{"0":18,"1":340,"2":179,"3":179,"4":72,"5":18,"6":6,"7":18,"8":18,"9":18,"10":125},"f":{"0":72,"1":6,"2":107},"b":{"0":[72,56],"1":[72,0],"2":[107,95],"3":[107,20]}}
,"C:/Users/admin/Desktop/cookbook/CooksBook/src/components/Carousel/HeroCarousel/HeroCarousel.cy.jsx": {"path":"C:/Users/admin/Desktop/cookbook/CooksBook/src/components/Carousel/HeroCarousel/HeroCarousel.cy.jsx","statementMap":{"0":{"start":{"line":3,"column":0},"end":{"line":95,"column":null}},"1":{"start":{"line":4,"column":21},"end":{"line":4,"column":null}},"2":{"start":{"line":4,"column":27},"end":{"line":4,"column":null}},"3":{"start":{"line":5,"column":21},"end":{"line":5,"column":null}},"4":{"start":{"line":5,"column":27},"end":{"line":5,"column":null}},"5":{"start":{"line":7,"column":2},"end":{"line":13,"column":null}},"6":{"start":{"line":8,"column":4},"end":{"line":8,"column":null}},"7":{"start":{"line":10,"column":4},"end":{"line":10,"column":null}},"8":{"start":{"line":12,"column":4},"end":{"line":12,"column":null}},"9":{"start":{"line":15,"column":2},"end":{"line":25,"column":null}},"10":{"start":{"line":16,"column":4},"end":{"line":16,"column":null}},"11":{"start":{"line":18,"column":4},"end":{"line":18,"column":null}},"12":{"start":{"line":19,"column":4},"end":{"line":19,"column":null}},"13":{"start":{"line":21,"column":4},"end":{"line":21,"column":null}},"14":{"start":{"line":23,"column":4},"end":{"line":23,"column":null}},"15":{"start":{"line":24,"column":4},"end":{"line":24,"column":null}},"16":{"start":{"line":27,"column":2},"end":{"line":35,"column":null}},"17":{"start":{"line":28,"column":4},"end":{"line":28,"column":null}},"18":{"start":{"line":30,"column":4},"end":{"line":30,"column":null}},"19":{"start":{"line":31,"column":4},"end":{"line":31,"column":null}},"20":{"start":{"line":33,"column":4},"end":{"line":33,"column":null}},"21":{"start":{"line":34,"column":4},"end":{"line":34,"column":null}},"22":{"start":{"line":37,"column":2},"end":{"line":55,"column":null}},"23":{"start":{"line":38,"column":4},"end":{"line":38,"column":null}},"24":{"start":{"line":39,"column":4},"end":{"line":39,"column":null}},"25":{"start":{"line":42,"column":4},"end":{"line":42,"column":null}},"26":{"start":{"line":45,"column":4},"end":{"line":45,"column":null}},"27":{"start":{"line":48,"column":4},"end":{"line":48,"column":null}},"28":{"start":{"line":50,"column":4},"end":{"line":50,"column":null}},"29":{"start":{"line":53,"column":4},"end":{"line":53,"column":null}},"30":{"start":{"line":54,"column":4},"end":{"line":54,"column":null}},"31":{"start":{"line":57,"column":2},"end":{"line":84,"column":null}},"32":{"start":{"line":58,"column":25},"end":{"line":73,"column":null}},"33":{"start":{"line":75,"column":4},"end":{"line":75,"column":null}},"34":{"start":{"line":77,"column":4},"end":{"line":77,"column":null}},"35":{"start":{"line":78,"column":4},"end":{"line":80,"column":null}},"36":{"start":{"line":82,"column":4},"end":{"line":82,"column":null}},"37":{"start":{"line":83,"column":4},"end":{"line":83,"column":null}},"38":{"start":{"line":86,"column":2},"end":{"line":94,"column":null}},"39":{"start":{"line":87,"column":4},"end":{"line":87,"column":null}},"40":{"start":{"line":89,"column":4},"end":{"line":89,"column":null}},"41":{"start":{"line":90,"column":4},"end":{"line":90,"column":null}},"42":{"start":{"line":92,"column":4},"end":{"line":92,"column":null}},"43":{"start":{"line":93,"column":4},"end":{"line":93,"column":null}}},"fnMap":{"0":{"name":"(anonymous_0)","decl":{"start":{"line":3,"column":29},"end":{"line":3,"column":35}},"loc":{"start":{"line":3,"column":35},"end":{"line":95,"column":1}}},"1":{"name":"(anonymous_1)","decl":{"start":{"line":4,"column":21},"end":{"line":4,"column":27}},"loc":{"start":{"line":4,"column":27},"end":{"line":4,"column":null}}},"2":{"name":"(anonymous_2)","decl":{"start":{"line":5,"column":21},"end":{"line":5,"column":27}},"loc":{"start":{"line":5,"column":27},"end":{"line":5,"column":null}}},"3":{"name":"(anonymous_3)","decl":{"start":{"line":7,"column":49},"end":{"line":7,"column":55}},"loc":{"start":{"line":7,"column":55},"end":{"line":13,"column":3}}},"4":{"name":"(anonymous_4)","decl":{"start":{"line":15,"column":47},"end":{"line":15,"column":53}},"loc":{"start":{"line":15,"column":53},"end":{"line":25,"column":3}}},"5":{"name":"(anonymous_5)","decl":{"start":{"line":27,"column":41},"end":{"line":27,"column":47}},"loc":{"start":{"line":27,"column":47},"end":{"line":35,"column":3}}},"6":{"name":"(anonymous_6)","decl":{"start":{"line":37,"column":46},"end":{"line":37,"column":52}},"loc":{"start":{"line":37,"column":52},"end":{"line":55,"column":3}}},"7":{"name":"(anonymous_7)","decl":{"start":{"line":57,"column":34},"end":{"line":57,"column":40}},"loc":{"start":{"line":57,"column":40},"end":{"line":84,"column":3}}},"8":{"name":"(anonymous_8)","decl":{"start":{"line":86,"column":33},"end":{"line":86,"column":39}},"loc":{"start":{"line":86,"column":39},"end":{"line":94,"column":3}}}},"branchMap":{},"s":{"0":7,"1":7,"2":18,"3":7,"4":11,"5":7,"6":7,"7":7,"8":7,"9":7,"10":6,"11":6,"12":6,"13":6,"14":6,"15":6,"16":7,"17":5,"18":5,"19":5,"20":5,"21":5,"22":7,"23":4,"24":4,"25":4,"26":4,"27":4,"28":4,"29":4,"30":4,"31":7,"32":3,"33":3,"34":3,"35":3,"36":3,"37":3,"38":7,"39":2,"40":2,"41":2,"42":2,"43":2},"f":{"0":7,"1":18,"2":11,"3":7,"4":6,"5":5,"6":4,"7":3,"8":2},"b":{}}
,"C:/Users/admin/Desktop/cookbook/CooksBook/src/components/Carousel/HeroCarousel/HeroCarousel.jsx": {"path":"C:/Users/admin/Desktop/cookbook/CooksBook/src/components/Carousel/HeroCarousel/HeroCarousel.jsx","statementMap":{"0":{"start":{"line":12,"column":22},"end":{"line":36,"column":null}},"1":{"start":{"line":38,"column":21},"end":{"line":97,"column":2}},"2":{"start":{"line":38,"column":53},"end":{"line":38,"column":null}},"3":{"start":{"line":39,"column":42},"end":{"line":39,"column":null}},"4":{"start":{"line":40,"column":28},"end":{"line":40,"column":null}},"5":{"start":{"line":42,"column":22},"end":{"line":42,"column":null}},"6":{"start":{"line":43,"column":19},"end":{"line":43,"column":null}},"7":{"start":{"line":44,"column":21},"end":{"line":48,"column":null}},"8":{"start":{"line":45,"column":4},"end":{"line":47,"column":null}},"9":{"start":{"line":46,"column":6},"end":{"line":46,"column":null}},"10":{"start":{"line":50,"column":21},"end":{"line":54,"column":null}},"11":{"start":{"line":51,"column":4},"end":{"line":53,"column":null}},"12":{"start":{"line":52,"column":6},"end":{"line":52,"column":null}},"13":{"start":{"line":56,"column":2},"end":{"line":59,"column":null}},"14":{"start":{"line":57,"column":18},"end":{"line":57,"column":null}},"15":{"start":{"line":58,"column":4},"end":{"line":58,"column":null}},"16":{"start":{"line":58,"column":17},"end":{"line":58,"column":null}},"17":{"start":{"line":61,"column":2},"end":{"line":95,"column":null}},"18":{"start":{"line":71,"column":14},"end":{"line":79,"column":null}},"19":{"start":{"line":97,"column":2},"end":{"line":38,"column":21}},"20":{"start":{"line":38,"column":18},"end":{"line":null,"column":-1}},"21":{"start":{"line":99,"column":28},"end":{"line":99,"column":null}},"22":{"start":{"line":11,"column":17},"end":{"line":35,"column":null}},"23":{"start":{"line":36,"column":3},"end":{"line":62,"column":5}},"24":{"start":{"line":38,"column":33},"end":{"line":38,"column":53}},"25":{"start":{"line":39,"column":9},"end":{"line":39,"column":38}},"26":{"start":{"line":40,"column":8},"end":{"line":40,"column":35}},"27":{"start":{"line":42,"column":8},"end":{"line":45,"column":null}},"28":{"start":{"line":43,"column":2},"end":{"line":45,"column":20}},"29":{"start":{"line":44,"column":21},"end":{"line":44,"column":null}},"30":{"start":{"line":47,"column":4},"end":{"line":51,"column":null}},"31":{"start":{"line":48,"column":2},"end":{"line":51,"column":20}},"32":{"start":{"line":50,"column":21},"end":{"line":50,"column":null}},"33":{"start":{"line":52,"column":49},"end":{"line":57,"column":41}},"34":{"start":{"line":54,"column":15},"end":{"line":54,"column":null}},"35":{"start":{"line":56,"column":2},"end":{"line":56,"column":null}},"36":{"start":{"line":56,"column":12},"end":{"line":56,"column":null}},"37":{"start":{"line":58,"column":4},"end":{"line":62,"column":5}},"38":{"start":{"line":67,"column":65},"end":{"line":71,"column":15}}},"fnMap":{"0":{"name":"(anonymous_0)","decl":{"start":{"line":38,"column":21},"end":{"line":38,"column":22}},"loc":{"start":{"line":38,"column":53},"end":{"line":97,"column":2}}},"1":{"name":"(anonymous_1)","decl":{"start":{"line":44,"column":33},"end":{"line":44,"column":39}},"loc":{"start":{"line":44,"column":39},"end":{"line":48,"column":5}}},"2":{"name":"(anonymous_2)","decl":{"start":{"line":45,"column":20},"end":{"line":45,"column":21}},"loc":{"start":{"line":46,"column":6},"end":{"line":46,"column":null}}},"3":{"name":"(anonymous_3)","decl":{"start":{"line":50,"column":33},"end":{"line":50,"column":39}},"loc":{"start":{"line":50,"column":39},"end":{"line":54,"column":5}}},"4":{"name":"(anonymous_4)","decl":{"start":{"line":51,"column":20},"end":{"line":51,"column":21}},"loc":{"start":{"line":52,"column":6},"end":{"line":52,"column":null}}},"5":{"name":"(anonymous_5)","decl":{"start":{"line":56,"column":12},"end":{"line":56,"column":18}},"loc":{"start":{"line":56,"column":18},"end":{"line":59,"column":5}}},"6":{"name":"(anonymous_6)","decl":{"start":{"line":58,"column":11},"end":{"line":58,"column":17}},"loc":{"start":{"line":58,"column":17},"end":{"line":58,"column":null}}},"7":{"name":"(anonymous_7)","decl":{"start":{"line":70,"column":24},"end":{"line":70,"column":25}},"loc":{"start":{"line":71,"column":14},"end":{"line":79,"column":null}}},"8":{"name":"(anonymous_0)","decl":{"start":{"line":36,"column":3},"end":{"line":36,"column":null}},"loc":{"start":{"line":36,"column":3},"end":{"line":62,"column":5}}},"9":{"name":"(anonymous_1)","decl":{"start":{"line":42,"column":29},"end":{"line":42,"column":null}},"loc":{"start":{"line":42,"column":29},"end":{"line":45,"column":20}}},"10":{"name":"(anonymous_2)","decl":{"start":{"line":44,"column":2},"end":{"line":44,"column":8}},"loc":{"start":{"line":44,"column":21},"end":{"line":44,"column":null}}},"11":{"name":"(anonymous_3)","decl":{"start":{"line":47,"column":4},"end":{"line":47,"column":null}},"loc":{"start":{"line":47,"column":4},"end":{"line":51,"column":20}}},"12":{"name":"(anonymous_4)","decl":{"start":{"line":50,"column":2},"end":{"line":50,"column":8}},"loc":{"start":{"line":50,"column":21},"end":{"line":50,"column":null}}},"13":{"name":"(anonymous_5)","decl":{"start":{"line":53,"column":4},"end":{"line":53,"column":null}},"loc":{"start":{"line":53,"column":4},"end":{"line":57,"column":10}}},"14":{"name":"(anonymous_6)","decl":{"start":{"line":56,"column":2},"end":{"line":56,"column":12}},"loc":{"start":{"line":56,"column":12},"end":{"line":56,"column":null}}},"15":{"name":"(anonymous_7)","decl":{"start":{"line":67,"column":32},"end":{"line":67,"column":47}},"loc":{"start":{"line":67,"column":65},"end":{"line":71,"column":15}}}},"branchMap":{"0":{"loc":{"start":{"line":38,"column":24},"end":{"line":38,"column":47}},"type":"default-arg","locations":[{"start":{"line":38,"column":33},"end":{"line":38,"column":47}}]},"1":{"loc":{"start":{"line":46,"column":6},"end":{"line":46,"column":null}},"type":"cond-expr","locations":[{"start":{"line":46,"column":31},"end":{"line":46,"column":35}},{"start":{"line":46,"column":35},"end":{"line":46,"column":null}}]},"2":{"loc":{"start":{"line":52,"column":6},"end":{"line":52,"column":null}},"type":"cond-expr","locations":[{"start":{"line":52,"column":26},"end":{"line":52,"column":37}},{"start":{"line":52,"column":37},"end":{"line":52,"column":null}}]},"3":{"loc":{"start":{"line":36,"column":3},"end":{"line":36,"column":null}},"type":"default-arg","locations":[{"start":{"line":36,"column":3},"end":{"line":36,"column":null}}]},"4":{"loc":{"start":{"line":44,"column":21},"end":{"line":44,"column":null}},"type":"cond-expr","locations":[{"start":{"line":44,"column":39},"end":{"line":44,"column":null}},{"start":{"line":44,"column":39},"end":{"line":44,"column":null}}]},"5":{"loc":{"start":{"line":50,"column":21},"end":{"line":50,"column":null}},"type":"cond-expr","locations":[{"start":{"line":50,"column":39},"end":{"line":50,"column":null}},{"start":{"line":50,"column":39},"end":{"line":50,"column":null}}]}},"s":{"0":18,"1":18,"2":129,"3":43,"4":43,"5":96,"6":50,"7":43,"8":19,"9":21,"10":43,"11":15,"12":15,"13":43,"14":41,"15":94,"16":89,"17":28,"18":152,"19":18,"20":18,"21":18,"22":15,"23":15,"24":86,"25":86,"26":86,"27":86,"28":40,"29":50,"30":86,"31":29,"32":39,"33":86,"34":86,"35":96,"36":88,"37":86,"38":226},"f":{"0":28,"1":72,"2":74,"3":68,"4":68,"5":94,"6":89,"7":152,"8":68,"9":50,"10":50,"11":39,"12":39,"13":96,"14":88,"15":226},"b":{"0":[28],"1":[0,6],"2":[0,0],"3":[62],"4":[5,17],"5":[5,6]}}
,"C:/Users/admin/Desktop/cookbook/CooksBook/src/components/Carousel/HeroCarousel/CarouselItem/CarouselItem.jsx": {"path":"C:/Users/admin/Desktop/cookbook/CooksBook/src/components/Carousel/HeroCarousel/CarouselItem/CarouselItem.jsx","statementMap":{"0":{"start":{"line":9,"column":13},"end":{"line":22,"column":2}},"1":{"start":{"line":10,"column":2},"end":{"line":20,"column":null}},"2":{"start":{"line":22,"column":2},"end":{"line":9,"column":13}},"3":{"start":{"line":23,"column":24},"end":{"line":23,"column":null}},"4":{"start":{"line":26,"column":2},"end":{"line":23,"column":24}},"5":{"start":{"line":27,"column":20},"end":{"line":27,"column":null}},"6":{"start":{"line":9,"column":6},"end":{"line":23,"column":null}}},"fnMap":{"0":{"name":"(anonymous_0)","decl":{"start":{"line":9,"column":13},"end":{"line":9,"column":14}},"loc":{"start":{"line":9,"column":77},"end":{"line":22,"column":2}}}},"branchMap":{},"s":{"0":43,"1":296,"2":18,"3":18,"4":18,"5":36,"6":25},"f":{"0":296},"b":{}}
,"C:/Users/admin/Desktop/cookbook/CooksBook/src/components/Carousel/HeroCarousel/CarouselItem/CarouselItemItem.cy.jsx": {"path":"C:/Users/admin/Desktop/cookbook/CooksBook/src/components/Carousel/HeroCarousel/CarouselItem/CarouselItemItem.cy.jsx","statementMap":{"0":{"start":{"line":3,"column":0},"end":{"line":43,"column":null}},"1":{"start":{"line":5,"column":16},"end":{"line":11,"column":null}},"2":{"start":{"line":13,"column":2},"end":{"line":19,"column":null}},"3":{"start":{"line":14,"column":4},"end":{"line":14,"column":null}},"4":{"start":{"line":16,"column":4},"end":{"line":16,"column":null}},"5":{"start":{"line":17,"column":4},"end":{"line":17,"column":null}},"6":{"start":{"line":18,"column":4},"end":{"line":18,"column":null}},"7":{"start":{"line":21,"column":2},"end":{"line":28,"column":null}},"8":{"start":{"line":22,"column":4},"end":{"line":22,"column":null}},"9":{"start":{"line":24,"column":4},"end":{"line":27,"column":null}},"10":{"start":{"line":30,"column":2},"end":{"line":35,"column":null}},"11":{"start":{"line":31,"column":4},"end":{"line":31,"column":null}},"12":{"start":{"line":33,"column":4},"end":{"line":34,"column":null}},"13":{"start":{"line":37,"column":2},"end":{"line":41,"column":null}},"14":{"start":{"line":38,"column":4},"end":{"line":38,"column":null}},"15":{"start":{"line":40,"column":4},"end":{"line":40,"column":null}}},"fnMap":{"0":{"name":"(anonymous_0)","decl":{"start":{"line":3,"column":29},"end":{"line":3,"column":35}},"loc":{"start":{"line":3,"column":35},"end":{"line":43,"column":1}}},"1":{"name":"(anonymous_1)","decl":{"start":{"line":13,"column":45},"end":{"line":13,"column":51}},"loc":{"start":{"line":13,"column":51},"end":{"line":19,"column":3}}},"2":{"name":"(anonymous_2)","decl":{"start":{"line":21,"column":52},"end":{"line":21,"column":58}},"loc":{"start":{"line":21,"column":58},"end":{"line":28,"column":3}}},"3":{"name":"(anonymous_3)","decl":{"start":{"line":30,"column":39},"end":{"line":30,"column":45}},"loc":{"start":{"line":30,"column":45},"end":{"line":35,"column":3}}},"4":{"name":"(anonymous_4)","decl":{"start":{"line":37,"column":44},"end":{"line":37,"column":50}},"loc":{"start":{"line":37,"column":50},"end":{"line":41,"column":3}}}},"branchMap":{},"s":{"0":5,"1":5,"2":5,"3":5,"4":5,"5":5,"6":5,"7":5,"8":4,"9":4,"10":5,"11":3,"12":3,"13":5,"14":2,"15":2},"f":{"0":5,"1":5,"2":4,"3":3,"4":2},"b":{}}
,"C:/Users/admin/Desktop/cookbook/CooksBook/src/components/Carousel/HeroCarousel/Dots/Dots.cy.jsx": {"path":"C:/Users/admin/Desktop/cookbook/CooksBook/src/components/Carousel/HeroCarousel/Dots/Dots.cy.jsx","statementMap":{"0":{"start":{"line":3,"column":0},"end":{"line":38,"column":null}},"1":{"start":{"line":4,"column":2},"end":{"line":7,"column":null}},"2":{"start":{"line":5,"column":4},"end":{"line":5,"column":null}},"3":{"start":{"line":6,"column":4},"end":{"line":6,"column":null}},"4":{"start":{"line":9,"column":2},"end":{"line":18,"column":null}},"5":{"start":{"line":10,"column":4},"end":{"line":10,"column":null}},"6":{"start":{"line":12,"column":4},"end":{"line":17,"column":null}},"7":{"start":{"line":16,"column":23},"end":{"line":16,"column":38}},"8":{"start":{"line":20,"column":2},"end":{"line":29,"column":null}},"9":{"start":{"line":21,"column":4},"end":{"line":21,"column":null}},"10":{"start":{"line":23,"column":4},"end":{"line":28,"column":null}},"11":{"start":{"line":27,"column":23},"end":{"line":27,"column":38}},"12":{"start":{"line":31,"column":2},"end":{"line":37,"column":null}},"13":{"start":{"line":32,"column":24},"end":{"line":32,"column":null}},"14":{"start":{"line":33,"column":4},"end":{"line":33,"column":null}},"15":{"start":{"line":35,"column":4},"end":{"line":35,"column":null}},"16":{"start":{"line":36,"column":4},"end":{"line":36,"column":null}}},"fnMap":{"0":{"name":"(anonymous_0)","decl":{"start":{"line":3,"column":21},"end":{"line":3,"column":27}},"loc":{"start":{"line":3,"column":27},"end":{"line":38,"column":1}}},"1":{"name":"(anonymous_1)","decl":{"start":{"line":4,"column":44},"end":{"line":4,"column":50}},"loc":{"start":{"line":4,"column":50},"end":{"line":7,"column":3}}},"2":{"name":"(anonymous_2)","decl":{"start":{"line":9,"column":55},"end":{"line":9,"column":61}},"loc":{"start":{"line":9,"column":61},"end":{"line":18,"column":3}}},"3":{"name":"(anonymous_3)","decl":{"start":{"line":16,"column":12},"end":{"line":16,"column":13}},"loc":{"start":{"line":16,"column":23},"end":{"line":16,"column":38}}},"4":{"name":"(anonymous_4)","decl":{"start":{"line":20,"column":57},"end":{"line":20,"column":63}},"loc":{"start":{"line":20,"column":63},"end":{"line":29,"column":3}}},"5":{"name":"(anonymous_5)","decl":{"start":{"line":27,"column":12},"end":{"line":27,"column":13}},"loc":{"start":{"line":27,"column":23},"end":{"line":27,"column":38}}},"6":{"name":"(anonymous_6)","decl":{"start":{"line":31,"column":58},"end":{"line":31,"column":64}},"loc":{"start":{"line":31,"column":64},"end":{"line":37,"column":3}}}},"branchMap":{},"s":{"0":5,"1":5,"2":5,"3":5,"4":5,"5":4,"6":4,"7":4,"8":5,"9":3,"10":3,"11":3,"12":5,"13":2,"14":2,"15":2,"16":2},"f":{"0":5,"1":5,"2":4,"3":4,"4":3,"5":3,"6":2},"b":{}}
,"C:/Users/admin/Desktop/cookbook/CooksBook/src/components/Carousel/HeroCarousel/Dots/Dots.jsx": {"path":"C:/Users/admin/Desktop/cookbook/CooksBook/src/components/Carousel/HeroCarousel/Dots/Dots.jsx","statementMap":{"0":{"start":{"line":3,"column":13},"end":{"line":17,"column":2}},"1":{"start":{"line":4,"column":2},"end":{"line":15,"column":null}},"2":{"start":{"line":7,"column":8},"end":{"line":12,"column":null}},"3":{"start":{"line":10,"column":25},"end":{"line":10,"column":null}},"4":{"start":{"line":17,"column":2},"end":{"line":3,"column":13}},"5":{"start":{"line":19,"column":20},"end":{"line":19,"column":null}},"6":{"start":{"line":25,"column":2},"end":{"line":19,"column":20}},"7":{"start":{"line":27,"column":12},"end":{"line":50,"column":null}},"8":{"start":{"line":39,"column":4},"end":{"line":44,"column":null}},"9":{"start":{"line":51,"column":2},"end":{"line":27,"column":12}},"10":{"start":{"line":53,"column":20},"end":{"line":53,"column":null}},"11":{"start":{"line":3,"column":13},"end":{"line":5,"column":5}},"12":{"start":{"line":4,"column":2},"end":{"line":5,"column":5}},"13":{"start":{"line":6,"column":37},"end":{"line":7,"column":9}},"14":{"start":{"line":9,"column":19},"end":{"line":9,"column":null}},"15":{"start":{"line":15,"column":4},"end":{"line":19,"column":null}},"16":{"start":{"line":19,"column":27},"end":{"line":44,"column":null}},"17":{"start":{"line":27,"column":19},"end":{"line":44,"column":null}}},"fnMap":{"0":{"name":"(anonymous_0)","decl":{"start":{"line":3,"column":13},"end":{"line":3,"column":14}},"loc":{"start":{"line":3,"column":47},"end":{"line":17,"column":2}}},"1":{"name":"(anonymous_1)","decl":{"start":{"line":6,"column":41},"end":{"line":6,"column":42}},"loc":{"start":{"line":7,"column":8},"end":{"line":12,"column":null}}},"2":{"name":"(anonymous_2)","decl":{"start":{"line":10,"column":19},"end":{"line":10,"column":25}},"loc":{"start":{"line":10,"column":25},"end":{"line":10,"column":null}}},"3":{"name":"(anonymous_3)","decl":{"start":{"line":38,"column":4},"end":{"line":38,"column":5}},"loc":{"start":{"line":39,"column":4},"end":{"line":44,"column":null}}},"4":{"name":"(anonymous_1)","decl":{"start":{"line":6,"column":37},"end":{"line":6,"column":41}},"loc":{"start":{"line":6,"column":37},"end":{"line":7,"column":9}}},"5":{"name":"(anonymous_2)","decl":{"start":{"line":9,"column":10},"end":{"line":9,"column":19}},"loc":{"start":{"line":9,"column":19},"end":{"line":9,"column":null}}},"6":{"name":"(anonymous_3)","decl":{"start":{"line":27,"column":19},"end":{"line":27,"column":null}},"loc":{"start":{"line":27,"column":19},"end":{"line":44,"column":null}}}},"branchMap":{"0":{"loc":{"start":{"line":39,"column":4},"end":{"line":44,"column":null}},"type":"cond-expr","locations":[{"start":{"line":40,"column":8},"end":{"line":40,"column":null}},{"start":{"line":44,"column":8},"end":{"line":44,"column":null}}]},"1":{"loc":{"start":{"line":27,"column":19},"end":{"line":44,"column":null}},"type":"cond-expr","locations":[{"start":{"line":27,"column":19},"end":{"line":27,"column":null}},{"start":{"line":27,"column":19},"end":{"line":44,"column":null}}]}},"s":{"0":18,"1":28,"2":166,"3":252,"4":38,"5":18,"6":38,"7":18,"8":84,"9":18,"10":54,"11":38,"12":110,"13":280,"14":90,"15":20,"16":20,"17":270},"f":{"0":138,"1":166,"2":252,"3":84,"4":280,"5":90,"6":252},"b":{"0":[28,56],"1":[82,170]}}
,"C:/Users/admin/Desktop/cookbook/CooksBook/src/components/Footer/Footer.cy.jsx": {"path":"C:/Users/admin/Desktop/cookbook/CooksBook/src/components/Footer/Footer.cy.jsx","statementMap":{"0":{"start":{"line":4,"column":0},"end":{"line":17,"column":null}},"1":{"start":{"line":5,"column":2},"end":{"line":16,"column":null}},"2":{"start":{"line":6,"column":4},"end":{"line":6,"column":null}},"3":{"start":{"line":7,"column":4},"end":{"line":7,"column":null}},"4":{"start":{"line":8,"column":4},"end":{"line":8,"column":null}},"5":{"start":{"line":9,"column":4},"end":{"line":9,"column":null}},"6":{"start":{"line":10,"column":4},"end":{"line":10,"column":null}},"7":{"start":{"line":13,"column":4},"end":{"line":13,"column":null}},"8":{"start":{"line":14,"column":4},"end":{"line":14,"column":null}},"9":{"start":{"line":15,"column":4},"end":{"line":15,"column":null}}},"fnMap":{"0":{"name":"(anonymous_0)","decl":{"start":{"line":4,"column":23},"end":{"line":4,"column":29}},"loc":{"start":{"line":4,"column":29},"end":{"line":17,"column":1}}},"1":{"name":"(anonymous_1)","decl":{"start":{"line":5,"column":47},"end":{"line":5,"column":53}},"loc":{"start":{"line":5,"column":53},"end":{"line":16,"column":3}}}},"branchMap":{},"s":{"0":2,"1":2,"2":2,"3":2,"4":2,"5":2,"6":2,"7":2,"8":2,"9":2},"f":{"0":2,"1":2},"b":{}}
,"C:/Users/admin/Desktop/cookbook/CooksBook/src/components/Footer/Footer.jsx": {"path":"C:/Users/admin/Desktop/cookbook/CooksBook/src/components/Footer/Footer.jsx","statementMap":{"0":{"start":{"line":10,"column":15},"end":{"line":39,"column":2}},"1":{"start":{"line":11,"column":2},"end":{"line":37,"column":null}},"2":{"start":{"line":39,"column":2},"end":{"line":10,"column":15}},"3":{"start":{"line":40,"column":13},"end":{"line":40,"column":null}},"4":{"start":{"line":43,"column":2},"end":{"line":40,"column":13}},"5":{"start":{"line":44,"column":16},"end":{"line":44,"column":null}},"6":{"start":{"line":56,"column":2},"end":{"line":44,"column":16}},"7":{"start":{"line":57,"column":17},"end":{"line":75,"column":null}},"8":{"start":{"line":70,"column":4},"end":{"line":71,"column":null}},"9":{"start":{"line":76,"column":2},"end":{"line":57,"column":17}},"10":{"start":{"line":77,"column":22},"end":{"line":77,"column":null}},"11":{"start":{"line":10,"column":6},"end":{"line":40,"column":null}},"12":{"start":{"line":40,"column":20},"end":{"line":44,"column":null}},"13":{"start":{"line":44,"column":23},"end":{"line":71,"column":null}},"14":{"start":{"line":57,"column":31},"end":{"line":71,"column":null}}},"fnMap":{"0":{"name":"(anonymous_0)","decl":{"start":{"line":10,"column":15},"end":{"line":10,"column":21}},"loc":{"start":{"line":10,"column":21},"end":{"line":39,"column":2}}},"1":{"name":"(anonymous_1)","decl":{"start":{"line":69,"column":4},"end":{"line":69,"column":5}},"loc":{"start":{"line":70,"column":4},"end":{"line":71,"column":null}}},"2":{"name":"(anonymous_1)","decl":{"start":{"line":57,"column":31},"end":{"line":57,"column":null}},"loc":{"start":{"line":57,"column":31},"end":{"line":71,"column":null}}}},"branchMap":{"0":{"loc":{"start":{"line":70,"column":4},"end":{"line":71,"column":null}},"type":"binary-expr","locations":[{"start":{"line":70,"column":4},"end":{"line":70,"column":null}},{"start":{"line":71,"column":4},"end":{"line":71,"column":null}}]},"1":{"loc":{"start":{"line":57,"column":31},"end":{"line":71,"column":null}},"type":"binary-expr","locations":[{"start":{"line":57,"column":31},"end":{"line":57,"column":null}},{"start":{"line":57,"column":31},"end":{"line":71,"column":null}}]}},"s":{"0":28,"1":51,"2":18,"3":18,"4":28,"5":18,"6":28,"7":18,"8":144,"9":18,"10":72,"11":10,"12":10,"13":10,"14":78},"f":{"0":51,"1":144,"2":60},"b":{"0":[144,0],"1":[60,0]}}
[...]
,"C:/Users/admin/Desktop/cookbook/CooksBook/src/ui/inputs/PasswordInput.jsx": {"path":"C:/Users/admin/Desktop/cookbook/CooksBook/src/ui/inputs/PasswordInput.jsx","statementMap":{"0":{"start":{"line":7,"column":22},"end":{"line":22,"column":2}},"1":{"start":{"line":7,"column":40},"end":{"line":7,"column":null}},"2":{"start":{"line":8,"column":42},"end":{"line":8,"column":null}},"3":{"start":{"line":9,"column":22},"end":{"line":9,"column":null}},"4":{"start":{"line":9,"column":28},"end":{"line":9,"column":null}},"5":{"start":{"line":9,"column":58},"end":{"line":9,"column":67}},"6":{"start":{"line":10,"column":2},"end":{"line":20,"column":null}},"7":{"start":{"line":22,"column":2},"end":{"line":7,"column":22}},"8":{"start":{"line":7,"column":19},"end":{"line":null,"column":-1}},"9":{"start":{"line":23,"column":21},"end":{"line":23,"column":null}},"10":{"start":{"line":26,"column":2},"end":{"line":23,"column":21}},"11":{"start":{"line":27,"column":19},"end":{"line":27,"column":null}},"12":{"start":{"line":36,"column":2},"end":{"line":27,"column":19}},"13":{"start":{"line":37,"column":18},"end":{"line":37,"column":null}},"14":{"start":{"line":40,"column":2},"end":{"line":37,"column":18}},"15":{"start":{"line":41,"column":29},"end":{"line":41,"column":null}},"16":{"start":{"line":6,"column":22},"end":{"line":11,"column":5}},"17":{"start":{"line":8,"column":2},"end":{"line":11,"column":5}},"18":{"start":{"line":20,"column":4},"end":{"line":7,"column":22}},"19":{"start":{"line":23,"column":6},"end":{"line":27,"column":null}},"20":{"start":{"line":27,"column":26},"end":{"line":27,"column":null}}},"fnMap":{"0":{"name":"(anonymous_0)","decl":{"start":{"line":7,"column":22},"end":{"line":7,"column":23}},"loc":{"start":{"line":7,"column":40},"end":{"line":22,"column":2}}},"1":{"name":"(anonymous_1)","decl":{"start":{"line":9,"column":22},"end":{"line":9,"column":28}},"loc":{"start":{"line":9,"column":28},"end":{"line":9,"column":null}}},"2":{"name":"(anonymous_2)","decl":{"start":{"line":9,"column":44},"end":{"line":9,"column":45}},"loc":{"start":{"line":9,"column":58},"end":{"line":9,"column":67}}},"3":{"name":"(anonymous_0)","decl":{"start":{"line":6,"column":22},"end":{"line":6,"column":null}},"loc":{"start":{"line":6,"column":22},"end":{"line":11,"column":5}}},"4":{"name":"(anonymous_1)","decl":{"start":{"line":7,"column":40},"end":{"line":7,"column":null}},"loc":{"start":{"line":7,"column":40},"end":{"line":7,"column":null}}}},"branchMap":{"0":{"loc":{"start":{"line":12,"column":19},"end":{"line":12,"column":55}},"type":"cond-expr","locations":[{"start":{"line":12,"column":34},"end":{"line":12,"column":43}},{"start":{"line":12,"column":43},"end":{"line":12,"column":55}}]},"1":{"loc":{"start":{"line":13,"column":44},"end":{"line":13,"column":null}},"type":"cond-expr","locations":[{"start":{"line":13,"column":59},"end":{"line":13,"column":78}},{"start":{"line":13,"column":78},"end":{"line":13,"column":null}}]},"2":{"loc":{"start":{"line":16,"column":15},"end":{"line":16,"column":null}},"type":"cond-expr","locations":[{"start":{"line":16,"column":30},"end":{"line":16,"column":42}},{"start":{"line":16,"column":42},"end":{"line":16,"column":null}}]},"3":{"loc":{"start":{"line":17,"column":15},"end":{"line":17,"column":67}},"type":"cond-expr","locations":[{"start":{"line":17,"column":30},"end":{"line":17,"column":49}},{"start":{"line":17,"column":49},"end":{"line":17,"column":67}}]},"4":{"loc":{"start":{"line":9,"column":28},"end":{"line":9,"column":null}},"type":"cond-expr","locations":[{"start":{"line":9,"column":45},"end":{"line":9,"column":67}},{"start":{"line":9,"column":59},"end":{"line":9,"column":null}}]},"5":{"loc":{"start":{"line":12,"column":6},"end":{"line":12,"column":7}},"type":"cond-expr","locations":[{"start":{"line":12,"column":6},"end":{"line":12,"column":7}},{"start":{"line":12,"column":6},"end":{"line":12,"column":7}}]},"6":{"loc":{"start":{"line":14,"column":9},"end":{"line":14,"column":null}},"type":"cond-expr","locations":[{"start":{"line":14,"column":9},"end":{"line":14,"column":null}},{"start":{"line":14,"column":9},"end":{"line":14,"column":null}}]},"7":{"loc":{"start":{"line":15,"column":10},"end":{"line":15,"column":null}},"type":"cond-expr","locations":[{"start":{"line":15,"column":19},"end":{"line":15,"column":null}},{"start":{"line":15,"column":19},"end":{"line":15,"column":null}}]}},"s":{"0":18,"1":709,"2":305,"3":305,"4":213,"5":213,"6":92,"7":125,"8":18,"9":125,"10":125,"11":18,"12":18,"13":18,"14":18,"15":72,"16":107,"17":231,"18":107,"19":107,"20":125},"f":{"0":92,"1":213,"2":213,"3":213,"4":196},"b":{"0":[0,92],"1":[0,92],"2":[0,92],"3":[0,92],"4":[3,210],"5":[3,210],"6":[3,210],"7":[3,210]}}
,"C:/Users/admin/Desktop/cookbook/CooksBook/src/ui/inputs/SearchInput.jsx": {"path":"C:/Users/admin/Desktop/cookbook/CooksBook/src/ui/inputs/SearchInput.jsx","statementMap":{"0":{"start":{"line":3,"column":18},"end":{"line":12,"column":2}},"1":{"start":{"line":4,"column":2},"end":{"line":10,"column":null}},"2":{"start":{"line":12,"column":2},"end":{"line":3,"column":18}},"3":{"start":{"line":14,"column":22},"end":{"line":14,"column":null}},"4":{"start":{"line":17,"column":2},"end":{"line":14,"column":22}},"5":{"start":{"line":19,"column":20},"end":{"line":24,"column":null}},"6":{"start":{"line":24,"column":33},"end":{"line":24,"column":61}},"7":{"start":{"line":27,"column":2},"end":{"line":19,"column":20}},"8":{"start":{"line":29,"column":19},"end":{"line":29,"column":null}},"9":{"start":{"line":36,"column":2},"end":{"line":29,"column":19}},"10":{"start":{"line":37,"column":25},"end":{"line":37,"column":null}},"11":{"start":{"line":3,"column":6},"end":{"line":14,"column":null}},"12":{"start":{"line":14,"column":29},"end":{"line":24,"column":null}},"13":{"start":{"line":19,"column":27},"end":{"line":19,"column":null}},"14":{"start":{"line":24,"column":61},"end":{"line":29,"column":null}}},"fnMap":{"0":{"name":"(anonymous_0)","decl":{"start":{"line":3,"column":18},"end":{"line":3,"column":19}},"loc":{"start":{"line":3,"column":43},"end":{"line":12,"column":2}}},"1":{"name":"(anonymous_1)","decl":{"start":{"line":24,"column":18},"end":{"line":24,"column":19}},"loc":{"start":{"line":24,"column":33},"end":{"line":24,"column":61}}},"2":{"name":"(anonymous_1)","decl":{"start":{"line":19,"column":27},"end":{"line":19,"column":null}},"loc":{"start":{"line":19,"column":27},"end":{"line":19,"column":null}}}},"branchMap":{"0":{"loc":{"start":{"line":24,"column":33},"end":{"line":24,"column":61}},"type":"cond-expr","locations":[{"start":{"line":24,"column":44},"end":{"line":24,"column":53}},{"start":{"line":24,"column":53},"end":{"line":24,"column":61}}]},"1":{"loc":{"start":{"line":19,"column":27},"end":{"line":19,"column":null}},"type":"cond-expr","locations":[{"start":{"line":19,"column":27},"end":{"line":19,"column":null}},{"start":{"line":19,"column":27},"end":{"line":19,"column":null}}]}},"s":{"0":172,"1":1133,"2":18,"3":18,"4":172,"5":18,"6":298,"7":172,"8":18,"9":18,"10":72,"11":154,"12":154,"13":1007,"14":154},"f":{"0":1133,"1":144,"2":989},"b":{"0":[16,128],"1":[188,801]}}
,"C:/Users/admin/Desktop/cookbook/CooksBook/src/ui/inputs/SelectInput.jsx": {"path":"C:/Users/admin/Desktop/cookbook/CooksBook/src/ui/inputs/SelectInput.jsx","statementMap":{"0":{"start":{"line":3,"column":20},"end":{"line":13,"column":2}},"1":{"start":{"line":4,"column":2},"end":{"line":11,"column":null}},"2":{"start":{"line":7,"column":8},"end":{"line":9,"column":null}},"3":{"start":{"line":13,"column":2},"end":{"line":3,"column":20}},"4":{"start":{"line":14,"column":15},"end":{"line":14,"column":null}},"5":{"start":{"line":33,"column":2},"end":{"line":14,"column":15}},"6":{"start":{"line":34,"column":27},"end":{"line":34,"column":null}},"7":{"start":{"line":3,"column":20},"end":{"line":5,"column":5}},"8":{"start":{"line":4,"column":2},"end":{"line":5,"column":5}},"9":{"start":{"line":6,"column":15},"end":{"line":7,"column":9}},"10":{"start":{"line":11,"column":4},"end":{"line":14,"column":null}}},"fnMap":{"0":{"name":"(anonymous_0)","decl":{"start":{"line":3,"column":20},"end":{"line":3,"column":21}},"loc":{"start":{"line":3,"column":62},"end":{"line":13,"column":2}}},"1":{"name":"(anonymous_1)","decl":{"start":{"line":6,"column":19},"end":{"line":6,"column":20}},"loc":{"start":{"line":7,"column":8},"end":{"line":9,"column":null}}},"2":{"name":"(anonymous_1)","decl":{"start":{"line":6,"column":15},"end":{"line":6,"column":19}},"loc":{"start":{"line":6,"column":15},"end":{"line":7,"column":9}}}},"branchMap":{},"s":{"0":18,"1":1280,"2":7549,"3":172,"4":18,"5":18,"6":36,"7":172,"8":3837,"9":10384,"10":154},"f":{"0":5117,"1":7549,"2":10384},"b":{}}
,"C:/Users/admin/Desktop/cookbook/CooksBook/src/ui/inputs/TextArea.jsx": {"path":"C:/Users/admin/Desktop/cookbook/CooksBook/src/ui/inputs/TextArea.jsx","statementMap":{"0":{"start":{"line":3,"column":24},"end":{"line":5,"column":null}},"1":{"start":{"line":5,"column":36},"end":{"line":5,"column":57}}},"fnMap":{"0":{"name":"(anonymous_0)","decl":{"start":{"line":5,"column":16},"end":{"line":5,"column":17}},"loc":{"start":{"line":5,"column":36},"end":{"line":5,"column":57}}}},"branchMap":{"0":{"loc":{"start":{"line":5,"column":36},"end":{"line":5,"column":57}},"type":"binary-expr","locations":[{"start":{"line":5,"column":36},"end":{"line":5,"column":50}},{"start":{"line":5,"column":50},"end":{"line":5,"column":57}}]}},"s":{"0":46,"1":3515},"f":{"0":3515},"b":{"0":[3515,3515]}}
,"C:/Users/admin/Desktop/cookbook/CooksBook/src/ui/styledBlocks/BorderCard.jsx": {"path":"C:/Users/admin/Desktop/cookbook/CooksBook/src/ui/styledBlocks/BorderCard.jsx","statementMap":{"0":{"start":{"line":4,"column":26},"end":{"line":5,"column":null}},"1":{"start":{"line":5,"column":27},"end":{"line":5,"column":43}}},"fnMap":{"0":{"name":"(anonymous_0)","decl":{"start":{"line":5,"column":11},"end":{"line":5,"column":12}},"loc":{"start":{"line":5,"column":27},"end":{"line":5,"column":43}}}},"branchMap":{"0":{"loc":{"start":{"line":5,"column":27},"end":{"line":5,"column":43}},"type":"binary-expr","locations":[{"start":{"line":5,"column":27},"end":{"line":5,"column":37}},{"start":{"line":5,"column":37},"end":{"line":5,"column":43}}]}},"s":{"0":59,"1":6982},"f":{"0":6982},"b":{"0":[6982,3467]}}
,"C:/Users/admin/Desktop/cookbook/CooksBook/src/ui/styledBlocks/Container.jsx": {"path":"C:/Users/admin/Desktop/cookbook/CooksBook/src/ui/styledBlocks/Container.jsx","statementMap":{"0":{"start":{"line":3,"column":25},"end":{"line":9,"column":null}},"1":{"start":{"line":4,"column":28},"end":{"line":4,"column":53}},"2":{"start":{"line":5,"column":30},"end":{"line":5,"column":57}},"3":{"start":{"line":8,"column":31},"end":{"line":8,"column":46}},"4":{"start":{"line":9,"column":29},"end":{"line":9,"column":43}},"5":{"start":{"line":11,"column":29},"end":{"line":17,"column":null}},"6":{"start":{"line":12,"column":28},"end":{"line":12,"column":53}},"7":{"start":{"line":13,"column":30},"end":{"line":13,"column":57}},"8":{"start":{"line":16,"column":31},"end":{"line":16,"column":46}},"9":{"start":{"line":17,"column":29},"end":{"line":17,"column":43}}},"fnMap":{"0":{"name":"(anonymous_0)","decl":{"start":{"line":4,"column":11},"end":{"line":4,"column":12}},"loc":{"start":{"line":4,"column":28},"end":{"line":4,"column":53}}},"1":{"name":"(anonymous_1)","decl":{"start":{"line":5,"column":12},"end":{"line":5,"column":13}},"loc":{"start":{"line":5,"column":30},"end":{"line":5,"column":57}}},"2":{"name":"(anonymous_2)","decl":{"start":{"line":8,"column":13},"end":{"line":8,"column":14}},"loc":{"start":{"line":8,"column":31},"end":{"line":8,"column":46}}},"3":{"name":"(anonymous_3)","decl":{"start":{"line":9,"column":12},"end":{"line":9,"column":13}},"loc":{"start":{"line":9,"column":29},"end":{"line":9,"column":43}}},"4":{"name":"(anonymous_4)","decl":{"start":{"line":12,"column":11},"end":{"line":12,"column":12}},"loc":{"start":{"line":12,"column":28},"end":{"line":12,"column":53}}},"5":{"name":"(anonymous_5)","decl":{"start":{"line":13,"column":12},"end":{"line":13,"column":13}},"loc":{"start":{"line":13,"column":30},"end":{"line":13,"column":57}}},"6":{"name":"(anonymous_6)","decl":{"start":{"line":16,"column":13},"end":{"line":16,"column":14}},"loc":{"start":{"line":16,"column":31},"end":{"line":16,"column":46}}},"7":{"name":"(anonymous_7)","decl":{"start":{"line":17,"column":12},"end":{"line":17,"column":13}},"loc":{"start":{"line":17,"column":29},"end":{"line":17,"column":43}}}},"branchMap":{"0":{"loc":{"start":{"line":4,"column":28},"end":{"line":4,"column":53}},"type":"cond-expr","locations":[{"start":{"line":4,"column":37},"end":{"line":4,"column":46}},{"start":{"line":4,"column":46},"end":{"line":4,"column":53}}]},"1":{"loc":{"start":{"line":5,"column":30},"end":{"line":5,"column":57}},"type":"cond-expr","locations":[{"start":{"line":5,"column":40},"end":{"line":5,"column":50}},{"start":{"line":5,"column":50},"end":{"line":5,"column":57}}]},"2":{"loc":{"start":{"line":8,"column":31},"end":{"line":8,"column":46}},"type":"binary-expr","locations":[{"start":{"line":8,"column":31},"end":{"line":8,"column":43}},{"start":{"line":8,"column":43},"end":{"line":8,"column":46}}]},"3":{"loc":{"start":{"line":9,"column":29},"end":{"line":9,"column":43}},"type":"binary-expr","locations":[{"start":{"line":9,"column":29},"end":{"line":9,"column":40}},{"start":{"line":9,"column":40},"end":{"line":9,"column":43}}]},"4":{"loc":{"start":{"line":12,"column":28},"end":{"line":12,"column":53}},"type":"cond-expr","locations":[{"start":{"line":12,"column":37},"end":{"line":12,"column":46}},{"start":{"line":12,"column":46},"end":{"line":12,"column":53}}]},"5":{"loc":{"start":{"line":13,"column":30},"end":{"line":13,"column":57}},"type":"cond-expr","locations":[{"start":{"line":13,"column":40},"end":{"line":13,"column":50}},{"start":{"line":13,"column":50},"end":{"line":13,"column":57}}]},"6":{"loc":{"start":{"line":16,"column":31},"end":{"line":16,"column":46}},"type":"binary-expr","locations":[{"start":{"line":16,"column":31},"end":{"line":16,"column":43}},{"start":{"line":16,"column":43},"end":{"line":16,"column":46}}]},"7":{"loc":{"start":{"line":17,"column":29},"end":{"line":17,"column":43}},"type":"binary-expr","locations":[{"start":{"line":17,"column":29},"end":{"line":17,"column":40}},{"start":{"line":17,"column":40},"end":{"line":17,"column":43}}]}},"s":{"0":105,"1":1397,"2":1397,"3":1397,"4":1397,"5":105,"6":2104,"7":2104,"8":2104,"9":2104},"f":{"0":1397,"1":1397,"2":1397,"3":1397,"4":2104,"5":2104,"6":2104,"7":2104},"b":{"0":[38,1359],"1":[296,1101],"2":[1397,241],"3":[1397,1273],"4":[0,2104],"5":[0,2104],"6":[2104,28],"7":[2104,2069]}}
,"C:/Users/admin/Desktop/cookbook/CooksBook/src/ui/styledBlocks/ContentCard.jsx": {"path":"C:/Users/admin/Desktop/cookbook/CooksBook/src/ui/styledBlocks/ContentCard.jsx","statementMap":{"0":{"start":{"line":3,"column":20},"end":{"line":11,"column":null}},"1":{"start":{"line":5,"column":27},"end":{"line":5,"column":43}},"2":{"start":{"line":6,"column":31},"end":{"line":6,"column":46}},"3":{"start":{"line":7,"column":29},"end":{"line":7,"column":43}},"4":{"start":{"line":11,"column":4},"end":{"line":11,"column":51}}},"fnMap":{"0":{"name":"(anonymous_0)","decl":{"start":{"line":5,"column":11},"end":{"line":5,"column":12}},"loc":{"start":{"line":5,"column":27},"end":{"line":5,"column":43}}},"1":{"name":"(anonymous_1)","decl":{"start":{"line":6,"column":13},"end":{"line":6,"column":14}},"loc":{"start":{"line":6,"column":31},"end":{"line":6,"column":46}}},"2":{"name":"(anonymous_2)","decl":{"start":{"line":7,"column":12},"end":{"line":7,"column":13}},"loc":{"start":{"line":7,"column":29},"end":{"line":7,"column":43}}},"3":{"name":"(anonymous_3)","decl":{"start":{"line":10,"column":16},"end":{"line":10,"column":17}},"loc":{"start":{"line":11,"column":4},"end":{"line":11,"column":51}}}},"branchMap":{"0":{"loc":{"start":{"line":5,"column":27},"end":{"line":5,"column":43}},"type":"binary-expr","locations":[{"start":{"line":5,"column":27},"end":{"line":5,"column":37}},{"start":{"line":5,"column":37},"end":{"line":5,"column":43}}]},"1":{"loc":{"start":{"line":6,"column":31},"end":{"line":6,"column":46}},"type":"binary-expr","locations":[{"start":{"line":6,"column":31},"end":{"line":6,"column":43}},{"start":{"line":6,"column":43},"end":{"line":6,"column":46}}]},"2":{"loc":{"start":{"line":7,"column":29},"end":{"line":7,"column":43}},"type":"binary-expr","locations":[{"start":{"line":7,"column":29},"end":{"line":7,"column":40}},{"start":{"line":7,"column":40},"end":{"line":7,"column":43}}]},"3":{"loc":{"start":{"line":11,"column":4},"end":{"line":11,"column":51}},"type":"binary-expr","locations":[{"start":{"line":11,"column":4},"end":{"line":11,"column":15}},{"start":{"line":11,"column":15},"end":{"line":11,"column":51}}]}},"s":{"0":109,"1":13016,"2":13016,"3":13016,"4":13016},"f":{"0":13016,"1":13016,"2":13016,"3":13016},"b":{"0":[13016,7081],"1":[13016,7095],"2":[13016,13016],"3":[13016,13016]}}
,"C:/Users/admin/Desktop/cookbook/CooksBook/src/ui/texts/Display.jsx": {"path":"C:/Users/admin/Desktop/cookbook/CooksBook/src/ui/texts/Display.jsx","statementMap":{"0":{"start":{"line":3,"column":23},"end":{"line":3,"column":null}}},"fnMap":{},"branchMap":{},"s":{"0":56},"f":{},"b":{}}
,"C:/Users/admin/Desktop/cookbook/CooksBook/src/ui/texts/Paragraph.jsx": {"path":"C:/Users/admin/Desktop/cookbook/CooksBook/src/ui/texts/Paragraph.jsx","statementMap":{"0":{"start":{"line":3,"column":25},"end":{"line":3,"column":null}}},"fnMap":{},"branchMap":{},"s":{"0":48},"f":{},"b":{}}
,"C:/Users/admin/Desktop/cookbook/CooksBook/src/ui/texts/SmallText.jsx": {"path":"C:/Users/admin/Desktop/cookbook/CooksBook/src/ui/texts/SmallText.jsx","statementMap":{"0":{"start":{"line":2,"column":18},"end":{"line":2,"column":null}}},"fnMap":{},"branchMap":{},"s":{"0":67},"f":{},"b":{}}
,"C:/Users/admin/Desktop/cookbook/CooksBook/src/ui/texts/Wrapper.jsx": {"path":"C:/Users/admin/Desktop/cookbook/CooksBook/src/ui/texts/Wrapper.jsx","statementMap":{"0":{"start":{"line":3,"column":23},"end":{"line":10,"column":null}},"1":{"start":{"line":9,"column":18},"end":{"line":9,"column":41}},"2":{"start":{"line":10,"column":29},"end":{"line":10,"column":43}}},"fnMap":{"0":{"name":"(anonymous_0)","decl":{"start":{"line":9,"column":4},"end":{"line":9,"column":5}},"loc":{"start":{"line":9,"column":18},"end":{"line":9,"column":41}}},"1":{"name":"(anonymous_1)","decl":{"start":{"line":10,"column":12},"end":{"line":10,"column":13}},"loc":{"start":{"line":10,"column":29},"end":{"line":10,"column":43}}}},"branchMap":{"0":{"loc":{"start":{"line":9,"column":26},"end":{"line":9,"column":35}},"type":"binary-expr","locations":[{"start":{"line":9,"column":26},"end":{"line":9,"column":34}},{"start":{"line":9,"column":34},"end":{"line":9,"column":35}}]},"1":{"loc":{"start":{"line":10,"column":29},"end":{"line":10,"column":43}},"type":"binary-expr","locations":[{"start":{"line":10,"column":29},"end":{"line":10,"column":40}},{"start":{"line":10,"column":40},"end":{"line":10,"column":43}}]}},"s":{"0":229,"1":8116,"2":8116},"f":{"0":8116,"1":8116},"b":{"0":[8116,4973],"1":[8116,4668]}}
}
