{"total": {"lines":{"total":104,"covered":43,"skipped":0,"pct":41.34},"statements":{"total":108,"covered":47,"skipped":0,"pct":43.51},"functions":{"total":25,"covered":10,"skipped":0,"pct":40},"branches":{"total":37,"covered":12,"skipped":0,"pct":32.43},"branchesTrue":{"total":0,"covered":0,"skipped":0,"pct":100}}
,"C:/Users/admin/Desktop/cookbook/CooksBook/src/store/authSlice.js": {"lines":{"total":39,"covered":3,"skipped":0,"pct":7.69},"functions":{"total":8,"covered":0,"skipped":0,"pct":0},"statements":{"total":39,"covered":3,"skipped":0,"pct":7.69},"branches":{"total":14,"covered":0,"skipped":0,"pct":0}}
,"C:/Users/admin/Desktop/cookbook/CooksBook/src/store/uiSlice.js": {"lines":{"total":12,"covered":3,"skipped":0,"pct":25},"functions":{"total":5,"covered":0,"skipped":0,"pct":0},"statements":{"total":12,"covered":3,"skipped":0,"pct":25},"branches":{"total":0,"covered":0,"skipped":0,"pct":100}}
,"C:/Users/admin/Desktop/cookbook/CooksBook/src/store/api/apiSlice.js": {"lines":{"total":22,"covered":6,"skipped":0,"pct":27.27},"functions":{"total":3,"covered":1,"skipped":0,"pct":33.33},"statements":{"total":22,"covered":6,"skipped":0,"pct":27.27},"branches":{"total":11,"covered":0,"skipped":0,"pct":0}}
,"C:/Users/admin/Desktop/cookbook/CooksBook/src/ui/inputs/Input.jsx": {"lines":{"total":1,"covered":1,"skipped":0,"pct":100},"functions":{"total":0,"covered":0,"skipped":0,"pct":100},"statements":{"total":1,"covered":1,"skipped":0,"pct":100},"branches":{"total":0,"covered":0,"skipped":0,"pct":100}}
,"C:/Users/admin/Desktop/cookbook/CooksBook/src/ui/inputs/PasswordInput.cy.jsx": {"lines":{"total":15,"covered":15,"skipped":0,"pct":100},"functions":{"total":4,"covered":4,"skipped":0,"pct":100},"statements":{"total":15,"covered":15,"skipped":0,"pct":100},"branches":{"total":0,"covered":0,"skipped":0,"pct":100}}
,"C:/Users/admin/Desktop/cookbook/CooksBook/src/ui/inputs/PasswordInput.jsx": {"lines":{"total":12,"covered":12,"skipped":0,"pct":100},"functions":{"total":3,"covered":3,"skipped":0,"pct":100},"statements":{"total":16,"covered":16,"skipped":0,"pct":100},"branches":{"total":8,"covered":8,"skipped":0,"pct":100}}
,"C:/Users/admin/Desktop/cookbook/CooksBook/src/ui/texts/Wrapper.jsx": {"lines":{"total":3,"covered":3,"skipped":0,"pct":100},"functions":{"total":2,"covered":2,"skipped":0,"pct":100},"statements":{"total":3,"covered":3,"skipped":0,"pct":100},"branches":{"total":4,"covered":4,"skipped":0,"pct":100}}
}
