{"total": {"lines":{"total":3460,"covered":3399,"skipped":0,"pct":98.23},"statements":{"total":4118,"covered":4034,"skipped":0,"pct":97.96},"functions":{"total":1034,"covered":989,"skipped":0,"pct":95.64},"branches":{"total":924,"covered":714,"skipped":0,"pct":77.27},"branchesTrue":{"total":0,"covered":0,"skipped":0,"pct":100}}
,"C:/Users/admin/Desktop/cookbook/CooksBook/src/App.jsx": {"lines":{"total":7,"covered":5,"skipped":0,"pct":71.42},"functions":{"total":1,"covered":0,"skipped":0,"pct":0},"statements":{"total":7,"covered":5,"skipped":0,"pct":71.42},"branches":{"total":0,"covered":0,"skipped":0,"pct":100}}
,"C:/Users/admin/Desktop/cookbook/CooksBook/src/main.jsx": {"lines":{"total":1,"covered":1,"skipped":0,"pct":100},"functions":{"total":0,"covered":0,"skipped":0,"pct":100},"statements":{"total":1,"covered":1,"skipped":0,"pct":100},"branches":{"total":0,"covered":0,"skipped":0,"pct":100}}
,"C:/Users/admin/Desktop/cookbook/CooksBook/src/components/Cards/SharedComponents.jsx": {"lines":{"total":9,"covered":9,"skipped":0,"pct":100},"functions":{"total":0,"covered":0,"skipped":0,"pct":100},"statements":{"total":9,"covered":9,"skipped":0,"pct":100},"branches":{"total":0,"covered":0,"skipped":0,"pct":100}}
,"C:/Users/admin/Desktop/cookbook/CooksBook/src/components/Cards/PlaylistCard/PlaylistCard.cy.jsx": {"lines":{"total":25,"covered":25,"skipped":0,"pct":100},"functions":{"total":7,"covered":7,"skipped":0,"pct":100},"statements":{"total":25,"covered":25,"skipped":0,"pct":100},"branches":{"total":0,"covered":0,"skipped":0,"pct":100}}
,"C:/Users/admin/Desktop/cookbook/CooksBook/src/components/Cards/PlaylistCard/PlaylistCard.jsx": {"lines":{"total":23,"covered":23,"skipped":0,"pct":100},"functions":{"total":5,"covered":5,"skipped":0,"pct":100},"statements":{"total":37,"covered":37,"skipped":0,"pct":100},"branches":{"total":4,"covered":4,"skipped":0,"pct":100}}
,"C:/Users/admin/Desktop/cookbook/CooksBook/src/components/Cards/RecipeCard/RecipeCard.cy.jsx": {"lines":{"total":43,"covered":43,"skipped":0,"pct":100},"functions":{"total":11,"covered":11,"skipped":0,"pct":100},"statements":{"total":43,"covered":43,"skipped":0,"pct":100},"branches":{"total":0,"covered":0,"skipped":0,"pct":100}}
,"C:/Users/admin/Desktop/cookbook/CooksBook/src/components/Cards/RecipeCard/RecipeCard.jsx": {"lines":{"total":23,"covered":23,"skipped":0,"pct":100},"functions":{"total":9,"covered":9,"skipped":0,"pct":100},"statements":{"total":36,"covered":36,"skipped":0,"pct":100},"branches":{"total":14,"covered":13,"skipped":0,"pct":92.85}}
,"C:/Users/admin/Desktop/cookbook/CooksBook/src/components/Cards/SkeletonCard/SkeletonCard.cy.jsx": {"lines":{"total":4,"covered":4,"skipped":0,"pct":100},"functions":{"total":2,"covered":2,"skipped":0,"pct":100},"statements":{"total":4,"covered":4,"skipped":0,"pct":100},"branches":{"total":0,"covered":0,"skipped":0,"pct":100}}
,"C:/Users/admin/Desktop/cookbook/CooksBook/src/components/Cards/SkeletonCard/SkeletonCard.jsx": {"lines":{"total":2,"covered":2,"skipped":0,"pct":100},"functions":{"total":0,"covered":0,"skipped":0,"pct":100},"statements":{"total":2,"covered":2,"skipped":0,"pct":100},"branches":{"total":0,"covered":0,"skipped":0,"pct":100}}
,"C:/Users/admin/Desktop/cookbook/CooksBook/src/components/Carousel/CardCarousels/BaseCarousel/CardCarousel.cy.jsx": {"lines":{"total":37,"covered":37,"skipped":0,"pct":100},"functions":{"total":10,"covered":10,"skipped":0,"pct":100},"statements":{"total":39,"covered":39,"skipped":0,"pct":100},"branches":{"total":0,"covered":0,"skipped":0,"pct":100}}
,"C:/Users/admin/Desktop/cookbook/CooksBook/src/components/Carousel/CardCarousels/BaseCarousel/CardCarousel.jsx": {"lines":{"total":47,"covered":47,"skipped":0,"pct":100},"functions":{"total":18,"covered":18,"skipped":0,"pct":100},"statements":{"total":72,"covered":72,"skipped":0,"pct":100},"branches":{"total":39,"covered":38,"skipped":0,"pct":97.43}}
,"C:/Users/admin/Desktop/cookbook/CooksBook/src/components/Carousel/CardCarousels/CarouselWrappers/PlaylistCarouselSection.cy.jsx": {"lines":{"total":22,"covered":22,"skipped":0,"pct":100},"functions":{"total":5,"covered":5,"skipped":0,"pct":100},"statements":{"total":22,"covered":22,"skipped":0,"pct":100},"branches":{"total":0,"covered":0,"skipped":0,"pct":100}}
,"C:/Users/admin/Desktop/cookbook/CooksBook/src/components/Carousel/CardCarousels/CarouselWrappers/PlaylistCarouselSection.jsx": {"lines":{"total":8,"covered":8,"skipped":0,"pct":100},"functions":{"total":3,"covered":3,"skipped":0,"pct":100},"statements":{"total":12,"covered":12,"skipped":0,"pct":100},"branches":{"total":8,"covered":7,"skipped":0,"pct":87.5}}
,"C:/Users/admin/Desktop/cookbook/CooksBook/src/components/Carousel/CardCarousels/CarouselWrappers/RecipeCarouselSection.cy.jsx": {"lines":{"total":24,"covered":24,"skipped":0,"pct":100},"functions":{"total":5,"covered":5,"skipped":0,"pct":100},"statements":{"total":24,"covered":24,"skipped":0,"pct":100},"branches":{"total":0,"covered":0,"skipped":0,"pct":100}}
,"C:/Users/admin/Desktop/cookbook/CooksBook/src/components/Carousel/CardCarousels/CarouselWrappers/RecipeCarouselSection.jsx": {"lines":{"total":8,"covered":8,"skipped":0,"pct":100},"functions":{"total":3,"covered":3,"skipped":0,"pct":100},"statements":{"total":11,"covered":11,"skipped":0,"pct":100},"branches":{"total":8,"covered":7,"skipped":0,"pct":87.5}}
,"C:/Users/admin/Desktop/cookbook/CooksBook/src/components/Carousel/HeroCarousel/HeroCarousel.cy.jsx": {"lines":{"total":42,"covered":42,"skipped":0,"pct":100},"functions":{"total":9,"covered":9,"skipped":0,"pct":100},"statements":{"total":44,"covered":44,"skipped":0,"pct":100},"branches":{"total":0,"covered":0,"skipped":0,"pct":100}}
,"C:/Users/admin/Desktop/cookbook/CooksBook/src/components/Carousel/HeroCarousel/HeroCarousel.jsx": {"lines":{"total":25,"covered":25,"skipped":0,"pct":100},"functions":{"total":16,"covered":16,"skipped":0,"pct":100},"statements":{"total":39,"covered":39,"skipped":0,"pct":100},"branches":{"total":10,"covered":7,"skipped":0,"pct":70}}
,"C:/Users/admin/Desktop/cookbook/CooksBook/src/components/Carousel/HeroCarousel/CarouselItem/CarouselItem.jsx": {"lines":{"total":6,"covered":6,"skipped":0,"pct":100},"functions":{"total":1,"covered":1,"skipped":0,"pct":100},"statements":{"total":7,"covered":7,"skipped":0,"pct":100},"branches":{"total":0,"covered":0,"skipped":0,"pct":100}}
,"C:/Users/admin/Desktop/cookbook/CooksBook/src/components/Carousel/HeroCarousel/CarouselItem/CarouselItemItem.cy.jsx": {"lines":{"total":16,"covered":16,"skipped":0,"pct":100},"functions":{"total":5,"covered":5,"skipped":0,"pct":100},"statements":{"total":16,"covered":16,"skipped":0,"pct":100},"branches":{"total":0,"covered":0,"skipped":0,"pct":100}}
,"C:/Users/admin/Desktop/cookbook/CooksBook/src/components/Carousel/HeroCarousel/Dots/Dots.cy.jsx": {"lines":{"total":17,"covered":17,"skipped":0,"pct":100},"functions":{"total":7,"covered":7,"skipped":0,"pct":100},"statements":{"total":17,"covered":17,"skipped":0,"pct":100},"branches":{"total":0,"covered":0,"skipped":0,"pct":100}}
,"C:/Users/admin/Desktop/cookbook/CooksBook/src/components/Carousel/HeroCarousel/Dots/Dots.jsx": {"lines":{"total":14,"covered":14,"skipped":0,"pct":100},"functions":{"total":7,"covered":7,"skipped":0,"pct":100},"statements":{"total":18,"covered":18,"skipped":0,"pct":100},"branches":{"total":4,"covered":4,"skipped":0,"pct":100}}
,"C:/Users/admin/Desktop/cookbook/CooksBook/src/components/Footer/Footer.cy.jsx": {"lines":{"total":10,"covered":10,"skipped":0,"pct":100},"functions":{"total":2,"covered":2,"skipped":0,"pct":100},"statements":{"total":10,"covered":10,"skipped":0,"pct":100},"branches":{"total":0,"covered":0,"skipped":0,"pct":100}}
,"C:/Users/admin/Desktop/cookbook/CooksBook/src/components/Footer/Footer.jsx": {"lines":{"total":11,"covered":11,"skipped":0,"pct":100},"functions":{"total":3,"covered":3,"skipped":0,"pct":100},"statements":{"total":15,"covered":15,"skipped":0,"pct":100},"branches":{"total":4,"covered":2,"skipped":0,"pct":50}}
,"C:/Users/admin/Desktop/cookbook/CooksBook/src/components/MainPageRecipes/MainPageRecipes.cy.jsx": {"lines":{"total":29,"covered":29,"skipped":0,"pct":100},"functions":{"total":6,"covered":6,"skipped":0,"pct":100},"statements":{"total":29,"covered":29,"skipped":0,"pct":100},"branches":{"total":0,"covered":0,"skipped":0,"pct":100}}
,"C:/Users/admin/Desktop/cookbook/CooksBook/src/components/MainPageRecipes/MainPageRecipes.jsx": {"lines":{"total":21,"covered":21,"skipped":0,"pct":100},"functions":{"total":5,"covered":5,"skipped":0,"pct":100},"statements":{"total":28,"covered":28,"skipped":0,"pct":100},"branches":{"total":18,"covered":18,"skipped":0,"pct":100}}
,"C:/Users/admin/Desktop/cookbook/CooksBook/src/components/Modals/EditUserModal.cy.jsx": {"lines":{"total":38,"covered":38,"skipped":0,"pct":100},"functions":{"total":7,"covered":7,"skipped":0,"pct":100},"statements":{"total":38,"covered":38,"skipped":0,"pct":100},"branches":{"total":0,"covered":0,"skipped":0,"pct":100}}
,"C:/Users/admin/Desktop/cookbook/CooksBook/src/components/Modals/EditUserModal.jsx": {"lines":{"total":55,"covered":54,"skipped":0,"pct":98.18},"functions":{"total":15,"covered":15,"skipped":0,"pct":100},"statements":{"total":79,"covered":78,"skipped":0,"pct":98.73},"branches":{"total":52,"covered":38,"skipped":0,"pct":73.07}}
,"C:/Users/admin/Desktop/cookbook/CooksBook/src/components/Modals/LoginModal.cy.jsx": {"lines":{"total":43,"covered":43,"skipped":0,"pct":100},"functions":{"total":8,"covered":8,"skipped":0,"pct":100},"statements":{"total":43,"covered":43,"skipped":0,"pct":100},"branches":{"total":0,"covered":0,"skipped":0,"pct":100}}
,"C:/Users/admin/Desktop/cookbook/CooksBook/src/components/Modals/LoginModal.jsx": {"lines":{"total":41,"covered":40,"skipped":0,"pct":97.56},"functions":{"total":11,"covered":11,"skipped":0,"pct":100},"statements":{"total":58,"covered":57,"skipped":0,"pct":98.27},"branches":{"total":36,"covered":27,"skipped":0,"pct":75}}
,"C:/Users/admin/Desktop/cookbook/CooksBook/src/components/Modals/Modal.cy.jsx": {"lines":{"total":12,"covered":12,"skipped":0,"pct":100},"functions":{"total":4,"covered":4,"skipped":0,"pct":100},"statements":{"total":12,"covered":12,"skipped":0,"pct":100},"branches":{"total":0,"covered":0,"skipped":0,"pct":100}}
,"C:/Users/admin/Desktop/cookbook/CooksBook/src/components/Modals/Modal.jsx": {"lines":{"total":28,"covered":28,"skipped":0,"pct":100},"functions":{"total":10,"covered":10,"skipped":0,"pct":100},"statements":{"total":44,"covered":44,"skipped":0,"pct":100},"branches":{"total":18,"covered":16,"skipped":0,"pct":88.88}}
,"C:/Users/admin/Desktop/cookbook/CooksBook/src/components/Modals/ModalRoot.cy.jsx": {"lines":{"total":7,"covered":7,"skipped":0,"pct":100},"functions":{"total":3,"covered":3,"skipped":0,"pct":100},"statements":{"total":7,"covered":7,"skipped":0,"pct":100},"branches":{"total":0,"covered":0,"skipped":0,"pct":100}}
,"C:/Users/admin/Desktop/cookbook/CooksBook/src/components/Modals/ModalRoot.jsx": {"lines":{"total":4,"covered":4,"skipped":0,"pct":100},"functions":{"total":1,"covered":1,"skipped":0,"pct":100},"statements":{"total":4,"covered":4,"skipped":0,"pct":100},"branches":{"total":0,"covered":0,"skipped":0,"pct":100}}
,"C:/Users/admin/Desktop/cookbook/CooksBook/src/components/Modals/SharedModalComponents.js": {"lines":{"total":4,"covered":4,"skipped":0,"pct":100},"functions":{"total":1,"covered":1,"skipped":0,"pct":100},"statements":{"total":4,"covered":4,"skipped":0,"pct":100},"branches":{"total":2,"covered":2,"skipped":0,"pct":100}}
,"C:/Users/admin/Desktop/cookbook/CooksBook/src/components/Modals/SaveRecipeModal/CreatePlaylistView.cy.jsx": {"lines":{"total":56,"covered":56,"skipped":0,"pct":100},"functions":{"total":10,"covered":10,"skipped":0,"pct":100},"statements":{"total":56,"covered":56,"skipped":0,"pct":100},"branches":{"total":0,"covered":0,"skipped":0,"pct":100}}
,"C:/Users/admin/Desktop/cookbook/CooksBook/src/components/Modals/SaveRecipeModal/CreatePlaylistView.jsx": {"lines":{"total":103,"covered":103,"skipped":0,"pct":100},"functions":{"total":44,"covered":44,"skipped":0,"pct":100},"statements":{"total":175,"covered":175,"skipped":0,"pct":100},"branches":{"total":57,"covered":35,"skipped":0,"pct":61.4}}
,"C:/Users/admin/Desktop/cookbook/CooksBook/src/components/Modals/SaveRecipeModal/PlaylistSelectionView.cy.jsx": {"lines":{"total":49,"covered":49,"skipped":0,"pct":100},"functions":{"total":9,"covered":9,"skipped":0,"pct":100},"statements":{"total":49,"covered":49,"skipped":0,"pct":100},"branches":{"total":0,"covered":0,"skipped":0,"pct":100}}
,"C:/Users/admin/Desktop/cookbook/CooksBook/src/components/Modals/SaveRecipeModal/PlaylistSelectionView.jsx": {"lines":{"total":52,"covered":52,"skipped":0,"pct":100},"functions":{"total":22,"covered":22,"skipped":0,"pct":100},"statements":{"total":77,"covered":77,"skipped":0,"pct":100},"branches":{"total":18,"covered":17,"skipped":0,"pct":94.44}}
,"C:/Users/admin/Desktop/cookbook/CooksBook/src/components/Modals/SaveRecipeModal/SaveRecipeModal.cy.jsx": {"lines":{"total":24,"covered":24,"skipped":0,"pct":100},"functions":{"total":6,"covered":6,"skipped":0,"pct":100},"statements":{"total":24,"covered":24,"skipped":0,"pct":100},"branches":{"total":0,"covered":0,"skipped":0,"pct":100}}
,"C:/Users/admin/Desktop/cookbook/CooksBook/src/components/Modals/SaveRecipeModal/SaveRecipeModal.jsx": {"lines":{"total":20,"covered":20,"skipped":0,"pct":100},"functions":{"total":12,"covered":12,"skipped":0,"pct":100},"statements":{"total":33,"covered":33,"skipped":0,"pct":100},"branches":{"total":8,"covered":8,"skipped":0,"pct":100}}
,"C:/Users/admin/Desktop/cookbook/CooksBook/src/components/Navbar/Navbar.cy.jsx": {"lines":{"total":21,"covered":21,"skipped":0,"pct":100},"functions":{"total":5,"covered":5,"skipped":0,"pct":100},"statements":{"total":21,"covered":21,"skipped":0,"pct":100},"branches":{"total":0,"covered":0,"skipped":0,"pct":100}}
,"C:/Users/admin/Desktop/cookbook/CooksBook/src/components/Navbar/Navbar.jsx": {"lines":{"total":27,"covered":27,"skipped":0,"pct":100},"functions":{"total":13,"covered":13,"skipped":0,"pct":100},"statements":{"total":47,"covered":47,"skipped":0,"pct":100},"branches":{"total":18,"covered":11,"skipped":0,"pct":61.11}}
,"C:/Users/admin/Desktop/cookbook/CooksBook/src/components/NewRecipePageComponents/GeneralInfo.cy.jsx": {"lines":{"total":43,"covered":43,"skipped":0,"pct":100},"functions":{"total":11,"covered":11,"skipped":0,"pct":100},"statements":{"total":44,"covered":44,"skipped":0,"pct":100},"branches":{"total":0,"covered":0,"skipped":0,"pct":100}}
,"C:/Users/admin/Desktop/cookbook/CooksBook/src/components/NewRecipePageComponents/GeneralInfo.jsx": {"lines":{"total":12,"covered":12,"skipped":0,"pct":100},"functions":{"total":5,"covered":5,"skipped":0,"pct":100},"statements":{"total":14,"covered":14,"skipped":0,"pct":100},"branches":{"total":0,"covered":0,"skipped":0,"pct":100}}
,"C:/Users/admin/Desktop/cookbook/CooksBook/src/components/NewRecipePageComponents/Steps.cy.jsx": {"lines":{"total":41,"covered":41,"skipped":0,"pct":100},"functions":{"total":14,"covered":8,"skipped":0,"pct":57.14},"statements":{"total":41,"covered":41,"skipped":0,"pct":100},"branches":{"total":0,"covered":0,"skipped":0,"pct":100}}
,"C:/Users/admin/Desktop/cookbook/CooksBook/src/components/NewRecipePageComponents/Steps.jsx": {"lines":{"total":24,"covered":24,"skipped":0,"pct":100},"functions":{"total":11,"covered":11,"skipped":0,"pct":100},"statements":{"total":31,"covered":31,"skipped":0,"pct":100},"branches":{"total":2,"covered":1,"skipped":0,"pct":50}}
,"C:/Users/admin/Desktop/cookbook/CooksBook/src/components/NewRecipePageComponents/IngredientCategories/IngredientCategories.cy.jsx": {"lines":{"total":42,"covered":42,"skipped":0,"pct":100},"functions":{"total":12,"covered":12,"skipped":0,"pct":100},"statements":{"total":42,"covered":42,"skipped":0,"pct":100},"branches":{"total":0,"covered":0,"skipped":0,"pct":100}}
,"C:/Users/admin/Desktop/cookbook/CooksBook/src/components/NewRecipePageComponents/IngredientCategories/IngredientCategories.jsx": {"lines":{"total":18,"covered":18,"skipped":0,"pct":100},"functions":{"total":12,"covered":12,"skipped":0,"pct":100},"statements":{"total":23,"covered":23,"skipped":0,"pct":100},"branches":{"total":4,"covered":4,"skipped":0,"pct":100}}
,"C:/Users/admin/Desktop/cookbook/CooksBook/src/components/NewRecipePageComponents/IngredientCategories/IngredientCategory.cy.jsx": {"lines":{"total":39,"covered":39,"skipped":0,"pct":100},"functions":{"total":6,"covered":6,"skipped":0,"pct":100},"statements":{"total":39,"covered":39,"skipped":0,"pct":100},"branches":{"total":0,"covered":0,"skipped":0,"pct":100}}
,"C:/Users/admin/Desktop/cookbook/CooksBook/src/components/NewRecipePageComponents/IngredientCategories/IngredientCategory.jsx": {"lines":{"total":69,"covered":69,"skipped":0,"pct":100},"functions":{"total":30,"covered":30,"skipped":0,"pct":100},"statements":{"total":94,"covered":92,"skipped":0,"pct":97.87},"branches":{"total":28,"covered":13,"skipped":0,"pct":46.42}}
,"C:/Users/admin/Desktop/cookbook/CooksBook/src/components/NewRecipePageComponents/Shared/CardTitle.jsx": {"lines":{"total":2,"covered":2,"skipped":0,"pct":100},"functions":{"total":1,"covered":1,"skipped":0,"pct":100},"statements":{"total":2,"covered":2,"skipped":0,"pct":100},"branches":{"total":2,"covered":2,"skipped":0,"pct":100}}
,"C:/Users/admin/Desktop/cookbook/CooksBook/src/components/NewRecipePageComponents/Shared/FieldContainer.jsx": {"lines":{"total":2,"covered":2,"skipped":0,"pct":100},"functions":{"total":1,"covered":1,"skipped":0,"pct":100},"statements":{"total":2,"covered":2,"skipped":0,"pct":100},"branches":{"total":2,"covered":2,"skipped":0,"pct":100}}
,"C:/Users/admin/Desktop/cookbook/CooksBook/src/components/NewRecipePageComponents/Shared/FormFocusButton.jsx": {"lines":{"total":1,"covered":1,"skipped":0,"pct":100},"functions":{"total":0,"covered":0,"skipped":0,"pct":100},"statements":{"total":1,"covered":1,"skipped":0,"pct":100},"branches":{"total":0,"covered":0,"skipped":0,"pct":100}}
,"C:/Users/admin/Desktop/cookbook/CooksBook/src/components/NewRecipePageComponents/Shared/Header.jsx": {"lines":{"total":1,"covered":1,"skipped":0,"pct":100},"functions":{"total":0,"covered":0,"skipped":0,"pct":100},"statements":{"total":1,"covered":1,"skipped":0,"pct":100},"branches":{"total":0,"covered":0,"skipped":0,"pct":100}}
,"C:/Users/admin/Desktop/cookbook/CooksBook/src/components/NewRecipePageComponents/Shared/InputField.cy.jsx": {"lines":{"total":3,"covered":3,"skipped":0,"pct":100},"functions":{"total":2,"covered":2,"skipped":0,"pct":100},"statements":{"total":3,"covered":3,"skipped":0,"pct":100},"branches":{"total":0,"covered":0,"skipped":0,"pct":100}}
,"C:/Users/admin/Desktop/cookbook/CooksBook/src/components/NewRecipePageComponents/Shared/InputField.jsx": {"lines":{"total":4,"covered":4,"skipped":0,"pct":100},"functions":{"total":1,"covered":1,"skipped":0,"pct":100},"statements":{"total":5,"covered":5,"skipped":0,"pct":100},"branches":{"total":1,"covered":1,"skipped":0,"pct":100}}
,"C:/Users/admin/Desktop/cookbook/CooksBook/src/components/NewRecipePageComponents/Shared/TextArea.jsx": {"lines":{"total":1,"covered":1,"skipped":0,"pct":100},"functions":{"total":0,"covered":0,"skipped":0,"pct":100},"statements":{"total":1,"covered":1,"skipped":0,"pct":100},"branches":{"total":0,"covered":0,"skipped":0,"pct":100}}
,"C:/Users/admin/Desktop/cookbook/CooksBook/src/components/PlaylistsRecipeBrowser/PlaylistsRecipeBrowser.cy.jsx": {"lines":{"total":38,"covered":38,"skipped":0,"pct":100},"functions":{"total":7,"covered":7,"skipped":0,"pct":100},"statements":{"total":38,"covered":38,"skipped":0,"pct":100},"branches":{"total":0,"covered":0,"skipped":0,"pct":100}}
,"C:/Users/admin/Desktop/cookbook/CooksBook/src/components/PlaylistsRecipeBrowser/PlaylistsRecipeBrowser.jsx": {"lines":{"total":15,"covered":15,"skipped":0,"pct":100},"functions":{"total":7,"covered":7,"skipped":0,"pct":100},"statements":{"total":19,"covered":19,"skipped":0,"pct":100},"branches":{"total":20,"covered":19,"skipped":0,"pct":95}}
,"C:/Users/admin/Desktop/cookbook/CooksBook/src/components/RecipePlaylistBrowser/BrowserLayout/BrowserLayout.cy.jsx": {"lines":{"total":11,"covered":11,"skipped":0,"pct":100},"functions":{"total":3,"covered":3,"skipped":0,"pct":100},"statements":{"total":11,"covered":11,"skipped":0,"pct":100},"branches":{"total":0,"covered":0,"skipped":0,"pct":100}}
,"C:/Users/admin/Desktop/cookbook/CooksBook/src/components/RecipePlaylistBrowser/BrowserLayout/BrowserLayout.jsx": {"lines":{"total":6,"covered":6,"skipped":0,"pct":100},"functions":{"total":1,"covered":1,"skipped":0,"pct":100},"statements":{"total":7,"covered":7,"skipped":0,"pct":100},"branches":{"total":0,"covered":0,"skipped":0,"pct":100}}
,"C:/Users/admin/Desktop/cookbook/CooksBook/src/components/RecipePlaylistBrowser/DataRenderer/DataRenderer.cy.jsx": {"lines":{"total":30,"covered":30,"skipped":0,"pct":100},"functions":{"total":9,"covered":9,"skipped":0,"pct":100},"statements":{"total":30,"covered":30,"skipped":0,"pct":100},"branches":{"total":0,"covered":0,"skipped":0,"pct":100}}
,"C:/Users/admin/Desktop/cookbook/CooksBook/src/components/RecipePlaylistBrowser/DataRenderer/DataRenderer.jsx": {"lines":{"total":16,"covered":16,"skipped":0,"pct":100},"functions":{"total":5,"covered":5,"skipped":0,"pct":100},"statements":{"total":23,"covered":23,"skipped":0,"pct":100},"branches":{"total":14,"covered":13,"skipped":0,"pct":92.85}}
,"C:/Users/admin/Desktop/cookbook/CooksBook/src/components/RecipePlaylistBrowser/PageNavigation/PageNavigation.cy.jsx": {"lines":{"total":38,"covered":38,"skipped":0,"pct":100},"functions":{"total":9,"covered":9,"skipped":0,"pct":100},"statements":{"total":40,"covered":40,"skipped":0,"pct":100},"branches":{"total":0,"covered":0,"skipped":0,"pct":100}}
,"C:/Users/admin/Desktop/cookbook/CooksBook/src/components/RecipePlaylistBrowser/PageNavigation/PageNavigation.jsx": {"lines":{"total":16,"covered":15,"skipped":0,"pct":93.75},"functions":{"total":10,"covered":9,"skipped":0,"pct":90},"statements":{"total":22,"covered":20,"skipped":0,"pct":90.9},"branches":{"total":4,"covered":2,"skipped":0,"pct":50}}
,"C:/Users/admin/Desktop/cookbook/CooksBook/src/components/RecipePlaylistBrowser/PlaylistFilter/PlayListFilter.cy.jsx": {"lines":{"total":37,"covered":37,"skipped":0,"pct":100},"functions":{"total":7,"covered":7,"skipped":0,"pct":100},"statements":{"total":37,"covered":37,"skipped":0,"pct":100},"branches":{"total":0,"covered":0,"skipped":0,"pct":100}}
,"C:/Users/admin/Desktop/cookbook/CooksBook/src/components/RecipePlaylistBrowser/PlaylistFilter/PlayListFilter.jsx": {"lines":{"total":35,"covered":34,"skipped":0,"pct":97.14},"functions":{"total":17,"covered":13,"skipped":0,"pct":76.47},"statements":{"total":54,"covered":53,"skipped":0,"pct":98.14},"branches":{"total":24,"covered":13,"skipped":0,"pct":54.16}}
,"C:/Users/admin/Desktop/cookbook/CooksBook/src/components/RecipePlaylistBrowser/RecipeFilter/RecipeFilter.cy.jsx": {"lines":{"total":49,"covered":49,"skipped":0,"pct":100},"functions":{"total":9,"covered":9,"skipped":0,"pct":100},"statements":{"total":49,"covered":49,"skipped":0,"pct":100},"branches":{"total":0,"covered":0,"skipped":0,"pct":100}}
,"C:/Users/admin/Desktop/cookbook/CooksBook/src/components/RecipePlaylistBrowser/RecipeFilter/RecipeFilter.jsx": {"lines":{"total":35,"covered":35,"skipped":0,"pct":100},"functions":{"total":17,"covered":15,"skipped":0,"pct":88.23},"statements":{"total":54,"covered":54,"skipped":0,"pct":100},"branches":{"total":24,"covered":18,"skipped":0,"pct":75}}
,"C:/Users/admin/Desktop/cookbook/CooksBook/src/components/RecipePlaylistBrowser/Shared/FilterBar.jsx": {"lines":{"total":1,"covered":1,"skipped":0,"pct":100},"functions":{"total":0,"covered":0,"skipped":0,"pct":100},"statements":{"total":1,"covered":1,"skipped":0,"pct":100},"branches":{"total":0,"covered":0,"skipped":0,"pct":100}}
,"C:/Users/admin/Desktop/cookbook/CooksBook/src/components/RecipePlaylistBrowser/Tags/Tags.cy.jsx": {"lines":{"total":29,"covered":29,"skipped":0,"pct":100},"functions":{"total":7,"covered":7,"skipped":0,"pct":100},"statements":{"total":29,"covered":29,"skipped":0,"pct":100},"branches":{"total":0,"covered":0,"skipped":0,"pct":100}}
,"C:/Users/admin/Desktop/cookbook/CooksBook/src/components/RecipePlaylistBrowser/Tags/Tags.jsx": {"lines":{"total":18,"covered":16,"skipped":0,"pct":88.88},"functions":{"total":11,"covered":9,"skipped":0,"pct":81.81},"statements":{"total":28,"covered":25,"skipped":0,"pct":89.28},"branches":{"total":9,"covered":7,"skipped":0,"pct":77.77}}
,"C:/Users/admin/Desktop/cookbook/CooksBook/src/components/RecipePlaylistDetailComponents/CookingSteps/CookingSteps.cy.jsx": {"lines":{"total":21,"covered":21,"skipped":0,"pct":100},"functions":{"total":5,"covered":5,"skipped":0,"pct":100},"statements":{"total":21,"covered":21,"skipped":0,"pct":100},"branches":{"total":0,"covered":0,"skipped":0,"pct":100}}
,"C:/Users/admin/Desktop/cookbook/CooksBook/src/components/RecipePlaylistDetailComponents/CookingSteps/CookingSteps.jsx": {"lines":{"total":22,"covered":22,"skipped":0,"pct":100},"functions":{"total":2,"covered":2,"skipped":0,"pct":100},"statements":{"total":31,"covered":31,"skipped":0,"pct":100},"branches":{"total":4,"covered":4,"skipped":0,"pct":100}}
,"C:/Users/admin/Desktop/cookbook/CooksBook/src/components/RecipePlaylistDetailComponents/HeroSection/HeroComponent.cy.jsx": {"lines":{"total":14,"covered":14,"skipped":0,"pct":100},"functions":{"total":4,"covered":4,"skipped":0,"pct":100},"statements":{"total":14,"covered":14,"skipped":0,"pct":100},"branches":{"total":0,"covered":0,"skipped":0,"pct":100}}
,"C:/Users/admin/Desktop/cookbook/CooksBook/src/components/RecipePlaylistDetailComponents/HeroSection/HeroComponent.jsx": {"lines":{"total":10,"covered":10,"skipped":0,"pct":100},"functions":{"total":1,"covered":1,"skipped":0,"pct":100},"statements":{"total":13,"covered":13,"skipped":0,"pct":100},"branches":{"total":2,"covered":2,"skipped":0,"pct":100}}
,"C:/Users/admin/Desktop/cookbook/CooksBook/src/components/RecipePlaylistDetailComponents/HeroSection/PlaylistSideBar.cy.jsx": {"lines":{"total":34,"covered":34,"skipped":0,"pct":100},"functions":{"total":8,"covered":8,"skipped":0,"pct":100},"statements":{"total":34,"covered":34,"skipped":0,"pct":100},"branches":{"total":0,"covered":0,"skipped":0,"pct":100}}
,"C:/Users/admin/Desktop/cookbook/CooksBook/src/components/RecipePlaylistDetailComponents/HeroSection/PlaylistSideBar.jsx": {"lines":{"total":37,"covered":34,"skipped":0,"pct":91.89},"functions":{"total":15,"covered":14,"skipped":0,"pct":93.33},"statements":{"total":54,"covered":50,"skipped":0,"pct":92.59},"branches":{"total":8,"covered":8,"skipped":0,"pct":100}}
,"C:/Users/admin/Desktop/cookbook/CooksBook/src/components/RecipePlaylistDetailComponents/HeroSection/RecipeSideBar.cy.jsx": {"lines":{"total":40,"covered":40,"skipped":0,"pct":100},"functions":{"total":8,"covered":8,"skipped":0,"pct":100},"statements":{"total":40,"covered":40,"skipped":0,"pct":100},"branches":{"total":0,"covered":0,"skipped":0,"pct":100}}
,"C:/Users/admin/Desktop/cookbook/CooksBook/src/components/RecipePlaylistDetailComponents/HeroSection/RecipeSideBar.jsx": {"lines":{"total":34,"covered":31,"skipped":0,"pct":91.17},"functions":{"total":13,"covered":12,"skipped":0,"pct":92.3},"statements":{"total":49,"covered":45,"skipped":0,"pct":91.83},"branches":{"total":14,"covered":14,"skipped":0,"pct":100}}
,"C:/Users/admin/Desktop/cookbook/CooksBook/src/components/RecipePlaylistDetailComponents/HeroSection/Shared.jsx": {"lines":{"total":4,"covered":4,"skipped":0,"pct":100},"functions":{"total":1,"covered":1,"skipped":0,"pct":100},"statements":{"total":4,"covered":4,"skipped":0,"pct":100},"branches":{"total":2,"covered":2,"skipped":0,"pct":100}}
,"C:/Users/admin/Desktop/cookbook/CooksBook/src/components/RecipePlaylistDetailComponents/Ingredients/Ingredients.cy.jsx": {"lines":{"total":45,"covered":45,"skipped":0,"pct":100},"functions":{"total":7,"covered":7,"skipped":0,"pct":100},"statements":{"total":45,"covered":45,"skipped":0,"pct":100},"branches":{"total":0,"covered":0,"skipped":0,"pct":100}}
,"C:/Users/admin/Desktop/cookbook/CooksBook/src/components/RecipePlaylistDetailComponents/Ingredients/Ingredients.jsx": {"lines":{"total":79,"covered":79,"skipped":0,"pct":100},"functions":{"total":31,"covered":31,"skipped":0,"pct":100},"statements":{"total":117,"covered":117,"skipped":0,"pct":100},"branches":{"total":43,"covered":29,"skipped":0,"pct":67.44}}
,"C:/Users/admin/Desktop/cookbook/CooksBook/src/components/RecipePlaylistDetailComponents/Reviews/Review.cy.jsx": {"lines":{"total":7,"covered":7,"skipped":0,"pct":100},"functions":{"total":2,"covered":2,"skipped":0,"pct":100},"statements":{"total":7,"covered":7,"skipped":0,"pct":100},"branches":{"total":0,"covered":0,"skipped":0,"pct":100}}
,"C:/Users/admin/Desktop/cookbook/CooksBook/src/components/RecipePlaylistDetailComponents/Reviews/Review.jsx": {"lines":{"total":9,"covered":9,"skipped":0,"pct":100},"functions":{"total":1,"covered":1,"skipped":0,"pct":100},"statements":{"total":12,"covered":12,"skipped":0,"pct":100},"branches":{"total":0,"covered":0,"skipped":0,"pct":100}}
,"C:/Users/admin/Desktop/cookbook/CooksBook/src/components/RecipePlaylistDetailComponents/Reviews/ReviewForm.cy.jsx": {"lines":{"total":38,"covered":38,"skipped":0,"pct":100},"functions":{"total":7,"covered":7,"skipped":0,"pct":100},"statements":{"total":38,"covered":38,"skipped":0,"pct":100},"branches":{"total":0,"covered":0,"skipped":0,"pct":100}}
,"C:/Users/admin/Desktop/cookbook/CooksBook/src/components/RecipePlaylistDetailComponents/Reviews/ReviewForm.jsx": {"lines":{"total":54,"covered":54,"skipped":0,"pct":100},"functions":{"total":18,"covered":18,"skipped":0,"pct":100},"statements":{"total":73,"covered":73,"skipped":0,"pct":100},"branches":{"total":44,"covered":36,"skipped":0,"pct":81.81}}
,"C:/Users/admin/Desktop/cookbook/CooksBook/src/components/RecipePlaylistDetailComponents/Reviews/Reviews.cy.jsx": {"lines":{"total":21,"covered":21,"skipped":0,"pct":100},"functions":{"total":4,"covered":4,"skipped":0,"pct":100},"statements":{"total":21,"covered":21,"skipped":0,"pct":100},"branches":{"total":0,"covered":0,"skipped":0,"pct":100}}
,"C:/Users/admin/Desktop/cookbook/CooksBook/src/components/RecipePlaylistDetailComponents/Reviews/Reviews.jsx": {"lines":{"total":18,"covered":18,"skipped":0,"pct":100},"functions":{"total":3,"covered":3,"skipped":0,"pct":100},"statements":{"total":25,"covered":25,"skipped":0,"pct":100},"branches":{"total":0,"covered":0,"skipped":0,"pct":100}}
,"C:/Users/admin/Desktop/cookbook/CooksBook/src/components/RecipePlaylistDetailComponents/SharedComponents/SharedComponents.jsx": {"lines":{"total":23,"covered":23,"skipped":0,"pct":100},"functions":{"total":7,"covered":7,"skipped":0,"pct":100},"statements":{"total":31,"covered":31,"skipped":0,"pct":100},"branches":{"total":5,"covered":5,"skipped":0,"pct":100}}
,"C:/Users/admin/Desktop/cookbook/CooksBook/src/pages/LoadingPage.cy.jsx": {"lines":{"total":20,"covered":20,"skipped":0,"pct":100},"functions":{"total":4,"covered":4,"skipped":0,"pct":100},"statements":{"total":20,"covered":20,"skipped":0,"pct":100},"branches":{"total":0,"covered":0,"skipped":0,"pct":100}}
,"C:/Users/admin/Desktop/cookbook/CooksBook/src/pages/LoadingPage.jsx": {"lines":{"total":12,"covered":12,"skipped":0,"pct":100},"functions":{"total":5,"covered":5,"skipped":0,"pct":100},"statements":{"total":16,"covered":16,"skipped":0,"pct":100},"branches":{"total":8,"covered":6,"skipped":0,"pct":75}}
,"C:/Users/admin/Desktop/cookbook/CooksBook/src/pages/MainPage.jsx": {"lines":{"total":4,"covered":4,"skipped":0,"pct":100},"functions":{"total":1,"covered":1,"skipped":0,"pct":100},"statements":{"total":4,"covered":4,"skipped":0,"pct":100},"branches":{"total":0,"covered":0,"skipped":0,"pct":100}}
,"C:/Users/admin/Desktop/cookbook/CooksBook/src/pages/NewRecipePage.cy.jsx": {"lines":{"total":76,"covered":76,"skipped":0,"pct":100},"functions":{"total":13,"covered":13,"skipped":0,"pct":100},"statements":{"total":76,"covered":76,"skipped":0,"pct":100},"branches":{"total":0,"covered":0,"skipped":0,"pct":100}}
,"C:/Users/admin/Desktop/cookbook/CooksBook/src/pages/NewRecipePage.jsx": {"lines":{"total":13,"covered":13,"skipped":0,"pct":100},"functions":{"total":3,"covered":3,"skipped":0,"pct":100},"statements":{"total":19,"covered":19,"skipped":0,"pct":100},"branches":{"total":4,"covered":4,"skipped":0,"pct":100}}
,"C:/Users/admin/Desktop/cookbook/CooksBook/src/pages/PlaylistDetailsPage.cy.jsx": {"lines":{"total":23,"covered":23,"skipped":0,"pct":100},"functions":{"total":4,"covered":4,"skipped":0,"pct":100},"statements":{"total":23,"covered":23,"skipped":0,"pct":100},"branches":{"total":0,"covered":0,"skipped":0,"pct":100}}
,"C:/Users/admin/Desktop/cookbook/CooksBook/src/pages/PlaylistDetailsPage.jsx": {"lines":{"total":20,"covered":20,"skipped":0,"pct":100},"functions":{"total":3,"covered":3,"skipped":0,"pct":100},"statements":{"total":27,"covered":27,"skipped":0,"pct":100},"branches":{"total":22,"covered":19,"skipped":0,"pct":86.36}}
,"C:/Users/admin/Desktop/cookbook/CooksBook/src/pages/PlaylistsPage.cy.jsx": {"lines":{"total":73,"covered":73,"skipped":0,"pct":100},"functions":{"total":14,"covered":14,"skipped":0,"pct":100},"statements":{"total":73,"covered":73,"skipped":0,"pct":100},"branches":{"total":1,"covered":1,"skipped":0,"pct":100}}
,"C:/Users/admin/Desktop/cookbook/CooksBook/src/pages/PlaylistsPage.jsx": {"lines":{"total":15,"covered":14,"skipped":0,"pct":93.33},"functions":{"total":7,"covered":5,"skipped":0,"pct":71.42},"statements":{"total":21,"covered":19,"skipped":0,"pct":90.47},"branches":{"total":20,"covered":10,"skipped":0,"pct":50}}
,"C:/Users/admin/Desktop/cookbook/CooksBook/src/pages/ProfilePage.cy.jsx": {"lines":{"total":42,"covered":42,"skipped":0,"pct":100},"functions":{"total":6,"covered":6,"skipped":0,"pct":100},"statements":{"total":42,"covered":42,"skipped":0,"pct":100},"branches":{"total":0,"covered":0,"skipped":0,"pct":100}}
,"C:/Users/admin/Desktop/cookbook/CooksBook/src/pages/ProfilePage.jsx": {"lines":{"total":24,"covered":24,"skipped":0,"pct":100},"functions":{"total":7,"covered":7,"skipped":0,"pct":100},"statements":{"total":34,"covered":34,"skipped":0,"pct":100},"branches":{"total":0,"covered":0,"skipped":0,"pct":100}}
,"C:/Users/admin/Desktop/cookbook/CooksBook/src/pages/RecipeDetailPage.cy.jsx": {"lines":{"total":36,"covered":36,"skipped":0,"pct":100},"functions":{"total":4,"covered":4,"skipped":0,"pct":100},"statements":{"total":36,"covered":36,"skipped":0,"pct":100},"branches":{"total":0,"covered":0,"skipped":0,"pct":100}}
,"C:/Users/admin/Desktop/cookbook/CooksBook/src/pages/RecipeDetailPage.jsx": {"lines":{"total":11,"covered":11,"skipped":0,"pct":100},"functions":{"total":3,"covered":3,"skipped":0,"pct":100},"statements":{"total":18,"covered":18,"skipped":0,"pct":100},"branches":{"total":6,"covered":6,"skipped":0,"pct":100}}
,"C:/Users/admin/Desktop/cookbook/CooksBook/src/pages/RecipesPage.cy.jsx": {"lines":{"total":73,"covered":73,"skipped":0,"pct":100},"functions":{"total":14,"covered":14,"skipped":0,"pct":100},"statements":{"total":73,"covered":73,"skipped":0,"pct":100},"branches":{"total":1,"covered":1,"skipped":0,"pct":100}}
,"C:/Users/admin/Desktop/cookbook/CooksBook/src/pages/RecipesPage.jsx": {"lines":{"total":17,"covered":16,"skipped":0,"pct":94.11},"functions":{"total":7,"covered":5,"skipped":0,"pct":71.42},"statements":{"total":21,"covered":19,"skipped":0,"pct":90.47},"branches":{"total":20,"covered":10,"skipped":0,"pct":50}}
,"C:/Users/admin/Desktop/cookbook/CooksBook/src/pages/RegisterPage.cy.jsx": {"lines":{"total":77,"covered":77,"skipped":0,"pct":100},"functions":{"total":10,"covered":10,"skipped":0,"pct":100},"statements":{"total":77,"covered":77,"skipped":0,"pct":100},"branches":{"total":0,"covered":0,"skipped":0,"pct":100}}
,"C:/Users/admin/Desktop/cookbook/CooksBook/src/pages/RegisterPage.jsx": {"lines":{"total":47,"covered":47,"skipped":0,"pct":100},"functions":{"total":5,"covered":5,"skipped":0,"pct":100},"statements":{"total":64,"covered":64,"skipped":0,"pct":100},"branches":{"total":46,"covered":38,"skipped":0,"pct":82.6}}
,"C:/Users/admin/Desktop/cookbook/CooksBook/src/router/ErrorPage.cy.jsx": {"lines":{"total":31,"covered":31,"skipped":0,"pct":100},"functions":{"total":10,"covered":10,"skipped":0,"pct":100},"statements":{"total":31,"covered":31,"skipped":0,"pct":100},"branches":{"total":0,"covered":0,"skipped":0,"pct":100}}
,"C:/Users/admin/Desktop/cookbook/CooksBook/src/router/ErrorPage.jsx": {"lines":{"total":19,"covered":18,"skipped":0,"pct":94.73},"functions":{"total":3,"covered":1,"skipped":0,"pct":33.33},"statements":{"total":30,"covered":28,"skipped":0,"pct":93.33},"branches":{"total":6,"covered":3,"skipped":0,"pct":50}}
,"C:/Users/admin/Desktop/cookbook/CooksBook/src/router/index.jsx": {"lines":{"total":1,"covered":1,"skipped":0,"pct":100},"functions":{"total":0,"covered":0,"skipped":0,"pct":100},"statements":{"total":1,"covered":1,"skipped":0,"pct":100},"branches":{"total":0,"covered":0,"skipped":0,"pct":100}}
,"C:/Users/admin/Desktop/cookbook/CooksBook/src/router/routes.jsx": {"lines":{"total":1,"covered":1,"skipped":0,"pct":100},"functions":{"total":0,"covered":0,"skipped":0,"pct":100},"statements":{"total":1,"covered":1,"skipped":0,"pct":100},"branches":{"total":0,"covered":0,"skipped":0,"pct":100}}
,"C:/Users/admin/Desktop/cookbook/CooksBook/src/router/auth/RequireAuth.cy.jsx": {"lines":{"total":9,"covered":9,"skipped":0,"pct":100},"functions":{"total":3,"covered":3,"skipped":0,"pct":100},"statements":{"total":9,"covered":9,"skipped":0,"pct":100},"branches":{"total":0,"covered":0,"skipped":0,"pct":100}}
,"C:/Users/admin/Desktop/cookbook/CooksBook/src/router/auth/RequireAuth.jsx": {"lines":{"total":9,"covered":9,"skipped":0,"pct":100},"functions":{"total":5,"covered":5,"skipped":0,"pct":100},"statements":{"total":17,"covered":17,"skipped":0,"pct":100},"branches":{"total":2,"covered":1,"skipped":0,"pct":50}}
,"C:/Users/admin/Desktop/cookbook/CooksBook/src/router/root/RootLayout.cy.jsx": {"lines":{"total":18,"covered":18,"skipped":0,"pct":100},"functions":{"total":4,"covered":4,"skipped":0,"pct":100},"statements":{"total":18,"covered":18,"skipped":0,"pct":100},"branches":{"total":0,"covered":0,"skipped":0,"pct":100}}
,"C:/Users/admin/Desktop/cookbook/CooksBook/src/router/root/RootLayout.jsx": {"lines":{"total":8,"covered":8,"skipped":0,"pct":100},"functions":{"total":3,"covered":3,"skipped":0,"pct":100},"statements":{"total":15,"covered":15,"skipped":0,"pct":100},"branches":{"total":2,"covered":2,"skipped":0,"pct":100}}
,"C:/Users/admin/Desktop/cookbook/CooksBook/src/router/root/playlistDetailLoader.js": {"lines":{"total":4,"covered":4,"skipped":0,"pct":100},"functions":{"total":1,"covered":1,"skipped":0,"pct":100},"statements":{"total":4,"covered":4,"skipped":0,"pct":100},"branches":{"total":0,"covered":0,"skipped":0,"pct":100}}
,"C:/Users/admin/Desktop/cookbook/CooksBook/src/router/root/recipeDetailLoader.js": {"lines":{"total":4,"covered":4,"skipped":0,"pct":100},"functions":{"total":1,"covered":1,"skipped":0,"pct":100},"statements":{"total":4,"covered":4,"skipped":0,"pct":100},"branches":{"total":0,"covered":0,"skipped":0,"pct":100}}
,"C:/Users/admin/Desktop/cookbook/CooksBook/src/shared/hooks/useAuthAction.js": {"lines":{"total":9,"covered":7,"skipped":0,"pct":77.77},"functions":{"total":3,"covered":3,"skipped":0,"pct":100},"statements":{"total":9,"covered":7,"skipped":0,"pct":77.77},"branches":{"total":1,"covered":0,"skipped":0,"pct":0}}
,"C:/Users/admin/Desktop/cookbook/CooksBook/src/shared/hooks/useCreateRecipeForm.js": {"lines":{"total":121,"covered":108,"skipped":0,"pct":89.25},"functions":{"total":47,"covered":43,"skipped":0,"pct":91.48},"statements":{"total":149,"covered":130,"skipped":0,"pct":87.24},"branches":{"total":48,"covered":31,"skipped":0,"pct":64.58}}
,"C:/Users/admin/Desktop/cookbook/CooksBook/src/shared/hooks/useDebounce.js": {"lines":{"total":7,"covered":7,"skipped":0,"pct":100},"functions":{"total":4,"covered":4,"skipped":0,"pct":100},"statements":{"total":8,"covered":8,"skipped":0,"pct":100},"branches":{"total":0,"covered":0,"skipped":0,"pct":100}}
,"C:/Users/admin/Desktop/cookbook/CooksBook/src/shared/hooks/useFilterParams.js": {"lines":{"total":18,"covered":17,"skipped":0,"pct":94.44},"functions":{"total":5,"covered":5,"skipped":0,"pct":100},"statements":{"total":19,"covered":18,"skipped":0,"pct":94.73},"branches":{"total":6,"covered":4,"skipped":0,"pct":66.66}}
,"C:/Users/admin/Desktop/cookbook/CooksBook/src/shared/hooks/useScrollDirection.js": {"lines":{"total":13,"covered":13,"skipped":0,"pct":100},"functions":{"total":4,"covered":4,"skipped":0,"pct":100},"statements":{"total":14,"covered":14,"skipped":0,"pct":100},"branches":{"total":5,"covered":5,"skipped":0,"pct":100}}
,"C:/Users/admin/Desktop/cookbook/CooksBook/src/shared/utils/generateUrl.js": {"lines":{"total":2,"covered":2,"skipped":0,"pct":100},"functions":{"total":1,"covered":1,"skipped":0,"pct":100},"statements":{"total":3,"covered":3,"skipped":0,"pct":100},"branches":{"total":0,"covered":0,"skipped":0,"pct":100}}
,"C:/Users/admin/Desktop/cookbook/CooksBook/src/shared/utils/mockData.js": {"lines":{"total":5,"covered":5,"skipped":0,"pct":100},"functions":{"total":0,"covered":0,"skipped":0,"pct":100},"statements":{"total":5,"covered":5,"skipped":0,"pct":100},"branches":{"total":0,"covered":0,"skipped":0,"pct":100}}
,"C:/Users/admin/Desktop/cookbook/CooksBook/src/shared/utils/selectInputsValues.js": {"lines":{"total":4,"covered":4,"skipped":0,"pct":100},"functions":{"total":0,"covered":0,"skipped":0,"pct":100},"statements":{"total":4,"covered":4,"skipped":0,"pct":100},"branches":{"total":0,"covered":0,"skipped":0,"pct":100}}
,"C:/Users/admin/Desktop/cookbook/CooksBook/src/shared/utils/validation.js": {"lines":{"total":19,"covered":16,"skipped":0,"pct":84.21},"functions":{"total":9,"covered":6,"skipped":0,"pct":66.66},"statements":{"total":20,"covered":17,"skipped":0,"pct":85},"branches":{"total":9,"covered":4,"skipped":0,"pct":44.44}}
,"C:/Users/admin/Desktop/cookbook/CooksBook/src/store/authSlice.js": {"lines":{"total":39,"covered":31,"skipped":0,"pct":79.48},"functions":{"total":8,"covered":7,"skipped":0,"pct":87.5},"statements":{"total":39,"covered":31,"skipped":0,"pct":79.48},"branches":{"total":14,"covered":9,"skipped":0,"pct":64.28}}
,"C:/Users/admin/Desktop/cookbook/CooksBook/src/store/store.js": {"lines":{"total":2,"covered":2,"skipped":0,"pct":100},"functions":{"total":1,"covered":1,"skipped":0,"pct":100},"statements":{"total":2,"covered":2,"skipped":0,"pct":100},"branches":{"total":0,"covered":0,"skipped":0,"pct":100}}
,"C:/Users/admin/Desktop/cookbook/CooksBook/src/store/uiSlice.js": {"lines":{"total":12,"covered":8,"skipped":0,"pct":66.66},"functions":{"total":5,"covered":3,"skipped":0,"pct":60},"statements":{"total":12,"covered":8,"skipped":0,"pct":66.66},"branches":{"total":0,"covered":0,"skipped":0,"pct":100}}
,"C:/Users/admin/Desktop/cookbook/CooksBook/src/store/api/apiSlice.js": {"lines":{"total":22,"covered":22,"skipped":0,"pct":100},"functions":{"total":3,"covered":3,"skipped":0,"pct":100},"statements":{"total":22,"covered":22,"skipped":0,"pct":100},"branches":{"total":11,"covered":9,"skipped":0,"pct":81.81}}
,"C:/Users/admin/Desktop/cookbook/CooksBook/src/store/api/authApi.js": {"lines":{"total":20,"covered":20,"skipped":0,"pct":100},"functions":{"total":10,"covered":10,"skipped":0,"pct":100},"statements":{"total":20,"covered":20,"skipped":0,"pct":100},"branches":{"total":0,"covered":0,"skipped":0,"pct":100}}
,"C:/Users/admin/Desktop/cookbook/CooksBook/src/store/api/playlistApi.js": {"lines":{"total":23,"covered":18,"skipped":0,"pct":78.26},"functions":{"total":14,"covered":10,"skipped":0,"pct":71.42},"statements":{"total":23,"covered":18,"skipped":0,"pct":78.26},"branches":{"total":4,"covered":4,"skipped":0,"pct":100}}
,"C:/Users/admin/Desktop/cookbook/CooksBook/src/store/api/recipesApi.js": {"lines":{"total":23,"covered":22,"skipped":0,"pct":95.65},"functions":{"total":14,"covered":14,"skipped":0,"pct":100},"statements":{"total":23,"covered":22,"skipped":0,"pct":95.65},"branches":{"total":2,"covered":2,"skipped":0,"pct":100}}
,"C:/Users/admin/Desktop/cookbook/CooksBook/src/store/api/uploadsApi.js": {"lines":{"total":6,"covered":3,"skipped":0,"pct":50},"functions":{"total":2,"covered":1,"skipped":0,"pct":50},"statements":{"total":6,"covered":3,"skipped":0,"pct":50},"branches":{"total":2,"covered":0,"skipped":0,"pct":0}}
,"C:/Users/admin/Desktop/cookbook/CooksBook/src/store/selectors/authSelectors.js": {"lines":{"total":21,"covered":21,"skipped":0,"pct":100},"functions":{"total":14,"covered":10,"skipped":0,"pct":71.42},"statements":{"total":29,"covered":25,"skipped":0,"pct":86.2},"branches":{"total":14,"covered":10,"skipped":0,"pct":71.42}}
,"C:/Users/admin/Desktop/cookbook/CooksBook/src/store/selectors/uiSelectors.js": {"lines":{"total":3,"covered":3,"skipped":0,"pct":100},"functions":{"total":3,"covered":1,"skipped":0,"pct":33.33},"statements":{"total":6,"covered":4,"skipped":0,"pct":66.66},"branches":{"total":0,"covered":0,"skipped":0,"pct":100}}
,"C:/Users/admin/Desktop/cookbook/CooksBook/src/ui/StyledLink.jsx": {"lines":{"total":1,"covered":1,"skipped":0,"pct":100},"functions":{"total":0,"covered":0,"skipped":0,"pct":100},"statements":{"total":1,"covered":1,"skipped":0,"pct":100},"branches":{"total":0,"covered":0,"skipped":0,"pct":100}}
,"C:/Users/admin/Desktop/cookbook/CooksBook/src/ui/buttons/DeleteButton.jsx": {"lines":{"total":1,"covered":1,"skipped":0,"pct":100},"functions":{"total":0,"covered":0,"skipped":0,"pct":100},"statements":{"total":1,"covered":1,"skipped":0,"pct":100},"branches":{"total":0,"covered":0,"skipped":0,"pct":100}}
,"C:/Users/admin/Desktop/cookbook/CooksBook/src/ui/buttons/FocusButton.jsx": {"lines":{"total":3,"covered":3,"skipped":0,"pct":100},"functions":{"total":2,"covered":2,"skipped":0,"pct":100},"statements":{"total":3,"covered":3,"skipped":0,"pct":100},"branches":{"total":4,"covered":3,"skipped":0,"pct":75}}
,"C:/Users/admin/Desktop/cookbook/CooksBook/src/ui/buttons/HollowButton.jsx": {"lines":{"total":3,"covered":3,"skipped":0,"pct":100},"functions":{"total":2,"covered":2,"skipped":0,"pct":100},"statements":{"total":3,"covered":3,"skipped":0,"pct":100},"branches":{"total":4,"covered":4,"skipped":0,"pct":100}}
,"C:/Users/admin/Desktop/cookbook/CooksBook/src/ui/buttons/NavButton.jsx": {"lines":{"total":19,"covered":15,"skipped":0,"pct":78.94},"functions":{"total":11,"covered":11,"skipped":0,"pct":100},"statements":{"total":23,"covered":17,"skipped":0,"pct":73.91},"branches":{"total":19,"covered":16,"skipped":0,"pct":84.21}}
,"C:/Users/admin/Desktop/cookbook/CooksBook/src/ui/buttons/TextButton.jsx": {"lines":{"total":3,"covered":3,"skipped":0,"pct":100},"functions":{"total":2,"covered":2,"skipped":0,"pct":100},"statements":{"total":3,"covered":3,"skipped":0,"pct":100},"branches":{"total":4,"covered":4,"skipped":0,"pct":100}}
,"C:/Users/admin/Desktop/cookbook/CooksBook/src/ui/buttons/WideFocusButton.cy.jsx": {"lines":{"total":10,"covered":10,"skipped":0,"pct":100},"functions":{"total":3,"covered":3,"skipped":0,"pct":100},"statements":{"total":10,"covered":10,"skipped":0,"pct":100},"branches":{"total":0,"covered":0,"skipped":0,"pct":100}}
,"C:/Users/admin/Desktop/cookbook/CooksBook/src/ui/buttons/WideFocusButton.jsx": {"lines":{"total":3,"covered":3,"skipped":0,"pct":100},"functions":{"total":2,"covered":2,"skipped":0,"pct":100},"statements":{"total":3,"covered":3,"skipped":0,"pct":100},"branches":{"total":4,"covered":4,"skipped":0,"pct":100}}
,"C:/Users/admin/Desktop/cookbook/CooksBook/src/ui/inputs/Error.jsx": {"lines":{"total":1,"covered":1,"skipped":0,"pct":100},"functions":{"total":0,"covered":0,"skipped":0,"pct":100},"statements":{"total":1,"covered":1,"skipped":0,"pct":100},"branches":{"total":0,"covered":0,"skipped":0,"pct":100}}
,"C:/Users/admin/Desktop/cookbook/CooksBook/src/ui/inputs/Field.jsx": {"lines":{"total":1,"covered":1,"skipped":0,"pct":100},"functions":{"total":0,"covered":0,"skipped":0,"pct":100},"statements":{"total":1,"covered":1,"skipped":0,"pct":100},"branches":{"total":0,"covered":0,"skipped":0,"pct":100}}
,"C:/Users/admin/Desktop/cookbook/CooksBook/src/ui/inputs/ImageInput.cy.jsx": {"lines":{"total":29,"covered":29,"skipped":0,"pct":100},"functions":{"total":7,"covered":7,"skipped":0,"pct":100},"statements":{"total":29,"covered":29,"skipped":0,"pct":100},"branches":{"total":0,"covered":0,"skipped":0,"pct":100}}
,"C:/Users/admin/Desktop/cookbook/CooksBook/src/ui/inputs/ImageInput.jsx": {"lines":{"total":11,"covered":11,"skipped":0,"pct":100},"functions":{"total":4,"covered":4,"skipped":0,"pct":100},"statements":{"total":13,"covered":13,"skipped":0,"pct":100},"branches":{"total":9,"covered":9,"skipped":0,"pct":100}}
,"C:/Users/admin/Desktop/cookbook/CooksBook/src/ui/inputs/Input.jsx": {"lines":{"total":1,"covered":1,"skipped":0,"pct":100},"functions":{"total":0,"covered":0,"skipped":0,"pct":100},"statements":{"total":1,"covered":1,"skipped":0,"pct":100},"branches":{"total":0,"covered":0,"skipped":0,"pct":100}}
,"C:/Users/admin/Desktop/cookbook/CooksBook/src/ui/inputs/PasswordInput.cy.jsx": {"lines":{"total":15,"covered":15,"skipped":0,"pct":100},"functions":{"total":4,"covered":4,"skipped":0,"pct":100},"statements":{"total":15,"covered":15,"skipped":0,"pct":100},"branches":{"total":0,"covered":0,"skipped":0,"pct":100}}
,"C:/Users/admin/Desktop/cookbook/CooksBook/src/ui/inputs/PasswordInput.jsx": {"lines":{"total":14,"covered":14,"skipped":0,"pct":100},"functions":{"total":5,"covered":5,"skipped":0,"pct":100},"statements":{"total":21,"covered":21,"skipped":0,"pct":100},"branches":{"total":16,"covered":12,"skipped":0,"pct":75}}
,"C:/Users/admin/Desktop/cookbook/CooksBook/src/ui/inputs/SearchInput.jsx": {"lines":{"total":11,"covered":11,"skipped":0,"pct":100},"functions":{"total":3,"covered":3,"skipped":0,"pct":100},"statements":{"total":15,"covered":15,"skipped":0,"pct":100},"branches":{"total":4,"covered":4,"skipped":0,"pct":100}}
,"C:/Users/admin/Desktop/cookbook/CooksBook/src/ui/inputs/SelectInput.jsx": {"lines":{"total":9,"covered":9,"skipped":0,"pct":100},"functions":{"total":3,"covered":3,"skipped":0,"pct":100},"statements":{"total":11,"covered":11,"skipped":0,"pct":100},"branches":{"total":0,"covered":0,"skipped":0,"pct":100}}
,"C:/Users/admin/Desktop/cookbook/CooksBook/src/ui/inputs/TextArea.jsx": {"lines":{"total":2,"covered":2,"skipped":0,"pct":100},"functions":{"total":1,"covered":1,"skipped":0,"pct":100},"statements":{"total":2,"covered":2,"skipped":0,"pct":100},"branches":{"total":2,"covered":2,"skipped":0,"pct":100}}
,"C:/Users/admin/Desktop/cookbook/CooksBook/src/ui/styledBlocks/BorderCard.jsx": {"lines":{"total":2,"covered":2,"skipped":0,"pct":100},"functions":{"total":1,"covered":1,"skipped":0,"pct":100},"statements":{"total":2,"covered":2,"skipped":0,"pct":100},"branches":{"total":2,"covered":2,"skipped":0,"pct":100}}
,"C:/Users/admin/Desktop/cookbook/CooksBook/src/ui/styledBlocks/Container.jsx": {"lines":{"total":10,"covered":10,"skipped":0,"pct":100},"functions":{"total":8,"covered":8,"skipped":0,"pct":100},"statements":{"total":10,"covered":10,"skipped":0,"pct":100},"branches":{"total":16,"covered":14,"skipped":0,"pct":87.5}}
,"C:/Users/admin/Desktop/cookbook/CooksBook/src/ui/styledBlocks/ContentCard.jsx": {"lines":{"total":5,"covered":5,"skipped":0,"pct":100},"functions":{"total":4,"covered":4,"skipped":0,"pct":100},"statements":{"total":5,"covered":5,"skipped":0,"pct":100},"branches":{"total":8,"covered":8,"skipped":0,"pct":100}}
,"C:/Users/admin/Desktop/cookbook/CooksBook/src/ui/texts/Display.jsx": {"lines":{"total":1,"covered":1,"skipped":0,"pct":100},"functions":{"total":0,"covered":0,"skipped":0,"pct":100},"statements":{"total":1,"covered":1,"skipped":0,"pct":100},"branches":{"total":0,"covered":0,"skipped":0,"pct":100}}
,"C:/Users/admin/Desktop/cookbook/CooksBook/src/ui/texts/Paragraph.jsx": {"lines":{"total":1,"covered":1,"skipped":0,"pct":100},"functions":{"total":0,"covered":0,"skipped":0,"pct":100},"statements":{"total":1,"covered":1,"skipped":0,"pct":100},"branches":{"total":0,"covered":0,"skipped":0,"pct":100}}
,"C:/Users/admin/Desktop/cookbook/CooksBook/src/ui/texts/SmallText.jsx": {"lines":{"total":1,"covered":1,"skipped":0,"pct":100},"functions":{"total":0,"covered":0,"skipped":0,"pct":100},"statements":{"total":1,"covered":1,"skipped":0,"pct":100},"branches":{"total":0,"covered":0,"skipped":0,"pct":100}}
,"C:/Users/admin/Desktop/cookbook/CooksBook/src/ui/texts/Wrapper.jsx": {"lines":{"total":3,"covered":3,"skipped":0,"pct":100},"functions":{"total":2,"covered":2,"skipped":0,"pct":100},"statements":{"total":3,"covered":3,"skipped":0,"pct":100},"branches":{"total":4,"covered":4,"skipped":0,"pct":100}}
}
