TN:
SF:src\App.jsx
FN:35,App
FNF:1
FNH:0
FNDA:0,App
DA:10,18
DA:17,18
DA:26,18
DA:36,0
DA:37,0
DA:49,18
DA:51,18
LF:7
LH:5
BRF:0
BRH:0
end_of_record
TN:
SF:src\main.jsx
FNF:0
FNH:0
DA:10,18
LF:1
LH:1
BRF:0
BRH:0
end_of_record
TN:
SF:src\components\Cards\SharedComponents.jsx
FNF:0
FNH:0
DA:4,147
DA:16,147
DA:22,147
DA:28,147
DA:40,147
DA:48,147
DA:58,147
DA:64,147
DA:72,147
LF:9
LH:9
BRF:0
BRH:0
end_of_record
TN:
SF:src\components\Cards\PlaylistCard\PlaylistCard.cy.jsx
FN:6,(anonymous_0)
FN:21,(anonymous_1)
FN:36,(anonymous_2)
FN:51,(anonymous_3)
FN:66,(anonymous_4)
FN:86,(anonymous_5)
FN:92,(anonymous_6)
FNF:7
FNH:7
FNDA:6,(anonymous_0)
FNDA:6,(anonymous_1)
FNDA:5,(anonymous_2)
FNDA:4,(anonymous_3)
FNDA:3,(anonymous_4)
FNDA:3,(anonymous_5)
FNDA:2,(anonymous_6)
DA:6,6
DA:9,6
DA:21,6
DA:22,6
DA:25,6
DA:26,6
DA:27,6
DA:28,6
DA:31,6
DA:36,6
DA:37,5
DA:48,5
DA:51,6
DA:52,4
DA:63,4
DA:66,6
DA:67,3
DA:73,3
DA:83,3
DA:84,3
DA:86,3
DA:88,3
DA:92,6
DA:93,2
DA:95,2
LF:25
LH:25
BRF:0
BRH:0
end_of_record
TN:
SF:src\components\Cards\PlaylistCard\PlaylistCard.jsx
FN:23,(anonymous_0)
FN:32,(anonymous_1)
FN:23,(anonymous_2)
FN:21,(anonymous_0)
FN:29,(anonymous_1)
FNF:5
FNH:5
FNDA:284,(anonymous_0)
FNDA:140,(anonymous_1)
FNDA:12,(anonymous_2)
FNDA:140,(anonymous_0)
FNDA:287,(anonymous_1)
DA:21,48
DA:23,648
DA:24,332
DA:25,424
DA:26,332
DA:27,490
DA:29,332
DA:30,424
DA:32,332
DA:33,158
DA:35,284
DA:64,48
DA:66,18
DA:67,66
DA:69,66
DA:70,66
DA:85,66
DA:86,66
DA:90,18
DA:91,18
DA:94,18
DA:95,108
DA:98,18
LF:23
LH:23
BRDA:61,0,0,8
BRDA:61,0,1,276
BRDA:37,1,0,7
BRDA:37,1,1,133
BRF:4
BRH:4
end_of_record
TN:
SF:src\components\Cards\RecipeCard\RecipeCard.cy.jsx
FN:8,(anonymous_0)
FN:19,(anonymous_1)
FN:32,(anonymous_2)
FN:41,(anonymous_3)
FN:51,(anonymous_4)
FN:69,(anonymous_5)
FN:83,(anonymous_6)
FN:99,(anonymous_7)
FN:104,(anonymous_8)
FN:116,(anonymous_9)
FN:124,(anonymous_10)
FNF:11
FNH:11
FNDA:9,(anonymous_0)
FNDA:9,(anonymous_1)
FNDA:8,(anonymous_2)
FNDA:7,(anonymous_3)
FNDA:6,(anonymous_4)
FNDA:5,(anonymous_5)
FNDA:4,(anonymous_6)
FNDA:4,(anonymous_7)
FNDA:3,(anonymous_8)
FNDA:3,(anonymous_9)
FNDA:2,(anonymous_10)
DA:8,9
DA:10,9
DA:19,9
DA:20,9
DA:22,9
DA:23,9
DA:24,9
DA:25,9
DA:27,9
DA:32,9
DA:33,8
DA:34,8
DA:36,8
DA:41,9
DA:42,7
DA:43,7
DA:45,7
DA:51,9
DA:52,6
DA:62,6
DA:64,6
DA:66,6
DA:69,9
DA:70,5
DA:77,5
DA:79,5
DA:80,5
DA:83,9
DA:84,4
DA:90,4
DA:97,4
DA:99,4
DA:100,4
DA:104,9
DA:105,3
DA:110,3
DA:112,3
DA:117,3
DA:119,3
DA:120,3
DA:124,9
DA:125,2
DA:127,2
LF:43
LH:43
BRF:0
BRH:0
end_of_record
TN:
SF:src\components\Cards\RecipeCard\RecipeCard.jsx
FN:29,(anonymous_0)
FN:42,(anonymous_1)
FN:45,(anonymous_2)
FN:29,(anonymous_3)
FN:94,(anonymous_4)
FN:27,(anonymous_0)
FN:39,(anonymous_1)
FN:43,(anonymous_2)
FN:82,(anonymous_3)
FNF:9
FNH:9
FNDA:186,(anonymous_0)
FNDA:182,(anonymous_1)
FNDA:182,(anonymous_2)
FNDA:13,(anonymous_3)
FNDA:218,(anonymous_4)
FNDA:182,(anonymous_0)
FNDA:190,(anonymous_1)
FNDA:189,(anonymous_2)
FNDA:235,(anonymous_3)
DA:27,112
DA:29,698
DA:31,298
DA:33,498
DA:34,568
DA:35,498
DA:36,298
DA:37,298
DA:39,298
DA:40,368
DA:42,298
DA:43,200
DA:44,21
DA:45,298
DA:46,200
DA:48,186
DA:78,112
DA:80,130
DA:82,235
DA:87,18
DA:89,54
DA:95,218
DA:100,18
LF:23
LH:23
BRDA:72,0,0,12
BRDA:72,0,1,174
BRDA:75,1,0,28
BRDA:75,1,1,158
BRDA:95,2,0,0
BRDA:95,2,1,218
BRDA:97,3,0,160
BRDA:97,3,1,58
BRDA:69,4,0,14
BRDA:69,4,1,168
BRDA:71,5,0,6
BRDA:71,5,1,176
BRDA:82,6,0,94
BRDA:82,6,1,352
BRF:14
BRH:13
end_of_record
TN:
SF:src\components\Cards\SkeletonCard\SkeletonCard.cy.jsx
FN:3,(anonymous_0)
FN:4,(anonymous_1)
FNF:2
FNH:2
FNDA:2,(anonymous_0)
FNDA:2,(anonymous_1)
DA:3,2
DA:4,2
DA:5,2
DA:7,2
LF:4
LH:4
BRF:0
BRH:0
end_of_record
TN:
SF:src\components\Cards\SkeletonCard\SkeletonCard.jsx
FNF:0
FNH:0
DA:3,93
DA:9,93
LF:2
LH:2
BRF:0
BRH:0
end_of_record
TN:
SF:src\components\Carousel\CardCarousels\BaseCarousel\CardCarousel.cy.jsx
FN:3,(anonymous_0)
FN:60,(anonymous_1)
FN:61,(anonymous_2)
FN:63,(anonymous_3)
FN:73,(anonymous_4)
FN:85,(anonymous_5)
FN:98,(anonymous_6)
FN:104,(anonymous_7)
FN:118,(anonymous_8)
FN:142,(anonymous_9)
FNF:10
FNH:10
FNDA:8,(anonymous_0)
FNDA:7,(anonymous_1)
FNDA:7,(anonymous_2)
FNDA:8,(anonymous_3)
FNDA:7,(anonymous_4)
FNDA:6,(anonymous_5)
FNDA:5,(anonymous_6)
FNDA:4,(anonymous_7)
FNDA:3,(anonymous_8)
FNDA:2,(anonymous_9)
DA:3,8
DA:5,8
DA:60,8
DA:61,8
DA:63,8
DA:64,8
DA:70,8
DA:73,8
DA:74,7
DA:76,7
DA:82,7
DA:85,8
DA:86,6
DA:87,6
DA:95,6
DA:98,8
DA:99,5
DA:101,5
DA:104,8
DA:105,4
DA:109,4
DA:110,4
DA:113,4
DA:115,4
DA:118,8
DA:119,3
DA:121,3
DA:124,3
DA:128,3
DA:131,3
DA:135,3
DA:137,3
DA:142,8
DA:143,2
DA:145,2
DA:147,2
DA:149,2
LF:37
LH:37
BRF:0
BRH:0
end_of_record
TN:
SF:src\components\Carousel\CardCarousels\BaseCarousel\CardCarousel.jsx
FN:10,(anonymous_0)
FN:26,(anonymous_1)
FN:27,(anonymous_2)
FN:29,(anonymous_3)
FN:30,(anonymous_4)
FN:44,(anonymous_5)
FN:67,(anonymous_6)
FN:131,(anonymous_7)
FN:149,(anonymous_8)
FN:8,(anonymous_0)
FN:23,(anonymous_1)
FN:24,(anonymous_2)
FN:27,(anonymous_3)
FN:28,(anonymous_4)
FN:38,(anonymous_5)
FN:62,(anonymous_6)
FN:121,(anonymous_7)
FN:136,(anonymous_8)
FNF:18
FNH:18
FNDA:212,(anonymous_0)
FNDA:261,(anonymous_1)
FNDA:3,(anonymous_2)
FNDA:261,(anonymous_3)
FNDA:261,(anonymous_4)
FNDA:741,(anonymous_5)
FNDA:525,(anonymous_6)
FNDA:212,(anonymous_7)
FNDA:744,(anonymous_8)
FNDA:261,(anonymous_0)
FNDA:215,(anonymous_1)
FNDA:215,(anonymous_2)
FNDA:215,(anonymous_3)
FNDA:215,(anonymous_4)
FNDA:809,(anonymous_5)
FNDA:299,(anonymous_6)
FNDA:228,(anonymous_7)
FNDA:684,(anonymous_8)
DA:8,31
DA:10,31
DA:18,801
DA:19,279
DA:22,473
DA:23,473
DA:24,215
DA:26,243
DA:27,279
DA:28,42
DA:29,243
DA:30,261
DA:31,279
DA:33,522
DA:34,279
DA:36,473
DA:38,615
DA:39,243
DA:41,421
DA:42,274
DA:45,679
DA:52,83
DA:53,62
DA:54,102
DA:58,83
DA:59,86
DA:62,123
DA:68,300
DA:98,50
DA:103,279
DA:105,212
DA:106,31
DA:111,18
DA:113,31
DA:119,49
DA:121,246
DA:127,49
DA:129,49
DA:131,243
DA:134,18
DA:136,702
DA:141,18
DA:143,18
DA:146,18
DA:148,126
DA:149,744
DA:152,18
LF:47
LH:47
BRDA:16,0,0,512
BRDA:17,1,0,212
BRDA:22,2,0,212
BRDA:22,2,1,176
BRDA:36,3,0,411
BRDA:36,3,1,90
BRDA:39,4,0,160
BRDA:39,4,1,52
BRDA:52,5,0,0
BRDA:52,5,1,52
BRDA:55,6,0,12
BRDA:55,6,1,50
BRDA:58,7,0,36
BRDA:58,7,1,16
BRDA:69,8,0,280
BRDA:69,8,1,34
BRDA:78,9,0,72
BRDA:78,9,1,42
BRDA:107,10,0,212
BRDA:107,10,1,212
BRDA:15,11,0,37
BRDA:18,12,0,261
BRDA:18,12,1,225
BRDA:33,13,0,261
BRDA:33,13,1,13
BRDA:36,14,0,199
BRDA:36,14,1,62
BRDA:42,15,0,172
BRDA:42,15,1,102
BRDA:42,16,0,172
BRDA:42,16,1,52
BRDA:54,17,0,36
BRDA:54,17,1,66
BRDA:62,18,0,107
BRDA:62,18,1,32
BRDA:61,19,0,72
BRDA:61,19,1,29
BRDA:103,20,0,261
BRDA:103,20,1,228
BRF:39
BRH:38
end_of_record
TN:
SF:src\components\Carousel\CardCarousels\CarouselWrappers\PlaylistCarouselSection.cy.jsx
FN:3,(anonymous_0)
FN:23,(anonymous_1)
FN:44,(anonymous_2)
FN:56,(anonymous_3)
FN:67,(anonymous_4)
FNF:5
FNH:5
FNDA:5,(anonymous_0)
FNDA:5,(anonymous_1)
FNDA:4,(anonymous_2)
FNDA:3,(anonymous_3)
FNDA:2,(anonymous_4)
DA:3,5
DA:4,5
DA:23,5
DA:25,5
DA:30,5
DA:37,5
DA:39,5
DA:40,5
DA:41,5
DA:44,5
DA:45,4
DA:50,4
DA:52,4
DA:54,4
DA:56,5
DA:57,3
DA:62,3
DA:64,3
DA:67,5
DA:68,2
DA:70,2
DA:76,2
LF:22
LH:22
BRF:0
BRH:0
end_of_record
TN:
SF:src\components\Carousel\CardCarousels\CarouselWrappers\PlaylistCarouselSection.jsx
FN:4,(anonymous_0)
FN:4,(anonymous_1)
FN:2,(anonymous_0)
FNF:3
FNH:3
FNDA:140,(anonymous_0)
FNDA:16,(anonymous_1)
FNDA:113,(anonymous_0)
DA:2,18
DA:4,289
DA:5,131
DA:6,253
DA:7,253
DA:9,140
DA:21,18
DA:23,18
LF:8
LH:8
BRDA:7,0,0,140
BRDA:7,0,1,104
BRDA:17,1,0,140
BRDA:17,1,1,0
BRDA:4,2,0,113
BRDA:4,2,1,103
BRDA:15,3,0,113
BRDA:15,3,1,19
BRF:8
BRH:7
end_of_record
TN:
SF:src\components\Carousel\CardCarousels\CarouselWrappers\RecipeCarouselSection.cy.jsx
FN:3,(anonymous_0)
FN:23,(anonymous_1)
FN:41,(anonymous_2)
FN:53,(anonymous_3)
FN:64,(anonymous_4)
FNF:5
FNH:5
FNDA:5,(anonymous_0)
FNDA:5,(anonymous_1)
FNDA:4,(anonymous_2)
FNDA:3,(anonymous_3)
FNDA:2,(anonymous_4)
DA:3,5
DA:4,5
DA:23,5
DA:24,5
DA:29,5
DA:33,5
DA:35,5
DA:36,5
DA:37,5
DA:38,5
DA:41,5
DA:42,4
DA:47,4
DA:49,4
DA:50,4
DA:53,5
DA:54,3
DA:59,3
DA:61,3
DA:64,5
DA:65,2
DA:67,2
DA:73,2
DA:75,2
LF:24
LH:24
BRF:0
BRH:0
end_of_record
TN:
SF:src\components\Carousel\CardCarousels\CarouselWrappers\RecipeCarouselSection.jsx
FN:4,(anonymous_0)
FN:4,(anonymous_1)
FN:2,(anonymous_0)
FNF:3
FNH:3
FNDA:72,(anonymous_0)
FNDA:6,(anonymous_1)
FNDA:107,(anonymous_0)
DA:2,18
DA:4,18
DA:9,340
DA:10,179
DA:11,179
DA:13,72
DA:26,18
DA:27,18
LF:8
LH:8
BRDA:11,0,0,72
BRDA:11,0,1,56
BRDA:22,1,0,72
BRDA:22,1,1,0
BRDA:9,2,0,107
BRDA:9,2,1,95
BRDA:20,3,0,107
BRDA:20,3,1,20
BRF:8
BRH:7
end_of_record
TN:
SF:src\components\Carousel\HeroCarousel\HeroCarousel.cy.jsx
FN:3,(anonymous_0)
FN:4,(anonymous_1)
FN:5,(anonymous_2)
FN:7,(anonymous_3)
FN:15,(anonymous_4)
FN:27,(anonymous_5)
FN:37,(anonymous_6)
FN:57,(anonymous_7)
FN:86,(anonymous_8)
FNF:9
FNH:9
FNDA:7,(anonymous_0)
FNDA:18,(anonymous_1)
FNDA:11,(anonymous_2)
FNDA:7,(anonymous_3)
FNDA:6,(anonymous_4)
FNDA:5,(anonymous_5)
FNDA:4,(anonymous_6)
FNDA:3,(anonymous_7)
FNDA:2,(anonymous_8)
DA:3,7
DA:4,18
DA:5,11
DA:7,7
DA:8,7
DA:10,7
DA:12,7
DA:15,7
DA:16,6
DA:18,6
DA:19,6
DA:21,6
DA:23,6
DA:24,6
DA:27,7
DA:28,5
DA:30,5
DA:31,5
DA:33,5
DA:34,5
DA:37,7
DA:38,4
DA:39,4
DA:42,4
DA:45,4
DA:48,4
DA:50,4
DA:53,4
DA:54,4
DA:57,7
DA:58,3
DA:75,3
DA:77,3
DA:78,3
DA:82,3
DA:83,3
DA:86,7
DA:87,2
DA:89,2
DA:90,2
DA:92,2
DA:93,2
LF:42
LH:42
BRF:0
BRH:0
end_of_record
TN:
SF:src\components\Carousel\HeroCarousel\HeroCarousel.jsx
FN:38,(anonymous_0)
FN:44,(anonymous_1)
FN:45,(anonymous_2)
FN:50,(anonymous_3)
FN:51,(anonymous_4)
FN:56,(anonymous_5)
FN:58,(anonymous_6)
FN:70,(anonymous_7)
FN:36,(anonymous_0)
FN:42,(anonymous_1)
FN:44,(anonymous_2)
FN:47,(anonymous_3)
FN:50,(anonymous_4)
FN:53,(anonymous_5)
FN:56,(anonymous_6)
FN:67,(anonymous_7)
FNF:16
FNH:16
FNDA:28,(anonymous_0)
FNDA:72,(anonymous_1)
FNDA:74,(anonymous_2)
FNDA:68,(anonymous_3)
FNDA:68,(anonymous_4)
FNDA:94,(anonymous_5)
FNDA:89,(anonymous_6)
FNDA:152,(anonymous_7)
FNDA:68,(anonymous_0)
FNDA:50,(anonymous_1)
FNDA:50,(anonymous_2)
FNDA:39,(anonymous_3)
FNDA:39,(anonymous_4)
FNDA:96,(anonymous_5)
FNDA:88,(anonymous_6)
FNDA:226,(anonymous_7)
DA:11,15
DA:12,18
DA:36,15
DA:38,129
DA:39,86
DA:40,86
DA:42,96
DA:43,50
DA:44,50
DA:45,19
DA:46,21
DA:47,86
DA:48,29
DA:50,43
DA:51,15
DA:52,86
DA:54,86
DA:56,96
DA:57,41
DA:58,94
DA:61,28
DA:67,226
DA:71,152
DA:97,18
DA:99,18
LF:25
LH:25
BRDA:38,0,0,28
BRDA:46,1,0,0
BRDA:46,1,1,6
BRDA:52,2,0,0
BRDA:52,2,1,0
BRDA:36,3,0,62
BRDA:44,4,0,5
BRDA:44,4,1,17
BRDA:50,5,0,5
BRDA:50,5,1,6
BRF:10
BRH:7
end_of_record
TN:
SF:src\components\Carousel\HeroCarousel\CarouselItem\CarouselItem.jsx
FN:9,(anonymous_0)
FNF:1
FNH:1
FNDA:296,(anonymous_0)
DA:9,43
DA:10,296
DA:22,18
DA:23,18
DA:26,18
DA:27,36
LF:6
LH:6
BRF:0
BRH:0
end_of_record
TN:
SF:src\components\Carousel\HeroCarousel\CarouselItem\CarouselItemItem.cy.jsx
FN:3,(anonymous_0)
FN:13,(anonymous_1)
FN:21,(anonymous_2)
FN:30,(anonymous_3)
FN:37,(anonymous_4)
FNF:5
FNH:5
FNDA:5,(anonymous_0)
FNDA:5,(anonymous_1)
FNDA:4,(anonymous_2)
FNDA:3,(anonymous_3)
FNDA:2,(anonymous_4)
DA:3,5
DA:5,5
DA:13,5
DA:14,5
DA:16,5
DA:17,5
DA:18,5
DA:21,5
DA:22,4
DA:24,4
DA:30,5
DA:31,3
DA:33,3
DA:37,5
DA:38,2
DA:40,2
LF:16
LH:16
BRF:0
BRH:0
end_of_record
TN:
SF:src\components\Carousel\HeroCarousel\Dots\Dots.cy.jsx
FN:3,(anonymous_0)
FN:4,(anonymous_1)
FN:9,(anonymous_2)
FN:16,(anonymous_3)
FN:20,(anonymous_4)
FN:27,(anonymous_5)
FN:31,(anonymous_6)
FNF:7
FNH:7
FNDA:5,(anonymous_0)
FNDA:5,(anonymous_1)
FNDA:4,(anonymous_2)
FNDA:4,(anonymous_3)
FNDA:3,(anonymous_4)
FNDA:3,(anonymous_5)
FNDA:2,(anonymous_6)
DA:3,5
DA:4,5
DA:5,5
DA:6,5
DA:9,5
DA:10,4
DA:12,4
DA:16,4
DA:20,5
DA:21,3
DA:23,3
DA:27,3
DA:31,5
DA:32,2
DA:33,2
DA:35,2
DA:36,2
LF:17
LH:17
BRF:0
BRH:0
end_of_record
TN:
SF:src\components\Carousel\HeroCarousel\Dots\Dots.jsx
FN:3,(anonymous_0)
FN:6,(anonymous_1)
FN:10,(anonymous_2)
FN:38,(anonymous_3)
FN:6,(anonymous_1)
FN:9,(anonymous_2)
FN:27,(anonymous_3)
FNF:7
FNH:7
FNDA:138,(anonymous_0)
FNDA:166,(anonymous_1)
FNDA:252,(anonymous_2)
FNDA:84,(anonymous_3)
FNDA:280,(anonymous_1)
FNDA:90,(anonymous_2)
FNDA:252,(anonymous_3)
DA:3,38
DA:4,110
DA:6,280
DA:7,166
DA:9,90
DA:10,252
DA:15,20
DA:17,38
DA:19,20
DA:25,38
DA:27,270
DA:39,84
DA:51,18
DA:53,54
LF:14
LH:14
BRDA:39,0,0,28
BRDA:39,0,1,56
BRDA:27,1,0,82
BRDA:27,1,1,170
BRF:4
BRH:4
end_of_record
TN:
SF:src\components\Footer\Footer.cy.jsx
FN:4,(anonymous_0)
FN:5,(anonymous_1)
FNF:2
FNH:2
FNDA:2,(anonymous_0)
FNDA:2,(anonymous_1)
DA:4,2
DA:5,2
DA:6,2
DA:7,2
DA:8,2
DA:9,2
DA:10,2
DA:13,2
DA:14,2
DA:15,2
LF:10
LH:10
BRF:0
BRH:0
end_of_record
TN:
SF:src\components\Footer\Footer.jsx
FN:10,(anonymous_0)
FN:69,(anonymous_1)
FN:57,(anonymous_1)
FNF:3
FNH:3
FNDA:51,(anonymous_0)
FNDA:144,(anonymous_1)
FNDA:60,(anonymous_1)
DA:10,28
DA:11,51
DA:39,18
DA:40,18
DA:43,28
DA:44,18
DA:56,28
DA:57,78
DA:70,144
DA:76,18
DA:77,72
LF:11
LH:11
BRDA:70,0,0,144
BRDA:70,0,1,0
BRDA:57,1,0,60
BRDA:57,1,1,0
BRF:4
BRH:2
end_of_record
TN:
SF:src\components\MainPageRecipes\MainPageRecipes.cy.jsx
FN:3,(anonymous_0)
FN:23,(anonymous_1)
FN:38,(anonymous_2)
FN:51,(anonymous_3)
FN:61,(anonymous_4)
FN:72,(anonymous_5)
FNF:6
FNH:6
FNDA:6,(anonymous_0)
FNDA:6,(anonymous_1)
FNDA:5,(anonymous_2)
FNDA:4,(anonymous_3)
FNDA:3,(anonymous_4)
FNDA:2,(anonymous_5)
DA:3,6
DA:4,6
DA:23,6
DA:24,6
DA:29,6
DA:31,6
DA:33,6
DA:34,6
DA:35,6
DA:38,6
DA:39,5
DA:43,5
DA:44,5
DA:46,5
DA:51,6
DA:52,4
DA:56,4
DA:58,4
DA:61,6
DA:62,3
DA:67,3
DA:69,3
DA:72,6
DA:74,2
DA:78,2
DA:88,2
DA:89,2
DA:91,2
DA:94,2
LF:29
LH:29
BRF:0
BRH:0
end_of_record
TN:
SF:src\components\MainPageRecipes\MainPageRecipes.jsx
FN:19,(anonymous_0)
FN:62,(anonymous_1)
FN:19,(anonymous_2)
FN:18,(anonymous_0)
FN:60,(anonymous_1)
FNF:5
FNH:5
FNDA:70,(anonymous_0)
FNDA:198,(anonymous_1)
FNDA:12,(anonymous_2)
FNDA:66,(anonymous_0)
FNDA:96,(anonymous_1)
DA:10,14
DA:11,18
DA:18,14
DA:19,252
DA:20,84
DA:21,84
DA:23,84
DA:24,84
DA:25,136
DA:27,136
DA:29,70
DA:60,96
DA:62,198
DA:65,14
DA:67,32
DA:69,32
DA:88,32
DA:90,18
DA:96,32
DA:103,18
DA:120,36
LF:21
LH:21
BRDA:25,0,0,48
BRDA:25,1,0,48
BRDA:25,2,0,70
BRDA:25,2,1,48
BRDA:44,3,0,70
BRDA:44,3,1,22
BRDA:44,3,2,22
BRDA:44,3,3,22
BRDA:44,3,4,22
BRDA:20,4,0,48
BRDA:20,5,0,48
BRDA:20,6,0,66
BRDA:20,6,1,48
BRDA:37,7,0,66
BRDA:37,7,1,18
BRDA:37,7,2,14
BRDA:37,7,3,13
BRDA:37,7,4,5
BRF:18
BRH:18
end_of_record
TN:
SF:src\components\Modals\EditUserModal.cy.jsx
FN:3,(anonymous_0)
FN:14,(anonymous_1)
FN:31,(anonymous_2)
FN:51,(anonymous_3)
FN:52,(anonymous_4)
FN:80,(anonymous_5)
FN:102,(anonymous_6)
FNF:7
FNH:7
FNDA:6,(anonymous_0)
FNDA:6,(anonymous_1)
FNDA:5,(anonymous_2)
FNDA:4,(anonymous_3)
FNDA:4,(anonymous_4)
FNDA:3,(anonymous_5)
FNDA:2,(anonymous_6)
DA:3,6
DA:6,6
DA:14,6
DA:15,6
DA:24,6
DA:25,6
DA:26,6
DA:28,6
DA:31,6
DA:32,5
DA:40,5
DA:41,5
DA:42,5
DA:44,5
DA:46,5
DA:47,5
DA:48,5
DA:51,6
DA:52,4
DA:53,4
DA:59,4
DA:61,4
DA:69,4
DA:70,4
DA:73,4
DA:75,4
DA:77,4
DA:80,6
DA:81,3
DA:83,3
DA:88,3
DA:96,3
DA:97,3
DA:99,3
DA:102,6
DA:103,2
DA:105,2
DA:114,2
LF:38
LH:38
BRF:0
BRH:0
end_of_record
TN:
SF:src\components\Modals\EditUserModal.jsx
FN:19,(anonymous_0)
FN:27,(anonymous_1)
FN:31,(anonymous_2)
FN:32,(anonymous_3)
FN:39,(anonymous_4)
FN:79,(anonymous_5)
FN:85,(anonymous_6)
FN:19,(anonymous_7)
FN:17,(anonymous_0)
FN:23,(anonymous_1)
FN:28,(anonymous_2)
FN:29,(anonymous_3)
FN:36,(anonymous_4)
FN:76,(anonymous_5)
FN:83,(anonymous_6)
FNF:15
FNH:15
FNDA:46,(anonymous_0)
FNDA:105,(anonymous_1)
FNDA:105,(anonymous_2)
FNDA:99,(anonymous_3)
FNDA:91,(anonymous_4)
FNDA:91,(anonymous_5)
FNDA:89,(anonymous_6)
FNDA:6,(anonymous_7)
FNDA:89,(anonymous_0)
FNDA:84,(anonymous_1)
FNDA:84,(anonymous_2)
FNDA:73,(anonymous_3)
FNDA:58,(anonymous_4)
FNDA:50,(anonymous_5)
FNDA:46,(anonymous_6)
DA:17,19
DA:19,165
DA:20,128
DA:21,159
DA:22,122
DA:23,122
DA:25,122
DA:27,59
DA:28,100
DA:29,56
DA:31,67
DA:32,35
DA:33,92
DA:34,84
DA:36,100
DA:37,30
DA:39,59
DA:40,14
DA:41,84
DA:46,52
DA:48,45
DA:50,84
DA:51,47
DA:52,47
DA:54,21
DA:55,6
DA:56,6
DA:57,9
DA:58,9
DA:60,5
DA:61,5
DA:62,82
DA:63,0
DA:65,10
DA:67,82
DA:69,100
DA:71,59
DA:76,100
DA:77,22
DA:79,59
DA:80,44
DA:81,21
DA:82,21
DA:83,100
DA:84,18
DA:85,59
DA:86,100
DA:89,40
DA:137,19
DA:139,37
DA:140,37
DA:146,18
DA:148,18
DA:151,18
DA:152,54
LF:55
LH:54
BRDA:22,0,0,40
BRDA:22,0,1,0
BRDA:33,1,0,2
BRDA:33,2,0,10
BRDA:33,2,1,10
BRDA:50,3,0,0
BRDA:57,4,0,2
BRDA:62,5,0,0
BRDA:62,5,1,0
BRDA:81,6,0,2
BRDA:101,7,0,40
BRDA:101,7,1,0
BRDA:103,8,0,40
BRDA:103,8,1,0
BRDA:112,9,0,40
BRDA:112,9,1,0
BRDA:114,10,0,40
BRDA:114,10,1,0
BRDA:123,11,0,40
BRDA:123,11,1,0
BRDA:125,12,0,40
BRDA:125,12,1,0
BRDA:132,13,0,40
BRDA:132,13,1,0
BRDA:133,14,0,0
BRDA:133,14,1,40
BRDA:20,15,0,82
BRDA:20,15,1,0
BRDA:31,16,0,2
BRDA:31,17,0,27
BRDA:31,17,1,27
BRDA:46,18,0,5
BRDA:55,19,0,4
BRDA:60,20,0,3
BRDA:60,20,1,0
BRDA:79,21,0,4
BRDA:99,22,0,82
BRDA:99,22,1,5
BRDA:96,23,0,82
BRDA:96,23,1,5
BRDA:110,24,0,82
BRDA:110,24,1,5
BRDA:107,25,0,82
BRDA:107,25,1,5
BRDA:121,26,0,82
BRDA:121,26,1,5
BRDA:118,27,0,82
BRDA:118,27,1,5
BRDA:127,28,0,82
BRDA:127,28,1,3
BRDA:132,29,0,40
BRDA:132,29,1,82
BRF:52
BRH:38
end_of_record
TN:
SF:src\components\Modals\LoginModal.cy.jsx
FN:3,(anonymous_0)
FN:9,(anonymous_1)
FN:17,(anonymous_2)
FN:26,(anonymous_3)
FN:43,(anonymous_4)
FN:59,(anonymous_5)
FN:67,(anonymous_6)
FN:87,(anonymous_7)
FNF:8
FNH:8
FNDA:7,(anonymous_0)
FNDA:7,(anonymous_1)
FNDA:6,(anonymous_2)
FNDA:5,(anonymous_3)
FNDA:4,(anonymous_4)
FNDA:4,(anonymous_5)
FNDA:3,(anonymous_6)
FNDA:2,(anonymous_7)
DA:3,7
DA:4,7
DA:9,7
DA:10,7
DA:14,7
DA:17,7
DA:18,6
DA:20,6
DA:21,6
DA:22,6
DA:23,6
DA:26,7
DA:27,5
DA:29,5
DA:31,5
DA:32,5
DA:34,5
DA:35,5
DA:36,5
DA:38,5
DA:39,5
DA:40,5
DA:43,7
DA:44,4
DA:52,4
DA:54,4
DA:55,4
DA:57,4
DA:59,4
DA:60,4
DA:67,7
DA:68,3
DA:70,3
DA:75,3
DA:77,3
DA:78,3
DA:79,3
DA:81,3
DA:83,3
DA:84,3
DA:87,7
DA:88,2
DA:90,2
LF:43
LH:43
BRF:0
BRH:0
end_of_record
TN:
SF:src\components\Modals\LoginModal.jsx
FN:25,(anonymous_0)
FN:29,(anonymous_1)
FN:34,(anonymous_2)
FN:75,(anonymous_3)
FN:119,(anonymous_4)
FN:25,(anonymous_5)
FN:23,(anonymous_0)
FN:27,(anonymous_1)
FN:30,(anonymous_2)
FN:73,(anonymous_3)
FN:117,(anonymous_4)
FNF:11
FNH:11
FNDA:89,(anonymous_0)
FNDA:341,(anonymous_1)
FNDA:102,(anonymous_2)
FNDA:102,(anonymous_3)
FNDA:100,(anonymous_4)
FNDA:18,(anonymous_5)
FNDA:100,(anonymous_0)
FNDA:281,(anonymous_1)
FNDA:111,(anonymous_2)
FNDA:93,(anonymous_3)
FNDA:89,(anonymous_4)
DA:23,18
DA:25,225
DA:26,189
DA:27,218
DA:28,182
DA:29,259
DA:30,111
DA:32,108
DA:34,104
DA:35,24
DA:36,95
DA:43,108
DA:45,101
DA:47,95
DA:48,93
DA:49,93
DA:50,20
DA:51,6
DA:53,8
DA:55,9
DA:56,10
DA:58,5
DA:59,5
DA:60,93
DA:61,0
DA:63,10
DA:65,18
DA:66,111
DA:68,104
DA:73,111
DA:74,22
DA:75,104
DA:76,111
DA:79,86
DA:117,86
DA:119,93
DA:125,18
DA:127,36
DA:128,18
DA:134,18
DA:135,36
LF:41
LH:40
BRDA:32,0,0,86
BRDA:32,0,1,86
BRDA:47,1,0,0
BRDA:55,2,0,0
BRDA:60,3,0,0
BRDA:60,3,1,0
BRDA:90,4,0,86
BRDA:90,4,1,86
BRDA:93,5,0,86
BRDA:93,5,1,0
BRDA:100,6,0,86
BRDA:100,6,1,86
BRDA:103,7,0,86
BRDA:103,7,1,0
BRDA:105,8,0,86
BRDA:105,8,1,0
BRDA:111,9,0,8
BRDA:111,9,1,78
BRDA:29,10,0,93
BRDA:29,10,1,93
BRDA:43,11,0,15
BRDA:51,12,0,0
BRDA:58,13,0,3
BRDA:58,13,1,0
BRDA:88,14,0,93
BRDA:88,14,1,75
BRDA:85,15,0,93
BRDA:85,15,1,25
BRDA:98,16,0,93
BRDA:98,16,1,85
BRDA:96,17,0,93
BRDA:96,17,1,25
BRDA:95,18,0,93
BRDA:95,18,1,3
BRDA:106,19,0,112
BRDA:106,19,1,67
BRF:36
BRH:27
end_of_record
TN:
SF:src\components\Modals\Modal.cy.jsx
FN:3,(anonymous_0)
FN:4,(anonymous_1)
FN:16,(anonymous_2)
FN:26,(anonymous_3)
FNF:4
FNH:4
FNDA:4,(anonymous_0)
FNDA:4,(anonymous_1)
FNDA:3,(anonymous_2)
FNDA:2,(anonymous_3)
DA:3,4
DA:4,4
DA:5,4
DA:11,4
DA:16,4
DA:17,3
DA:23,3
DA:26,4
DA:27,2
DA:29,2
DA:36,2
DA:38,2
LF:12
LH:12
BRF:0
BRH:0
end_of_record
TN:
SF:src\components\Modals\Modal.jsx
FN:5,(anonymous_0)
FN:9,(anonymous_1)
FN:17,(anonymous_2)
FN:28,(anonymous_3)
FN:31,(anonymous_4)
FN:3,(anonymous_0)
FN:6,(anonymous_1)
FN:13,(anonymous_2)
FN:19,(anonymous_3)
FN:28,(anonymous_4)
FNF:10
FNH:10
FNDA:128,(anonymous_0)
FNDA:244,(anonymous_1)
FNDA:210,(anonymous_2)
FNDA:87,(anonymous_3)
FNDA:198,(anonymous_4)
FNDA:186,(anonymous_0)
FNDA:236,(anonymous_1)
FNDA:278,(anonymous_2)
FNDA:99,(anonymous_3)
FNDA:203,(anonymous_4)
DA:3,38
DA:5,370
DA:6,314
DA:7,236
DA:9,236
DA:10,101
DA:11,114
DA:12,90
DA:13,204
DA:14,278
DA:16,168
DA:17,168
DA:18,62
DA:19,314
DA:21,210
DA:28,314
DA:29,93
DA:30,22
DA:31,166
DA:32,87
DA:33,204
DA:35,198
DA:38,128
DA:47,38
DA:49,56
DA:50,18
DA:61,18
DA:62,36
LF:28
LH:28
BRDA:11,0,0,6
BRDA:11,0,1,52
BRDA:22,1,0,24
BRDA:22,1,1,24
BRDA:22,1,2,24
BRDA:22,1,3,24
BRDA:32,2,0,0
BRDA:32,3,0,12
BRDA:32,3,1,0
BRDA:9,4,0,65
BRDA:9,4,1,43
BRDA:17,5,0,150
BRDA:17,5,1,142
BRDA:17,5,2,142
BRDA:17,5,3,142
BRDA:29,6,0,4
BRDA:29,7,0,75
BRDA:29,7,1,4
BRF:18
BRH:16
end_of_record
TN:
SF:src\components\Modals\ModalRoot.cy.jsx
FN:3,(anonymous_0)
FN:4,(anonymous_1)
FN:19,(anonymous_2)
FNF:3
FNH:3
FNDA:3,(anonymous_0)
FNDA:3,(anonymous_1)
FNDA:2,(anonymous_2)
DA:3,3
DA:4,3
DA:5,3
DA:17,3
DA:19,3
DA:20,2
DA:21,2
LF:7
LH:7
BRF:0
BRH:0
end_of_record
TN:
SF:src\components\Modals\ModalRoot.jsx
FN:4,(anonymous_0)
FNF:1
FNH:1
FNDA:54,(anonymous_0)
DA:4,29
DA:5,54
DA:11,18
DA:12,18
LF:4
LH:4
BRF:0
BRH:0
end_of_record
TN:
SF:src\components\Modals\SharedModalComponents.js
FN:13,(anonymous_0)
FNF:1
FNH:1
FNDA:483,(anonymous_0)
DA:3,67
DA:12,67
DA:13,483
DA:20,67
LF:4
LH:4
BRDA:13,0,0,483
BRDA:13,0,1,279
BRF:2
BRH:2
end_of_record
TN:
SF:src\components\Modals\SaveRecipeModal\CreatePlaylistView.cy.jsx
FN:3,(anonymous_0)
FN:5,(anonymous_1)
FN:12,(anonymous_2)
FN:22,(anonymous_3)
FN:37,(anonymous_4)
FN:54,(anonymous_5)
FN:76,(anonymous_6)
FN:83,(anonymous_7)
FN:108,(anonymous_8)
FN:116,(anonymous_9)
FNF:10
FNH:10
FNDA:8,(anonymous_0)
FNDA:35,(anonymous_1)
FNDA:8,(anonymous_2)
FNDA:7,(anonymous_3)
FNDA:6,(anonymous_4)
FNDA:5,(anonymous_5)
FNDA:5,(anonymous_6)
FNDA:4,(anonymous_7)
FNDA:3,(anonymous_8)
FNDA:2,(anonymous_9)
DA:3,8
DA:5,8
DA:6,35
DA:12,8
DA:13,8
DA:15,8
DA:17,8
DA:18,8
DA:19,8
DA:22,8
DA:23,7
DA:25,7
DA:26,7
DA:27,7
DA:29,7
DA:30,7
DA:32,7
DA:33,7
DA:34,7
DA:37,8
DA:38,6
DA:40,6
DA:46,6
DA:50,6
DA:51,6
DA:54,8
DA:55,5
DA:57,5
DA:59,5
DA:60,5
DA:63,5
DA:66,5
DA:73,5
DA:76,5
DA:77,5
DA:80,5
DA:83,8
DA:84,4
DA:87,4
DA:92,4
DA:95,4
DA:96,4
DA:97,4
DA:101,4
DA:103,4
DA:105,4
DA:108,8
DA:109,3
DA:110,3
DA:112,3
DA:113,3
DA:116,8
DA:117,2
DA:118,2
DA:120,2
DA:121,2
LF:56
LH:56
BRF:0
BRH:0
end_of_record
TN:
SF:src\components\Modals\SaveRecipeModal\CreatePlaylistView.jsx
FN:14,(anonymous_0)
FN:27,(anonymous_1)
FN:28,(anonymous_2)
FN:33,(anonymous_3)
FN:38,(anonymous_4)
FN:42,(anonymous_5)
FN:47,(anonymous_6)
FN:50,(anonymous_7)
FN:54,(anonymous_8)
FN:55,(anonymous_9)
FN:55,(anonymous_10)
FN:58,(anonymous_11)
FN:60,(anonymous_12)
FN:63,(anonymous_13)
FN:68,(anonymous_14)
FN:78,(anonymous_15)
FN:96,(anonymous_16)
FN:14,(anonymous_17)
FN:170,(anonymous_18)
FN:173,(anonymous_19)
FN:179,(anonymous_20)
FN:192,(anonymous_21)
FN:204,(anonymous_22)
FN:205,(anonymous_23)
FN:13,(anonymous_0)
FN:22,(anonymous_1)
FN:24,(anonymous_2)
FN:30,(anonymous_3)
FN:36,(anonymous_4)
FN:39,(anonymous_5)
FN:44,(anonymous_6)
FN:48,(anonymous_7)
FN:51,(anonymous_8)
FN:52,(anonymous_9)
FN:55,(anonymous_11)
FN:58,(anonymous_12)
FN:60,(anonymous_13)
FN:64,(anonymous_14)
FN:75,(anonymous_15)
FN:93,(anonymous_16)
FN:165,(anonymous_17)
FN:170,(anonymous_19)
FN:189,(anonymous_20)
FN:197,(anonymous_21)
FNF:44
FNH:44
FNDA:68,(anonymous_0)
FNDA:341,(anonymous_1)
FNDA:341,(anonymous_2)
FNDA:339,(anonymous_3)
FNDA:340,(anonymous_4)
FNDA:338,(anonymous_5)
FNDA:338,(anonymous_6)
FNDA:338,(anonymous_7)
FNDA:338,(anonymous_8)
FNDA:338,(anonymous_9)
FNDA:228,(anonymous_10)
FNDA:369,(anonymous_11)
FNDA:290,(anonymous_12)
FNDA:338,(anonymous_13)
FNDA:339,(anonymous_14)
FNDA:339,(anonymous_15)
FNDA:338,(anonymous_16)
FNDA:39,(anonymous_17)
FNDA:68,(anonymous_18)
FNDA:456,(anonymous_19)
FNDA:456,(anonymous_20)
FNDA:456,(anonymous_21)
FNDA:456,(anonymous_22)
FNDA:89,(anonymous_23)
FNDA:338,(anonymous_0)
FNDA:121,(anonymous_1)
FNDA:113,(anonymous_2)
FNDA:83,(anonymous_3)
FNDA:16,(anonymous_4)
FNDA:68,(anonymous_5)
FNDA:87,(anonymous_6)
FNDA:19,(anonymous_7)
FNDA:75,(anonymous_8)
FNDA:157,(anonymous_9)
FNDA:296,(anonymous_11)
FNDA:296,(anonymous_12)
FNDA:31,(anonymous_13)
FNDA:91,(anonymous_14)
FNDA:91,(anonymous_15)
FNDA:5,(anonymous_16)
FNDA:456,(anonymous_17)
FNDA:198,(anonymous_19)
FNDA:186,(anonymous_20)
FNDA:232,(anonymous_21)
DA:13,24
DA:14,457
DA:15,92
DA:17,406
DA:18,356
DA:19,356
DA:20,356
DA:21,356
DA:22,406
DA:24,511
DA:27,113
DA:28,27
DA:29,27
DA:30,356
DA:31,33
DA:33,92
DA:34,83
DA:35,25
DA:36,32
DA:37,339
DA:38,26
DA:39,356
DA:40,18
DA:42,92
DA:43,24
DA:44,356
DA:45,37
DA:47,92
DA:48,87
DA:49,24
DA:50,24
DA:51,356
DA:52,82
DA:54,92
DA:55,356
DA:56,246
DA:58,296
DA:59,296
DA:60,327
DA:62,55
DA:63,24
DA:64,356
DA:65,41
DA:68,92
DA:69,91
DA:70,363
DA:71,339
DA:72,363
DA:74,25
DA:75,356
DA:76,73
DA:78,92
DA:79,87
DA:81,77
DA:82,349
DA:83,77
DA:84,83
DA:86,339
DA:87,77
DA:88,77
DA:90,25
DA:91,10
DA:92,10
DA:93,5
DA:94,4
DA:96,24
DA:99,356
DA:103,68
DA:165,24
DA:167,456
DA:170,474
DA:171,198
DA:173,92
DA:174,456
DA:175,24
DA:176,474
DA:179,524
DA:180,456
DA:181,456
DA:185,68
DA:189,186
DA:192,456
DA:197,157
DA:203,24
DA:205,456
DA:214,42
DA:217,42
DA:240,42
DA:242,24
DA:247,18
DA:249,60
DA:255,18
DA:257,42
DA:262,42
DA:264,42
DA:267,42
DA:269,24
DA:272,42
DA:274,42
DA:288,42
DA:290,18
DA:313,18
DA:315,180
LF:103
LH:103
BRDA:29,0,0,1
BRDA:35,1,0,1
BRDA:49,2,0,0
BRDA:49,3,0,0
BRDA:49,3,1,0
BRDA:62,4,0,0
BRDA:70,5,0,8
BRDA:71,6,0,0
BRDA:72,7,0,0
BRDA:79,8,0,0
BRDA:84,9,0,6
BRDA:86,10,0,0
BRDA:98,11,0,0
BRDA:98,11,1,0
BRDA:98,11,2,0
BRDA:117,12,0,68
BRDA:117,12,1,0
BRDA:127,13,0,68
BRDA:127,13,1,0
BRDA:138,14,0,68
BRDA:138,14,1,0
BRDA:144,15,0,68
BRDA:144,15,1,0
BRDA:162,16,0,2
BRDA:162,16,1,66
BRDA:174,17,0,0
BRDA:180,18,0,0
BRDA:202,19,0,68
BRDA:202,19,1,0
BRDA:27,20,0,12
BRDA:33,21,0,15
BRDA:47,22,0,19
BRDA:47,23,0,19
BRDA:47,23,1,19
BRDA:59,24,0,0
BRDA:68,25,0,14
BRDA:69,26,0,14
BRDA:76,27,0,14
BRDA:82,28,0,9
BRDA:83,29,0,5
BRDA:96,30,0,4
BRDA:96,30,1,0
BRDA:96,30,2,0
BRDA:112,31,0,338
BRDA:112,31,1,14
BRDA:122,32,0,338
BRDA:122,32,1,14
BRDA:132,33,0,338
BRDA:132,33,1,8
BRDA:141,34,0,338
BRDA:141,34,1,4
BRDA:159,35,0,9
BRDA:159,35,1,329
BRDA:14,36,0,0
BRDA:171,37,0,12
BRDA:197,38,0,456
BRDA:197,38,1,82
BRF:57
BRH:35
end_of_record
TN:
SF:src\components\Modals\SaveRecipeModal\PlaylistSelectionView.cy.jsx
FN:3,(anonymous_0)
FN:32,(anonymous_1)
FN:43,(anonymous_2)
FN:69,(anonymous_3)
FN:82,(anonymous_4)
FN:91,(anonymous_5)
FN:104,(anonymous_6)
FN:117,(anonymous_7)
FN:128,(anonymous_8)
FNF:9
FNH:9
FNDA:7,(anonymous_0)
FNDA:27,(anonymous_1)
FNDA:7,(anonymous_2)
FNDA:6,(anonymous_3)
FNDA:5,(anonymous_4)
FNDA:4,(anonymous_5)
FNDA:3,(anonymous_6)
FNDA:3,(anonymous_7)
FNDA:2,(anonymous_8)
DA:3,7
DA:4,7
DA:7,7
DA:28,7
DA:32,7
DA:33,27
DA:37,27
DA:43,7
DA:44,7
DA:53,7
DA:55,7
DA:60,7
DA:66,7
DA:69,7
DA:70,6
DA:73,6
DA:75,6
DA:77,6
DA:79,6
DA:82,7
DA:83,5
DA:84,5
DA:86,5
DA:88,5
DA:91,7
DA:92,4
DA:93,4
DA:95,4
DA:96,4
DA:98,4
DA:99,4
DA:101,4
DA:104,7
DA:105,3
DA:107,3
DA:111,3
DA:113,3
DA:115,3
DA:117,3
DA:118,3
DA:120,3
DA:121,3
DA:122,3
DA:125,3
DA:128,7
DA:129,2
DA:131,2
DA:136,2
DA:137,2
LF:49
LH:49
BRF:0
BRH:0
end_of_record
TN:
SF:src\components\Modals\SaveRecipeModal\PlaylistSelectionView.jsx
FN:14,(anonymous_0)
FN:27,(anonymous_1)
FN:30,(anonymous_2)
FN:33,(anonymous_3)
FN:34,(anonymous_4)
FN:39,(anonymous_5)
FN:43,(anonymous_6)
FN:50,(anonymous_7)
FN:69,(anonymous_8)
FN:75,(anonymous_9)
FN:83,(anonymous_10)
FN:14,(anonymous_11)
FN:12,(anonymous_0)
FN:24,(anonymous_1)
FN:26,(anonymous_2)
FN:30,(anonymous_3)
FN:37,(anonymous_5)
FN:40,(anonymous_6)
FN:46,(anonymous_7)
FN:66,(anonymous_8)
FN:66,(anonymous_9)
FN:80,(anonymous_10)
FNF:22
FNH:22
FNDA:17,(anonymous_0)
FNDA:71,(anonymous_1)
FNDA:219,(anonymous_2)
FNDA:79,(anonymous_3)
FNDA:71,(anonymous_4)
FNDA:267,(anonymous_5)
FNDA:214,(anonymous_6)
FNDA:214,(anonymous_7)
FNDA:213,(anonymous_8)
FNDA:267,(anonymous_9)
FNDA:228,(anonymous_10)
FNDA:1,(anonymous_11)
FNDA:213,(anonymous_0)
FNDA:59,(anonymous_1)
FNDA:84,(anonymous_2)
FNDA:112,(anonymous_3)
FNDA:413,(anonymous_5)
FNDA:28,(anonymous_6)
FNDA:20,(anonymous_7)
FNDA:85,(anonymous_8)
FNDA:244,(anonymous_9)
FNDA:65,(anonymous_10)
DA:12,23
DA:14,271
DA:15,231
DA:17,230
DA:19,41
DA:21,230
DA:22,231
DA:24,291
DA:26,231
DA:27,85
DA:30,176
DA:31,31
DA:32,215
DA:33,225
DA:34,217
DA:35,25
DA:36,231
DA:37,414
DA:39,40
DA:40,231
DA:41,29
DA:43,40
DA:44,214
DA:45,213
DA:46,231
DA:47,21
DA:48,21
DA:50,40
DA:51,24
DA:52,4
DA:55,1
DA:56,214
DA:58,231
DA:62,17
DA:63,23
DA:66,244
DA:69,213
DA:70,244
DA:76,281
DA:77,267
DA:80,65
DA:83,228
DA:121,41
DA:124,23
DA:146,41
DA:147,41
DA:193,41
DA:195,41
DA:200,41
DA:202,18
DA:225,18
DA:228,90
LF:52
LH:52
BRDA:24,0,0,17
BRDA:24,0,1,8
BRDA:31,1,0,2
BRDA:45,2,0,0
BRDA:45,2,1,1
BRDA:74,3,0,9
BRDA:74,3,1,8
BRDA:116,4,0,2
BRDA:116,4,1,15
BRDA:21,5,0,213
BRDA:21,5,1,81
BRDA:27,6,0,25
BRDA:43,7,0,4
BRDA:43,7,1,7
BRDA:66,8,0,87
BRDA:66,8,1,126
BRDA:112,9,0,3
BRDA:112,9,1,210
BRF:18
BRH:17
end_of_record
TN:
SF:src\components\Modals\SaveRecipeModal\SaveRecipeModal.cy.jsx
FN:4,(anonymous_0)
FN:17,(anonymous_1)
FN:23,(anonymous_2)
FN:33,(anonymous_3)
FN:40,(anonymous_4)
FN:53,(anonymous_5)
FNF:6
FNH:6
FNDA:5,(anonymous_0)
FNDA:14,(anonymous_1)
FNDA:5,(anonymous_2)
FNDA:4,(anonymous_3)
FNDA:3,(anonymous_4)
FNDA:2,(anonymous_5)
DA:4,5
DA:5,5
DA:17,5
DA:18,14
DA:23,5
DA:24,5
DA:30,5
DA:33,5
DA:34,4
DA:36,4
DA:37,4
DA:40,5
DA:41,3
DA:43,3
DA:45,3
DA:46,3
DA:48,3
DA:50,3
DA:53,5
DA:54,2
DA:55,2
DA:57,2
DA:59,2
DA:61,2
LF:24
LH:24
BRF:0
BRH:0
end_of_record
TN:
SF:src\components\Modals\SaveRecipeModal\SaveRecipeModal.jsx
FN:8,(anonymous_0)
FN:13,(anonymous_1)
FN:17,(anonymous_2)
FN:29,(anonymous_3)
FN:33,(anonymous_4)
FN:34,(anonymous_5)
FN:8,(anonymous_6)
FN:7,(anonymous_0)
FN:10,(anonymous_1)
FN:14,(anonymous_2)
FN:27,(anonymous_3)
FN:32,(anonymous_4)
FNF:12
FNH:12
FNDA:46,(anonymous_0)
FNDA:83,(anonymous_1)
FNDA:46,(anonymous_2)
FNDA:46,(anonymous_3)
FNDA:45,(anonymous_4)
FNDA:46,(anonymous_5)
FNDA:18,(anonymous_6)
FNDA:45,(anonymous_0)
FNDA:80,(anonymous_1)
FNDA:48,(anonymous_2)
FNDA:49,(anonymous_3)
FNDA:95,(anonymous_4)
DA:7,16
DA:8,125
DA:9,63
DA:10,91
DA:12,91
DA:13,62
DA:14,63
DA:15,20
DA:17,62
DA:18,91
DA:19,39
DA:21,67
DA:23,8
DA:27,11
DA:29,22
DA:32,19
DA:33,21
DA:34,22
DA:39,18
DA:41,18
LF:20
LH:20
BRDA:14,0,0,1
BRDA:21,1,0,53
BRDA:25,2,0,6
BRDA:25,2,1,2
BRDA:12,3,0,12
BRDA:18,4,0,24
BRDA:19,5,0,15
BRDA:19,5,1,6
BRF:8
BRH:8
end_of_record
TN:
SF:src\components\Navbar\Navbar.cy.jsx
FN:4,(anonymous_0)
FN:5,(anonymous_1)
FN:16,(anonymous_2)
FN:35,(anonymous_3)
FN:50,(anonymous_4)
FNF:5
FNH:5
FNDA:5,(anonymous_0)
FNDA:5,(anonymous_1)
FNDA:4,(anonymous_2)
FNDA:3,(anonymous_3)
FNDA:2,(anonymous_4)
DA:4,5
DA:5,5
DA:6,5
DA:9,5
DA:11,5
DA:12,5
DA:14,5
DA:16,5
DA:17,4
DA:26,4
DA:28,4
DA:33,4
DA:35,5
DA:36,3
DA:41,3
DA:45,3
DA:48,3
DA:50,5
DA:51,2
DA:56,2
DA:57,2
LF:21
LH:21
BRF:0
BRH:0
end_of_record
TN:
SF:src\components\Navbar\Navbar.jsx
FN:31,(anonymous_0)
FN:39,(anonymous_1)
FN:40,(anonymous_2)
FN:54,(anonymous_3)
FN:58,(anonymous_4)
FN:31,(anonymous_5)
FN:136,(anonymous_6)
FN:28,(anonymous_0)
FN:36,(anonymous_1)
FN:37,(anonymous_2)
FN:49,(anonymous_3)
FN:55,(anonymous_4)
FN:116,(anonymous_5)
FNF:13
FNH:13
FNDA:184,(anonymous_0)
FNDA:63,(anonymous_1)
FNDA:61,(anonymous_2)
FNDA:797,(anonymous_3)
FNDA:244,(anonymous_4)
FNDA:18,(anonymous_5)
FNDA:748,(anonymous_6)
FNDA:61,(anonymous_0)
FNDA:184,(anonymous_1)
FNDA:187,(anonymous_2)
FNDA:428,(anonymous_3)
FNDA:736,(anonymous_4)
FNDA:289,(anonymous_5)
DA:22,18
DA:24,18
DA:28,18
DA:31,281
DA:32,245
DA:33,245
DA:34,202
DA:35,281
DA:36,202
DA:37,202
DA:39,245
DA:40,245
DA:43,202
DA:44,245
DA:46,245
DA:47,184
DA:48,18
DA:49,428
DA:55,797
DA:58,244
DA:97,36
DA:98,18
DA:115,36
DA:116,307
DA:137,748
DA:143,18
DA:144,54
LF:27
LH:27
BRDA:44,0,0,88
BRDA:46,1,0,184
BRDA:46,1,1,184
BRDA:58,2,0,0
BRDA:58,2,1,0
BRDA:65,3,0,168
BRDA:65,3,1,16
BRDA:137,4,0,748
BRDA:137,4,1,0
BRDA:40,5,0,0
BRDA:43,6,0,61
BRDA:43,6,1,61
BRDA:55,7,0,0
BRDA:55,7,1,0
BRDA:53,8,0,16
BRDA:53,8,1,45
BRDA:116,9,0,289
BRDA:116,9,1,0
BRF:18
BRH:11
end_of_record
TN:
SF:src\components\NewRecipePageComponents\GeneralInfo.cy.jsx
FN:4,(anonymous_0)
FN:7,(anonymous_1)
FN:20,(anonymous_2)
FN:30,(anonymous_3)
FN:48,(anonymous_4)
FN:49,(anonymous_5)
FN:56,(anonymous_6)
FN:57,(anonymous_7)
FN:85,(anonymous_8)
FN:92,(anonymous_9)
FN:104,(anonymous_10)
FNF:11
FNH:11
FNDA:7,(anonymous_0)
FNDA:27,(anonymous_1)
FNDA:7,(anonymous_2)
FNDA:6,(anonymous_3)
FNDA:5,(anonymous_4)
FNDA:85,(anonymous_5)
FNDA:80,(anonymous_6)
FNDA:80,(anonymous_7)
FNDA:4,(anonymous_8)
FNDA:3,(anonymous_9)
FNDA:2,(anonymous_10)
DA:4,7
DA:7,7
DA:8,27
DA:20,7
DA:21,7
DA:23,7
DA:24,7
DA:25,7
DA:26,7
DA:27,7
DA:30,7
DA:31,6
DA:41,6
DA:42,6
DA:43,6
DA:44,6
DA:48,7
DA:49,5
DA:50,85
DA:56,85
DA:57,80
DA:58,80
DA:61,85
DA:72,5
DA:75,5
DA:76,5
DA:78,5
DA:79,5
DA:81,5
DA:82,5
DA:85,7
DA:86,4
DA:88,4
DA:89,4
DA:92,7
DA:93,3
DA:95,3
DA:101,3
DA:104,7
DA:105,2
DA:110,2
DA:112,2
DA:117,2
LF:43
LH:43
BRF:0
BRH:0
end_of_record
TN:
SF:src\components\NewRecipePageComponents\GeneralInfo.jsx
FN:11,(anonymous_0)
FN:36,(anonymous_1)
FN:44,(anonymous_2)
FN:52,(anonymous_3)
FN:62,(anonymous_4)
FNF:5
FNH:5
FNDA:1697,(anonymous_0)
FNDA:137,(anonymous_1)
FNDA:285,(anonymous_2)
FNDA:59,(anonymous_3)
FNDA:24,(anonymous_4)
DA:11,42
DA:21,1697
DA:36,137
DA:44,285
DA:52,59
DA:62,24
DA:69,18
DA:71,24
DA:77,42
DA:79,18
DA:83,18
DA:85,54
LF:12
LH:12
BRF:0
BRH:0
end_of_record
TN:
SF:src\components\NewRecipePageComponents\Steps.cy.jsx
FN:4,(anonymous_0)
FN:5,(anonymous_1)
FN:34,(anonymous_2)
FN:35,(anonymous_3)
FN:38,(anonymous_4)
FN:42,(anonymous_5)
FN:48,(anonymous_6)
FN:61,(anonymous_7)
FN:62,(anonymous_8)
FN:80,(anonymous_9)
FN:90,(anonymous_10)
FN:91,(anonymous_11)
FN:92,(anonymous_12)
FN:93,(anonymous_13)
FNF:14
FNH:8
FNDA:4,(anonymous_0)
FNDA:4,(anonymous_1)
FNDA:3,(anonymous_2)
FNDA:90,(anonymous_3)
FNDA:3,(anonymous_4)
FNDA:48,(anonymous_5)
FNDA:36,(anonymous_6)
FNDA:0,(anonymous_7)
FNDA:0,(anonymous_8)
FNDA:2,(anonymous_9)
FNDA:0,(anonymous_10)
FNDA:0,(anonymous_11)
FNDA:0,(anonymous_12)
FNDA:0,(anonymous_13)
DA:4,4
DA:5,4
DA:6,4
DA:7,4
DA:12,4
DA:24,4
DA:25,4
DA:27,4
DA:28,4
DA:30,4
DA:31,4
DA:34,4
DA:35,3
DA:36,90
DA:38,90
DA:39,3
DA:42,90
DA:43,48
DA:44,48
DA:45,48
DA:48,90
DA:49,36
DA:50,36
DA:51,36
DA:54,90
DA:67,3
DA:69,3
DA:70,3
DA:72,3
DA:73,3
DA:75,3
DA:76,3
DA:77,3
DA:80,4
DA:81,2
DA:82,2
DA:83,2
DA:85,2
DA:97,2
DA:100,2
DA:106,2
LF:41
LH:41
BRF:0
BRH:0
end_of_record
TN:
SF:src\components\NewRecipePageComponents\Steps.jsx
FN:13,(anonymous_0)
FN:26,(anonymous_1)
FN:30,(anonymous_2)
FN:41,(anonymous_3)
FN:50,(anonymous_4)
FN:56,(anonymous_5)
FN:26,(anonymous_1)
FN:29,(anonymous_2)
FN:40,(anonymous_3)
FN:49,(anonymous_4)
FN:55,(anonymous_5)
FNF:11
FNH:11
FNDA:2581,(anonymous_0)
FNDA:2809,(anonymous_1)
FNDA:1495,(anonymous_2)
FNDA:1589,(anonymous_3)
FNDA:1721,(anonymous_4)
FNDA:1495,(anonymous_5)
FNDA:2391,(anonymous_1)
FNDA:2030,(anonymous_2)
FNDA:2158,(anonymous_3)
FNDA:2164,(anonymous_4)
FNDA:2025,(anonymous_5)
DA:13,46
DA:22,1685
DA:26,2391
DA:27,2809
DA:29,2030
DA:30,1495
DA:40,2158
DA:41,1589
DA:49,2164
DA:50,1721
DA:56,2025
DA:57,4050
DA:58,1495
DA:68,28
DA:70,46
DA:72,28
DA:78,46
DA:80,28
DA:85,46
DA:87,28
DA:93,46
DA:94,18
DA:104,18
DA:105,90
LF:24
LH:24
BRDA:58,0,0,0
BRDA:57,1,0,5
BRF:2
BRH:1
end_of_record
TN:
SF:src\components\NewRecipePageComponents\IngredientCategories\IngredientCategories.cy.jsx
FN:4,(anonymous_0)
FN:7,(anonymous_1)
FN:22,(anonymous_2)
FN:31,(anonymous_3)
FN:44,(anonymous_4)
FN:45,(anonymous_5)
FN:51,(anonymous_6)
FN:66,(anonymous_7)
FN:67,(anonymous_8)
FN:73,(anonymous_9)
FN:88,(anonymous_10)
FN:95,(anonymous_11)
FNF:12
FNH:12
FNDA:7,(anonymous_0)
FNDA:27,(anonymous_1)
FNDA:7,(anonymous_2)
FNDA:6,(anonymous_3)
FNDA:5,(anonymous_4)
FNDA:15,(anonymous_5)
FNDA:10,(anonymous_6)
FNDA:4,(anonymous_7)
FNDA:28,(anonymous_8)
FNDA:24,(anonymous_9)
FNDA:3,(anonymous_10)
FNDA:2,(anonymous_11)
DA:4,7
DA:7,7
DA:8,27
DA:22,7
DA:23,7
DA:25,7
DA:26,7
DA:27,7
DA:28,7
DA:31,7
DA:32,6
DA:40,6
DA:41,6
DA:44,7
DA:45,5
DA:46,15
DA:47,15
DA:52,10
DA:53,10
DA:59,5
DA:61,5
DA:62,5
DA:63,5
DA:66,7
DA:67,4
DA:68,28
DA:69,28
DA:74,24
DA:75,24
DA:81,4
DA:83,4
DA:84,4
DA:85,4
DA:88,7
DA:89,3
DA:91,3
DA:92,3
DA:95,7
DA:96,2
DA:101,2
DA:103,2
DA:104,2
LF:42
LH:42
BRF:0
BRH:0
end_of_record
TN:
SF:src\components\NewRecipePageComponents\IngredientCategories\IngredientCategories.jsx
FN:11,(anonymous_0)
FN:54,(anonymous_1)
FN:58,(anonymous_2)
FN:59,(anonymous_3)
FN:60,(anonymous_4)
FN:63,(anonymous_5)
FN:74,(anonymous_6)
FN:54,(anonymous_1)
FN:57,(anonymous_2)
FN:58,(anonymous_3)
FN:59,(anonymous_4)
FN:70,(anonymous_6)
FNF:12
FNH:12
FNDA:2546,(anonymous_0)
FNDA:2546,(anonymous_1)
FNDA:13,(anonymous_2)
FNDA:1364,(anonymous_3)
FNDA:3156,(anonymous_4)
FNDA:1360,(anonymous_5)
FNDA:1792,(anonymous_6)
FNDA:2256,(anonymous_1)
FNDA:1797,(anonymous_2)
FNDA:1805,(anonymous_3)
FNDA:1792,(anonymous_4)
FNDA:1508,(anonymous_6)
DA:11,49
DA:23,1650
DA:54,2256
DA:55,2546
DA:57,1797
DA:58,1805
DA:59,3156
DA:60,1796
DA:61,1360
DA:63,1360
DA:67,31
DA:69,49
DA:70,1526
DA:74,1823
DA:75,49
DA:76,18
DA:80,18
DA:81,54
LF:18
LH:18
BRDA:74,0,0,1792
BRDA:74,0,1,896
BRDA:70,1,0,1508
BRDA:70,1,1,754
BRF:4
BRH:4
end_of_record
TN:
SF:src\components\NewRecipePageComponents\IngredientCategories\IngredientCategory.cy.jsx
FN:3,(anonymous_0)
FN:13,(anonymous_1)
FN:31,(anonymous_2)
FN:59,(anonymous_3)
FN:76,(anonymous_4)
FN:97,(anonymous_5)
FNF:6
FNH:6
FNDA:6,(anonymous_0)
FNDA:6,(anonymous_1)
FNDA:5,(anonymous_2)
FNDA:4,(anonymous_3)
FNDA:3,(anonymous_4)
FNDA:2,(anonymous_5)
DA:3,6
DA:4,6
DA:13,6
DA:14,6
DA:24,6
DA:25,6
DA:26,6
DA:27,6
DA:28,6
DA:31,6
DA:32,5
DA:34,5
DA:44,5
DA:45,5
DA:46,5
DA:48,5
DA:50,5
DA:56,5
DA:59,6
DA:60,4
DA:62,4
DA:72,4
DA:73,4
DA:76,6
DA:77,3
DA:79,3
DA:89,3
DA:94,3
DA:97,6
DA:98,2
DA:100,2
DA:110,2
DA:115,2
DA:116,2
DA:118,2
DA:119,2
DA:121,2
DA:123,2
DA:129,2
LF:39
LH:39
BRF:0
BRH:0
end_of_record
TN:
SF:src\components\NewRecipePageComponents\IngredientCategories\IngredientCategory.jsx
FN:17,(anonymous_0)
FN:33,(anonymous_1)
FN:41,(anonymous_2)
FN:48,(anonymous_3)
FN:55,(anonymous_4)
FN:65,(anonymous_5)
FN:91,(anonymous_6)
FN:98,(anonymous_7)
FN:105,(anonymous_8)
FN:113,(anonymous_9)
FN:121,(anonymous_10)
FN:128,(anonymous_11)
FN:135,(anonymous_12)
FN:157,(anonymous_13)
FN:160,(anonymous_14)
FN:14,(anonymous_0)
FN:31,(anonymous_1)
FN:38,(anonymous_2)
FN:45,(anonymous_3)
FN:52,(anonymous_4)
FN:62,(anonymous_5)
FN:89,(anonymous_6)
FN:96,(anonymous_7)
FN:103,(anonymous_8)
FN:85,(anonymous_9)
FN:118,(anonymous_10)
FN:125,(anonymous_11)
FN:132,(anonymous_12)
FN:151,(anonymous_13)
FN:157,(anonymous_14)
FNF:30
FNH:30
FNDA:1864,(anonymous_0)
FNDA:1607,(anonymous_1)
FNDA:1603,(anonymous_2)
FNDA:1603,(anonymous_3)
FNDA:1603,(anonymous_4)
FNDA:1603,(anonymous_5)
FNDA:1627,(anonymous_6)
FNDA:1607,(anonymous_7)
FNDA:1611,(anonymous_8)
FNDA:2963,(anonymous_9)
FNDA:323,(anonymous_10)
FNDA:323,(anonymous_11)
FNDA:323,(anonymous_12)
FNDA:323,(anonymous_13)
FNDA:323,(anonymous_14)
FNDA:1603,(anonymous_0)
FNDA:1882,(anonymous_1)
FNDA:1866,(anonymous_2)
FNDA:1866,(anonymous_3)
FNDA:1866,(anonymous_4)
FNDA:1888,(anonymous_5)
FNDA:2005,(anonymous_6)
FNDA:1890,(anonymous_7)
FNDA:1887,(anonymous_8)
FNDA:2187,(anonymous_9)
FNDA:1376,(anonymous_10)
FNDA:1368,(anonymous_11)
FNDA:1360,(anonymous_12)
FNDA:1362,(anonymous_13)
FNDA:1367,(anonymous_14)
DA:14,37
DA:17,18
DA:23,5143
DA:24,3467
DA:25,3522
DA:26,3522
DA:29,3522
DA:30,3467
DA:31,3467
DA:32,3467
DA:33,1901
DA:34,1607
DA:35,1607
DA:36,22
DA:37,41
DA:38,1621
DA:39,20
DA:41,1901
DA:42,1868
DA:43,1868
DA:44,37
DA:45,1621
DA:46,20
DA:48,1901
DA:49,1868
DA:50,2
DA:51,37
DA:52,1621
DA:53,38
DA:55,1901
DA:56,2
DA:57,37
DA:59,2
DA:62,1621
DA:63,42
DA:65,1901
DA:66,1603
DA:67,1603
DA:68,1888
DA:69,1864
DA:70,37
DA:71,1603
DA:72,1621
DA:76,1864
DA:77,37
DA:85,2187
DA:89,2005
DA:91,1627
DA:96,1890
DA:98,1607
DA:103,1887
DA:105,1611
DA:114,2963
DA:118,1376
DA:121,323
DA:125,1368
DA:128,323
DA:132,1360
DA:135,323
DA:151,1362
DA:157,1367
DA:160,323
DA:171,55
DA:173,55
DA:178,18
DA:180,55
DA:185,55
DA:187,72
DA:210,18
LF:69
LH:69
BRDA:34,0,0,0
BRDA:44,1,0,0
BRDA:44,1,1,0
BRDA:45,2,0,0
BRDA:45,2,1,0
BRDA:56,3,0,0
BRDA:66,4,0,0
BRDA:70,5,0,0
BRDA:115,6,0,0
BRDA:115,6,1,1360
BRDA:152,7,0,1386
BRDA:152,7,1,297
BRDA:153,8,0,1386
BRDA:153,8,1,297
BRDA:32,9,0,0
BRDA:42,10,0,2
BRDA:42,10,1,0
BRDA:43,11,0,2
BRDA:43,11,1,0
BRDA:53,12,0,0
BRDA:63,13,0,0
BRDA:68,14,0,0
BRDA:85,15,0,26
BRDA:85,15,1,297
BRDA:116,16,0,297
BRDA:116,16,1,1360
BRDA:116,17,0,293
BRDA:116,17,1,1364
BRF:28
BRH:13
end_of_record
TN:
SF:src\components\NewRecipePageComponents\Shared\CardTitle.jsx
FN:7,(anonymous_0)
FNF:1
FNH:1
FNDA:5032,(anonymous_0)
DA:3,53
DA:7,5032
LF:2
LH:2
BRDA:7,0,0,1650
BRDA:7,0,1,3382
BRF:2
BRH:2
end_of_record
TN:
SF:src\components\NewRecipePageComponents\Shared\FieldContainer.jsx
FN:4,(anonymous_0)
FNF:1
FNH:1
FNDA:25867,(anonymous_0)
DA:3,61
DA:4,25867
LF:2
LH:2
BRDA:4,0,0,25867
BRDA:4,0,1,15568
BRF:2
BRH:2
end_of_record
TN:
SF:src\components\NewRecipePageComponents\Shared\FormFocusButton.jsx
FNF:0
FNH:0
DA:4,55
LF:1
LH:1
BRF:0
BRH:0
end_of_record
TN:
SF:src\components\NewRecipePageComponents\Shared\Header.jsx
FNF:0
FNH:0
DA:3,59
LF:1
LH:1
BRF:0
BRH:0
end_of_record
TN:
SF:src\components\NewRecipePageComponents\Shared\InputField.cy.jsx
FN:4,(anonymous_0)
FN:5,(anonymous_1)
FNF:2
FNH:2
FNDA:2,(anonymous_0)
FNDA:2,(anonymous_1)
DA:4,2
DA:5,2
DA:7,2
LF:3
LH:3
BRF:0
BRH:0
end_of_record
TN:
SF:src\components\NewRecipePageComponents\Shared\InputField.jsx
FN:4,(anonymous_0)
FNF:1
FNH:1
FNDA:19007,(anonymous_0)
DA:4,61
DA:5,19007
DA:6,19007
DA:12,18
LF:4
LH:4
BRDA:4,0,0,17311
BRF:1
BRH:1
end_of_record
TN:
SF:src\components\NewRecipePageComponents\Shared\TextArea.jsx
FNF:0
FNH:0
DA:3,42
LF:1
LH:1
BRF:0
BRH:0
end_of_record
TN:
SF:src\components\PlaylistsRecipeBrowser\PlaylistsRecipeBrowser.cy.jsx
FN:3,(anonymous_0)
FN:33,(anonymous_1)
FN:48,(anonymous_2)
FN:59,(anonymous_3)
FN:72,(anonymous_4)
FN:82,(anonymous_5)
FN:97,(anonymous_6)
FNF:7
FNH:7
FNDA:7,(anonymous_0)
FNDA:7,(anonymous_1)
FNDA:6,(anonymous_2)
FNDA:5,(anonymous_3)
FNDA:4,(anonymous_4)
FNDA:3,(anonymous_5)
FNDA:2,(anonymous_6)
DA:3,7
DA:4,7
DA:23,7
DA:33,7
DA:34,7
DA:39,7
DA:41,7
DA:43,7
DA:44,7
DA:45,7
DA:48,7
DA:49,6
DA:54,6
DA:56,6
DA:59,7
DA:60,5
DA:64,5
DA:66,5
DA:68,5
DA:69,5
DA:72,7
DA:73,4
DA:77,4
DA:79,4
DA:82,7
DA:83,3
DA:87,3
DA:88,3
DA:90,3
DA:92,3
DA:94,3
DA:97,7
DA:98,2
DA:101,2
DA:111,2
DA:112,2
DA:116,2
DA:118,2
LF:38
LH:38
BRF:0
BRH:0
end_of_record
TN:
SF:src\components\PlaylistsRecipeBrowser\PlaylistsRecipeBrowser.jsx
FN:10,(anonymous_0)
FN:41,(anonymous_1)
FN:53,(anonymous_2)
FN:10,(anonymous_3)
FN:8,(anonymous_0)
FN:39,(anonymous_1)
FN:51,(anonymous_2)
FNF:7
FNH:7
FNDA:12,(anonymous_0)
FNDA:81,(anonymous_1)
FNDA:91,(anonymous_2)
FNDA:2,(anonymous_3)
FNDA:81,(anonymous_0)
FNDA:15,(anonymous_1)
FNDA:46,(anonymous_2)
DA:8,15
DA:10,225
DA:11,99
DA:12,27
DA:14,99
DA:15,27
DA:17,99
DA:19,93
DA:20,12
DA:39,15
DA:41,81
DA:51,46
DA:54,91
DA:59,18
DA:60,18
LF:15
LH:15
BRDA:17,0,0,8
BRDA:17,1,0,8
BRDA:17,2,0,8
BRDA:17,3,0,12
BRDA:17,3,1,8
BRDA:34,4,0,12
BRDA:34,4,1,4
BRDA:34,4,2,4
BRDA:34,4,3,4
BRDA:34,4,4,0
BRDA:11,5,0,54
BRDA:11,6,0,60
BRDA:11,7,0,67
BRDA:11,8,0,81
BRDA:11,8,1,54
BRDA:27,9,0,81
BRDA:27,9,1,27
BRDA:27,9,2,17
BRDA:27,9,3,17
BRDA:27,9,4,8
BRF:20
BRH:19
end_of_record
TN:
SF:src\components\RecipePlaylistBrowser\BrowserLayout\BrowserLayout.cy.jsx
FN:3,(anonymous_0)
FN:4,(anonymous_1)
FN:30,(anonymous_2)
FNF:3
FNH:3
FNDA:3,(anonymous_0)
FNDA:3,(anonymous_1)
FNDA:2,(anonymous_2)
DA:3,3
DA:4,3
DA:5,3
DA:16,3
DA:19,3
DA:22,3
DA:26,3
DA:27,3
DA:30,3
DA:31,2
DA:37,2
LF:11
LH:11
BRF:0
BRH:0
end_of_record
TN:
SF:src\components\RecipePlaylistBrowser\BrowserLayout\BrowserLayout.jsx
FN:5,(anonymous_0)
FNF:1
FNH:1
FNDA:647,(anonymous_0)
DA:5,64
DA:12,647
DA:20,18
DA:21,18
DA:28,18
DA:30,36
LF:6
LH:6
BRF:0
BRH:0
end_of_record
TN:
SF:src\components\RecipePlaylistBrowser\DataRenderer\DataRenderer.cy.jsx
FN:3,(anonymous_0)
FN:5,(anonymous_1)
FN:14,(anonymous_2)
FN:27,(anonymous_3)
FN:37,(anonymous_4)
FN:52,(anonymous_5)
FN:65,(anonymous_6)
FN:76,(anonymous_7)
FN:87,(anonymous_8)
FNF:9
FNH:9
FNDA:7,(anonymous_0)
FNDA:27,(anonymous_1)
FNDA:7,(anonymous_2)
FNDA:6,(anonymous_3)
FNDA:5,(anonymous_4)
FNDA:4,(anonymous_5)
FNDA:3,(anonymous_6)
FNDA:2,(anonymous_7)
FNDA:6,(anonymous_8)
DA:3,7
DA:5,7
DA:6,27
DA:14,7
DA:15,7
DA:17,7
DA:23,7
DA:24,7
DA:27,7
DA:28,6
DA:34,6
DA:37,7
DA:38,5
DA:40,5
DA:47,5
DA:52,7
DA:53,4
DA:54,4
DA:60,4
DA:65,7
DA:66,3
DA:72,3
DA:73,3
DA:76,7
DA:77,2
DA:83,2
DA:88,6
DA:96,2
DA:97,2
DA:98,2
LF:30
LH:30
BRF:0
BRH:0
end_of_record
TN:
SF:src\components\RecipePlaylistBrowser\DataRenderer\DataRenderer.jsx
FN:4,(anonymous_0)
FN:22,(anonymous_1)
FN:34,(anonymous_2)
FN:22,(anonymous_1)
FN:31,(anonymous_2)
FNF:5
FNH:5
FNDA:751,(anonymous_0)
FNDA:971,(anonymous_1)
FNDA:142,(anonymous_2)
FNDA:4934,(anonymous_1)
FNDA:248,(anonymous_2)
DA:4,68
DA:13,669
DA:14,31
DA:21,638
DA:22,4908
DA:23,434
DA:25,55
DA:26,26
DA:27,50
DA:28,108
DA:31,192
DA:34,192
DA:35,68
DA:36,18
DA:51,18
DA:52,36
LF:16
LH:16
BRDA:9,0,0,22
BRDA:13,1,0,31
BRDA:17,2,0,31
BRDA:17,2,1,6
BRDA:21,3,0,56
BRDA:21,4,0,638
BRDA:21,4,1,205
BRDA:26,5,0,0
BRDA:26,6,0,63
BRDA:26,6,1,108
BRDA:21,7,0,493
BRDA:23,8,0,37
BRDA:24,9,0,175
BRDA:24,9,1,145
BRF:14
BRH:13
end_of_record
TN:
SF:src\components\RecipePlaylistBrowser\PageNavigation\PageNavigation.cy.jsx
FN:3,(anonymous_0)
FN:5,(anonymous_1)
FN:6,(anonymous_2)
FN:8,(anonymous_3)
FN:23,(anonymous_4)
FN:43,(anonymous_5)
FN:56,(anonymous_6)
FN:76,(anonymous_7)
FN:92,(anonymous_8)
FNF:9
FNH:9
FNDA:7,(anonymous_0)
FNDA:21,(anonymous_1)
FNDA:15,(anonymous_2)
FNDA:7,(anonymous_3)
FNDA:6,(anonymous_4)
FNDA:5,(anonymous_5)
FNDA:4,(anonymous_6)
FNDA:3,(anonymous_7)
FNDA:2,(anonymous_8)
DA:3,7
DA:5,21
DA:6,15
DA:8,7
DA:10,7
DA:18,7
DA:19,7
DA:20,7
DA:23,7
DA:24,6
DA:26,6
DA:35,6
DA:36,6
DA:39,6
DA:40,6
DA:43,7
DA:44,5
DA:52,5
DA:53,5
DA:56,7
DA:57,4
DA:59,4
DA:68,4
DA:69,4
DA:72,4
DA:73,4
DA:76,7
DA:77,3
DA:79,3
DA:87,3
DA:89,3
DA:92,7
DA:93,2
DA:95,2
DA:105,2
DA:108,2
DA:109,2
DA:112,2
LF:38
LH:38
BRF:0
BRH:0
end_of_record
TN:
SF:src\components\RecipePlaylistBrowser\PageNavigation\PageNavigation.jsx
FN:6,PageNavigation
FN:7,(anonymous_1)
FN:8,(anonymous_2)
FN:9,(anonymous_3)
FN:16,(anonymous_4)
FN:21,(anonymous_5)
FN:55,(anonymous_6)
FN:16,(anonymous_4)
FN:20,(anonymous_5)
FN:43,(anonymous_6)
FNF:10
FNH:9
FNDA:63,PageNavigation
FNDA:17,(anonymous_1)
FNDA:4,(anonymous_2)
FNDA:3,(anonymous_3)
FNDA:63,(anonymous_4)
FNDA:246,(anonymous_5)
FNDA:0,(anonymous_6)
FNDA:246,(anonymous_4)
FNDA:3,(anonymous_5)
FNDA:372,(anonymous_6)
DA:7,63
DA:8,63
DA:9,63
DA:10,63
DA:16,246
DA:17,63
DA:20,3
DA:21,246
DA:33,44
DA:35,62
DA:37,44
DA:41,62
DA:43,390
DA:56,0
DA:75,18
DA:76,54
LF:16
LH:15
BRDA:56,0,0,0
BRDA:56,0,1,0
BRDA:43,1,0,63
BRDA:43,1,1,309
BRF:4
BRH:2
end_of_record
TN:
SF:src\components\RecipePlaylistBrowser\PlaylistFilter\PlayListFilter.cy.jsx
FN:3,(anonymous_0)
FN:12,(anonymous_1)
FN:27,(anonymous_2)
FN:53,(anonymous_3)
FN:73,(anonymous_4)
FN:92,(anonymous_5)
FN:108,(anonymous_6)
FNF:7
FNH:7
FNDA:7,(anonymous_0)
FNDA:7,(anonymous_1)
FNDA:6,(anonymous_2)
FNDA:5,(anonymous_3)
FNDA:4,(anonymous_4)
FNDA:3,(anonymous_5)
FNDA:2,(anonymous_6)
DA:3,7
DA:6,7
DA:12,7
DA:13,7
DA:15,7
DA:22,7
DA:23,7
DA:24,7
DA:27,7
DA:28,6
DA:31,6
DA:33,6
DA:41,6
DA:44,6
DA:47,6
DA:50,6
DA:53,7
DA:54,5
DA:56,5
DA:64,5
DA:67,5
DA:70,5
DA:73,7
DA:74,4
DA:76,4
DA:84,4
DA:85,4
DA:88,4
DA:89,4
DA:92,7
DA:93,3
DA:95,3
DA:103,3
DA:105,3
DA:108,7
DA:111,2
DA:118,2
LF:37
LH:37
BRF:0
BRH:0
end_of_record
TN:
SF:src\components\RecipePlaylistBrowser\PlaylistFilter\PlayListFilter.jsx
FN:15,(anonymous_0)
FN:17,(anonymous_1)
FN:23,(anonymous_2)
FN:30,(anonymous_3)
FN:36,(anonymous_4)
FN:52,(anonymous_5)
FN:53,(anonymous_6)
FN:60,(anonymous_7)
FN:15,(anonymous_8)
FN:14,(anonymous_0)
FN:16,(anonymous_1)
FN:19,(anonymous_2)
FN:26,(anonymous_3)
FN:32,(anonymous_4)
FN:49,(anonymous_5)
FN:50,(anonymous_6)
FN:58,(anonymous_7)
FNF:17
FNH:13
FNDA:0,(anonymous_0)
FNDA:0,(anonymous_1)
FNDA:429,(anonymous_2)
FNDA:429,(anonymous_3)
FNDA:429,(anonymous_4)
FNDA:429,(anonymous_5)
FNDA:429,(anonymous_6)
FNDA:429,(anonymous_7)
FNDA:0,(anonymous_8)
FNDA:429,(anonymous_0)
FNDA:0,(anonymous_1)
FNDA:102,(anonymous_2)
FNDA:96,(anonymous_3)
FNDA:76,(anonymous_4)
FNDA:429,(anonymous_5)
FNDA:3,(anonymous_6)
FNDA:84,(anonymous_7)
DA:9,26
DA:10,18
DA:14,26
DA:15,26
DA:18,920
DA:19,447
DA:21,120
DA:23,26
DA:24,26
DA:25,447
DA:29,114
DA:30,26
DA:31,429
DA:32,447
DA:34,94
DA:36,34
DA:37,26
DA:38,76
DA:39,88
DA:40,12
DA:43,12
DA:44,429
DA:45,76
DA:48,26
DA:49,447
DA:50,468
DA:52,26
DA:53,447
DA:55,0
DA:58,84
DA:60,429
DA:77,26
DA:79,44
DA:80,36
DA:85,18
LF:35
LH:34
BRDA:16,0,0,0
BRDA:17,1,0,0
BRDA:19,2,0,0
BRDA:19,2,1,0
BRDA:24,3,0,0
BRDA:31,4,0,0
BRDA:31,4,1,0
BRDA:37,5,0,0
BRDA:40,6,0,8
BRDA:43,7,0,8
BRDA:43,7,1,4
BRDA:44,8,0,0
BRDA:15,9,0,0
BRDA:16,10,0,0
BRDA:18,11,0,429
BRDA:18,11,1,407
BRDA:21,12,0,10
BRDA:29,13,0,96
BRDA:29,13,1,88
BRDA:34,14,0,16
BRDA:38,15,0,4
BRDA:39,16,0,9
BRDA:39,16,1,3
BRDA:40,17,0,8
BRF:24
BRH:13
end_of_record
TN:
SF:src\components\RecipePlaylistBrowser\RecipeFilter\RecipeFilter.cy.jsx
FN:3,(anonymous_0)
FN:13,(anonymous_1)
FN:29,(anonymous_2)
FN:56,(anonymous_3)
FN:75,(anonymous_4)
FN:96,(anonymous_5)
FN:112,(anonymous_6)
FN:121,(anonymous_7)
FN:129,(anonymous_8)
FNF:9
FNH:9
FNDA:9,(anonymous_0)
FNDA:9,(anonymous_1)
FNDA:8,(anonymous_2)
FNDA:7,(anonymous_3)
FNDA:6,(anonymous_4)
FNDA:5,(anonymous_5)
FNDA:4,(anonymous_6)
FNDA:3,(anonymous_7)
FNDA:2,(anonymous_8)
DA:3,9
DA:5,9
DA:13,9
DA:14,9
DA:16,9
DA:23,9
DA:24,9
DA:26,9
DA:29,9
DA:30,8
DA:31,8
DA:33,8
DA:41,8
DA:44,8
DA:47,8
DA:50,8
DA:53,8
DA:56,9
DA:57,7
DA:59,7
DA:66,7
DA:69,7
DA:72,7
DA:75,9
DA:76,6
DA:78,6
DA:85,6
DA:88,6
DA:89,6
DA:92,6
DA:93,6
DA:96,9
DA:97,5
DA:99,5
DA:107,5
DA:109,5
DA:112,9
DA:113,4
DA:114,4
DA:117,4
DA:118,4
DA:121,9
DA:122,3
DA:123,3
DA:125,3
DA:126,3
DA:129,9
DA:130,2
DA:137,2
LF:49
LH:49
BRF:0
BRH:0
end_of_record
TN:
SF:src\components\RecipePlaylistBrowser\RecipeFilter\RecipeFilter.jsx
FN:21,(anonymous_0)
FN:23,(anonymous_1)
FN:29,(anonymous_2)
FN:37,(anonymous_3)
FN:44,(anonymous_4)
FN:62,(anonymous_5)
FN:63,(anonymous_6)
FN:70,(anonymous_7)
FN:21,(anonymous_8)
FN:20,(anonymous_0)
FN:22,(anonymous_1)
FN:26,(anonymous_2)
FN:32,(anonymous_3)
FN:39,(anonymous_4)
FN:59,(anonymous_5)
FN:60,(anonymous_6)
FN:68,(anonymous_7)
FNF:17
FNH:15
FNDA:180,(anonymous_0)
FNDA:0,(anonymous_1)
FNDA:687,(anonymous_2)
FNDA:684,(anonymous_3)
FNDA:656,(anonymous_4)
FNDA:1196,(anonymous_5)
FNDA:656,(anonymous_6)
FNDA:676,(anonymous_7)
FNDA:12,(anonymous_8)
FNDA:656,(anonymous_0)
FNDA:0,(anonymous_1)
FNDA:358,(anonymous_2)
FNDA:350,(anonymous_3)
FNDA:310,(anonymous_4)
FNDA:2148,(anonymous_5)
FNDA:192,(anonymous_6)
FNDA:240,(anonymous_7)
DA:13,41
DA:14,18
DA:20,41
DA:21,53
DA:24,1569
DA:26,836
DA:28,358
DA:29,221
DA:30,72
DA:31,674
DA:35,188
DA:37,221
DA:38,684
DA:39,674
DA:42,310
DA:44,221
DA:45,41
DA:46,130
DA:47,146
DA:48,16
DA:51,16
DA:54,656
DA:55,130
DA:58,41
DA:59,674
DA:60,2016
DA:62,221
DA:63,1196
DA:65,180
DA:68,240
DA:70,676
DA:96,41
DA:98,59
DA:99,36
DA:108,18
LF:35
LH:35
BRDA:22,0,0,0
BRDA:23,1,0,0
BRDA:26,2,0,180
BRDA:26,2,1,180
BRDA:30,3,0,3
BRDA:38,4,0,28
BRDA:38,4,1,28
BRDA:45,5,0,0
BRDA:48,6,0,10
BRDA:51,7,0,10
BRDA:51,7,1,6
BRDA:54,8,0,0
BRDA:21,9,0,0
BRDA:22,10,0,0
BRDA:24,11,0,656
BRDA:24,11,1,622
BRDA:28,12,0,16
BRDA:35,13,0,170
BRDA:35,13,1,158
BRDA:42,14,0,22
BRDA:46,15,0,6
BRDA:47,16,0,13
BRDA:47,16,1,3
BRDA:48,17,0,10
BRF:24
BRH:18
end_of_record
TN:
SF:src\components\RecipePlaylistBrowser\Shared\FilterBar.jsx
FNF:0
FNH:0
DA:3,77
LF:1
LH:1
BRF:0
BRH:0
end_of_record
TN:
SF:src\components\RecipePlaylistBrowser\Tags\Tags.cy.jsx
FN:3,(anonymous_0)
FN:6,(anonymous_1)
FN:16,(anonymous_2)
FN:29,(anonymous_3)
FN:34,(anonymous_4)
FN:50,(anonymous_5)
FN:68,(anonymous_6)
FNF:7
FNH:7
FNDA:6,(anonymous_0)
FNDA:6,(anonymous_1)
FNDA:5,(anonymous_2)
FNDA:15,(anonymous_3)
FNDA:4,(anonymous_4)
FNDA:3,(anonymous_5)
FNDA:2,(anonymous_6)
DA:3,6
DA:4,6
DA:6,6
DA:8,6
DA:9,6
DA:12,6
DA:13,6
DA:16,6
DA:17,5
DA:19,5
DA:27,5
DA:29,5
DA:30,15
DA:34,6
DA:35,4
DA:37,4
DA:45,4
DA:47,4
DA:50,6
DA:51,3
DA:52,3
DA:54,3
DA:62,3
DA:65,3
DA:68,6
DA:69,2
DA:71,2
DA:79,2
DA:82,2
LF:29
LH:29
BRF:0
BRH:0
end_of_record
TN:
SF:src\components\RecipePlaylistBrowser\Tags\Tags.jsx
FN:5,(anonymous_0)
FN:7,(anonymous_1)
FN:8,(anonymous_2)
FN:9,(anonymous_3)
FN:20,(anonymous_4)
FN:21,(anonymous_5)
FN:30,(anonymous_6)
FN:45,(anonymous_7)
FN:20,(anonymous_4)
FN:27,(anonymous_6)
FN:38,(anonymous_7)
FNF:11
FNH:9
FNDA:744,(anonymous_0)
FNDA:4,(anonymous_1)
FNDA:5,(anonymous_2)
FNDA:11,(anonymous_3)
FNDA:580,(anonymous_4)
FNDA:49,(anonymous_5)
FNDA:0,(anonymous_6)
FNDA:0,(anonymous_7)
FNDA:218,(anonymous_4)
FNDA:49,(anonymous_6)
FNDA:78,(anonymous_7)
DA:5,67
DA:6,662
DA:7,29
DA:8,29
DA:9,11
DA:11,5
DA:13,29
DA:20,49
DA:21,49
DA:27,49
DA:29,67
DA:30,18
DA:31,0
DA:32,49
DA:37,67
DA:38,96
DA:46,0
DA:60,18
LF:18
LH:16
BRDA:6,0,0,633
BRDA:6,1,0,662
BRDA:6,1,1,656
BRDA:15,2,0,29
BRDA:15,2,1,29
BRDA:46,3,0,0
BRDA:46,3,1,0
BRDA:38,4,0,29
BRDA:38,4,1,49
BRF:9
BRH:7
end_of_record
TN:
SF:src\components\RecipePlaylistDetailComponents\CookingSteps\CookingSteps.cy.jsx
FN:3,(anonymous_0)
FN:22,(anonymous_1)
FN:29,(anonymous_2)
FN:39,(anonymous_3)
FN:55,(anonymous_4)
FNF:5
FNH:5
FNDA:5,(anonymous_0)
FNDA:5,(anonymous_1)
FNDA:4,(anonymous_2)
FNDA:3,(anonymous_3)
FNDA:2,(anonymous_4)
DA:3,5
DA:4,5
DA:22,5
DA:23,5
DA:25,5
DA:26,5
DA:29,5
DA:30,4
DA:32,4
DA:33,4
DA:35,4
DA:36,4
DA:39,5
DA:40,3
DA:42,3
DA:47,3
DA:49,3
DA:55,5
DA:56,2
DA:58,2
DA:59,2
LF:21
LH:21
BRF:0
BRH:0
end_of_record
TN:
SF:src\components\RecipePlaylistDetailComponents\CookingSteps\CookingSteps.jsx
FN:8,(anonymous_0)
FN:14,(anonymous_1)
FNF:2
FNH:2
FNDA:42,(anonymous_0)
FNDA:104,(anonymous_1)
DA:8,35
DA:9,42
DA:15,104
DA:16,104
DA:37,18
DA:38,18
DA:42,35
DA:44,18
DA:48,35
DA:50,35
DA:56,35
DA:60,18
DA:62,35
DA:64,18
DA:68,35
DA:70,18
DA:75,35
DA:76,35
DA:83,18
DA:85,18
DA:90,18
DA:91,144
LF:22
LH:22
BRDA:23,0,0,104
BRDA:23,0,1,104
BRDA:25,1,0,104
BRDA:25,1,1,24
BRF:4
BRH:4
end_of_record
TN:
SF:src\components\RecipePlaylistDetailComponents\HeroSection\HeroComponent.cy.jsx
FN:3,(anonymous_0)
FN:10,(anonymous_1)
FN:22,(anonymous_2)
FN:34,(anonymous_3)
FNF:4
FNH:4
FNDA:4,(anonymous_0)
FNDA:4,(anonymous_1)
FNDA:3,(anonymous_2)
FNDA:2,(anonymous_3)
DA:3,4
DA:4,4
DA:10,4
DA:11,4
DA:13,4
DA:14,4
DA:16,4
DA:22,4
DA:23,3
DA:29,3
DA:34,4
DA:35,2
DA:42,2
DA:44,2
LF:14
LH:14
BRF:0
BRH:0
end_of_record
TN:
SF:src\components\RecipePlaylistDetailComponents\HeroSection\HeroComponent.jsx
FN:6,(anonymous_0)
FNF:1
FNH:1
FNDA:44,(anonymous_0)
DA:6,34
DA:7,44
DA:17,18
DA:18,18
DA:24,34
DA:25,18
DA:31,34
DA:32,18
DA:36,18
DA:38,72
LF:10
LH:10
BRDA:10,0,0,44
BRDA:10,0,1,42
BRF:2
BRH:2
end_of_record
TN:
SF:src\components\RecipePlaylistDetailComponents\HeroSection\PlaylistSideBar.cy.jsx
FN:5,(anonymous_0)
FN:22,(anonymous_1)
FN:33,(anonymous_2)
FN:40,(anonymous_3)
FN:50,(anonymous_4)
FN:55,(anonymous_5)
FN:69,(anonymous_6)
FN:81,(anonymous_7)
FNF:8
FNH:8
FNDA:6,(anonymous_0)
FNDA:6,(anonymous_1)
FNDA:5,(anonymous_2)
FNDA:4,(anonymous_3)
FNDA:4,(anonymous_4)
FNDA:3,(anonymous_5)
FNDA:2,(anonymous_6)
FNDA:2,(anonymous_7)
DA:5,6
DA:6,6
DA:15,6
DA:22,6
DA:23,6
DA:25,6
DA:26,6
DA:27,6
DA:29,6
DA:33,6
DA:34,5
DA:36,5
DA:37,5
DA:40,6
DA:41,4
DA:46,4
DA:48,4
DA:50,4
DA:51,4
DA:55,6
DA:56,3
DA:63,3
DA:65,3
DA:66,3
DA:69,6
DA:70,2
DA:72,2
DA:74,2
DA:78,2
DA:81,2
DA:82,2
DA:86,2
DA:88,2
DA:89,2
LF:34
LH:34
BRF:0
BRH:0
end_of_record
TN:
SF:src\components\RecipePlaylistDetailComponents\HeroSection\PlaylistSideBar.jsx
FN:21,(anonymous_0)
FN:35,(anonymous_1)
FN:38,(anonymous_2)
FN:44,(anonymous_3)
FN:49,(anonymous_4)
FN:21,(anonymous_5)
FN:85,(anonymous_6)
FN:88,(anonymous_7)
FN:20,(anonymous_0)
FN:32,(anonymous_1)
FN:36,(anonymous_2)
FN:42,(anonymous_3)
FN:47,(anonymous_4)
FN:81,(anonymous_5)
FN:83,(anonymous_6)
FNF:15
FNH:14
FNDA:14,(anonymous_0)
FNDA:41,(anonymous_1)
FNDA:37,(anonymous_2)
FNDA:2,(anonymous_3)
FNDA:37,(anonymous_4)
FNDA:73,(anonymous_5)
FNDA:14,(anonymous_6)
FNDA:56,(anonymous_7)
FNDA:37,(anonymous_0)
FNDA:18,(anonymous_1)
FNDA:16,(anonymous_2)
FNDA:2,(anonymous_3)
FNDA:0,(anonymous_4)
FNDA:37,(anonymous_5)
FNDA:71,(anonymous_6)
DA:20,14
DA:21,73
DA:28,138
DA:29,55
DA:30,55
DA:31,51
DA:32,55
DA:33,89
DA:35,28
DA:36,55
DA:37,20
DA:38,28
DA:39,14
DA:40,4
DA:41,2
DA:42,2
DA:43,4
DA:44,2
DA:45,2
DA:46,0
DA:47,0
DA:48,0
DA:49,14
DA:50,37
DA:51,55
DA:54,14
DA:81,14
DA:83,89
DA:85,18
DA:86,14
DA:89,56
DA:95,32
DA:97,32
DA:103,32
DA:105,18
DA:117,18
DA:118,72
LF:37
LH:34
BRDA:73,0,0,4
BRDA:73,0,1,10
BRDA:74,1,0,4
BRDA:74,1,1,10
BRDA:71,2,0,11
BRDA:71,2,1,26
BRDA:73,3,0,11
BRDA:73,3,1,26
BRF:8
BRH:8
end_of_record
TN:
SF:src\components\RecipePlaylistDetailComponents\HeroSection\RecipeSideBar.cy.jsx
FN:6,(anonymous_0)
FN:26,(anonymous_1)
FN:35,(anonymous_2)
FN:45,(anonymous_3)
FN:50,(anonymous_4)
FN:64,(anonymous_5)
FN:80,(anonymous_6)
FN:93,(anonymous_7)
FNF:8
FNH:8
FNDA:7,(anonymous_0)
FNDA:7,(anonymous_1)
FNDA:6,(anonymous_2)
FNDA:6,(anonymous_3)
FNDA:5,(anonymous_4)
FNDA:4,(anonymous_5)
FNDA:3,(anonymous_6)
FNDA:2,(anonymous_7)
DA:6,7
DA:7,7
DA:16,7
DA:26,7
DA:27,7
DA:29,7
DA:30,7
DA:31,7
DA:32,7
DA:35,7
DA:36,6
DA:41,6
DA:43,6
DA:45,6
DA:46,6
DA:50,7
DA:51,5
DA:58,5
DA:60,5
DA:61,5
DA:64,7
DA:65,4
DA:66,4
DA:68,4
DA:70,4
DA:72,4
DA:75,4
DA:80,7
DA:81,3
DA:88,3
DA:90,3
DA:93,7
DA:94,2
DA:96,2
DA:98,2
DA:102,2
DA:105,2
DA:107,2
DA:109,2
DA:110,2
LF:40
LH:40
BRF:0
BRH:0
end_of_record
TN:
SF:src\components\RecipePlaylistDetailComponents\HeroSection\RecipeSideBar.jsx
FN:25,(anonymous_0)
FN:44,(anonymous_1)
FN:47,(anonymous_2)
FN:51,(anonymous_3)
FN:57,(anonymous_4)
FN:62,(anonymous_5)
FN:25,(anonymous_6)
FN:24,(anonymous_0)
FN:40,(anonymous_1)
FN:45,(anonymous_2)
FN:48,(anonymous_3)
FN:55,(anonymous_4)
FN:60,(anonymous_5)
FNF:13
FNH:12
FNDA:32,(anonymous_0)
FNDA:57,(anonymous_1)
FNDA:54,(anonymous_2)
FNDA:53,(anonymous_3)
FNDA:2,(anonymous_4)
FNDA:53,(anonymous_5)
FNDA:7,(anonymous_6)
FNDA:53,(anonymous_0)
FNDA:38,(anonymous_1)
FNDA:36,(anonymous_2)
FNDA:34,(anonymous_3)
FNDA:2,(anonymous_4)
FNDA:0,(anonymous_5)
DA:24,19
DA:25,18
DA:32,193
DA:33,71
DA:34,156
DA:35,122
DA:36,71
DA:37,71
DA:39,85
DA:40,71
DA:42,38
DA:44,51
DA:45,71
DA:46,22
DA:47,51
DA:48,71
DA:49,20
DA:51,51
DA:52,19
DA:53,4
DA:54,2
DA:55,2
DA:56,4
DA:57,2
DA:58,2
DA:59,0
DA:60,0
DA:61,0
DA:62,19
DA:63,53
DA:64,71
DA:69,32
DA:102,18
DA:104,18
LF:34
LH:31
BRDA:88,0,0,6
BRDA:88,0,1,26
BRDA:89,1,0,6
BRDA:89,1,1,26
BRDA:92,2,0,28
BRDA:92,2,1,4
BRDA:92,3,0,28
BRDA:92,3,1,4
BRDA:86,4,0,17
BRDA:86,4,1,36
BRDA:88,5,0,17
BRDA:88,5,1,36
BRDA:90,6,0,6
BRDA:90,6,1,100
BRF:14
BRH:14
end_of_record
TN:
SF:src\components\RecipePlaylistDetailComponents\HeroSection\Shared.jsx
FN:16,(anonymous_0)
FNF:1
FNH:1
FNDA:310,(anonymous_0)
DA:3,48
DA:10,48
DA:16,310
DA:18,48
LF:4
LH:4
BRDA:16,0,0,310
BRDA:16,0,1,136
BRF:2
BRH:2
end_of_record
TN:
SF:src\components\RecipePlaylistDetailComponents\Ingredients\Ingredients.cy.jsx
FN:3,(anonymous_0)
FN:20,(anonymous_1)
FN:35,(anonymous_2)
FN:53,(anonymous_3)
FN:60,(anonymous_4)
FN:71,(anonymous_5)
FN:84,(anonymous_6)
FNF:7
FNH:7
FNDA:7,(anonymous_0)
FNDA:7,(anonymous_1)
FNDA:6,(anonymous_2)
FNDA:5,(anonymous_3)
FNDA:4,(anonymous_4)
FNDA:3,(anonymous_5)
FNDA:2,(anonymous_6)
DA:3,7
DA:4,7
DA:20,7
DA:21,7
DA:23,7
DA:24,7
DA:25,7
DA:27,7
DA:28,7
DA:29,7
DA:30,7
DA:31,7
DA:32,7
DA:35,7
DA:36,6
DA:38,6
DA:40,6
DA:42,6
DA:43,6
DA:44,6
DA:45,6
DA:47,6
DA:49,6
DA:50,6
DA:53,7
DA:54,5
DA:56,5
DA:57,5
DA:60,7
DA:61,4
DA:63,4
DA:64,4
DA:65,4
DA:67,4
DA:68,4
DA:71,7
DA:72,3
DA:79,3
DA:81,3
DA:84,7
DA:85,2
DA:87,2
DA:88,2
DA:92,2
DA:93,2
LF:45
LH:45
BRF:0
BRH:0
end_of_record
TN:
SF:src\components\RecipePlaylistDetailComponents\Ingredients\Ingredients.jsx
FN:7,(anonymous_0)
FN:12,(anonymous_1)
FN:12,(anonymous_2)
FN:13,(anonymous_3)
FN:13,(anonymous_4)
FN:14,(anonymous_5)
FN:44,(anonymous_6)
FN:57,(anonymous_7)
FN:69,(anonymous_8)
FN:94,(anonymous_9)
FN:101,(anonymous_10)
FN:104,(anonymous_11)
FN:120,(anonymous_12)
FN:120,(anonymous_13)
FN:230,(anonymous_14)
FN:231,(anonymous_15)
FN:5,(anonymous_0)
FN:9,(anonymous_1)
FN:9,(anonymous_2)
FN:10,(anonymous_3)
FN:10,(anonymous_4)
FN:12,(anonymous_5)
FN:20,(anonymous_6)
FN:19,(anonymous_7)
FN:67,(anonymous_8)
FN:84,(anonymous_9)
FN:90,(anonymous_10)
FN:92,(anonymous_11)
FN:105,(anonymous_12)
FN:105,(anonymous_13)
FN:202,(anonymous_14)
FNF:31
FNH:31
FNDA:20,(anonymous_0)
FNDA:4,(anonymous_1)
FNDA:4,(anonymous_2)
FNDA:55,(anonymous_3)
FNDA:55,(anonymous_4)
FNDA:55,(anonymous_5)
FNDA:75,(anonymous_6)
FNDA:20,(anonymous_7)
FNDA:203,(anonymous_8)
FNDA:251,(anonymous_9)
FNDA:104,(anonymous_10)
FNDA:251,(anonymous_11)
FNDA:147,(anonymous_12)
FNDA:147,(anonymous_13)
FNDA:104,(anonymous_14)
FNDA:104,(anonymous_15)
FNDA:55,(anonymous_0)
FNDA:30,(anonymous_1)
FNDA:30,(anonymous_2)
FNDA:31,(anonymous_3)
FNDA:31,(anonymous_4)
FNDA:24,(anonymous_5)
FNDA:119,(anonymous_6)
FNDA:99,(anonymous_7)
FNDA:163,(anonymous_8)
FNDA:147,(anonymous_9)
FNDA:147,(anonymous_10)
FNDA:147,(anonymous_11)
FNDA:108,(anonymous_12)
FNDA:108,(anonymous_13)
FNDA:294,(anonymous_14)
DA:5,19
DA:7,112
DA:9,101
DA:10,102
DA:12,99
DA:13,114
DA:14,75
DA:16,75
DA:18,20
DA:19,19
DA:20,119
DA:45,75
DA:55,37
DA:57,99
DA:58,117
DA:63,119
DA:65,20
DA:67,163
DA:68,19
DA:70,203
DA:80,37
DA:82,18
DA:84,165
DA:86,21
DA:87,162
DA:90,19
DA:91,165
DA:92,183
DA:93,147
DA:94,165
DA:95,251
DA:96,19
DA:97,165
DA:98,251
DA:101,251
DA:102,251
DA:104,251
DA:105,255
DA:107,251
DA:109,251
DA:111,251
DA:114,251
DA:115,104
DA:116,19
DA:120,147
DA:122,123
DA:130,123
DA:134,37
DA:136,19
DA:138,37
DA:140,19
DA:142,37
DA:144,37
DA:151,37
DA:153,37
DA:157,18
DA:159,74
DA:176,37
DA:178,19
DA:181,37
DA:183,19
DA:190,37
DA:192,37
DA:194,18
DA:196,37
DA:200,18
DA:202,330
DA:206,37
DA:208,37
DA:219,18
DA:221,18
DA:226,18
DA:228,18
DA:230,104
DA:231,104
DA:235,18
DA:236,18
DA:239,18
DA:240,306
LF:79
LH:79
BRDA:7,0,0,0
BRDA:7,1,0,55
BRDA:9,2,0,20
BRDA:9,2,1,0
BRDA:13,3,0,29
BRDA:13,3,1,26
BRDA:16,4,0,0
BRDA:16,4,1,20
BRDA:46,5,0,20
BRDA:46,5,1,0
BRDA:63,6,0,0
BRDA:63,7,0,20
BRDA:63,7,1,20
BRDA:67,8,0,20
BRDA:67,8,1,20
BRDA:95,9,0,0
BRDA:105,10,0,0
BRDA:123,11,0,104
BRDA:123,11,1,104
BRDA:230,12,0,0
BRDA:230,12,1,104
BRDA:231,13,0,0
BRDA:231,13,1,104
BRDA:5,14,0,0
BRDA:7,15,0,55
BRDA:7,15,1,0
BRDA:10,16,0,6
BRDA:10,16,1,5
BRDA:13,17,0,29
BRDA:13,17,1,26
BRDA:48,18,0,99
BRDA:48,18,1,0
BRDA:57,19,0,0
BRDA:57,20,0,99
BRDA:57,20,1,99
BRDA:59,21,0,99
BRDA:59,21,1,99
BRDA:84,22,0,3
BRDA:92,23,0,0
BRDA:119,24,0,147
BRDA:119,24,1,147
BRDA:202,25,0,4
BRDA:202,25,1,290
BRF:43
BRH:29
end_of_record
TN:
SF:src\components\RecipePlaylistDetailComponents\Reviews\Review.cy.jsx
FN:3,(anonymous_0)
FN:15,(anonymous_1)
FNF:2
FNH:2
FNDA:2,(anonymous_0)
FNDA:2,(anonymous_1)
DA:3,2
DA:4,2
DA:15,2
DA:16,2
DA:18,2
DA:19,2
DA:21,2
LF:7
LH:7
BRF:0
BRH:0
end_of_record
TN:
SF:src\components\RecipePlaylistDetailComponents\Reviews\Review.jsx
FN:12,(anonymous_0)
FNF:1
FNH:1
FNDA:56,(anonymous_0)
DA:12,36
DA:13,56
DA:14,56
DA:16,56
DA:28,18
DA:29,18
DA:32,36
DA:33,54
DA:37,18
LF:9
LH:9
BRF:0
BRH:0
end_of_record
TN:
SF:src\components\RecipePlaylistDetailComponents\Reviews\ReviewForm.cy.jsx
FN:3,(anonymous_0)
FN:6,(anonymous_1)
FN:15,(anonymous_2)
FN:24,(anonymous_3)
FN:36,(anonymous_4)
FN:48,(anonymous_5)
FN:58,(anonymous_6)
FNF:7
FNH:7
FNDA:6,(anonymous_0)
FNDA:6,(anonymous_1)
FNDA:5,(anonymous_2)
FNDA:4,(anonymous_3)
FNDA:3,(anonymous_4)
FNDA:3,(anonymous_5)
FNDA:2,(anonymous_6)
DA:3,6
DA:4,6
DA:6,6
DA:7,6
DA:9,6
DA:10,6
DA:11,6
DA:12,6
DA:15,6
DA:16,5
DA:18,5
DA:20,5
DA:21,5
DA:24,6
DA:25,4
DA:27,4
DA:29,4
DA:30,4
DA:32,4
DA:33,4
DA:36,6
DA:37,3
DA:42,3
DA:44,3
DA:45,3
DA:46,3
DA:48,3
DA:49,3
DA:55,3
DA:58,6
DA:59,2
DA:61,2
DA:66,2
DA:68,2
DA:69,2
DA:70,2
DA:72,2
DA:74,2
LF:38
LH:38
BRF:0
BRH:0
end_of_record
TN:
SF:src\components\RecipePlaylistDetailComponents\Reviews\ReviewForm.jsx
FN:13,(anonymous_0)
FN:25,(anonymous_1)
FN:61,(anonymous_2)
FN:65,(anonymous_3)
FN:66,(anonymous_4)
FN:67,(anonymous_5)
FN:88,(anonymous_6)
FN:13,(anonymous_7)
FN:148,(anonymous_8)
FN:149,(anonymous_9)
FN:12,(anonymous_0)
FN:22,(anonymous_1)
FN:59,(anonymous_2)
FN:62,(anonymous_3)
FN:63,(anonymous_5)
FN:85,(anonymous_6)
FN:133,(anonymous_7)
FN:138,(anonymous_8)
FNF:18
FNH:18
FNDA:156,(anonymous_0)
FNDA:177,(anonymous_1)
FNDA:955,(anonymous_2)
FNDA:877,(anonymous_3)
FNDA:877,(anonymous_4)
FNDA:877,(anonymous_5)
FNDA:237,(anonymous_6)
FNDA:7,(anonymous_7)
FNDA:780,(anonymous_8)
FNDA:780,(anonymous_9)
FNDA:175,(anonymous_0)
FNDA:168,(anonymous_1)
FNDA:1031,(anonymous_2)
FNDA:1590,(anonymous_3)
FNDA:791,(anonymous_5)
FNDA:264,(anonymous_6)
FNDA:875,(anonymous_7)
FNDA:875,(anonymous_8)
DA:12,18
DA:13,560
DA:14,367
DA:15,331
DA:16,331
DA:18,174
DA:21,331
DA:22,193
DA:23,331
DA:25,174
DA:26,168
DA:27,161
DA:28,177
DA:29,168
DA:30,161
DA:31,177
DA:32,168
DA:33,161
DA:34,177
DA:35,175
DA:36,163
DA:37,163
DA:39,20
DA:40,9
DA:42,7
DA:44,7
DA:46,7
DA:47,6
DA:48,4
DA:49,8
DA:50,177
DA:51,193
DA:55,156
DA:56,18
DA:59,1031
DA:62,1590
DA:63,791
DA:65,877
DA:66,877
DA:67,877
DA:85,264
DA:88,237
DA:104,36
DA:106,18
DA:119,36
DA:121,36
DA:131,36
DA:133,875
DA:136,36
DA:138,893
DA:148,780
DA:149,780
DA:156,18
DA:158,90
LF:54
LH:54
BRDA:28,0,0,0
BRDA:31,1,0,0
BRDA:34,2,0,0
BRDA:50,3,0,2
BRDA:50,3,1,0
BRDA:68,4,0,780
BRDA:68,4,1,760
BRDA:74,5,0,156
BRDA:74,5,1,0
BRDA:78,6,0,16
BRDA:78,6,1,140
BRDA:80,7,0,140
BRDA:80,7,1,0
BRDA:92,8,0,156
BRDA:92,8,1,0
BRDA:96,9,0,156
BRDA:96,9,1,4
BRDA:98,10,0,4
BRDA:98,10,1,152
BRDA:148,11,0,700
BRDA:148,11,1,80
BRDA:149,12,0,700
BRDA:149,12,1,80
BRDA:26,13,0,5
BRDA:29,14,0,5
BRDA:32,15,0,5
BRDA:48,16,0,2
BRDA:48,16,1,0
BRDA:65,17,0,875
BRDA:65,17,1,800
BRDA:60,18,0,175
BRDA:60,18,1,5
BRDA:59,19,0,171
BRDA:59,19,1,143
BRDA:85,20,0,175
BRDA:85,20,1,5
BRDA:84,21,0,175
BRDA:84,21,1,2
BRDA:96,22,0,163
BRDA:96,22,1,172
BRDA:133,23,0,657
BRDA:133,23,1,218
BRDA:138,24,0,657
BRDA:138,24,1,218
BRF:44
BRH:36
end_of_record
TN:
SF:src\components\RecipePlaylistDetailComponents\Reviews\Reviews.cy.jsx
FN:3,(anonymous_0)
FN:25,(anonymous_1)
FN:37,(anonymous_2)
FN:49,(anonymous_3)
FNF:4
FNH:4
FNDA:4,(anonymous_0)
FNDA:4,(anonymous_1)
FNDA:3,(anonymous_2)
FNDA:2,(anonymous_3)
DA:3,4
DA:4,4
DA:25,4
DA:26,4
DA:28,4
DA:30,4
DA:31,4
DA:33,4
DA:34,4
DA:37,4
DA:38,3
DA:40,3
DA:42,3
DA:43,3
DA:45,3
DA:46,3
DA:49,4
DA:50,2
DA:52,2
DA:53,2
DA:55,2
LF:21
LH:21
BRF:0
BRH:0
end_of_record
TN:
SF:src\components\RecipePlaylistDetailComponents\Reviews\Reviews.jsx
FN:11,(anonymous_0)
FN:29,(anonymous_1)
FN:29,(anonymous_1)
FNF:3
FNH:3
FNDA:57,(anonymous_0)
FNDA:49,(anonymous_1)
FNDA:42,(anonymous_1)
DA:11,34
DA:12,37
DA:29,42
DA:30,49
DA:33,16
DA:35,34
DA:36,18
DA:42,18
DA:46,34
DA:47,18
DA:51,18
DA:52,34
DA:56,18
DA:57,34
DA:62,18
DA:63,18
DA:69,18
DA:70,108
LF:18
LH:18
BRF:0
BRH:0
end_of_record
TN:
SF:src\components\RecipePlaylistDetailComponents\SharedComponents\SharedComponents.jsx
FN:7,(anonymous_0)
FN:12,(anonymous_1)
FN:20,(anonymous_2)
FN:33,(anonymous_3)
FN:12,(anonymous_1)
FN:17,(anonymous_2)
FN:11,(anonymous_3)
FNF:7
FNH:7
FNDA:262,(anonymous_0)
FNDA:474,(anonymous_1)
FNDA:134,(anonymous_2)
FNDA:420,(anonymous_3)
FNDA:537,(anonymous_1)
FNDA:101,(anonymous_2)
FNDA:470,(anonymous_3)
DA:7,79
DA:8,178
DA:9,178
DA:10,178
DA:11,531
DA:12,537
DA:13,474
DA:17,101
DA:21,134
DA:30,488
DA:32,18
DA:34,420
DA:39,61
DA:43,18
DA:44,97
DA:51,61
DA:55,61
DA:59,79
DA:63,61
DA:66,61
DA:69,18
DA:73,18
DA:77,36
LF:23
LH:23
BRDA:7,0,0,122
BRDA:34,1,0,160
BRDA:34,1,1,260
BRDA:11,2,0,120
BRDA:11,2,1,350
BRF:5
BRH:5
end_of_record
TN:
SF:src\pages\LoadingPage.cy.jsx
FN:3,(anonymous_0)
FN:4,(anonymous_1)
FN:22,(anonymous_2)
FN:34,(anonymous_3)
FNF:4
FNH:4
FNDA:4,(anonymous_0)
FNDA:4,(anonymous_1)
FNDA:3,(anonymous_2)
FNDA:2,(anonymous_3)
DA:3,4
DA:4,4
DA:5,4
DA:7,4
DA:9,4
DA:10,4
DA:11,4
DA:13,4
DA:17,4
DA:22,4
DA:23,3
DA:25,3
DA:27,3
DA:28,3
DA:29,3
DA:31,3
DA:34,4
DA:35,2
DA:41,2
DA:42,2
LF:20
LH:20
BRF:0
BRH:0
end_of_record
TN:
SF:src\pages\LoadingPage.jsx
FN:3,(anonymous_0)
FN:17,(anonymous_1)
FN:18,(anonymous_2)
FN:16,(anonymous_1)
FN:17,(anonymous_2)
FNF:5
FNH:5
FNDA:161,(anonymous_0)
FNDA:86,(anonymous_1)
FNDA:86,(anonymous_2)
FNDA:77,(anonymous_1)
FNDA:77,(anonymous_2)
DA:3,34
DA:4,161
DA:9,18
DA:11,18
DA:16,77
DA:17,102
DA:18,102
DA:24,16
DA:25,34
DA:27,18
DA:38,18
DA:39,54
LF:12
LH:12
BRDA:17,0,0,86
BRDA:17,0,1,0
BRDA:18,1,0,86
BRDA:18,1,1,0
BRDA:16,2,0,77
BRDA:16,2,1,2
BRDA:17,3,0,77
BRDA:17,3,1,2
BRF:8
BRH:6
end_of_record
TN:
SF:src\pages\MainPage.jsx
FN:6,(anonymous_0)
FNF:1
FNH:1
FNDA:28,(anonymous_0)
DA:6,26
DA:7,28
DA:24,18
DA:26,18
LF:4
LH:4
BRF:0
BRH:0
end_of_record
TN:
SF:src\pages\NewRecipePage.cy.jsx
FN:3,(anonymous_0)
FN:4,(anonymous_1)
FN:16,(anonymous_2)
FN:53,(anonymous_3)
FN:60,(anonymous_4)
FN:63,(anonymous_5)
FN:74,(anonymous_6)
FN:101,(anonymous_7)
FN:114,(anonymous_8)
FN:126,(anonymous_9)
FN:149,(anonymous_10)
FN:170,(anonymous_11)
FN:178,(anonymous_12)
FNF:13
FNH:13
FNDA:9,(anonymous_0)
FNDA:44,(anonymous_1)
FNDA:9,(anonymous_2)
FNDA:9,(anonymous_3)
FNDA:8,(anonymous_4)
FNDA:8,(anonymous_5)
FNDA:7,(anonymous_6)
FNDA:6,(anonymous_7)
FNDA:5,(anonymous_8)
FNDA:4,(anonymous_9)
FNDA:3,(anonymous_10)
FNDA:2,(anonymous_11)
FNDA:2,(anonymous_12)
DA:3,9
DA:4,9
DA:5,44
DA:10,44
DA:16,9
DA:17,9
DA:19,9
DA:20,9
DA:21,9
DA:22,9
DA:24,9
DA:35,9
DA:36,9
DA:37,9
DA:39,9
DA:46,9
DA:48,9
DA:49,9
DA:51,9
DA:53,9
DA:54,9
DA:60,9
DA:61,8
DA:63,8
DA:64,8
DA:66,8
DA:68,8
DA:74,9
DA:75,7
DA:80,7
DA:82,7
DA:83,7
DA:84,7
DA:86,7
DA:96,7
DA:98,7
DA:101,9
DA:102,6
DA:104,6
DA:105,6
DA:107,6
DA:108,6
DA:110,6
DA:111,6
DA:114,9
DA:115,5
DA:117,5
DA:118,5
DA:119,5
DA:121,5
DA:122,5
DA:123,5
DA:126,9
DA:127,4
DA:129,4
DA:130,4
DA:132,4
DA:139,4
DA:141,4
DA:146,4
DA:149,9
DA:150,3
DA:152,3
DA:163,3
DA:170,9
DA:171,2
DA:176,2
DA:178,2
DA:179,2
DA:182,2
DA:183,2
DA:184,2
DA:185,2
DA:195,2
DA:196,2
DA:198,2
LF:76
LH:76
BRF:0
BRH:0
end_of_record
TN:
SF:src\pages\NewRecipePage.jsx
FN:10,(anonymous_0)
FN:10,(anonymous_1)
FN:8,(anonymous_0)
FNF:3
FNH:3
FNDA:900,(anonymous_0)
FNDA:2,(anonymous_1)
FNDA:694,(anonymous_0)
DA:8,24
DA:10,2306
DA:12,1594
DA:14,900
DA:55,24
DA:57,18
DA:58,24
DA:62,42
DA:64,18
DA:68,18
DA:70,18
DA:73,18
DA:75,72
LF:13
LH:13
BRDA:53,0,0,4
BRDA:53,0,1,896
BRDA:42,1,0,18
BRDA:42,1,1,676
BRF:4
BRH:4
end_of_record
TN:
SF:src\pages\PlaylistDetailsPage.cy.jsx
FN:4,(anonymous_0)
FN:17,(anonymous_1)
FN:32,(anonymous_2)
FN:49,(anonymous_3)
FNF:4
FNH:4
FNDA:4,(anonymous_0)
FNDA:4,(anonymous_1)
FNDA:3,(anonymous_2)
FNDA:2,(anonymous_3)
DA:4,4
DA:5,4
DA:17,4
DA:18,4
DA:23,4
DA:27,4
DA:29,4
DA:32,4
DA:33,3
DA:35,3
DA:37,3
DA:41,3
DA:43,3
DA:45,3
DA:46,3
DA:49,4
DA:50,2
DA:52,2
DA:56,2
DA:60,2
DA:62,2
DA:63,2
DA:65,2
LF:23
LH:23
BRF:0
BRH:0
end_of_record
TN:
SF:src\pages\PlaylistDetailsPage.jsx
FN:11,(anonymous_0)
FN:11,(anonymous_1)
FN:9,(anonymous_0)
FNF:3
FNH:3
FNDA:8,(anonymous_0)
FNDA:2,(anonymous_1)
FNDA:17,(anonymous_0)
DA:9,8
DA:11,51
DA:12,16
DA:14,18
DA:23,35
DA:24,35
DA:25,35
DA:26,35
DA:27,25
DA:28,16
DA:35,35
DA:37,32
DA:39,16
DA:40,21
DA:43,4
DA:66,8
DA:68,18
DA:69,18
DA:73,18
DA:74,36
LF:20
LH:20
BRDA:21,0,0,4
BRDA:24,1,0,4
BRDA:25,2,0,8
BRDA:25,2,1,4
BRDA:27,3,0,4
BRDA:27,3,1,4
BRDA:36,4,0,22
BRDA:36,4,1,7
BRDA:39,5,0,4
BRDA:59,6,0,4
BRDA:59,6,1,0
BRDA:19,7,0,14
BRDA:22,8,0,14
BRDA:23,9,0,17
BRDA:23,9,1,14
BRDA:25,10,0,0
BRDA:25,10,1,17
BRDA:34,11,0,17
BRDA:34,11,1,17
BRDA:35,12,0,14
BRDA:45,13,0,0
BRDA:45,13,1,3
BRF:22
BRH:19
end_of_record
TN:
SF:src\pages\PlaylistsPage.cy.jsx
FN:4,(anonymous_0)
FN:24,(anonymous_1)
FN:32,(anonymous_2)
FN:39,(anonymous_3)
FN:51,(anonymous_4)
FN:63,(anonymous_5)
FN:76,(anonymous_6)
FN:87,(anonymous_7)
FN:99,(anonymous_8)
FN:108,(anonymous_9)
FN:123,(anonymous_10)
FN:138,(anonymous_11)
FN:152,(anonymous_12)
FN:155,(anonymous_13)
FNF:14
FNH:14
FNDA:11,(anonymous_0)
FNDA:65,(anonymous_1)
FNDA:11,(anonymous_2)
FNDA:11,(anonymous_3)
FNDA:10,(anonymous_4)
FNDA:9,(anonymous_5)
FNDA:8,(anonymous_6)
FNDA:7,(anonymous_7)
FNDA:6,(anonymous_8)
FNDA:5,(anonymous_9)
FNDA:4,(anonymous_10)
FNDA:3,(anonymous_11)
FNDA:2,(anonymous_12)
FNDA:2,(anonymous_13)
DA:4,11
DA:5,11
DA:24,11
DA:25,65
DA:29,65
DA:32,11
DA:33,11
DA:37,11
DA:39,11
DA:40,11
DA:41,11
DA:42,11
DA:43,11
DA:46,11
DA:47,11
DA:48,11
DA:51,11
DA:52,10
DA:57,10
DA:59,10
DA:60,10
DA:63,11
DA:64,9
DA:69,9
DA:71,9
DA:72,9
DA:73,9
DA:76,11
DA:77,8
DA:81,8
DA:82,8
DA:84,8
DA:87,11
DA:88,7
DA:92,7
DA:93,7
DA:95,7
DA:96,7
DA:99,11
DA:100,6
DA:104,6
DA:105,6
DA:108,11
DA:109,5
DA:113,5
DA:114,5
DA:116,5
DA:118,5
DA:120,5
DA:123,11
DA:124,4
DA:126,4
DA:130,4
DA:131,4
DA:133,4
DA:135,4
DA:138,11
DA:139,3
DA:140,3
DA:142,3
DA:143,3
DA:145,3
DA:147,3
DA:149,3
DA:152,11
DA:153,2
DA:155,2
DA:156,2
DA:157,2
DA:158,2
DA:161,2
DA:163,2
DA:165,2
LF:73
LH:73
BRDA:24,0,0,63
BRF:1
BRH:1
end_of_record
TN:
SF:src\pages\PlaylistsPage.jsx
FN:17,(anonymous_0)
FN:44,(anonymous_1)
FN:56,(anonymous_2)
FN:17,(anonymous_3)
FN:16,(anonymous_0)
FN:42,(anonymous_1)
FN:54,(anonymous_2)
FNF:7
FNH:5
FNDA:0,(anonymous_0)
FNDA:202,(anonymous_1)
FNDA:202,(anonymous_2)
FNDA:0,(anonymous_3)
FNDA:202,(anonymous_0)
FNDA:5,(anonymous_1)
FNDA:46,(anonymous_2)
DA:9,19
DA:10,18
DA:16,19
DA:17,459
DA:18,220
DA:19,220
DA:20,220
DA:21,202
DA:22,0
DA:42,5
DA:44,202
DA:54,46
DA:56,202
DA:61,18
DA:63,18
LF:15
LH:14
BRDA:20,0,0,0
BRDA:20,1,0,0
BRDA:20,2,0,0
BRDA:20,3,0,0
BRDA:20,3,1,0
BRDA:37,4,0,0
BRDA:37,4,1,0
BRDA:37,4,2,0
BRDA:37,4,3,0
BRDA:37,4,4,0
BRDA:18,5,0,145
BRDA:18,6,0,169
BRDA:18,7,0,180
BRDA:18,8,0,202
BRDA:18,8,1,145
BRDA:30,9,0,202
BRDA:30,9,1,66
BRDA:30,9,2,48
BRDA:30,9,3,23
BRDA:30,9,4,12
BRF:20
BRH:10
end_of_record
TN:
SF:src\pages\ProfilePage.cy.jsx
FN:4,(anonymous_0)
FN:39,(anonymous_1)
FN:57,(anonymous_2)
FN:69,(anonymous_3)
FN:82,(anonymous_4)
FN:100,(anonymous_5)
FNF:6
FNH:6
FNDA:5,(anonymous_0)
FNDA:14,(anonymous_1)
FNDA:5,(anonymous_2)
FNDA:4,(anonymous_3)
FNDA:3,(anonymous_4)
FNDA:2,(anonymous_5)
DA:4,5
DA:5,5
DA:12,5
DA:17,5
DA:27,5
DA:39,5
DA:40,14
DA:44,14
DA:48,14
DA:52,14
DA:57,5
DA:58,5
DA:59,5
DA:61,5
DA:62,5
DA:63,5
DA:64,5
DA:69,5
DA:70,4
DA:71,4
DA:73,4
DA:75,4
DA:77,4
DA:78,4
DA:79,4
DA:82,5
DA:83,3
DA:84,3
DA:86,3
DA:87,3
DA:88,3
DA:89,3
DA:91,3
DA:92,3
DA:93,3
DA:94,3
DA:96,3
DA:97,3
DA:100,5
DA:101,2
DA:102,2
DA:104,2
LF:42
LH:42
BRF:0
BRH:0
end_of_record
TN:
SF:src\pages\ProfilePage.jsx
FN:19,(anonymous_0)
FN:30,(anonymous_1)
FN:44,(anonymous_2)
FN:19,(anonymous_3)
FN:17,(anonymous_0)
FN:28,(anonymous_1)
FN:34,(anonymous_2)
FNF:7
FNH:7
FNDA:24,(anonymous_0)
FNDA:22,(anonymous_1)
FNDA:20,(anonymous_2)
FNDA:6,(anonymous_3)
FNDA:18,(anonymous_0)
FNDA:24,(anonymous_1)
FNDA:28,(anonymous_2)
DA:17,13
DA:19,73
DA:20,78
DA:21,37
DA:22,42
DA:24,42
DA:26,24
DA:28,24
DA:30,22
DA:34,28
DA:44,20
DA:71,13
DA:73,31
DA:74,18
DA:79,31
DA:80,18
DA:84,31
DA:85,18
DA:89,31
DA:90,18
DA:96,18
DA:97,18
DA:101,18
DA:102,108
LF:24
LH:24
BRF:0
BRH:0
end_of_record
TN:
SF:src\pages\RecipeDetailPage.cy.jsx
FN:4,(anonymous_0)
FN:38,(anonymous_1)
FN:59,(anonymous_2)
FN:96,(anonymous_3)
FNF:4
FNH:4
FNDA:4,(anonymous_0)
FNDA:4,(anonymous_1)
FNDA:3,(anonymous_2)
FNDA:2,(anonymous_3)
DA:4,4
DA:5,4
DA:38,4
DA:39,4
DA:44,4
DA:53,4
DA:55,4
DA:56,4
DA:59,4
DA:60,3
DA:64,3
DA:73,3
DA:75,3
DA:77,3
DA:78,3
DA:80,3
DA:81,3
DA:82,3
DA:84,3
DA:85,3
DA:86,3
DA:88,3
DA:89,3
DA:91,3
DA:92,3
DA:93,3
DA:96,4
DA:97,2
DA:101,2
DA:105,2
DA:114,2
DA:115,2
DA:117,2
DA:118,2
DA:119,2
DA:121,2
LF:36
LH:36
BRF:0
BRH:0
end_of_record
TN:
SF:src\pages\RecipeDetailPage.jsx
FN:14,(anonymous_0)
FN:14,(anonymous_1)
FN:12,(anonymous_0)
FNF:3
FNH:3
FNDA:30,(anonymous_0)
FNDA:7,(anonymous_1)
FNDA:26,(anonymous_0)
DA:12,12
DA:14,86
DA:15,42
DA:16,42
DA:28,44
DA:30,48
DA:32,42
DA:33,26
DA:35,20
DA:57,18
DA:58,18
LF:11
LH:11
BRDA:30,0,0,48
BRDA:30,0,1,18
BRDA:32,1,0,10
BRDA:28,2,0,26
BRDA:28,2,1,18
BRDA:28,3,0,18
BRF:6
BRH:6
end_of_record
TN:
SF:src\pages\RecipesPage.cy.jsx
FN:4,(anonymous_0)
FN:24,(anonymous_1)
FN:32,(anonymous_2)
FN:39,(anonymous_3)
FN:51,(anonymous_4)
FN:63,(anonymous_5)
FN:76,(anonymous_6)
FN:87,(anonymous_7)
FN:99,(anonymous_8)
FN:108,(anonymous_9)
FN:123,(anonymous_10)
FN:138,(anonymous_11)
FN:152,(anonymous_12)
FN:155,(anonymous_13)
FNF:14
FNH:14
FNDA:11,(anonymous_0)
FNDA:65,(anonymous_1)
FNDA:11,(anonymous_2)
FNDA:11,(anonymous_3)
FNDA:10,(anonymous_4)
FNDA:9,(anonymous_5)
FNDA:8,(anonymous_6)
FNDA:7,(anonymous_7)
FNDA:6,(anonymous_8)
FNDA:5,(anonymous_9)
FNDA:4,(anonymous_10)
FNDA:3,(anonymous_11)
FNDA:2,(anonymous_12)
FNDA:2,(anonymous_13)
DA:4,11
DA:5,11
DA:24,11
DA:25,65
DA:29,65
DA:32,11
DA:33,11
DA:37,11
DA:39,11
DA:40,11
DA:41,11
DA:42,11
DA:43,11
DA:46,11
DA:47,11
DA:48,11
DA:51,11
DA:52,10
DA:57,10
DA:59,10
DA:60,10
DA:63,11
DA:64,9
DA:69,9
DA:71,9
DA:72,9
DA:73,9
DA:76,11
DA:77,8
DA:81,8
DA:82,8
DA:84,8
DA:87,11
DA:88,7
DA:92,7
DA:93,7
DA:95,7
DA:96,7
DA:99,11
DA:100,6
DA:104,6
DA:105,6
DA:108,11
DA:109,5
DA:113,5
DA:114,5
DA:116,5
DA:118,5
DA:120,5
DA:123,11
DA:124,4
DA:126,4
DA:130,4
DA:131,4
DA:133,4
DA:135,4
DA:138,11
DA:139,3
DA:140,3
DA:142,3
DA:143,3
DA:145,3
DA:147,3
DA:149,3
DA:152,11
DA:153,2
DA:155,2
DA:156,2
DA:157,2
DA:158,2
DA:161,2
DA:163,2
DA:165,2
LF:73
LH:73
BRDA:24,0,0,63
BRF:1
BRH:1
end_of_record
TN:
SF:src\pages\RecipesPage.jsx
FN:20,(anonymous_0)
FN:51,(anonymous_1)
FN:63,(anonymous_2)
FN:20,(anonymous_3)
FN:19,(anonymous_0)
FN:49,(anonymous_1)
FN:61,(anonymous_2)
FNF:7
FNH:5
FNDA:0,(anonymous_0)
FNDA:211,(anonymous_1)
FNDA:211,(anonymous_2)
FNDA:0,(anonymous_3)
FNDA:211,(anonymous_0)
FNDA:5,(anonymous_1)
FNDA:54,(anonymous_2)
DA:10,19
DA:11,18
DA:19,19
DA:20,477
DA:21,229
DA:22,19
DA:23,229
DA:24,19
DA:26,229
DA:28,211
DA:29,0
DA:49,5
DA:51,211
DA:61,54
DA:63,211
DA:68,18
DA:70,18
LF:17
LH:16
BRDA:26,0,0,0
BRDA:26,1,0,0
BRDA:26,2,0,0
BRDA:26,3,0,0
BRDA:26,3,1,0
BRDA:44,4,0,0
BRDA:44,4,1,0
BRDA:44,4,2,0
BRDA:44,4,3,0
BRDA:44,4,4,0
BRDA:21,5,0,143
BRDA:21,6,0,166
BRDA:21,7,0,174
BRDA:21,8,0,211
BRDA:21,8,1,143
BRDA:37,9,0,211
BRDA:37,9,1,77
BRDA:37,9,2,53
BRDA:37,9,3,27
BRDA:37,9,4,16
BRF:20
BRH:10
end_of_record
TN:
SF:src\pages\RegisterPage.cy.jsx
FN:4,(anonymous_0)
FN:12,(anonymous_1)
FN:23,(anonymous_2)
FN:34,(anonymous_3)
FN:43,(anonymous_4)
FN:52,(anonymous_5)
FN:74,(anonymous_6)
FN:84,(anonymous_7)
FN:113,(anonymous_8)
FN:139,(anonymous_9)
FNF:10
FNH:10
FNDA:9,(anonymous_0)
FNDA:9,(anonymous_1)
FNDA:8,(anonymous_2)
FNDA:7,(anonymous_3)
FNDA:6,(anonymous_4)
FNDA:5,(anonymous_5)
FNDA:5,(anonymous_6)
FNDA:4,(anonymous_7)
FNDA:3,(anonymous_8)
FNDA:2,(anonymous_9)
DA:4,9
DA:5,9
DA:12,9
DA:13,9
DA:15,9
DA:16,9
DA:17,9
DA:18,9
DA:19,9
DA:20,9
DA:23,9
DA:24,8
DA:26,8
DA:28,8
DA:29,8
DA:30,8
DA:31,8
DA:34,9
DA:35,7
DA:37,7
DA:38,7
DA:40,7
DA:43,9
DA:44,6
DA:46,6
DA:47,6
DA:49,6
DA:52,9
DA:53,5
DA:58,5
DA:65,5
DA:67,5
DA:68,5
DA:69,5
DA:70,5
DA:72,5
DA:74,5
DA:75,5
DA:76,5
DA:77,5
DA:78,5
DA:81,5
DA:84,9
DA:85,4
DA:90,4
DA:99,4
DA:101,4
DA:102,4
DA:103,4
DA:104,4
DA:106,4
DA:108,4
DA:110,4
DA:113,9
DA:114,3
DA:116,3
DA:121,3
DA:123,3
DA:124,3
DA:125,3
DA:126,3
DA:128,3
DA:130,3
DA:132,3
DA:134,3
DA:135,3
DA:136,3
DA:139,9
DA:140,2
DA:145,2
DA:147,2
DA:148,2
DA:149,2
DA:150,2
DA:152,2
DA:154,2
DA:156,2
LF:77
LH:77
BRF:0
BRH:0
end_of_record
TN:
SF:src\pages\RegisterPage.jsx
FN:16,(anonymous_0)
FN:20,(anonymous_1)
FN:16,(anonymous_2)
FN:14,(anonymous_0)
FN:18,(anonymous_1)
FNF:5
FNH:5
FNDA:10,(anonymous_0)
FNDA:121,(anonymous_1)
FNDA:2,(anonymous_2)
FNDA:119,(anonymous_0)
FNDA:45,(anonymous_1)
DA:14,17
DA:16,164
DA:17,164
DA:18,123
DA:19,168
DA:20,53
DA:21,37
DA:23,107
DA:32,43
DA:34,29
DA:36,107
DA:37,22
DA:38,22
DA:40,19
DA:41,16
DA:42,16
DA:44,11
DA:48,7
DA:49,5
DA:50,105
DA:51,4
DA:53,19
DA:55,17
[...]
FN:141,(anonymous_27)
FN:141,(anonymous_28)
FN:142,(anonymous_29)
FN:151,(anonymous_30)
FN:152,(anonymous_31)
FN:152,(anonymous_32)
FN:154,(anonymous_33)
FN:155,(anonymous_34)
FN:155,(anonymous_35)
FN:157,(anonymous_36)
FN:159,(anonymous_37)
FN:163,(anonymous_38)
FN:164,(anonymous_39)
FN:169,(anonymous_40)
FN:179,(anonymous_41)
FN:197,(anonymous_42)
FN:200,(anonymous_43)
FN:202,(anonymous_44)
FN:208,(anonymous_45)
FN:235,(anonymous_46)
FNF:47
FNH:43
FNDA:1594,(anonymous_0)
FNDA:68,(anonymous_1)
FNDA:16,(anonymous_2)
FNDA:57,(anonymous_3)
FNDA:48,(anonymous_4)
FNDA:2,(anonymous_5)
FNDA:421,(anonymous_6)
FNDA:20,(anonymous_7)
FNDA:0,(anonymous_8)
FNDA:4,(anonymous_9)
FNDA:5,(anonymous_10)
FNDA:5,(anonymous_11)
FNDA:5,(anonymous_12)
FNDA:5,(anonymous_13)
FNDA:10,(anonymous_14)
FNDA:17,(anonymous_15)
FNDA:21,(anonymous_16)
FNDA:42,(anonymous_17)
FNDA:0,(anonymous_18)
FNDA:0,(anonymous_19)
FNDA:0,(anonymous_20)
FNDA:4,(anonymous_21)
FNDA:4,(anonymous_22)
FNDA:8,(anonymous_23)
FNDA:8,(anonymous_24)
FNDA:10,(anonymous_25)
FNDA:6,(anonymous_26)
FNDA:6,(anonymous_27)
FNDA:18,(anonymous_28)
FNDA:6,(anonymous_29)
FNDA:184,(anonymous_30)
FNDA:278,(anonymous_31)
FNDA:580,(anonymous_32)
FNDA:334,(anonymous_33)
FNDA:560,(anonymous_34)
FNDA:1312,(anonymous_35)
FNDA:3,(anonymous_36)
FNDA:3,(anonymous_37)
FNDA:3,(anonymous_38)
FNDA:6,(anonymous_39)
FNDA:28,(anonymous_40)
FNDA:42,(anonymous_41)
FNDA:42,(anonymous_42)
FNDA:40,(anonymous_43)
FNDA:13,(anonymous_44)
FNDA:40,(anonymous_45)
FNDA:25,(anonymous_46)
DA:8,42
DA:13,42
DA:18,42
DA:19,1594
DA:20,1594
DA:21,1594
DA:24,1594
DA:25,1594
DA:26,1594
DA:27,1594
DA:28,1594
DA:30,1594
DA:31,1594
DA:34,1594
DA:35,1594
DA:38,1594
DA:39,1594
DA:43,1594
DA:44,68
DA:45,20
DA:46,20
DA:47,20
DA:51,1594
DA:52,57
DA:53,48
DA:58,1594
DA:59,421
DA:60,122
DA:61,230
DA:62,49
DA:63,20
DA:64,0
DA:68,1594
DA:69,20
DA:70,20
DA:73,1594
DA:74,0
DA:75,0
DA:78,1594
DA:79,4
DA:83,1594
DA:84,5
DA:85,5
DA:86,5
DA:87,5
DA:90,1594
DA:91,10
DA:94,1594
DA:95,17
DA:96,17
DA:97,21
DA:98,42
DA:115,1594
DA:116,0
DA:117,0
DA:118,0
DA:119,0
DA:120,0
DA:121,0
DA:126,1594
DA:127,4
DA:128,4
DA:129,8
DA:130,4
DA:131,4
DA:132,4
DA:138,1594
DA:140,1594
DA:141,18
DA:142,6
DA:143,6
DA:144,6
DA:145,6
DA:146,6
DA:147,6
DA:151,1594
DA:152,580
DA:154,1594
DA:155,1312
DA:157,1594
DA:158,3
DA:159,3
DA:160,3
DA:161,3
DA:163,3
DA:164,6
DA:169,1594
DA:170,28
DA:172,28
DA:173,8
DA:174,8
DA:177,20
DA:178,20
DA:180,42
DA:181,42
DA:182,0
DA:183,0
DA:184,0
DA:186,0
DA:189,42
DA:197,42
DA:199,20
DA:200,40
DA:202,13
DA:208,40
DA:210,20
DA:211,20
DA:212,20
DA:213,20
DA:214,20
DA:215,20
DA:216,20
DA:217,20
DA:218,20
DA:220,20
DA:221,11
DA:222,11
DA:224,8
DA:225,8
DA:229,1594
DA:235,25
LF:121
LH:108
BRDA:44,0,0,48
BRDA:59,1,0,122
BRDA:59,1,1,230
BRDA:59,1,2,49
BRDA:59,1,3,20
BRDA:59,1,4,0
BRDA:70,2,0,20
BRDA:79,3,0,4
BRDA:79,3,1,2
BRDA:85,4,0,0
BRDA:95,5,0,0
BRDA:98,6,0,21
BRDA:98,6,1,21
BRDA:102,7,0,21
BRDA:102,7,1,0
BRDA:105,8,0,21
BRDA:105,8,1,0
BRDA:106,9,0,21
BRDA:106,9,1,0
BRDA:118,10,0,0
BRDA:119,11,0,0
BRDA:119,11,1,0
BRDA:129,12,0,4
BRDA:130,13,0,4
BRDA:130,13,1,0
BRDA:144,14,0,0
BRDA:152,15,0,278
BRDA:152,15,1,302
BRDA:155,16,0,560
BRDA:155,16,1,752
BRDA:158,17,0,0
BRDA:160,18,0,0
BRDA:164,19,0,3
BRDA:164,19,1,3
BRDA:172,20,0,8
BRDA:172,21,0,28
BRDA:172,21,1,20
BRDA:172,21,2,20
BRDA:172,21,3,20
BRDA:181,22,0,0
BRDA:197,23,0,42
BRDA:197,23,1,15
BRDA:204,24,0,13
BRDA:204,24,1,0
BRDA:205,25,0,13
BRDA:205,25,1,0
BRDA:221,26,0,11
BRDA:221,26,1,0
BRF:48
BRH:31
end_of_record
TN:
SF:src\shared\hooks\useDebounce.js
FN:3,(anonymous_0)
FN:5,(anonymous_1)
FN:6,(anonymous_2)
FN:10,(anonymous_3)
FNF:4
FNH:4
FNDA:1265,(anonymous_0)
FNDA:446,(anonymous_1)
FNDA:183,(anonymous_2)
FNDA:387,(anonymous_3)
DA:3,77
DA:4,1265
DA:5,1265
DA:6,446
DA:7,183
DA:10,446
DA:13,1265
LF:7
LH:7
BRF:0
BRH:0
end_of_record
TN:
SF:src\shared\hooks\useFilterParams.js
FN:4,(anonymous_0)
FN:8,(anonymous_1)
FN:18,(anonymous_2)
FN:34,(anonymous_3)
FN:38,(anonymous_4)
FNF:5
FNH:5
FNDA:642,(anonymous_0)
FNDA:242,(anonymous_1)
FNDA:34,(anonymous_2)
FNDA:642,(anonymous_3)
FNDA:224,(anonymous_4)
DA:4,61
DA:5,642
DA:8,642
DA:9,242
DA:12,242
DA:13,39
DA:15,242
DA:18,642
DA:19,34
DA:21,34
DA:22,34
DA:24,0
DA:27,34
DA:34,642
DA:35,642
DA:38,642
DA:39,224
DA:42,642
LF:18
LH:17
BRDA:4,0,0,0
BRDA:13,1,0,39
BRDA:21,2,0,34
BRDA:21,2,1,0
BRDA:35,3,0,15
BRDA:35,3,1,627
BRF:6
BRH:4
end_of_record
TN:
SF:src\shared\hooks\useScrollDirection.js
FN:3,useScrollDirection
FN:6,(anonymous_1)
FN:7,(anonymous_2)
FN:20,(anonymous_3)
FNF:4
FNH:4
FNDA:245,useScrollDirection
FNDA:129,(anonymous_1)
FNDA:98,(anonymous_2)
FNDA:96,(anonymous_3)
DA:4,245
DA:5,245
DA:6,245
DA:7,129
DA:8,98
DA:9,98
DA:10,98
DA:11,98
DA:15,52
DA:17,98
DA:19,129
DA:20,129
DA:23,245
LF:13
LH:13
BRDA:10,0,0,64
BRDA:10,0,1,34
BRDA:11,1,0,52
BRDA:12,2,0,98
BRDA:12,2,1,58
BRF:5
BRH:5
end_of_record
TN:
SF:src\shared\utils\generateUrl.js
FN:3,(anonymous_0)
FNF:1
FNH:1
FNDA:1714,(anonymous_0)
DA:1,153
DA:3,1714
LF:2
LH:2
BRF:0
BRH:0
end_of_record
TN:
SF:src\shared\utils\mockData.js
FNF:0
FNH:0
DA:1,26
DA:136,26
DA:271,26
DA:336,26
DA:351,26
LF:5
LH:5
BRF:0
BRH:0
end_of_record
TN:
SF:src\shared\utils\selectInputsValues.js
FNF:0
FNH:0
DA:1,93
DA:8,93
DA:26,93
DA:41,93
LF:4
LH:4
BRF:0
BRH:0
end_of_record
TN:
SF:src\shared\utils\validation.js
FN:2,(anonymous_0)
FN:4,(anonymous_1)
FN:7,(anonymous_2)
FN:10,(anonymous_3)
FN:21,minLengthHelper
FN:22,(anonymous_5)
FN:26,maxLengthHelper
FN:27,(anonymous_7)
FN:33,(anonymous_8)
FNF:9
FNH:6
FNDA:238,(anonymous_0)
FNDA:51,(anonymous_1)
FNDA:36,(anonymous_2)
FNDA:0,(anonymous_3)
FNDA:61,minLengthHelper
FNDA:36,(anonymous_5)
FNDA:0,maxLengthHelper
FNDA:0,(anonymous_7)
FNDA:75,(anonymous_8)
DA:2,238
DA:4,56
DA:5,51
DA:7,56
DA:8,36
DA:10,56
DA:11,0
DA:22,61
DA:23,36
DA:27,0
DA:28,0
DA:33,56
DA:34,75
DA:35,75
DA:36,238
DA:37,325
DA:38,129
DA:39,129
DA:43,75
LF:19
LH:16
BRDA:2,0,0,238
BRDA:2,0,1,0
BRDA:5,1,0,51
BRDA:5,1,1,0
BRDA:8,2,0,36
BRDA:8,2,1,0
BRDA:11,3,0,0
BRDA:11,3,1,0
BRDA:37,4,0,129
BRF:9
BRH:4
end_of_record
TN:
SF:src\store\authSlice.js
FN:20,(anonymous_0)
FN:23,(anonymous_1)
FN:28,(anonymous_2)
FN:32,(anonymous_3)
FN:48,(anonymous_4)
FN:63,(anonymous_5)
FN:79,(anonymous_6)
FN:88,(anonymous_7)
FNF:8
FNH:7
FNDA:14,(anonymous_0)
FNDA:17,(anonymous_1)
FNDA:28,(anonymous_2)
FNDA:14,(anonymous_3)
FNDA:11,(anonymous_4)
FNDA:4,(anonymous_5)
FNDA:0,(anonymous_6)
FNDA:18,(anonymous_7)
DA:3,319
DA:16,319
DA:21,14
DA:24,17
DA:25,17
DA:26,17
DA:29,28
DA:30,28
DA:33,14
DA:34,14
DA:35,14
DA:37,14
DA:39,12
DA:40,12
DA:43,2
DA:44,2
DA:49,11
DA:50,11
DA:51,11
DA:53,11
DA:54,9
DA:55,9
DA:58,2
DA:59,2
DA:64,4
DA:66,4
DA:67,4
DA:69,1
DA:70,1
DA:71,0
DA:74,0
DA:75,0
DA:80,0
DA:81,0
DA:82,0
DA:83,0
DA:85,0
DA:89,18
DA:103,319
LF:39
LH:31
BRDA:37,0,0,12
BRDA:37,0,1,2
BRDA:39,1,0,12
BRDA:43,2,0,2
BRDA:53,3,0,9
BRDA:53,3,1,2
BRDA:54,4,0,9
BRDA:58,5,0,2
BRDA:69,6,0,1
BRDA:69,6,1,0
BRDA:70,7,0,0
BRDA:74,8,0,0
BRDA:82,9,0,0
BRDA:82,9,1,0
BRF:14
BRH:9
end_of_record
TN:
SF:src\store\store.js
FN:11,(anonymous_0)
FNF:1
FNH:1
FNDA:26,(anonymous_0)
DA:5,26
DA:12,26
LF:2
LH:2
BRF:0
BRH:0
end_of_record
TN:
SF:src\store\uiSlice.js
FN:19,(anonymous_0)
FN:22,(anonymous_1)
FN:25,(anonymous_2)
FN:28,(anonymous_3)
FN:33,(anonymous_4)
FNF:5
FNH:3
FNDA:2,(anonymous_0)
FNDA:12,(anonymous_1)
FNDA:0,(anonymous_2)
FNDA:11,(anonymous_3)
FNDA:0,(anonymous_4)
DA:3,319
DA:15,319
DA:20,2
DA:23,12
DA:26,0
DA:29,11
DA:30,11
DA:31,11
DA:34,0
DA:35,0
DA:36,0
DA:47,319
LF:12
LH:8
BRF:0
BRH:0
end_of_record
TN:
SF:src\store\api\apiSlice.js
FN:9,(anonymous_0)
FN:23,(anonymous_1)
FN:55,(anonymous_2)
FNF:3
FNH:3
FNDA:611,(anonymous_0)
FNDA:568,(anonymous_1)
FNDA:319,(anonymous_2)
DA:3,319
DA:4,319
DA:6,319
DA:10,611
DA:11,611
DA:12,90
DA:14,611
DA:17,611
DA:19,611
DA:23,319
DA:24,568
DA:26,483
DA:28,29
DA:32,29
DA:33,29
DA:39,29
DA:40,14
DA:41,14
DA:43,15
DA:48,483
DA:51,319
DA:55,319
LF:22
LH:22
BRDA:11,0,0,90
BRDA:14,1,0,0
BRDA:14,1,1,611
BRDA:26,2,0,29
BRDA:26,3,0,483
BRDA:26,3,1,88
BRDA:28,4,0,0
BRDA:28,4,1,29
BRDA:32,5,0,29
BRDA:39,6,0,14
BRDA:39,6,1,15
BRF:11
BRH:9
end_of_record
TN:
SF:src\store\api\authApi.js
FN:5,(anonymous_0)
FN:7,(anonymous_1)
FN:12,(anonymous_2)
FN:22,(anonymous_3)
FN:27,(anonymous_4)
FN:37,(anonymous_5)
FN:38,(anonymous_6)
FN:47,(anonymous_7)
FN:56,(anonymous_8)
FN:57,(anonymous_9)
FNF:10
FNH:10
FNDA:66,(anonymous_0)
FNDA:16,(anonymous_1)
FNDA:16,(anonymous_2)
FNDA:9,(anonymous_3)
FNDA:9,(anonymous_4)
FNDA:36,(anonymous_5)
FNDA:36,(anonymous_6)
FNDA:9,(anonymous_7)
FNDA:3,(anonymous_8)
FNDA:3,(anonymous_9)
DA:4,66
DA:5,66
DA:7,16
DA:13,16
DA:14,16
DA:15,11
DA:22,9
DA:28,9
DA:29,9
DA:30,6
DA:37,36
DA:39,36
DA:40,36
DA:41,22
DA:47,9
DA:56,3
DA:58,3
DA:59,3
DA:61,3
DA:76,66
LF:20
LH:20
BRF:0
BRH:0
end_of_record
TN:
SF:src\store\api\playlistApi.js
FN:5,(anonymous_0)
FN:8,(anonymous_1)
FN:13,(anonymous_2)
FN:15,(anonymous_3)
FN:29,(anonymous_4)
FN:30,(anonymous_5)
FN:34,(anonymous_6)
FN:43,(anonymous_7)
FN:48,(anonymous_8)
FN:55,(anonymous_9)
FN:59,(anonymous_10)
FN:67,(anonymous_11)
FN:73,(anonymous_12)
FN:77,(anonymous_13)
FNF:14
FNH:10
FNDA:95,(anonymous_0)
FNDA:188,(anonymous_1)
FNDA:149,(anonymous_2)
FNDA:553,(anonymous_3)
FNDA:13,(anonymous_4)
FNDA:11,(anonymous_5)
FNDA:10,(anonymous_6)
FNDA:0,(anonymous_7)
FNDA:0,(anonymous_8)
FNDA:0,(anonymous_9)
FNDA:0,(anonymous_10)
FNDA:11,(anonymous_11)
FNDA:11,(anonymous_12)
FNDA:11,(anonymous_13)
DA:4,95
DA:5,95
DA:8,188
DA:14,149
DA:15,553
DA:18,149
DA:19,11
DA:21,138
DA:24,149
DA:29,13
DA:30,11
DA:34,10
DA:43,0
DA:48,0
DA:55,0
DA:59,0
DA:67,11
DA:73,11
DA:78,11
DA:79,11
DA:80,11
DA:82,0
DA:97,95
LF:23
LH:18
BRDA:14,0,0,134
BRDA:14,0,1,15
BRDA:18,1,0,11
BRDA:18,1,1,138
BRF:4
BRH:4
end_of_record
TN:
SF:src\store\api\recipesApi.js
FN:5,(anonymous_0)
FN:7,(anonymous_1)
FN:12,(anonymous_2)
FN:24,(anonymous_3)
FN:25,(anonymous_4)
FN:29,(anonymous_5)
FN:41,(anonymous_6)
FN:47,(anonymous_7)
FN:51,(anonymous_8)
FN:62,(anonymous_9)
FN:67,(anonymous_10)
FN:71,(anonymous_11)
FN:77,(anonymous_12)
FN:79,(anonymous_13)
FNF:14
FNH:14
FNDA:161,(anonymous_0)
FNDA:205,(anonymous_1)
FNDA:169,(anonymous_2)
FNDA:21,(anonymous_3)
FNDA:16,(anonymous_4)
FNDA:20,(anonymous_5)
FNDA:14,(anonymous_6)
FNDA:14,(anonymous_7)
FNDA:14,(anonymous_8)
FNDA:9,(anonymous_9)
FNDA:9,(anonymous_10)
FNDA:4,(anonymous_11)
FNDA:4,(anonymous_12)
FNDA:4,(anonymous_13)
DA:4,161
DA:5,161
DA:7,205
DA:13,169
DA:15,11
DA:18,158
DA:24,21
DA:25,16
DA:29,20
DA:41,14
DA:47,14
DA:52,14
DA:53,14
DA:54,14
DA:56,0
DA:62,9
DA:67,9
DA:71,4
DA:77,4
DA:80,4
DA:81,4
DA:82,4
DA:102,161
LF:23
LH:22
BRDA:13,0,0,11
BRDA:13,0,1,158
BRF:2
BRH:2
end_of_record
TN:
SF:src\store\api\uploadsApi.js
FN:4,(anonymous_0)
FN:6,(anonymous_1)
FNF:2
FNH:1
FNDA:42,(anonymous_0)
FNDA:0,(anonymous_1)
DA:3,42
DA:4,42
DA:7,0
DA:8,0
DA:9,0
DA:20,42
LF:6
LH:3
BRDA:8,0,0,0
BRDA:8,0,1,0
BRF:2
BRH:0
end_of_record
TN:
SF:src\store\selectors\authSelectors.js
FN:6,(anonymous_0)
FN:7,(anonymous_1)
FN:8,(anonymous_2)
FN:9,(anonymous_3)
FN:11,(anonymous_4)
FN:12,(anonymous_5)
FN:13,(anonymous_6)
FN:14,(anonymous_7)
FN:17,(anonymous_8)
FN:20,(anonymous_9)
FN:23,(anonymous_10)
FN:29,(anonymous_11)
FN:33,(anonymous_12)
FN:37,(anonymous_13)
FNF:14
FNH:10
FNDA:0,(anonymous_0)
FNDA:90,(anonymous_1)
FNDA:0,(anonymous_2)
FNDA:1850,(anonymous_3)
FNDA:0,(anonymous_4)
FNDA:0,(anonymous_5)
FNDA:319,(anonymous_6)
FNDA:231,(anonymous_7)
FNDA:351,(anonymous_8)
FNDA:196,(anonymous_9)
FNDA:351,(anonymous_10)
FNDA:116,(anonymous_11)
FNDA:84,(anonymous_12)
FNDA:99,(anonymous_13)
DA:4,162
DA:6,162
DA:7,162
DA:8,162
DA:9,1850
DA:11,162
DA:12,162
DA:13,319
DA:14,231
DA:17,162
DA:18,351
DA:20,162
DA:21,196
DA:23,162
DA:24,351
DA:27,162
DA:29,116
DA:31,162
DA:33,84
DA:35,162
DA:37,99
LF:21
LH:21
BRDA:11,0,0,0
BRDA:11,0,1,0
BRDA:12,1,0,0
BRDA:12,1,1,0
BRDA:13,2,0,319
BRDA:13,2,1,158
BRDA:14,3,0,231
BRDA:14,3,1,12
BRDA:18,4,0,351
BRDA:18,4,1,20
BRDA:21,5,0,196
BRDA:21,5,1,8
BRDA:24,6,0,351
BRDA:24,6,1,36
BRF:14
BRH:10
end_of_record
TN:
SF:src\store\selectors\uiSelectors.js
FN:1,(anonymous_0)
FN:2,(anonymous_1)
FN:3,(anonymous_2)
FNF:3
FNH:1
FNDA:0,(anonymous_0)
FNDA:0,(anonymous_1)
FNDA:278,(anonymous_2)
DA:1,34
DA:2,34
DA:3,278
LF:3
LH:3
BRF:0
BRH:0
end_of_record
TN:
SF:src\ui\StyledLink.jsx
FNF:0
FNH:0
DA:4,46
LF:1
LH:1
BRF:0
BRH:0
end_of_record
TN:
SF:src\ui\buttons\DeleteButton.jsx
FNF:0
FNH:0
DA:3,59
LF:1
LH:1
BRF:0
BRH:0
end_of_record
TN:
SF:src\ui\buttons\FocusButton.jsx
FN:4,(anonymous_0)
FN:6,(anonymous_1)
FNF:2
FNH:2
FNDA:6344,(anonymous_0)
FNDA:6344,(anonymous_1)
DA:3,104
DA:4,6344
DA:6,6344
LF:3
LH:3
BRDA:4,0,0,0
BRDA:4,0,1,6344
BRDA:6,1,0,6344
BRDA:6,1,1,6344
BRF:4
BRH:3
end_of_record
TN:
SF:src\ui\buttons\HollowButton.jsx
FN:8,(anonymous_0)
FN:10,(anonymous_1)
FNF:2
FNH:2
FNDA:304,(anonymous_0)
FNDA:304,(anonymous_1)
DA:4,36
DA:8,304
DA:10,304
LF:3
LH:3
BRDA:8,0,0,243
BRDA:8,0,1,61
BRDA:10,1,0,243
BRDA:10,1,1,61
BRF:4
BRH:4
end_of_record
TN:
SF:src\ui\buttons\NavButton.jsx
FN:18,(anonymous_0)
FN:24,(anonymous_1)
FN:35,(anonymous_2)
FN:36,(anonymous_3)
FN:38,(anonymous_4)
FN:54,(anonymous_5)
FN:59,(anonymous_6)
FN:64,(anonymous_7)
FN:69,(anonymous_8)
FN:76,(anonymous_9)
FN:78,(anonymous_10)
FNF:11
FNH:11
FNDA:548,(anonymous_0)
FNDA:274,(anonymous_1)
FNDA:274,(anonymous_2)
FNDA:274,(anonymous_3)
FNDA:274,(anonymous_4)
FNDA:274,(anonymous_5)
FNDA:274,(anonymous_6)
FNDA:274,(anonymous_7)
FNDA:274,(anonymous_8)
FNDA:274,(anonymous_9)
FNDA:274,(anonymous_10)
DA:3,56
DA:18,56
DA:19,548
DA:20,0
DA:21,0
DA:24,56
DA:25,274
DA:26,0
DA:27,0
DA:30,56
DA:35,274
DA:37,274
DA:38,274
DA:55,274
DA:60,274
DA:65,274
DA:70,274
DA:77,274
DA:79,274
LF:19
LH:15
BRDA:19,0,0,548
BRDA:20,1,0,0
BRDA:25,2,0,274
BRDA:26,3,0,0
BRDA:35,4,0,192
BRDA:36,5,0,192
BRDA:38,6,0,192
BRDA:55,7,0,274
BRDA:55,7,1,137
BRDA:60,8,0,274
BRDA:60,8,1,137
BRDA:65,9,0,274
BRDA:65,9,1,274
BRDA:70,10,0,274
BRDA:70,10,1,0
BRDA:76,11,0,192
BRDA:78,12,0,192
BRDA:79,13,0,82
BRDA:79,13,1,192
BRF:19
BRH:16
end_of_record
TN:
SF:src\ui\buttons\TextButton.jsx
FN:8,(anonymous_0)
FN:12,(anonymous_1)
FNF:2
FNH:2
FNDA:356,(anonymous_0)
FNDA:356,(anonymous_1)
DA:3,65
DA:8,356
DA:12,356
LF:3
LH:3
BRDA:8,0,0,243
BRDA:8,0,1,113
BRDA:12,1,0,243
BRDA:12,1,1,113
BRF:4
BRH:4
end_of_record
TN:
SF:src\ui\buttons\WideFocusButton.cy.jsx
FN:3,(anonymous_0)
FN:4,(anonymous_1)
FN:10,(anonymous_2)
FNF:3
FNH:3
FNDA:3,(anonymous_0)
FNDA:3,(anonymous_1)
FNDA:2,(anonymous_2)
DA:3,3
DA:4,3
DA:5,3
DA:6,3
DA:7,3
DA:8,3
DA:10,3
DA:11,2
DA:12,2
DA:13,2
LF:10
LH:10
BRF:0
BRH:0
end_of_record
TN:
SF:src\ui\buttons\WideFocusButton.jsx
FN:9,(anonymous_0)
FN:16,(anonymous_1)
FNF:2
FNH:2
FNDA:5242,(anonymous_0)
FNDA:5242,(anonymous_1)
DA:3,116
DA:9,5242
DA:17,5242
LF:3
LH:3
BRDA:9,0,0,5242
BRDA:9,0,1,4022
BRDA:17,1,0,612
BRDA:17,1,1,4630
BRF:4
BRH:4
end_of_record
TN:
SF:src\ui\inputs\Error.jsx
FNF:0
FNH:0
DA:3,121
LF:1
LH:1
BRF:0
BRH:0
end_of_record
TN:
SF:src\ui\inputs\Field.jsx
FNF:0
FNH:0
DA:3,121
LF:1
LH:1
BRF:0
BRH:0
end_of_record
TN:
SF:src\ui\inputs\ImageInput.cy.jsx
FN:3,(anonymous_0)
FN:4,(anonymous_1)
FN:12,(anonymous_2)
FN:25,(anonymous_3)
FN:37,(anonymous_4)
FN:55,(anonymous_5)
FN:63,(anonymous_6)
FNF:7
FNH:7
FNDA:7,(anonymous_0)
FNDA:7,(anonymous_1)
FNDA:6,(anonymous_2)
FNDA:5,(anonymous_3)
FNDA:4,(anonymous_4)
FNDA:3,(anonymous_5)
FNDA:2,(anonymous_6)
DA:3,7
DA:4,7
DA:5,7
DA:7,7
DA:8,7
DA:9,7
DA:12,7
DA:13,6
DA:14,6
DA:16,6
DA:22,6
DA:25,7
DA:26,5
DA:27,5
DA:29,5
DA:34,5
DA:37,7
DA:38,4
DA:39,4
DA:41,4
DA:49,4
DA:51,4
DA:52,4
DA:55,7
DA:56,3
DA:58,3
DA:63,7
DA:64,2
DA:66,2
LF:29
LH:29
BRF:0
BRH:0
end_of_record
TN:
SF:src\ui\inputs\ImageInput.jsx
FN:4,(anonymous_0)
FN:5,(anonymous_1)
FN:26,(anonymous_2)
FN:23,(anonymous_2)
FNF:4
FNH:4
FNDA:5745,(anonymous_0)
FNDA:6,(anonymous_1)
FNDA:3018,(anonymous_2)
FNDA:2727,(anonymous_2)
DA:4,128
DA:5,5745
DA:6,6
DA:7,6
DA:8,6
DA:11,5745
DA:21,18
DA:23,2745
DA:27,3128
DA:60,18
DA:61,36
LF:11
LH:11
BRDA:6,0,0,6
BRDA:6,1,0,6
BRDA:6,1,1,6
BRDA:13,2,0,1309
BRDA:13,2,1,4436
BRDA:27,3,0,102
BRDA:27,3,1,2916
BRDA:23,4,0,407
BRDA:23,4,1,2320
BRF:9
BRH:9
end_of_record
TN:
SF:src\ui\inputs\Input.jsx
FNF:0
FNH:0
DA:3,176
LF:1
LH:1
BRF:0
BRH:0
end_of_record
TN:
SF:src\ui\inputs\PasswordInput.cy.jsx
FN:3,(anonymous_0)
FN:4,(anonymous_1)
FN:9,(anonymous_2)
FN:18,(anonymous_3)
FNF:4
FNH:4
FNDA:4,(anonymous_0)
FNDA:4,(anonymous_1)
FNDA:3,(anonymous_2)
FNDA:2,(anonymous_3)
DA:3,4
DA:4,4
DA:5,4
DA:6,4
DA:9,4
DA:10,3
DA:11,3
DA:12,3
DA:13,3
DA:14,3
DA:15,3
DA:16,3
DA:18,4
DA:19,2
DA:20,2
LF:15
LH:15
BRF:0
BRH:0
end_of_record
TN:
SF:src\ui\inputs\PasswordInput.jsx
FN:7,(anonymous_0)
FN:9,(anonymous_1)
FN:9,(anonymous_2)
FN:6,(anonymous_0)
FN:7,(anonymous_1)
FNF:5
FNH:5
FNDA:92,(anonymous_0)
FNDA:213,(anonymous_1)
FNDA:213,(anonymous_2)
FNDA:213,(anonymous_0)
FNDA:196,(anonymous_1)
DA:6,107
DA:7,709
DA:8,305
DA:9,305
DA:10,92
DA:20,107
DA:22,125
DA:23,125
DA:26,125
DA:27,125
DA:36,18
DA:37,18
DA:40,18
DA:41,72
LF:14
LH:14
BRDA:12,0,0,0
BRDA:12,0,1,92
BRDA:13,1,0,0
BRDA:13,1,1,92
BRDA:16,2,0,0
BRDA:16,2,1,92
BRDA:17,3,0,0
BRDA:17,3,1,92
BRDA:9,4,0,3
BRDA:9,4,1,210
BRDA:12,5,0,3
BRDA:12,5,1,210
BRDA:14,6,0,3
BRDA:14,6,1,210
BRDA:15,7,0,3
BRDA:15,7,1,210
BRF:16
BRH:12
end_of_record
TN:
SF:src\ui\inputs\SearchInput.jsx
FN:3,(anonymous_0)
FN:24,(anonymous_1)
FN:19,(anonymous_1)
FNF:3
FNH:3
FNDA:1133,(anonymous_0)
FNDA:144,(anonymous_1)
FNDA:989,(anonymous_1)
DA:3,172
DA:4,1133
DA:12,18
DA:14,154
DA:17,172
DA:19,1007
DA:24,298
DA:27,172
DA:29,18
DA:36,18
DA:37,72
LF:11
LH:11
BRDA:24,0,0,16
BRDA:24,0,1,128
BRDA:19,1,0,188
BRDA:19,1,1,801
BRF:4
BRH:4
end_of_record
TN:
SF:src\ui\inputs\SelectInput.jsx
FN:3,(anonymous_0)
FN:6,(anonymous_1)
FN:6,(anonymous_1)
FNF:3
FNH:3
FNDA:5117,(anonymous_0)
FNDA:7549,(anonymous_1)
FNDA:10384,(anonymous_1)
DA:3,172
DA:4,3837
DA:6,10384
DA:7,7549
DA:11,154
DA:13,172
DA:14,18
DA:33,18
DA:34,36
LF:9
LH:9
BRF:0
BRH:0
end_of_record
TN:
SF:src\ui\inputs\TextArea.jsx
FN:5,(anonymous_0)
FNF:1
FNH:1
FNDA:3515,(anonymous_0)
DA:3,46
DA:5,3515
LF:2
LH:2
BRDA:5,0,0,3515
BRDA:5,0,1,3515
BRF:2
BRH:2
end_of_record
TN:
SF:src\ui\styledBlocks\BorderCard.jsx
FN:5,(anonymous_0)
FNF:1
FNH:1
FNDA:6982,(anonymous_0)
DA:4,59
DA:5,6982
LF:2
LH:2
BRDA:5,0,0,6982
BRDA:5,0,1,3467
BRF:2
BRH:2
end_of_record
TN:
SF:src\ui\styledBlocks\Container.jsx
FN:4,(anonymous_0)
FN:5,(anonymous_1)
FN:8,(anonymous_2)
FN:9,(anonymous_3)
FN:12,(anonymous_4)
FN:13,(anonymous_5)
FN:16,(anonymous_6)
FN:17,(anonymous_7)
FNF:8
FNH:8
FNDA:1397,(anonymous_0)
FNDA:1397,(anonymous_1)
FNDA:1397,(anonymous_2)
FNDA:1397,(anonymous_3)
FNDA:2104,(anonymous_4)
FNDA:2104,(anonymous_5)
FNDA:2104,(anonymous_6)
FNDA:2104,(anonymous_7)
DA:3,105
DA:4,1397
DA:5,1397
DA:8,1397
DA:9,1397
DA:11,105
DA:12,2104
DA:13,2104
DA:16,2104
DA:17,2104
LF:10
LH:10
BRDA:4,0,0,38
BRDA:4,0,1,1359
BRDA:5,1,0,296
BRDA:5,1,1,1101
BRDA:8,2,0,1397
BRDA:8,2,1,241
BRDA:9,3,0,1397
BRDA:9,3,1,1273
BRDA:12,4,0,0
BRDA:12,4,1,2104
BRDA:13,5,0,0
BRDA:13,5,1,2104
BRDA:16,6,0,2104
BRDA:16,6,1,28
BRDA:17,7,0,2104
BRDA:17,7,1,2069
BRF:16
BRH:14
end_of_record
TN:
SF:src\ui\styledBlocks\ContentCard.jsx
FN:5,(anonymous_0)
FN:6,(anonymous_1)
FN:7,(anonymous_2)
FN:10,(anonymous_3)
FNF:4
FNH:4
FNDA:13016,(anonymous_0)
FNDA:13016,(anonymous_1)
FNDA:13016,(anonymous_2)
FNDA:13016,(anonymous_3)
DA:3,109
DA:5,13016
DA:6,13016
DA:7,13016
DA:11,13016
LF:5
LH:5
BRDA:5,0,0,13016
BRDA:5,0,1,7081
BRDA:6,1,0,13016
BRDA:6,1,1,7095
BRDA:7,2,0,13016
BRDA:7,2,1,13016
BRDA:11,3,0,13016
BRDA:11,3,1,13016
BRF:8
BRH:8
end_of_record
TN:
SF:src\ui\texts\Display.jsx
FNF:0
FNH:0
DA:3,56
LF:1
LH:1
BRF:0
BRH:0
end_of_record
TN:
SF:src\ui\texts\Paragraph.jsx
FNF:0
FNH:0
DA:3,48
LF:1
LH:1
BRF:0
BRH:0
end_of_record
TN:
SF:src\ui\texts\SmallText.jsx
FNF:0
FNH:0
DA:2,67
LF:1
LH:1
BRF:0
BRH:0
end_of_record
TN:
SF:src\ui\texts\Wrapper.jsx
FN:9,(anonymous_0)
FN:10,(anonymous_1)
FNF:2
FNH:2
FNDA:8116,(anonymous_0)
FNDA:8116,(anonymous_1)
DA:3,229
DA:9,8116
DA:10,8116
LF:3
LH:3
BRDA:9,0,0,8116
BRDA:9,0,1,4973
BRDA:10,1,0,8116
BRDA:10,1,1,4668
BRF:4
BRH:4
end_of_record
